L 02/11/2015 - 03:26:24: SourceMod error session started
L 02/11/2015 - 03:26:24: Info (map "cp_redfort_b6") (file "errors_20150211.log")
L 02/11/2015 - 03:26:24: Error log file session closed.
L 02/11/2015 - 03:26:33: SourceMod error session started
L 02/11/2015 - 03:26:33: Info (map "cp_redfort_b6") (file "errors_20150211.log")
L 02/11/2015 - 03:26:33: [SM] Could not parse file "/home/gameserver/tf2server/tf2/tf/addons/sourcemod/configs/maplists.cfg"
L 02/11/2015 - 03:26:33: [SM] Error on line 15 (col 12): A property was declared outside of a section
L 02/11/2015 - 08:49:47: Error log file session closed.
L 02/11/2015 - 08:49:56: SourceMod error session started
L 02/11/2015 - 08:49:56: Info (map "cp_redstone_b2") (file "errors_20150211.log")
L 02/11/2015 - 08:49:56: [SM] Could not parse file "/home/gameserver/tf2server/tf2/tf/addons/sourcemod/configs/maplists.cfg"
L 02/11/2015 - 08:49:56: [SM] Error on line 15 (col 12): A property was declared outside of a section
L 02/11/2015 - 10:24:22: Error log file session closed.
L 02/11/2015 - 10:24:30: SourceMod error session started
L 02/11/2015 - 10:24:30: Info (map "cp_silvertrail_rc2") (file "errors_20150211.log")
L 02/11/2015 - 10:24:30: [SM] Could not parse file "/home/gameserver/tf2server/tf2/tf/addons/sourcemod/configs/maplists.cfg"
L 02/11/2015 - 10:24:30: [SM] Error on line 15 (col 12): A property was declared outside of a section
L 02/11/2015 - 12:58:06: Error log file session closed.
L 02/11/2015 - 12:58:15: SourceMod error session started
L 02/11/2015 - 12:58:15: Info (map "pl_borneo_rc3") (file "errors_20150211.log")
L 02/11/2015 - 12:58:15: [SM] Could not parse file "/home/gameserver/tf2server/tf2/tf/addons/sourcemod/configs/maplists.cfg"
L 02/11/2015 - 12:58:15: [SM] Error on line 15 (col 12): A property was declared outside of a section
L 02/11/2015 - 13:39:37: Error log file session closed.
L 02/11/2015 - 13:39:46: SourceMod error session started
L 02/11/2015 - 13:39:46: Info (map "pl_swiftwater_ugc") (file "errors_20150211.log")
L 02/11/2015 - 13:39:46: [SM] Could not parse file "/home/gameserver/tf2server/tf2/tf/addons/sourcemod/configs/maplists.cfg"
L 02/11/2015 - 13:39:46: [SM] Error on line 15 (col 12): A property was declared outside of a section
L 02/11/2015 - 14:20:42: Error log file session closed.
L 02/11/2015 - 14:20:51: SourceMod error session started
L 02/11/2015 - 14:20:51: Info (map "plr_frostfell_a10") (file "errors_20150211.log")
L 02/11/2015 - 14:20:51: [SM] Could not parse file "/home/gameserver/tf2server/tf2/tf/addons/sourcemod/configs/maplists.cfg"
L 02/11/2015 - 14:20:51: [SM] Error on line 15 (col 12): A property was declared outside of a section
L 02/11/2015 - 16:44:54: Error log file session closed.
L 02/11/2015 - 16:45:03: SourceMod error session started
L 02/11/2015 - 16:45:03: Info (map "plr_highwind_a5") (file "errors_20150211.log")
L 02/11/2015 - 16:45:03: [SM] Could not parse file "/home/gameserver/tf2server/tf2/tf/addons/sourcemod/configs/maplists.cfg"
L 02/11/2015 - 16:45:03: [SM] Error on line 15 (col 12): A property was declared outside of a section
