L 12/27/2014 - 05:00:01: SourceMod error session started
L 12/27/2014 - 05:00:01: Info (map "plr_yuno_rc1") (file "errors_20141227.log")
L 12/27/2014 - 05:00:01: Error log file session closed.
L 12/27/2014 - 05:00:09: SourceMod error session started
L 12/27/2014 - 05:00:09: Info (map "plr_yuno_rc1") (file "errors_20141227.log")
L 12/27/2014 - 05:00:09: [SM] Could not parse file "/home/gameserver/tf2server/tf2/tf/addons/sourcemod/configs/maplists.cfg"
L 12/27/2014 - 05:00:09: [SM] Error on line 15 (col 12): A property was declared outside of a section
L 12/27/2014 - 05:09:14: Error log file session closed.
L 12/27/2014 - 05:09:22: SourceMod error session started
L 12/27/2014 - 05:09:22: Info (map "pl_jordan_canyon_final") (file "errors_20141227.log")
L 12/27/2014 - 05:09:22: [SM] Could not parse file "/home/gameserver/tf2server/tf2/tf/addons/sourcemod/configs/maplists.cfg"
L 12/27/2014 - 05:09:22: [SM] Error on line 15 (col 12): A property was declared outside of a section
L 12/27/2014 - 05:18:50: Error log file session closed.
L 12/27/2014 - 05:18:58: SourceMod error session started
L 12/27/2014 - 05:18:58: Info (map "ctf_geothermal_b2") (file "errors_20141227.log")
L 12/27/2014 - 05:18:58: [SM] Could not parse file "/home/gameserver/tf2server/tf2/tf/addons/sourcemod/configs/maplists.cfg"
L 12/27/2014 - 05:18:58: [SM] Error on line 15 (col 12): A property was declared outside of a section
L 12/27/2014 - 05:29:03: Error log file session closed.
L 12/27/2014 - 05:29:12: SourceMod error session started
L 12/27/2014 - 05:29:12: Info (map "ctf_convoy_v2") (file "errors_20141227.log")
L 12/27/2014 - 05:29:12: [SM] Could not parse file "/home/gameserver/tf2server/tf2/tf/addons/sourcemod/configs/maplists.cfg"
L 12/27/2014 - 05:29:12: [SM] Error on line 15 (col 12): A property was declared outside of a section
L 12/27/2014 - 06:41:39: Error log file session closed.
L 12/27/2014 - 06:41:47: SourceMod error session started
L 12/27/2014 - 06:41:47: Info (map "ctf_fishy_b4") (file "errors_20141227.log")
L 12/27/2014 - 06:41:47: [SM] Could not parse file "/home/gameserver/tf2server/tf2/tf/addons/sourcemod/configs/maplists.cfg"
L 12/27/2014 - 06:41:47: [SM] Error on line 15 (col 12): A property was declared outside of a section
L 12/27/2014 - 08:16:29: Error log file session closed.
L 12/27/2014 - 08:16:37: SourceMod error session started
L 12/27/2014 - 08:16:37: Info (map "pl_halfacre") (file "errors_20141227.log")
L 12/27/2014 - 08:16:37: [SM] Could not parse file "/home/gameserver/tf2server/tf2/tf/addons/sourcemod/configs/maplists.cfg"
L 12/27/2014 - 08:16:37: [SM] Error on line 15 (col 12): A property was declared outside of a section
L 12/27/2014 - 08:36:04: Error log file session closed.
L 12/27/2014 - 08:36:12: SourceMod error session started
L 12/27/2014 - 08:36:12: Info (map "pl_jordan_canyon_final") (file "errors_20141227.log")
L 12/27/2014 - 08:36:12: [SM] Could not parse file "/home/gameserver/tf2server/tf2/tf/addons/sourcemod/configs/maplists.cfg"
L 12/27/2014 - 08:36:12: [SM] Error on line 15 (col 12): A property was declared outside of a section
L 12/27/2014 - 08:54:42: Error log file session closed.
L 12/27/2014 - 08:54:50: SourceMod error session started
L 12/27/2014 - 08:54:50: Info (map "pl_manngrove_rc5") (file "errors_20141227.log")
L 12/27/2014 - 08:54:50: [SM] Could not parse file "/home/gameserver/tf2server/tf2/tf/addons/sourcemod/configs/maplists.cfg"
L 12/27/2014 - 08:54:50: [SM] Error on line 15 (col 12): A property was declared outside of a section
L 12/27/2014 - 09:16:33: Error log file session closed.
L 12/27/2014 - 09:16:42: SourceMod error session started
L 12/27/2014 - 09:16:42: Info (map "pl_metropolis_b5") (file "errors_20141227.log")
L 12/27/2014 - 09:16:42: [SM] Could not parse file "/home/gameserver/tf2server/tf2/tf/addons/sourcemod/configs/maplists.cfg"
L 12/27/2014 - 09:16:42: [SM] Error on line 15 (col 12): A property was declared outside of a section
L 12/27/2014 - 11:27:34: Error log file session closed.
L 12/27/2014 - 11:27:43: SourceMod error session started
L 12/27/2014 - 11:27:43: Info (map "pl_millstone_rc11") (file "errors_20141227.log")
L 12/27/2014 - 11:27:43: [SM] Could not parse file "/home/gameserver/tf2server/tf2/tf/addons/sourcemod/configs/maplists.cfg"
L 12/27/2014 - 11:27:43: [SM] Error on line 15 (col 12): A property was declared outside of a section
L 12/27/2014 - 11:48:32: Error log file session closed.
L 12/27/2014 - 11:48:40: SourceMod error session started
L 12/27/2014 - 11:48:40: Info (map "pl_outback_rc4") (file "errors_20141227.log")
L 12/27/2014 - 11:48:40: [SM] Could not parse file "/home/gameserver/tf2server/tf2/tf/addons/sourcemod/configs/maplists.cfg"
L 12/27/2014 - 11:48:40: [SM] Error on line 15 (col 12): A property was declared outside of a section
L 12/27/2014 - 14:34:12: Error log file session closed.
L 12/27/2014 - 14:34:21: SourceMod error session started
L 12/27/2014 - 14:34:21: Info (map "pl_pier_b16") (file "errors_20141227.log")
L 12/27/2014 - 14:34:21: [SM] Could not parse file "/home/gameserver/tf2server/tf2/tf/addons/sourcemod/configs/maplists.cfg"
L 12/27/2014 - 14:34:21: [SM] Error on line 15 (col 12): A property was declared outside of a section
L 12/27/2014 - 15:16:45: Error log file session closed.
L 12/27/2014 - 15:16:54: SourceMod error session started
L 12/27/2014 - 15:16:54: Info (map "pl_repository_rc3") (file "errors_20141227.log")
L 12/27/2014 - 15:16:54: [SM] Could not parse file "/home/gameserver/tf2server/tf2/tf/addons/sourcemod/configs/maplists.cfg"
L 12/27/2014 - 15:16:54: [SM] Error on line 15 (col 12): A property was declared outside of a section
L 12/27/2014 - 15:43:17: Error log file session closed.
L 12/27/2014 - 15:43:25: SourceMod error session started
L 12/27/2014 - 15:43:25: Info (map "koth_skyward_b2") (file "errors_20141227.log")
L 12/27/2014 - 15:43:25: [SM] Could not parse file "/home/gameserver/tf2server/tf2/tf/addons/sourcemod/configs/maplists.cfg"
L 12/27/2014 - 15:43:25: [SM] Error on line 15 (col 12): A property was declared outside of a section
L 12/27/2014 - 15:59:59: Error log file session closed.
L 12/27/2014 - 16:00:07: SourceMod error session started
L 12/27/2014 - 16:00:07: Info (map "koth_waste") (file "errors_20141227.log")
L 12/27/2014 - 16:00:07: [SM] Could not parse file "/home/gameserver/tf2server/tf2/tf/addons/sourcemod/configs/maplists.cfg"
L 12/27/2014 - 16:00:07: [SM] Error on line 15 (col 12): A property was declared outside of a section
L 12/27/2014 - 16:46:57: Error log file session closed.
L 12/27/2014 - 16:47:05: SourceMod error session started
L 12/27/2014 - 16:47:05: Info (map "koth_watermill_final") (file "errors_20141227.log")
L 12/27/2014 - 16:47:05: [SM] Could not parse file "/home/gameserver/tf2server/tf2/tf/addons/sourcemod/configs/maplists.cfg"
L 12/27/2014 - 16:47:05: [SM] Error on line 15 (col 12): A property was declared outside of a section
L 12/27/2014 - 18:06:33: Error log file session closed.
L 12/27/2014 - 18:06:41: SourceMod error session started
L 12/27/2014 - 18:06:41: Info (map "ctf_mach4") (file "errors_20141227.log")
L 12/27/2014 - 18:06:41: [SM] Could not parse file "/home/gameserver/tf2server/tf2/tf/addons/sourcemod/configs/maplists.cfg"
L 12/27/2014 - 18:06:41: [SM] Error on line 15 (col 12): A property was declared outside of a section
L 12/27/2014 - 18:34:36: Error log file session closed.
L 12/27/2014 - 18:34:44: SourceMod error session started
L 12/27/2014 - 18:34:44: Info (map "koth_namicott_rc4") (file "errors_20141227.log")
L 12/27/2014 - 18:34:44: [SM] Could not parse file "/home/gameserver/tf2server/tf2/tf/addons/sourcemod/configs/maplists.cfg"
L 12/27/2014 - 18:34:44: [SM] Error on line 15 (col 12): A property was declared outside of a section
