L 01/23/2015 - 06:25:45: SourceMod error session started
L 01/23/2015 - 06:25:45: Info (map "pl_alpen_rc1") (file "errors_20150123.log")
L 01/23/2015 - 06:25:45: Error log file session closed.
L 01/23/2015 - 06:25:56: SourceMod error session started
L 01/23/2015 - 06:25:56: Info (map "pl_alpen_rc1") (file "errors_20150123.log")
L 01/23/2015 - 06:25:56: [SM] Could not parse file "/home/gameserver/tf2server/tf2/tf/addons/sourcemod/configs/maplists.cfg"
L 01/23/2015 - 06:25:56: [SM] Error on line 15 (col 12): A property was declared outside of a section
L 01/23/2015 - 07:25:00: Error log file session closed.
L 01/23/2015 - 07:25:11: SourceMod error session started
L 01/23/2015 - 07:25:11: Info (map "cp_snowplow_rc3") (file "errors_20150123.log")
L 01/23/2015 - 07:25:11: [SM] Could not parse file "/home/gameserver/tf2server/tf2/tf/addons/sourcemod/configs/maplists.cfg"
L 01/23/2015 - 07:25:11: [SM] Error on line 15 (col 12): A property was declared outside of a section
L 01/23/2015 - 07:40:30: Error log file session closed.
L 01/23/2015 - 07:40:40: SourceMod error session started
L 01/23/2015 - 07:40:40: Info (map "pl_metropolis_b5") (file "errors_20150123.log")
L 01/23/2015 - 07:40:40: [SM] Could not parse file "/home/gameserver/tf2server/tf2/tf/addons/sourcemod/configs/maplists.cfg"
L 01/23/2015 - 07:40:40: [SM] Error on line 15 (col 12): A property was declared outside of a section
L 01/23/2015 - 08:09:41: Error log file session closed.
L 01/23/2015 - 08:09:52: SourceMod error session started
L 01/23/2015 - 08:09:52: Info (map "cp_snowplow_rc3") (file "errors_20150123.log")
L 01/23/2015 - 08:09:52: [SM] Could not parse file "/home/gameserver/tf2server/tf2/tf/addons/sourcemod/configs/maplists.cfg"
L 01/23/2015 - 08:09:52: [SM] Error on line 15 (col 12): A property was declared outside of a section
L 01/23/2015 - 08:24:13: Error log file session closed.
L 01/23/2015 - 08:24:23: SourceMod error session started
L 01/23/2015 - 08:24:23: Info (map "ctf_freezers_v2") (file "errors_20150123.log")
L 01/23/2015 - 08:24:23: [SM] Could not parse file "/home/gameserver/tf2server/tf2/tf/addons/sourcemod/configs/maplists.cfg"
L 01/23/2015 - 08:24:23: [SM] Error on line 15 (col 12): A property was declared outside of a section
L 01/23/2015 - 09:05:37: Error log file session closed.
L 01/23/2015 - 09:05:48: SourceMod error session started
L 01/23/2015 - 09:05:48: Info (map "cp_castle4") (file "errors_20150123.log")
L 01/23/2015 - 09:05:48: [SM] Could not parse file "/home/gameserver/tf2server/tf2/tf/addons/sourcemod/configs/maplists.cfg"
L 01/23/2015 - 09:05:48: [SM] Error on line 15 (col 12): A property was declared outside of a section
L 01/23/2015 - 09:17:43: Error log file session closed.
L 01/23/2015 - 09:17:53: SourceMod error session started
L 01/23/2015 - 09:17:53: Info (map "pl_waste_v2") (file "errors_20150123.log")
L 01/23/2015 - 09:17:53: [SM] Could not parse file "/home/gameserver/tf2server/tf2/tf/addons/sourcemod/configs/maplists.cfg"
L 01/23/2015 - 09:17:53: [SM] Error on line 15 (col 12): A property was declared outside of a section
L 01/23/2015 - 09:44:39: Error log file session closed.
L 01/23/2015 - 09:44:50: SourceMod error session started
L 01/23/2015 - 09:44:50: Info (map "pl_boundary_final1") (file "errors_20150123.log")
L 01/23/2015 - 09:44:50: [SM] Could not parse file "/home/gameserver/tf2server/tf2/tf/addons/sourcemod/configs/maplists.cfg"
L 01/23/2015 - 09:44:50: [SM] Error on line 15 (col 12): A property was declared outside of a section
L 01/23/2015 - 10:17:10: Error log file session closed.
L 01/23/2015 - 10:17:20: SourceMod error session started
L 01/23/2015 - 10:17:20: Info (map "ctf_mach4") (file "errors_20150123.log")
L 01/23/2015 - 10:17:20: [SM] Could not parse file "/home/gameserver/tf2server/tf2/tf/addons/sourcemod/configs/maplists.cfg"
L 01/23/2015 - 10:17:20: [SM] Error on line 15 (col 12): A property was declared outside of a section
L 01/23/2015 - 10:29:24: Error log file session closed.
L 01/23/2015 - 10:29:35: SourceMod error session started
L 01/23/2015 - 10:29:35: Info (map "pl_nat20_b2b") (file "errors_20150123.log")
L 01/23/2015 - 10:29:35: [SM] Could not parse file "/home/gameserver/tf2server/tf2/tf/addons/sourcemod/configs/maplists.cfg"
L 01/23/2015 - 10:29:35: [SM] Error on line 15 (col 12): A property was declared outside of a section
L 01/23/2015 - 10:46:44: Error log file session closed.
L 01/23/2015 - 10:46:54: SourceMod error session started
L 01/23/2015 - 10:46:54: Info (map "koth_highpass_b2") (file "errors_20150123.log")
L 01/23/2015 - 10:46:54: [SM] Could not parse file "/home/gameserver/tf2server/tf2/tf/addons/sourcemod/configs/maplists.cfg"
L 01/23/2015 - 10:46:54: [SM] Error on line 15 (col 12): A property was declared outside of a section
L 01/23/2015 - 10:55:04: Error log file session closed.
L 01/23/2015 - 10:55:14: SourceMod error session started
L 01/23/2015 - 10:55:14: Info (map "pl_cottage_b4") (file "errors_20150123.log")
L 01/23/2015 - 10:55:14: [SM] Could not parse file "/home/gameserver/tf2server/tf2/tf/addons/sourcemod/configs/maplists.cfg"
L 01/23/2015 - 10:55:14: [SM] Error on line 15 (col 12): A property was declared outside of a section
L 01/23/2015 - 11:22:05: Error log file session closed.
L 01/23/2015 - 11:22:16: SourceMod error session started
L 01/23/2015 - 11:22:16: Info (map "koth_probed_b6") (file "errors_20150123.log")
L 01/23/2015 - 11:22:16: [SM] Could not parse file "/home/gameserver/tf2server/tf2/tf/addons/sourcemod/configs/maplists.cfg"
L 01/23/2015 - 11:22:16: [SM] Error on line 15 (col 12): A property was declared outside of a section
L 01/23/2015 - 11:27:26: Error log file session closed.
L 01/23/2015 - 11:27:37: SourceMod error session started
L 01/23/2015 - 11:27:37: Info (map "plr_frostfell_a10") (file "errors_20150123.log")
L 01/23/2015 - 11:27:37: [SM] Could not parse file "/home/gameserver/tf2server/tf2/tf/addons/sourcemod/configs/maplists.cfg"
L 01/23/2015 - 11:27:37: [SM] Error on line 15 (col 12): A property was declared outside of a section
L 01/23/2015 - 11:51:21: Error log file session closed.
L 01/23/2015 - 11:51:33: SourceMod error session started
L 01/23/2015 - 11:51:33: Info (map "cp_forest_shrine_a15") (file "errors_20150123.log")
L 01/23/2015 - 11:51:33: [SM] Could not parse file "/home/gameserver/tf2server/tf2/tf/addons/sourcemod/configs/maplists.cfg"
L 01/23/2015 - 11:51:33: [SM] Error on line 15 (col 12): A property was declared outside of a section
L 01/23/2015 - 12:07:52: Error log file session closed.
L 01/23/2015 - 12:08:04: SourceMod error session started
L 01/23/2015 - 12:08:04: Info (map "pl_woodland_final") (file "errors_20150123.log")
L 01/23/2015 - 12:08:04: [SM] Could not parse file "/home/gameserver/tf2server/tf2/tf/addons/sourcemod/configs/maplists.cfg"
L 01/23/2015 - 12:08:04: [SM] Error on line 15 (col 12): A property was declared outside of a section
L 01/23/2015 - 12:30:07: Error log file session closed.
L 01/23/2015 - 12:30:18: SourceMod error session started
L 01/23/2015 - 12:30:18: Info (map "pl_stroika_b2") (file "errors_20150123.log")
L 01/23/2015 - 12:30:18: [SM] Could not parse file "/home/gameserver/tf2server/tf2/tf/addons/sourcemod/configs/maplists.cfg"
L 01/23/2015 - 12:30:18: [SM] Error on line 15 (col 12): A property was declared outside of a section
L 01/23/2015 - 12:49:55: Error log file session closed.
L 01/23/2015 - 12:50:06: SourceMod error session started
L 01/23/2015 - 12:50:06: Info (map "cp_dusk_rc1") (file "errors_20150123.log")
L 01/23/2015 - 12:50:06: [SM] Could not parse file "/home/gameserver/tf2server/tf2/tf/addons/sourcemod/configs/maplists.cfg"
L 01/23/2015 - 12:50:06: [SM] Error on line 15 (col 12): A property was declared outside of a section
L 01/23/2015 - 13:08:14: Error log file session closed.
L 01/23/2015 - 13:08:25: SourceMod error session started
L 01/23/2015 - 13:08:25: Info (map "koth_railbridge_rc2") (file "errors_20150123.log")
L 01/23/2015 - 13:08:25: [SM] Could not parse file "/home/gameserver/tf2server/tf2/tf/addons/sourcemod/configs/maplists.cfg"
L 01/23/2015 - 13:08:25: [SM] Error on line 15 (col 12): A property was declared outside of a section
L 01/23/2015 - 13:15:55: Error log file session closed.
L 01/23/2015 - 13:16:06: SourceMod error session started
L 01/23/2015 - 13:16:06: Info (map "cp_dusk_rc1") (file "errors_20150123.log")
L 01/23/2015 - 13:16:06: [SM] Could not parse file "/home/gameserver/tf2server/tf2/tf/addons/sourcemod/configs/maplists.cfg"
L 01/23/2015 - 13:16:06: [SM] Error on line 15 (col 12): A property was declared outside of a section
L 01/23/2015 - 13:25:33: Error log file session closed.
L 01/23/2015 - 13:25:44: SourceMod error session started
L 01/23/2015 - 13:25:44: Info (map "push_desolation_rc1") (file "errors_20150123.log")
L 01/23/2015 - 13:25:44: [SM] Could not parse file "/home/gameserver/tf2server/tf2/tf/addons/sourcemod/configs/maplists.cfg"
L 01/23/2015 - 13:25:44: [SM] Error on line 15 (col 12): A property was declared outside of a section
L 01/23/2015 - 13:37:28: Error log file session closed.
L 01/23/2015 - 13:37:39: SourceMod error session started
L 01/23/2015 - 13:37:39: Info (map "cp_hella_a11a") (file "errors_20150123.log")
L 01/23/2015 - 13:37:39: [SM] Could not parse file "/home/gameserver/tf2server/tf2/tf/addons/sourcemod/configs/maplists.cfg"
L 01/23/2015 - 13:37:39: [SM] Error on line 15 (col 12): A property was declared outside of a section
L 01/23/2015 - 13:55:43: Error log file session closed.
L 01/23/2015 - 13:55:54: SourceMod error session started
L 01/23/2015 - 13:55:54: Info (map "cp_dusk_rc1") (file "errors_20150123.log")
L 01/23/2015 - 13:55:54: [SM] Could not parse file "/home/gameserver/tf2server/tf2/tf/addons/sourcemod/configs/maplists.cfg"
L 01/23/2015 - 13:55:54: [SM] Error on line 15 (col 12): A property was declared outside of a section
L 01/23/2015 - 14:36:32: Error log file session closed.
L 01/23/2015 - 14:36:43: SourceMod error session started
L 01/23/2015 - 14:36:43: Info (map "cp_edifice_test2") (file "errors_20150123.log")
L 01/23/2015 - 14:36:43: [SM] Could not parse file "/home/gameserver/tf2server/tf2/tf/addons/sourcemod/configs/maplists.cfg"
L 01/23/2015 - 14:36:43: [SM] Error on line 15 (col 12): A property was declared outside of a section
L 01/23/2015 - 15:03:30: Error log file session closed.
L 01/23/2015 - 15:03:41: SourceMod error session started
L 01/23/2015 - 15:03:41: Info (map "pl_beerbowl_b6c") (file "errors_20150123.log")
L 01/23/2015 - 15:03:41: [SM] Could not parse file "/home/gameserver/tf2server/tf2/tf/addons/sourcemod/configs/maplists.cfg"
L 01/23/2015 - 15:03:41: [SM] Error on line 15 (col 12): A property was declared outside of a section
L 01/23/2015 - 15:25:53: Error log file session closed.
L 01/23/2015 - 15:26:04: SourceMod error session started
L 01/23/2015 - 15:26:04: Info (map "pl_angkor_rc1") (file "errors_20150123.log")
L 01/23/2015 - 15:26:04: [SM] Could not parse file "/home/gameserver/tf2server/tf2/tf/addons/sourcemod/configs/maplists.cfg"
L 01/23/2015 - 15:26:04: [SM] Error on line 15 (col 12): A property was declared outside of a section
L 01/23/2015 - 16:05:00: Error log file session closed.
L 01/23/2015 - 16:05:12: SourceMod error session started
L 01/23/2015 - 16:05:12: Info (map "pl_great_heights_b3") (file "errors_20150123.log")
L 01/23/2015 - 16:05:12: [SM] Could not parse file "/home/gameserver/tf2server/tf2/tf/addons/sourcemod/configs/maplists.cfg"
L 01/23/2015 - 16:05:12: [SM] Error on line 15 (col 12): A property was declared outside of a section
L 01/23/2015 - 16:20:02: Error log file session closed.
L 01/23/2015 - 16:20:13: SourceMod error session started
L 01/23/2015 - 16:20:13: Info (map "koth_arctic_b3") (file "errors_20150123.log")
L 01/23/2015 - 16:20:13: [SM] Could not parse file "/home/gameserver/tf2server/tf2/tf/addons/sourcemod/configs/maplists.cfg"
L 01/23/2015 - 16:20:13: [SM] Error on line 15 (col 12): A property was declared outside of a section
L 01/23/2015 - 16:33:17: Error log file session closed.
L 01/23/2015 - 16:33:28: SourceMod error session started
L 01/23/2015 - 16:33:28: Info (map "koth_quarry_rc5") (file "errors_20150123.log")
L 01/23/2015 - 16:33:28: [SM] Could not parse file "/home/gameserver/tf2server/tf2/tf/addons/sourcemod/configs/maplists.cfg"
L 01/23/2015 - 16:33:28: [SM] Error on line 15 (col 12): A property was declared outside of a section
L 01/23/2015 - 18:38:41: Error log file session closed.
L 01/23/2015 - 18:38:52: SourceMod error session started
L 01/23/2015 - 18:38:52: Info (map "cp_aqua") (file "errors_20150123.log")
L 01/23/2015 - 18:38:52: [SM] Could not parse file "/home/gameserver/tf2server/tf2/tf/addons/sourcemod/configs/maplists.cfg"
L 01/23/2015 - 18:38:52: [SM] Error on line 15 (col 12): A property was declared outside of a section
L 01/23/2015 - 19:11:54: Error log file session closed.
L 01/23/2015 - 19:12:06: SourceMod error session started
L 01/23/2015 - 19:12:06: Info (map "ctf_haarp") (file "errors_20150123.log")
L 01/23/2015 - 19:12:06: [SM] Could not parse file "/home/gameserver/tf2server/tf2/tf/addons/sourcemod/configs/maplists.cfg"
L 01/23/2015 - 19:12:06: [SM] Error on line 15 (col 12): A property was declared outside of a section
L 01/23/2015 - 19:43:19: Error log file session closed.
L 01/23/2015 - 19:43:30: SourceMod error session started
L 01/23/2015 - 19:43:30: Info (map "plr_hysteria_b2") (file "errors_20150123.log")
L 01/23/2015 - 19:43:30: [SM] Could not parse file "/home/gameserver/tf2server/tf2/tf/addons/sourcemod/configs/maplists.cfg"
L 01/23/2015 - 19:43:30: [SM] Error on line 15 (col 12): A property was declared outside of a section
L 01/23/2015 - 20:02:24: Error log file session closed.
L 01/23/2015 - 20:02:35: SourceMod error session started
L 01/23/2015 - 20:02:35: Info (map "koth_arctic_b3") (file "errors_20150123.log")
L 01/23/2015 - 20:02:35: [SM] Could not parse file "/home/gameserver/tf2server/tf2/tf/addons/sourcemod/configs/maplists.cfg"
L 01/23/2015 - 20:02:35: [SM] Error on line 15 (col 12): A property was declared outside of a section
L 01/23/2015 - 20:42:18: Error log file session closed.
L 01/23/2015 - 20:42:29: SourceMod error session started
L 01/23/2015 - 20:42:29: Info (map "koth_basalt_rc2") (file "errors_20150123.log")
L 01/23/2015 - 20:42:29: [SM] Could not parse file "/home/gameserver/tf2server/tf2/tf/addons/sourcemod/configs/maplists.cfg"
L 01/23/2015 - 20:42:29: [SM] Error on line 15 (col 12): A property was declared outside of a section
L 01/23/2015 - 21:33:06: Error log file session closed.
L 01/23/2015 - 21:33:17: SourceMod error session started
L 01/23/2015 - 21:33:17: Info (map "koth_brazil_rc1") (file "errors_20150123.log")
L 01/23/2015 - 21:33:17: [SM] Could not parse file "/home/gameserver/tf2server/tf2/tf/addons/sourcemod/configs/maplists.cfg"
L 01/23/2015 - 21:33:17: [SM] Error on line 15 (col 12): A property was declared outside of a section
