L 01/06/2015 - 02:43:56: SourceMod error session started
L 01/06/2015 - 02:43:56: Info (map "ctf_installation_v2") (file "errors_20150106.log")
L 01/06/2015 - 02:43:56: Error log file session closed.
L 01/06/2015 - 02:44:26: SourceMod error session started
L 01/06/2015 - 02:44:26: Info (map "pl_borneo_rc3") (file "errors_20150106.log")
L 01/06/2015 - 02:44:26: [SM] Could not parse file "/home/gameserver/tf2server/tf2/tf/addons/sourcemod/configs/maplists.cfg"
L 01/06/2015 - 02:44:26: [SM] Error on line 15 (col 12): A property was declared outside of a section
L 01/06/2015 - 02:44:39: [SM] Could not parse file "/home/gameserver/tf2server/tf2/tf/addons/sourcemod/configs/maplists.cfg"
L 01/06/2015 - 02:44:39: [SM] Error on line 15 (col 12): A property was declared outside of a section
L 01/06/2015 - 10:53:50: Error log file session closed.
L 01/06/2015 - 10:53:58: SourceMod error session started
L 01/06/2015 - 10:53:58: Info (map "pl_boundary_final") (file "errors_20150106.log")
L 01/06/2015 - 10:53:58: [SM] Could not parse file "/home/gameserver/tf2server/tf2/tf/addons/sourcemod/configs/maplists.cfg"
L 01/06/2015 - 10:53:58: [SM] Error on line 15 (col 12): A property was declared outside of a section
L 01/06/2015 - 11:45:01: Error log file session closed.
L 01/06/2015 - 11:45:09: SourceMod error session started
L 01/06/2015 - 11:45:09: Info (map "pl_boxcanyon_RC1") (file "errors_20150106.log")
L 01/06/2015 - 11:45:09: [SM] Could not parse file "/home/gameserver/tf2server/tf2/tf/addons/sourcemod/configs/maplists.cfg"
L 01/06/2015 - 11:45:09: [SM] Error on line 15 (col 12): A property was declared outside of a section
L 01/06/2015 - 12:48:36: Error log file session closed.
L 01/06/2015 - 12:48:45: SourceMod error session started
L 01/06/2015 - 12:48:45: Info (map "pl_cashworks_final1") (file "errors_20150106.log")
L 01/06/2015 - 12:48:45: [SM] Could not parse file "/home/gameserver/tf2server/tf2/tf/addons/sourcemod/configs/maplists.cfg"
L 01/06/2015 - 12:48:45: [SM] Error on line 15 (col 12): A property was declared outside of a section
