L 12/26/2014 - 02:08:05: SourceMod error session started
L 12/26/2014 - 02:08:05: Info (map "cp_desertion_rc1") (file "errors_20141226.log")
L 12/26/2014 - 02:08:05: Error log file session closed.
L 12/26/2014 - 02:08:13: SourceMod error session started
L 12/26/2014 - 02:08:13: Info (map "cp_desertion_rc1") (file "errors_20141226.log")
L 12/26/2014 - 02:08:13: [SM] Could not parse file "/home/gameserver/tf2server/tf2/tf/addons/sourcemod/configs/maplists.cfg"
L 12/26/2014 - 02:08:13: [SM] Error on line 15 (col 12): A property was declared outside of a section
L 12/26/2014 - 02:30:59: Error log file session closed.
L 12/26/2014 - 02:31:07: SourceMod error session started
L 12/26/2014 - 02:31:07: Info (map "cp_dusk_rc1") (file "errors_20141226.log")
L 12/26/2014 - 02:31:07: [SM] Could not parse file "/home/gameserver/tf2server/tf2/tf/addons/sourcemod/configs/maplists.cfg"
L 12/26/2014 - 02:31:07: [SM] Error on line 15 (col 12): A property was declared outside of a section
L 12/26/2014 - 05:05:50: Error log file session closed.
L 12/26/2014 - 05:05:58: SourceMod error session started
L 12/26/2014 - 05:05:58: Info (map "cp_edifice_test2") (file "errors_20141226.log")
L 12/26/2014 - 05:05:58: [SM] Could not parse file "/home/gameserver/tf2server/tf2/tf/addons/sourcemod/configs/maplists.cfg"
L 12/26/2014 - 05:05:58: [SM] Error on line 15 (col 12): A property was declared outside of a section
L 12/26/2014 - 07:32:09: Error log file session closed.
L 12/26/2014 - 07:32:17: SourceMod error session started
L 12/26/2014 - 07:32:17: Info (map "cp_fallout") (file "errors_20141226.log")
L 12/26/2014 - 07:32:17: [SM] Could not parse file "/home/gameserver/tf2server/tf2/tf/addons/sourcemod/configs/maplists.cfg"
L 12/26/2014 - 07:32:17: [SM] Error on line 15 (col 12): A property was declared outside of a section
L 12/26/2014 - 08:21:34: Error log file session closed.
L 12/26/2014 - 08:21:43: SourceMod error session started
L 12/26/2014 - 08:21:43: Info (map "cp_follower") (file "errors_20141226.log")
L 12/26/2014 - 08:21:43: [SM] Could not parse file "/home/gameserver/tf2server/tf2/tf/addons/sourcemod/configs/maplists.cfg"
L 12/26/2014 - 08:21:43: [SM] Error on line 15 (col 12): A property was declared outside of a section
L 12/26/2014 - 08:43:04: Error log file session closed.
L 12/26/2014 - 08:43:12: SourceMod error session started
L 12/26/2014 - 08:43:12: Info (map "cp_freightyard_b4c") (file "errors_20141226.log")
L 12/26/2014 - 08:43:12: [SM] Could not parse file "/home/gameserver/tf2server/tf2/tf/addons/sourcemod/configs/maplists.cfg"
L 12/26/2014 - 08:43:12: [SM] Error on line 15 (col 12): A property was declared outside of a section
L 12/26/2014 - 09:06:07: Error log file session closed.
L 12/26/2014 - 09:06:16: SourceMod error session started
L 12/26/2014 - 09:06:16: Info (map "cp_furnace_rc") (file "errors_20141226.log")
L 12/26/2014 - 09:06:16: [SM] Could not parse file "/home/gameserver/tf2server/tf2/tf/addons/sourcemod/configs/maplists.cfg"
L 12/26/2014 - 09:06:16: [SM] Error on line 15 (col 12): A property was declared outside of a section
L 12/26/2014 - 09:28:56: Error log file session closed.
L 12/26/2014 - 09:29:04: SourceMod error session started
L 12/26/2014 - 09:29:04: Info (map "cp_glacier_rc6") (file "errors_20141226.log")
L 12/26/2014 - 09:29:04: [SM] Could not parse file "/home/gameserver/tf2server/tf2/tf/addons/sourcemod/configs/maplists.cfg"
L 12/26/2014 - 09:29:04: [SM] Error on line 15 (col 12): A property was declared outside of a section
L 12/26/2014 - 09:51:28: Error log file session closed.
L 12/26/2014 - 09:51:37: SourceMod error session started
L 12/26/2014 - 09:51:37: Info (map "cp_glassworks_rc2") (file "errors_20141226.log")
L 12/26/2014 - 09:51:37: [SM] Could not parse file "/home/gameserver/tf2server/tf2/tf/addons/sourcemod/configs/maplists.cfg"
L 12/26/2014 - 09:51:37: [SM] Error on line 15 (col 12): A property was declared outside of a section
L 12/26/2014 - 10:11:15: Error log file session closed.
L 12/26/2014 - 10:11:24: SourceMod error session started
L 12/26/2014 - 10:11:24: Info (map "cp_gydan") (file "errors_20141226.log")
L 12/26/2014 - 10:11:24: [SM] Could not parse file "/home/gameserver/tf2server/tf2/tf/addons/sourcemod/configs/maplists.cfg"
L 12/26/2014 - 10:11:24: [SM] Error on line 15 (col 12): A property was declared outside of a section
L 12/26/2014 - 10:29:47: Error log file session closed.
L 12/26/2014 - 10:29:55: SourceMod error session started
L 12/26/2014 - 10:29:55: Info (map "cp_indulge") (file "errors_20141226.log")
L 12/26/2014 - 10:29:55: [SM] Could not parse file "/home/gameserver/tf2server/tf2/tf/addons/sourcemod/configs/maplists.cfg"
L 12/26/2014 - 10:29:55: [SM] Error on line 15 (col 12): A property was declared outside of a section
L 12/26/2014 - 10:51:13: Error log file session closed.
L 12/26/2014 - 10:51:21: SourceMod error session started
L 12/26/2014 - 10:51:21: Info (map "cp_keikoku_rc1") (file "errors_20141226.log")
L 12/26/2014 - 10:51:21: [SM] Could not parse file "/home/gameserver/tf2server/tf2/tf/addons/sourcemod/configs/maplists.cfg"
L 12/26/2014 - 10:51:21: [SM] Error on line 15 (col 12): A property was declared outside of a section
L 12/26/2014 - 12:32:18: Error log file session closed.
L 12/26/2014 - 12:32:28: SourceMod error session started
L 12/26/2014 - 12:32:28: Info (map "cp_labor") (file "errors_20141226.log")
L 12/26/2014 - 12:32:28: [SM] Could not parse file "/home/gameserver/tf2server/tf2/tf/addons/sourcemod/configs/maplists.cfg"
L 12/26/2014 - 12:32:28: [SM] Error on line 15 (col 12): A property was declared outside of a section
L 12/26/2014 - 13:12:18: Error log file session closed.
L 12/26/2014 - 13:12:26: SourceMod error session started
L 12/26/2014 - 13:12:26: Info (map "cp_logjam_b10") (file "errors_20141226.log")
L 12/26/2014 - 13:12:26: [SM] Could not parse file "/home/gameserver/tf2server/tf2/tf/addons/sourcemod/configs/maplists.cfg"
L 12/26/2014 - 13:12:26: [SM] Error on line 15 (col 12): A property was declared outside of a section
L 12/26/2014 - 13:18:46: Error log file session closed.
L 12/26/2014 - 13:18:54: SourceMod error session started
L 12/26/2014 - 13:18:54: Info (map "pl_outback_rc4") (file "errors_20141226.log")
L 12/26/2014 - 13:18:54: [SM] Could not parse file "/home/gameserver/tf2server/tf2/tf/addons/sourcemod/configs/maplists.cfg"
L 12/26/2014 - 13:18:54: [SM] Error on line 15 (col 12): A property was declared outside of a section
L 12/26/2014 - 13:40:29: Error log file session closed.
L 12/26/2014 - 13:40:37: SourceMod error session started
L 12/26/2014 - 13:40:37: Info (map "pl_pier_b16") (file "errors_20141226.log")
L 12/26/2014 - 13:40:37: [SM] Could not parse file "/home/gameserver/tf2server/tf2/tf/addons/sourcemod/configs/maplists.cfg"
L 12/26/2014 - 13:40:37: [SM] Error on line 15 (col 12): A property was declared outside of a section
L 12/26/2014 - 14:00:15: Error log file session closed.
L 12/26/2014 - 14:00:24: SourceMod error session started
L 12/26/2014 - 14:00:24: Info (map "pl_repository_rc3") (file "errors_20141226.log")
L 12/26/2014 - 14:00:24: [SM] Could not parse file "/home/gameserver/tf2server/tf2/tf/addons/sourcemod/configs/maplists.cfg"
L 12/26/2014 - 14:00:24: [SM] Error on line 15 (col 12): A property was declared outside of a section
L 12/26/2014 - 14:25:58: Error log file session closed.
L 12/26/2014 - 14:26:06: SourceMod error session started
L 12/26/2014 - 14:26:06: Info (map "pl_swiftwater_ugc") (file "errors_20141226.log")
L 12/26/2014 - 14:26:06: [SM] Could not parse file "/home/gameserver/tf2server/tf2/tf/addons/sourcemod/configs/maplists.cfg"
L 12/26/2014 - 14:26:06: [SM] Error on line 15 (col 12): A property was declared outside of a section
L 12/26/2014 - 14:46:37: Error log file session closed.
L 12/26/2014 - 14:46:46: SourceMod error session started
L 12/26/2014 - 14:46:46: Info (map "pl_waste_v2") (file "errors_20141226.log")
L 12/26/2014 - 14:46:46: [SM] Could not parse file "/home/gameserver/tf2server/tf2/tf/addons/sourcemod/configs/maplists.cfg"
L 12/26/2014 - 14:46:46: [SM] Error on line 15 (col 12): A property was declared outside of a section
L 12/26/2014 - 16:10:49: Error log file session closed.
L 12/26/2014 - 16:10:57: SourceMod error session started
L 12/26/2014 - 16:10:57: Info (map "pl_woodland_final") (file "errors_20141226.log")
L 12/26/2014 - 16:10:57: [SM] Could not parse file "/home/gameserver/tf2server/tf2/tf/addons/sourcemod/configs/maplists.cfg"
L 12/26/2014 - 16:10:57: [SM] Error on line 15 (col 12): A property was declared outside of a section
L 12/26/2014 - 22:23:22: Error log file session closed.
L 12/26/2014 - 22:23:30: SourceMod error session started
L 12/26/2014 - 22:23:30: Info (map "plr_panic_b2") (file "errors_20141226.log")
L 12/26/2014 - 22:23:30: [SM] Could not parse file "/home/gameserver/tf2server/tf2/tf/addons/sourcemod/configs/maplists.cfg"
L 12/26/2014 - 22:23:30: [SM] Error on line 15 (col 12): A property was declared outside of a section
