L 01/21/2015 - 08:24:09: SourceMod error session started
L 01/21/2015 - 08:24:09: Info (map "cp_furnace_rc") (file "errors_20150121.log")
L 01/21/2015 - 08:24:09: Error log file session closed.
L 01/21/2015 - 08:24:20: SourceMod error session started
L 01/21/2015 - 08:24:20: Info (map "cp_furnace_rc") (file "errors_20150121.log")
L 01/21/2015 - 08:24:20: [SM] Could not parse file "/home/gameserver/tf2server/tf2/tf/addons/sourcemod/configs/maplists.cfg"
L 01/21/2015 - 08:24:20: [SM] Error on line 15 (col 12): A property was declared outside of a section
L 01/21/2015 - 10:29:15: Error log file session closed.
L 01/21/2015 - 10:29:26: SourceMod error session started
L 01/21/2015 - 10:29:26: Info (map "cp_glacier_rc6") (file "errors_20150121.log")
L 01/21/2015 - 10:29:26: [SM] Could not parse file "/home/gameserver/tf2server/tf2/tf/addons/sourcemod/configs/maplists.cfg"
L 01/21/2015 - 10:29:26: [SM] Error on line 15 (col 12): A property was declared outside of a section
L 01/21/2015 - 10:59:41: Error log file session closed.
L 01/21/2015 - 10:59:52: SourceMod error session started
L 01/21/2015 - 10:59:52: Info (map "cp_croissant_final") (file "errors_20150121.log")
L 01/21/2015 - 10:59:52: [SM] Could not parse file "/home/gameserver/tf2server/tf2/tf/addons/sourcemod/configs/maplists.cfg"
L 01/21/2015 - 10:59:52: [SM] Error on line 15 (col 12): A property was declared outside of a section
L 01/21/2015 - 11:17:53: Error log file session closed.
L 01/21/2015 - 11:18:04: SourceMod error session started
L 01/21/2015 - 11:18:04: Info (map "cp_redfort_b6") (file "errors_20150121.log")
L 01/21/2015 - 11:18:04: [SM] Could not parse file "/home/gameserver/tf2server/tf2/tf/addons/sourcemod/configs/maplists.cfg"
L 01/21/2015 - 11:18:04: [SM] Error on line 15 (col 12): A property was declared outside of a section
L 01/21/2015 - 11:33:49: Error log file session closed.
L 01/21/2015 - 11:34:01: SourceMod error session started
L 01/21/2015 - 11:34:01: Info (map "pl_moonlit_b2") (file "errors_20150121.log")
L 01/21/2015 - 11:34:01: [SM] Could not parse file "/home/gameserver/tf2server/tf2/tf/addons/sourcemod/configs/maplists.cfg"
L 01/21/2015 - 11:34:01: [SM] Error on line 15 (col 12): A property was declared outside of a section
L 01/21/2015 - 11:59:04: Error log file session closed.
L 01/21/2015 - 11:59:15: SourceMod error session started
L 01/21/2015 - 11:59:15: Info (map "ctf_slate_b2") (file "errors_20150121.log")
L 01/21/2015 - 11:59:15: [SM] Could not parse file "/home/gameserver/tf2server/tf2/tf/addons/sourcemod/configs/maplists.cfg"
L 01/21/2015 - 11:59:15: [SM] Error on line 15 (col 12): A property was declared outside of a section
L 01/21/2015 - 12:15:18: Error log file session closed.
L 01/21/2015 - 12:15:29: SourceMod error session started
L 01/21/2015 - 12:15:29: Info (map "pl_quagmire") (file "errors_20150121.log")
L 01/21/2015 - 12:15:29: [SM] Could not parse file "/home/gameserver/tf2server/tf2/tf/addons/sourcemod/configs/maplists.cfg"
L 01/21/2015 - 12:15:29: [SM] Error on line 15 (col 12): A property was declared outside of a section
L 01/21/2015 - 13:26:03: Error log file session closed.
L 01/21/2015 - 13:26:14: SourceMod error session started
L 01/21/2015 - 13:26:14: Info (map "pl_repository_rc3") (file "errors_20150121.log")
L 01/21/2015 - 13:26:14: [SM] Could not parse file "/home/gameserver/tf2server/tf2/tf/addons/sourcemod/configs/maplists.cfg"
L 01/21/2015 - 13:26:14: [SM] Error on line 15 (col 12): A property was declared outside of a section
L 01/21/2015 - 14:55:33: Error log file session closed.
L 01/21/2015 - 14:55:43: SourceMod error session started
L 01/21/2015 - 14:55:43: Info (map "pl_rust_b7") (file "errors_20150121.log")
L 01/21/2015 - 14:55:43: [SM] Could not parse file "/home/gameserver/tf2server/tf2/tf/addons/sourcemod/configs/maplists.cfg"
L 01/21/2015 - 14:55:43: [SM] Error on line 15 (col 12): A property was declared outside of a section
L 01/21/2015 - 15:33:44: Error log file session closed.
L 01/21/2015 - 15:33:55: SourceMod error session started
L 01/21/2015 - 15:33:55: Info (map "pl_stroika_b2") (file "errors_20150121.log")
L 01/21/2015 - 15:33:55: [SM] Could not parse file "/home/gameserver/tf2server/tf2/tf/addons/sourcemod/configs/maplists.cfg"
L 01/21/2015 - 15:33:55: [SM] Error on line 15 (col 12): A property was declared outside of a section
L 01/21/2015 - 16:11:21: Error log file session closed.
L 01/21/2015 - 16:11:32: SourceMod error session started
L 01/21/2015 - 16:11:32: Info (map "pl_swiftwater_ugc") (file "errors_20150121.log")
L 01/21/2015 - 16:11:32: [SM] Could not parse file "/home/gameserver/tf2server/tf2/tf/addons/sourcemod/configs/maplists.cfg"
L 01/21/2015 - 16:11:32: [SM] Error on line 15 (col 12): A property was declared outside of a section
L 01/21/2015 - 20:00:52: Error log file session closed.
L 01/21/2015 - 20:01:05: SourceMod error session started
L 01/21/2015 - 20:01:05: Info (map "pl_timbermill_rc3c") (file "errors_20150121.log")
L 01/21/2015 - 20:01:05: [SM] Could not parse file "/home/gameserver/tf2server/tf2/tf/addons/sourcemod/configs/maplists.cfg"
L 01/21/2015 - 20:01:05: [SM] Error on line 15 (col 12): A property was declared outside of a section
