L 02/17/2015 - 01:47:17: SourceMod error session started
L 02/17/2015 - 01:47:17: Info (map "cp_axle_rc1") (file "errors_20150217.log")
L 02/17/2015 - 01:47:17: Error log file session closed.
L 02/17/2015 - 01:47:25: SourceMod error session started
L 02/17/2015 - 01:47:25: Info (map "cp_axle_rc1") (file "errors_20150217.log")
L 02/17/2015 - 01:47:25: [SM] Could not parse file "/home/gameserver/tf2server/tf2/tf/addons/sourcemod/configs/maplists.cfg"
L 02/17/2015 - 01:47:25: [SM] Error on line 15 (col 12): A property was declared outside of a section
L 02/17/2015 - 07:19:21: Error log file session closed.
L 02/17/2015 - 07:19:30: SourceMod error session started
L 02/17/2015 - 07:19:30: Info (map "cp_bazillion_rc5") (file "errors_20150217.log")
L 02/17/2015 - 07:19:30: [SM] Could not parse file "/home/gameserver/tf2server/tf2/tf/addons/sourcemod/configs/maplists.cfg"
L 02/17/2015 - 07:19:30: [SM] Error on line 15 (col 12): A property was declared outside of a section
L 02/17/2015 - 07:41:18: Error log file session closed.
L 02/17/2015 - 07:41:26: SourceMod error session started
L 02/17/2015 - 07:41:26: Info (map "ctf_fusion_b2") (file "errors_20150217.log")
L 02/17/2015 - 07:41:26: [SM] Could not parse file "/home/gameserver/tf2server/tf2/tf/addons/sourcemod/configs/maplists.cfg"
L 02/17/2015 - 07:41:26: [SM] Error on line 15 (col 12): A property was declared outside of a section
L 02/17/2015 - 08:24:03: Error log file session closed.
L 02/17/2015 - 08:24:12: SourceMod error session started
L 02/17/2015 - 08:24:12: Info (map "cp_hella_a11a") (file "errors_20150217.log")
L 02/17/2015 - 08:24:12: [SM] Could not parse file "/home/gameserver/tf2server/tf2/tf/addons/sourcemod/configs/maplists.cfg"
L 02/17/2015 - 08:24:12: [SM] Error on line 15 (col 12): A property was declared outside of a section
L 02/17/2015 - 08:41:15: Error log file session closed.
L 02/17/2015 - 08:41:23: SourceMod error session started
L 02/17/2015 - 08:41:23: Info (map "ctf_convoy_v2") (file "errors_20150217.log")
L 02/17/2015 - 08:41:23: [SM] Could not parse file "/home/gameserver/tf2server/tf2/tf/addons/sourcemod/configs/maplists.cfg"
L 02/17/2015 - 08:41:23: [SM] Error on line 15 (col 12): A property was declared outside of a section
L 02/17/2015 - 10:26:06: Error log file session closed.
L 02/17/2015 - 10:26:14: SourceMod error session started
L 02/17/2015 - 10:26:14: Info (map "ctf_deliverance_b3") (file "errors_20150217.log")
L 02/17/2015 - 10:26:14: [SM] Could not parse file "/home/gameserver/tf2server/tf2/tf/addons/sourcemod/configs/maplists.cfg"
L 02/17/2015 - 10:26:14: [SM] Error on line 15 (col 12): A property was declared outside of a section
L 02/17/2015 - 12:18:59: Error log file session closed.
L 02/17/2015 - 12:19:08: SourceMod error session started
L 02/17/2015 - 12:19:08: Info (map "ctf_desolation_rc1") (file "errors_20150217.log")
L 02/17/2015 - 12:19:08: [SM] Could not parse file "/home/gameserver/tf2server/tf2/tf/addons/sourcemod/configs/maplists.cfg"
L 02/17/2015 - 12:19:08: [SM] Error on line 15 (col 12): A property was declared outside of a section
L 02/17/2015 - 14:14:31: Error log file session closed.
L 02/17/2015 - 14:14:39: SourceMod error session started
L 02/17/2015 - 14:14:39: Info (map "ctf_fishy_b4") (file "errors_20150217.log")
L 02/17/2015 - 14:14:39: [SM] Could not parse file "/home/gameserver/tf2server/tf2/tf/addons/sourcemod/configs/maplists.cfg"
L 02/17/2015 - 14:14:39: [SM] Error on line 15 (col 12): A property was declared outside of a section
L 02/17/2015 - 15:35:31: Error log file session closed.
L 02/17/2015 - 15:35:40: SourceMod error session started
L 02/17/2015 - 15:35:40: Info (map "ctf_freezers_v2") (file "errors_20150217.log")
L 02/17/2015 - 15:35:40: [SM] Could not parse file "/home/gameserver/tf2server/tf2/tf/addons/sourcemod/configs/maplists.cfg"
L 02/17/2015 - 15:35:40: [SM] Error on line 15 (col 12): A property was declared outside of a section
L 02/17/2015 - 16:00:30: Error log file session closed.
L 02/17/2015 - 16:00:39: SourceMod error session started
L 02/17/2015 - 16:00:39: Info (map "cp_mojave_b2") (file "errors_20150217.log")
L 02/17/2015 - 16:00:39: [SM] Could not parse file "/home/gameserver/tf2server/tf2/tf/addons/sourcemod/configs/maplists.cfg"
L 02/17/2015 - 16:00:39: [SM] Error on line 15 (col 12): A property was declared outside of a section
L 02/17/2015 - 16:35:36: Error log file session closed.
L 02/17/2015 - 16:35:44: SourceMod error session started
L 02/17/2015 - 16:35:44: Info (map "koth_watermill_final") (file "errors_20150217.log")
L 02/17/2015 - 16:35:44: [SM] Could not parse file "/home/gameserver/tf2server/tf2/tf/addons/sourcemod/configs/maplists.cfg"
L 02/17/2015 - 16:35:44: [SM] Error on line 15 (col 12): A property was declared outside of a section
