L 02/09/2015 - 02:29:35: SourceMod error session started
L 02/09/2015 - 02:29:35: Info (map "koth_probed_b6") (file "errors_20150209.log")
L 02/09/2015 - 02:29:35: Error log file session closed.
L 02/09/2015 - 02:29:43: SourceMod error session started
L 02/09/2015 - 02:29:43: Info (map "koth_probed_b6") (file "errors_20150209.log")
L 02/09/2015 - 02:29:43: [SM] Could not parse file "/home/gameserver/tf2server/tf2/tf/addons/sourcemod/configs/maplists.cfg"
L 02/09/2015 - 02:29:43: [SM] Error on line 15 (col 12): A property was declared outside of a section
L 02/09/2015 - 14:40:28: Error log file session closed.
L 02/09/2015 - 14:40:37: SourceMod error session started
L 02/09/2015 - 14:40:37: Info (map "cp_sunshine_rc3") (file "errors_20150209.log")
L 02/09/2015 - 14:40:37: [SM] Could not parse file "/home/gameserver/tf2server/tf2/tf/addons/sourcemod/configs/maplists.cfg"
L 02/09/2015 - 14:40:37: [SM] Error on line 15 (col 12): A property was declared outside of a section
L 02/09/2015 - 15:20:54: Error log file session closed.
L 02/09/2015 - 15:21:02: SourceMod error session started
L 02/09/2015 - 15:21:02: Info (map "cp_switchback_b5") (file "errors_20150209.log")
L 02/09/2015 - 15:21:02: [SM] Could not parse file "/home/gameserver/tf2server/tf2/tf/addons/sourcemod/configs/maplists.cfg"
L 02/09/2015 - 15:21:02: [SM] Error on line 15 (col 12): A property was declared outside of a section
L 02/09/2015 - 16:04:26: Error log file session closed.
L 02/09/2015 - 16:04:34: SourceMod error session started
L 02/09/2015 - 16:04:34: Info (map "cp_tidal_v4") (file "errors_20150209.log")
L 02/09/2015 - 16:04:34: [SM] Could not parse file "/home/gameserver/tf2server/tf2/tf/addons/sourcemod/configs/maplists.cfg"
L 02/09/2015 - 16:04:34: [SM] Error on line 15 (col 12): A property was declared outside of a section
L 02/09/2015 - 19:31:36: Error log file session closed.
L 02/09/2015 - 19:31:45: SourceMod error session started
L 02/09/2015 - 19:31:45: Info (map "cp_upland_rc4") (file "errors_20150209.log")
L 02/09/2015 - 19:31:45: [SM] Could not parse file "/home/gameserver/tf2server/tf2/tf/addons/sourcemod/configs/maplists.cfg"
L 02/09/2015 - 19:31:45: [SM] Error on line 15 (col 12): A property was declared outside of a section
L 02/09/2015 - 20:08:11: Error log file session closed.
L 02/09/2015 - 20:08:19: SourceMod error session started
L 02/09/2015 - 20:08:19: Info (map "cp_vanguard_b9") (file "errors_20150209.log")
L 02/09/2015 - 20:08:19: [SM] Could not parse file "/home/gameserver/tf2server/tf2/tf/addons/sourcemod/configs/maplists.cfg"
L 02/09/2015 - 20:08:19: [SM] Error on line 15 (col 12): A property was declared outside of a section
