L 12/25/2014 - 07:55:33: SourceMod error session started
L 12/25/2014 - 07:55:33: Info (map "pl_repository_rc3") (file "errors_20141225.log")
L 12/25/2014 - 07:55:33: Error log file session closed.
L 12/25/2014 - 07:55:42: SourceMod error session started
L 12/25/2014 - 07:55:42: Info (map "pl_repository_rc3") (file "errors_20141225.log")
L 12/25/2014 - 07:55:42: [SM] Could not parse file "/home/gameserver/tf2server/tf2/tf/addons/sourcemod/configs/maplists.cfg"
L 12/25/2014 - 07:55:42: [SM] Error on line 15 (col 12): A property was declared outside of a section
L 12/25/2014 - 09:34:42: Error log file session closed.
L 12/25/2014 - 09:34:51: SourceMod error session started
L 12/25/2014 - 09:34:51: Info (map "pl_swiftwater_ugc") (file "errors_20141225.log")
L 12/25/2014 - 09:34:51: [SM] Could not parse file "/home/gameserver/tf2server/tf2/tf/addons/sourcemod/configs/maplists.cfg"
L 12/25/2014 - 09:34:51: [SM] Error on line 15 (col 12): A property was declared outside of a section
L 12/25/2014 - 09:54:44: Error log file session closed.
L 12/25/2014 - 09:54:52: SourceMod error session started
L 12/25/2014 - 09:54:52: Info (map "pl_waste_v2") (file "errors_20141225.log")
L 12/25/2014 - 09:54:52: [SM] Could not parse file "/home/gameserver/tf2server/tf2/tf/addons/sourcemod/configs/maplists.cfg"
L 12/25/2014 - 09:54:52: [SM] Error on line 15 (col 12): A property was declared outside of a section
L 12/25/2014 - 10:13:59: Error log file session closed.
L 12/25/2014 - 10:14:07: SourceMod error session started
L 12/25/2014 - 10:14:07: Info (map "pl_woodland_final") (file "errors_20141225.log")
L 12/25/2014 - 10:14:07: [SM] Could not parse file "/home/gameserver/tf2server/tf2/tf/addons/sourcemod/configs/maplists.cfg"
L 12/25/2014 - 10:14:07: [SM] Error on line 15 (col 12): A property was declared outside of a section
L 12/25/2014 - 10:35:58: Error log file session closed.
L 12/25/2014 - 10:36:06: SourceMod error session started
L 12/25/2014 - 10:36:06: Info (map "plr_panic_b2") (file "errors_20141225.log")
L 12/25/2014 - 10:36:06: [SM] Could not parse file "/home/gameserver/tf2server/tf2/tf/addons/sourcemod/configs/maplists.cfg"
L 12/25/2014 - 10:36:06: [SM] Error on line 15 (col 12): A property was declared outside of a section
L 12/25/2014 - 11:01:12: Error log file session closed.
L 12/25/2014 - 11:01:20: SourceMod error session started
L 12/25/2014 - 11:01:20: Info (map "plr_yuno_rc1") (file "errors_20141225.log")
L 12/25/2014 - 11:01:20: [SM] Could not parse file "/home/gameserver/tf2server/tf2/tf/addons/sourcemod/configs/maplists.cfg"
L 12/25/2014 - 11:01:20: [SM] Error on line 15 (col 12): A property was declared outside of a section
L 12/25/2014 - 17:17:11: Error log file session closed.
L 12/25/2014 - 17:17:20: SourceMod error session started
L 12/25/2014 - 17:17:20: Info (map "cp_axle_rc1") (file "errors_20141225.log")
L 12/25/2014 - 17:17:20: [SM] Could not parse file "/home/gameserver/tf2server/tf2/tf/addons/sourcemod/configs/maplists.cfg"
L 12/25/2014 - 17:17:20: [SM] Error on line 15 (col 12): A property was declared outside of a section
L 12/25/2014 - 17:38:39: Error log file session closed.
L 12/25/2014 - 17:38:47: SourceMod error session started
L 12/25/2014 - 17:38:47: Info (map "cp_beamvalley_v2") (file "errors_20141225.log")
L 12/25/2014 - 17:38:47: [SM] Could not parse file "/home/gameserver/tf2server/tf2/tf/addons/sourcemod/configs/maplists.cfg"
L 12/25/2014 - 17:38:47: [SM] Error on line 15 (col 12): A property was declared outside of a section
L 12/25/2014 - 18:07:21: Error log file session closed.
L 12/25/2014 - 18:07:29: SourceMod error session started
L 12/25/2014 - 18:07:29: Info (map "cp_carpo_b3") (file "errors_20141225.log")
L 12/25/2014 - 18:07:29: [SM] Could not parse file "/home/gameserver/tf2server/tf2/tf/addons/sourcemod/configs/maplists.cfg"
L 12/25/2014 - 18:07:29: [SM] Error on line 15 (col 12): A property was declared outside of a section
L 12/25/2014 - 18:23:28: Error log file session closed.
L 12/25/2014 - 18:23:36: SourceMod error session started
L 12/25/2014 - 18:23:36: Info (map "cp_croissant_final") (file "errors_20141225.log")
L 12/25/2014 - 18:23:36: [SM] Could not parse file "/home/gameserver/tf2server/tf2/tf/addons/sourcemod/configs/maplists.cfg"
L 12/25/2014 - 18:23:36: [SM] Error on line 15 (col 12): A property was declared outside of a section
