L 02/04/2015 - 08:04:31: SourceMod error session started
L 02/04/2015 - 08:04:31: Info (map "ctf_slate_b2") (file "errors_20150204.log")
L 02/04/2015 - 08:04:31: Error log file session closed.
L 02/04/2015 - 08:04:40: SourceMod error session started
L 02/04/2015 - 08:04:40: Info (map "ctf_slate_b2") (file "errors_20150204.log")
L 02/04/2015 - 08:04:40: [SM] Could not parse file "/home/gameserver/tf2server/tf2/tf/addons/sourcemod/configs/maplists.cfg"
L 02/04/2015 - 08:04:40: [SM] Error on line 15 (col 12): A property was declared outside of a section
L 02/04/2015 - 08:45:23: Error log file session closed.
L 02/04/2015 - 08:45:32: SourceMod error session started
L 02/04/2015 - 08:45:32: Info (map "ctf_subterranean") (file "errors_20150204.log")
L 02/04/2015 - 08:45:32: [SM] Could not parse file "/home/gameserver/tf2server/tf2/tf/addons/sourcemod/configs/maplists.cfg"
L 02/04/2015 - 08:45:32: [SM] Error on line 15 (col 12): A property was declared outside of a section
L 02/04/2015 - 10:34:54: Error log file session closed.
L 02/04/2015 - 10:35:02: SourceMod error session started
L 02/04/2015 - 10:35:02: Info (map "ctf_system_rc1") (file "errors_20150204.log")
L 02/04/2015 - 10:35:02: [SM] Could not parse file "/home/gameserver/tf2server/tf2/tf/addons/sourcemod/configs/maplists.cfg"
L 02/04/2015 - 10:35:02: [SM] Error on line 15 (col 12): A property was declared outside of a section
L 02/04/2015 - 11:26:03: Error log file session closed.
L 02/04/2015 - 11:26:11: SourceMod error session started
L 02/04/2015 - 11:26:11: Info (map "ctf_wildfire_rc") (file "errors_20150204.log")
L 02/04/2015 - 11:26:11: [SM] Could not parse file "/home/gameserver/tf2server/tf2/tf/addons/sourcemod/configs/maplists.cfg"
L 02/04/2015 - 11:26:11: [SM] Error on line 15 (col 12): A property was declared outside of a section
L 02/04/2015 - 12:43:02: Error log file session closed.
L 02/04/2015 - 12:43:10: SourceMod error session started
L 02/04/2015 - 12:43:10: Info (map "pl_waste_v2") (file "errors_20150204.log")
L 02/04/2015 - 12:43:10: [SM] Could not parse file "/home/gameserver/tf2server/tf2/tf/addons/sourcemod/configs/maplists.cfg"
L 02/04/2015 - 12:43:10: [SM] Error on line 15 (col 12): A property was declared outside of a section
L 02/04/2015 - 13:24:51: Error log file session closed.
L 02/04/2015 - 13:24:59: SourceMod error session started
L 02/04/2015 - 13:24:59: Info (map "pl_woodland_final") (file "errors_20150204.log")
L 02/04/2015 - 13:24:59: [SM] Could not parse file "/home/gameserver/tf2server/tf2/tf/addons/sourcemod/configs/maplists.cfg"
L 02/04/2015 - 13:24:59: [SM] Error on line 15 (col 12): A property was declared outside of a section
L 02/04/2015 - 14:35:58: Error log file session closed.
L 02/04/2015 - 14:36:07: SourceMod error session started
L 02/04/2015 - 14:36:07: Info (map "plr_frostfell_a10") (file "errors_20150204.log")
L 02/04/2015 - 14:36:07: [SM] Could not parse file "/home/gameserver/tf2server/tf2/tf/addons/sourcemod/configs/maplists.cfg"
L 02/04/2015 - 14:36:07: [SM] Error on line 15 (col 12): A property was declared outside of a section
