L 02/02/2015 - 01:31:50: SourceMod error session started
L 02/02/2015 - 01:31:50: Info (map "cp_boulder_v5") (file "errors_20150202.log")
L 02/02/2015 - 01:31:50: Error log file session closed.
L 02/02/2015 - 01:31:59: SourceMod error session started
L 02/02/2015 - 01:31:59: Info (map "cp_boulder_v5") (file "errors_20150202.log")
L 02/02/2015 - 01:31:59: [SM] Could not parse file "/home/gameserver/tf2server/tf2/tf/addons/sourcemod/configs/maplists.cfg"
L 02/02/2015 - 01:31:59: [SM] Error on line 15 (col 12): A property was declared outside of a section
L 02/02/2015 - 06:28:15: Error log file session closed.
L 02/02/2015 - 06:28:24: SourceMod error session started
L 02/02/2015 - 06:28:24: Info (map "cp_castle4") (file "errors_20150202.log")
L 02/02/2015 - 06:28:24: [SM] Could not parse file "/home/gameserver/tf2server/tf2/tf/addons/sourcemod/configs/maplists.cfg"
L 02/02/2015 - 06:28:24: [SM] Error on line 15 (col 12): A property was declared outside of a section
L 02/02/2015 - 10:50:25: Error log file session closed.
L 02/02/2015 - 10:50:33: SourceMod error session started
L 02/02/2015 - 10:50:33: Info (map "cp_croissant_final") (file "errors_20150202.log")
L 02/02/2015 - 10:50:33: [SM] Could not parse file "/home/gameserver/tf2server/tf2/tf/addons/sourcemod/configs/maplists.cfg"
L 02/02/2015 - 10:50:33: [SM] Error on line 15 (col 12): A property was declared outside of a section
L 02/02/2015 - 11:31:43: Error log file session closed.
L 02/02/2015 - 11:31:52: SourceMod error session started
L 02/02/2015 - 11:31:52: Info (map "cp_desertion_rc1") (file "errors_20150202.log")
L 02/02/2015 - 11:31:52: [SM] Could not parse file "/home/gameserver/tf2server/tf2/tf/addons/sourcemod/configs/maplists.cfg"
L 02/02/2015 - 11:31:52: [SM] Error on line 15 (col 12): A property was declared outside of a section
L 02/02/2015 - 12:12:19: Error log file session closed.
L 02/02/2015 - 12:12:27: SourceMod error session started
L 02/02/2015 - 12:12:27: Info (map "cp_desolation_rc1") (file "errors_20150202.log")
L 02/02/2015 - 12:12:27: [SM] Could not parse file "/home/gameserver/tf2server/tf2/tf/addons/sourcemod/configs/maplists.cfg"
L 02/02/2015 - 12:12:27: [SM] Error on line 15 (col 12): A property was declared outside of a section
L 02/02/2015 - 13:02:43: Error log file session closed.
L 02/02/2015 - 13:02:52: SourceMod error session started
L 02/02/2015 - 13:02:52: Info (map "cp_drag_rc1") (file "errors_20150202.log")
L 02/02/2015 - 13:02:52: [SM] Could not parse file "/home/gameserver/tf2server/tf2/tf/addons/sourcemod/configs/maplists.cfg"
L 02/02/2015 - 13:02:52: [SM] Error on line 15 (col 12): A property was declared outside of a section
L 02/02/2015 - 13:37:25: Error log file session closed.
L 02/02/2015 - 13:37:33: SourceMod error session started
L 02/02/2015 - 13:37:33: Info (map "plr_frostfell_a10") (file "errors_20150202.log")
L 02/02/2015 - 13:37:33: [SM] Could not parse file "/home/gameserver/tf2server/tf2/tf/addons/sourcemod/configs/maplists.cfg"
L 02/02/2015 - 13:37:33: [SM] Error on line 15 (col 12): A property was declared outside of a section
L 02/02/2015 - 13:42:38: Error log file session closed.
L 02/02/2015 - 13:42:46: SourceMod error session started
L 02/02/2015 - 13:42:46: Info (map "pl_timbermill_rc3c") (file "errors_20150202.log")
L 02/02/2015 - 13:42:46: [SM] Could not parse file "/home/gameserver/tf2server/tf2/tf/addons/sourcemod/configs/maplists.cfg"
L 02/02/2015 - 13:42:46: [SM] Error on line 15 (col 12): A property was declared outside of a section
L 02/02/2015 - 14:19:12: Error log file session closed.
L 02/02/2015 - 14:19:21: SourceMod error session started
L 02/02/2015 - 14:19:21: Info (map "pl_vanishingpoint") (file "errors_20150202.log")
L 02/02/2015 - 14:19:21: [SM] Could not parse file "/home/gameserver/tf2server/tf2/tf/addons/sourcemod/configs/maplists.cfg"
L 02/02/2015 - 14:19:21: [SM] Error on line 15 (col 12): A property was declared outside of a section
L 02/02/2015 - 14:56:13: Error log file session closed.
L 02/02/2015 - 14:56:21: SourceMod error session started
L 02/02/2015 - 14:56:21: Info (map "pl_volcanic_a25") (file "errors_20150202.log")
L 02/02/2015 - 14:56:21: [SM] Could not parse file "/home/gameserver/tf2server/tf2/tf/addons/sourcemod/configs/maplists.cfg"
L 02/02/2015 - 14:56:21: [SM] Error on line 15 (col 12): A property was declared outside of a section
L 02/02/2015 - 15:39:53: Error log file session closed.
L 02/02/2015 - 15:40:01: SourceMod error session started
L 02/02/2015 - 15:40:01: Info (map "push_desolation_rc1") (file "errors_20150202.log")
L 02/02/2015 - 15:40:01: [SM] Could not parse file "/home/gameserver/tf2server/tf2/tf/addons/sourcemod/configs/maplists.cfg"
L 02/02/2015 - 15:40:01: [SM] Error on line 15 (col 12): A property was declared outside of a section
L 02/02/2015 - 15:53:55: Error log file session closed.
L 02/02/2015 - 15:54:03: SourceMod error session started
L 02/02/2015 - 15:54:03: Info (map "cp_castle4") (file "errors_20150202.log")
L 02/02/2015 - 15:54:03: [SM] Could not parse file "/home/gameserver/tf2server/tf2/tf/addons/sourcemod/configs/maplists.cfg"
L 02/02/2015 - 15:54:03: [SM] Error on line 15 (col 12): A property was declared outside of a section
L 02/02/2015 - 16:10:15: Error log file session closed.
L 02/02/2015 - 16:10:24: SourceMod error session started
L 02/02/2015 - 16:10:24: Info (map "pl_angkor_rc1") (file "errors_20150202.log")
L 02/02/2015 - 16:10:24: [SM] Could not parse file "/home/gameserver/tf2server/tf2/tf/addons/sourcemod/configs/maplists.cfg"
L 02/02/2015 - 16:10:24: [SM] Error on line 15 (col 12): A property was declared outside of a section
L 02/02/2015 - 16:52:14: Error log file session closed.
L 02/02/2015 - 16:52:23: SourceMod error session started
L 02/02/2015 - 16:52:23: Info (map "cp_beamvalley_v2") (file "errors_20150202.log")
L 02/02/2015 - 16:52:23: [SM] Could not parse file "/home/gameserver/tf2server/tf2/tf/addons/sourcemod/configs/maplists.cfg"
L 02/02/2015 - 16:52:23: [SM] Error on line 15 (col 12): A property was declared outside of a section
L 02/02/2015 - 19:04:21: Error log file session closed.
L 02/02/2015 - 19:04:29: SourceMod error session started
L 02/02/2015 - 19:04:29: Info (map "ctf_mexico_b4") (file "errors_20150202.log")
L 02/02/2015 - 19:04:29: [SM] Could not parse file "/home/gameserver/tf2server/tf2/tf/addons/sourcemod/configs/maplists.cfg"
L 02/02/2015 - 19:04:29: [SM] Error on line 15 (col 12): A property was declared outside of a section
