L 12/29/2014 - 01:09:02: SourceMod error session started
L 12/29/2014 - 01:09:02: Info (map "cp_croissant_final") (file "errors_20141229.log")
L 12/29/2014 - 01:09:02: Error log file session closed.
L 12/29/2014 - 01:09:10: SourceMod error session started
L 12/29/2014 - 01:09:10: Info (map "cp_croissant_final") (file "errors_20141229.log")
L 12/29/2014 - 01:09:10: [SM] Could not parse file "/home/gameserver/tf2server/tf2/tf/addons/sourcemod/configs/maplists.cfg"
L 12/29/2014 - 01:09:10: [SM] Error on line 15 (col 12): A property was declared outside of a section
L 12/29/2014 - 03:03:15: Error log file session closed.
L 12/29/2014 - 03:03:23: SourceMod error session started
L 12/29/2014 - 03:03:23: Info (map "cp_desertion_rc1") (file "errors_20141229.log")
L 12/29/2014 - 03:03:23: [SM] Could not parse file "/home/gameserver/tf2server/tf2/tf/addons/sourcemod/configs/maplists.cfg"
L 12/29/2014 - 03:03:23: [SM] Error on line 15 (col 12): A property was declared outside of a section
L 12/29/2014 - 03:33:11: Error log file session closed.
L 12/29/2014 - 03:33:19: SourceMod error session started
L 12/29/2014 - 03:33:19: Info (map "pl_effigy_b5") (file "errors_20141229.log")
L 12/29/2014 - 03:33:19: [SM] Could not parse file "/home/gameserver/tf2server/tf2/tf/addons/sourcemod/configs/maplists.cfg"
L 12/29/2014 - 03:33:19: [SM] Error on line 15 (col 12): A property was declared outside of a section
L 12/29/2014 - 03:59:05: Error log file session closed.
L 12/29/2014 - 03:59:13: SourceMod error session started
L 12/29/2014 - 03:59:13: Info (map "pl_escarpment_rc1") (file "errors_20141229.log")
L 12/29/2014 - 03:59:13: [SM] Could not parse file "/home/gameserver/tf2server/tf2/tf/addons/sourcemod/configs/maplists.cfg"
L 12/29/2014 - 03:59:13: [SM] Error on line 15 (col 12): A property was declared outside of a section
L 12/29/2014 - 04:39:42: Error log file session closed.
L 12/29/2014 - 04:39:51: SourceMod error session started
L 12/29/2014 - 04:39:51: Info (map "pl_goldrock_rc1") (file "errors_20141229.log")
L 12/29/2014 - 04:39:51: [SM] Could not parse file "/home/gameserver/tf2server/tf2/tf/addons/sourcemod/configs/maplists.cfg"
L 12/29/2014 - 04:39:51: [SM] Error on line 15 (col 12): A property was declared outside of a section
L 12/29/2014 - 08:05:09: Error log file session closed.
L 12/29/2014 - 08:05:17: SourceMod error session started
L 12/29/2014 - 08:05:17: Info (map "pl_great_heights_b3") (file "errors_20141229.log")
L 12/29/2014 - 08:05:17: [SM] Could not parse file "/home/gameserver/tf2server/tf2/tf/addons/sourcemod/configs/maplists.cfg"
L 12/29/2014 - 08:05:17: [SM] Error on line 15 (col 12): A property was declared outside of a section
L 12/29/2014 - 08:39:38: Error log file session closed.
L 12/29/2014 - 08:39:47: SourceMod error session started
L 12/29/2014 - 08:39:47: Info (map "ctf_fusion_b2") (file "errors_20141229.log")
L 12/29/2014 - 08:39:47: [SM] Could not parse file "/home/gameserver/tf2server/tf2/tf/addons/sourcemod/configs/maplists.cfg"
L 12/29/2014 - 08:39:47: [SM] Error on line 15 (col 12): A property was declared outside of a section
L 12/29/2014 - 09:40:16: Error log file session closed.
L 12/29/2014 - 09:40:24: SourceMod error session started
L 12/29/2014 - 09:40:24: Info (map "ctf_geothermal_b2") (file "errors_20141229.log")
L 12/29/2014 - 09:40:24: [SM] Could not parse file "/home/gameserver/tf2server/tf2/tf/addons/sourcemod/configs/maplists.cfg"
L 12/29/2014 - 09:40:24: [SM] Error on line 15 (col 12): A property was declared outside of a section
L 12/29/2014 - 10:30:57: Error log file session closed.
L 12/29/2014 - 10:31:05: SourceMod error session started
L 12/29/2014 - 10:31:05: Info (map "ctf_haarp") (file "errors_20141229.log")
L 12/29/2014 - 10:31:05: [SM] Could not parse file "/home/gameserver/tf2server/tf2/tf/addons/sourcemod/configs/maplists.cfg"
L 12/29/2014 - 10:31:05: [SM] Error on line 15 (col 12): A property was declared outside of a section
L 12/29/2014 - 12:07:51: Error log file session closed.
L 12/29/2014 - 12:08:00: SourceMod error session started
L 12/29/2014 - 12:08:00: Info (map "cp_croissant_final") (file "errors_20141229.log")
L 12/29/2014 - 12:08:00: [SM] Could not parse file "/home/gameserver/tf2server/tf2/tf/addons/sourcemod/configs/maplists.cfg"
L 12/29/2014 - 12:08:00: [SM] Error on line 15 (col 12): A property was declared outside of a section
L 12/29/2014 - 12:21:22: Error log file session closed.
L 12/29/2014 - 12:21:30: SourceMod error session started
L 12/29/2014 - 12:21:30: Info (map "dom_cliffhanger_b11") (file "errors_20141229.log")
L 12/29/2014 - 12:21:30: [SM] Could not parse file "/home/gameserver/tf2server/tf2/tf/addons/sourcemod/configs/maplists.cfg"
L 12/29/2014 - 12:21:30: [SM] Error on line 15 (col 12): A property was declared outside of a section
L 12/29/2014 - 12:36:04: Error log file session closed.
L 12/29/2014 - 12:36:12: SourceMod error session started
L 12/29/2014 - 12:36:12: Info (map "pl_swiftwater_ugc") (file "errors_20141229.log")
L 12/29/2014 - 12:36:12: [SM] Could not parse file "/home/gameserver/tf2server/tf2/tf/addons/sourcemod/configs/maplists.cfg"
L 12/29/2014 - 12:36:12: [SM] Error on line 15 (col 12): A property was declared outside of a section
L 12/29/2014 - 13:04:20: Error log file session closed.
L 12/29/2014 - 13:04:29: SourceMod error session started
L 12/29/2014 - 13:04:29: Info (map "pl_waste_v2") (file "errors_20141229.log")
L 12/29/2014 - 13:04:29: [SM] Could not parse file "/home/gameserver/tf2server/tf2/tf/addons/sourcemod/configs/maplists.cfg"
L 12/29/2014 - 13:04:29: [SM] Error on line 15 (col 12): A property was declared outside of a section
L 12/29/2014 - 13:31:47: Error log file session closed.
L 12/29/2014 - 13:31:55: SourceMod error session started
L 12/29/2014 - 13:31:55: Info (map "cp_croissant_final") (file "errors_20141229.log")
L 12/29/2014 - 13:31:55: [SM] Could not parse file "/home/gameserver/tf2server/tf2/tf/addons/sourcemod/configs/maplists.cfg"
L 12/29/2014 - 13:31:55: [SM] Error on line 15 (col 12): A property was declared outside of a section
L 12/29/2014 - 14:15:42: Error log file session closed.
L 12/29/2014 - 14:15:50: SourceMod error session started
L 12/29/2014 - 14:15:50: Info (map "cp_desertion_rc1") (file "errors_20141229.log")
L 12/29/2014 - 14:15:50: [SM] Could not parse file "/home/gameserver/tf2server/tf2/tf/addons/sourcemod/configs/maplists.cfg"
L 12/29/2014 - 14:15:50: [SM] Error on line 15 (col 12): A property was declared outside of a section
L 12/29/2014 - 15:23:12: Error log file session closed.
L 12/29/2014 - 15:23:21: SourceMod error session started
L 12/29/2014 - 15:23:21: Info (map "cp_dusk_rc1") (file "errors_20141229.log")
L 12/29/2014 - 15:23:21: [SM] Could not parse file "/home/gameserver/tf2server/tf2/tf/addons/sourcemod/configs/maplists.cfg"
L 12/29/2014 - 15:23:21: [SM] Error on line 15 (col 12): A property was declared outside of a section
L 12/29/2014 - 16:55:25: Error log file session closed.
L 12/29/2014 - 16:55:34: SourceMod error session started
L 12/29/2014 - 16:55:34: Info (map "cp_edifice_test2") (file "errors_20141229.log")
L 12/29/2014 - 16:55:34: [SM] Could not parse file "/home/gameserver/tf2server/tf2/tf/addons/sourcemod/configs/maplists.cfg"
L 12/29/2014 - 16:55:34: [SM] Error on line 15 (col 12): A property was declared outside of a section
L 12/29/2014 - 18:27:42: Error log file session closed.
L 12/29/2014 - 18:27:51: SourceMod error session started
L 12/29/2014 - 18:27:51: Info (map "ctf_haarp") (file "errors_20141229.log")
L 12/29/2014 - 18:27:51: [SM] Could not parse file "/home/gameserver/tf2server/tf2/tf/addons/sourcemod/configs/maplists.cfg"
L 12/29/2014 - 18:27:51: [SM] Error on line 15 (col 12): A property was declared outside of a section
L 12/29/2014 - 21:10:18: Error log file session closed.
L 12/29/2014 - 21:10:26: SourceMod error session started
L 12/29/2014 - 21:10:26: Info (map "ctf_installation_v2") (file "errors_20141229.log")
L 12/29/2014 - 21:10:26: [SM] Could not parse file "/home/gameserver/tf2server/tf2/tf/addons/sourcemod/configs/maplists.cfg"
L 12/29/2014 - 21:10:26: [SM] Error on line 15 (col 12): A property was declared outside of a section
