L 02/21/2015 - 02:57:23: SourceMod error session started
L 02/21/2015 - 02:57:23: Info (map "pl_borneo_rc3") (file "errors_20150221.log")
L 02/21/2015 - 02:57:23: Error log file session closed.
L 02/21/2015 - 02:57:32: SourceMod error session started
L 02/21/2015 - 02:57:32: Info (map "pl_borneo_rc3") (file "errors_20150221.log")
L 02/21/2015 - 02:57:32: [SM] Could not parse file "/home/gameserver/tf2server/tf2/tf/addons/sourcemod/configs/maplists.cfg"
L 02/21/2015 - 02:57:32: [SM] Error on line 15 (col 12): A property was declared outside of a section
L 02/21/2015 - 03:26:45: Error log file session closed.
L 02/21/2015 - 03:26:54: SourceMod error session started
L 02/21/2015 - 03:26:54: Info (map "pl_pier_b16") (file "errors_20150221.log")
L 02/21/2015 - 03:26:54: [SM] Could not parse file "/home/gameserver/tf2server/tf2/tf/addons/sourcemod/configs/maplists.cfg"
L 02/21/2015 - 03:26:54: [SM] Error on line 15 (col 12): A property was declared outside of a section
L 02/21/2015 - 04:22:32: Error log file session closed.
L 02/21/2015 - 04:22:41: SourceMod error session started
L 02/21/2015 - 04:22:41: Info (map "pl_problematique_a3") (file "errors_20150221.log")
L 02/21/2015 - 04:22:41: [SM] Could not parse file "/home/gameserver/tf2server/tf2/tf/addons/sourcemod/configs/maplists.cfg"
L 02/21/2015 - 04:22:41: [SM] Error on line 15 (col 12): A property was declared outside of a section
L 02/21/2015 - 05:41:31: Error log file session closed.
L 02/21/2015 - 05:41:40: SourceMod error session started
L 02/21/2015 - 05:41:40: Info (map "pl_quagmire") (file "errors_20150221.log")
L 02/21/2015 - 05:41:40: [SM] Could not parse file "/home/gameserver/tf2server/tf2/tf/addons/sourcemod/configs/maplists.cfg"
L 02/21/2015 - 05:41:40: [SM] Error on line 15 (col 12): A property was declared outside of a section
L 02/21/2015 - 07:08:52: Error log file session closed.
L 02/21/2015 - 07:09:00: SourceMod error session started
L 02/21/2015 - 07:09:00: Info (map "pl_repository_rc3") (file "errors_20150221.log")
L 02/21/2015 - 07:09:00: [SM] Could not parse file "/home/gameserver/tf2server/tf2/tf/addons/sourcemod/configs/maplists.cfg"
L 02/21/2015 - 07:09:00: [SM] Error on line 15 (col 12): A property was declared outside of a section
L 02/21/2015 - 08:37:27: Error log file session closed.
L 02/21/2015 - 08:37:36: SourceMod error session started
L 02/21/2015 - 08:37:36: Info (map "pl_waste_v2") (file "errors_20150221.log")
L 02/21/2015 - 08:37:36: [SM] Could not parse file "/home/gameserver/tf2server/tf2/tf/addons/sourcemod/configs/maplists.cfg"
L 02/21/2015 - 08:37:36: [SM] Error on line 15 (col 12): A property was declared outside of a section
L 02/21/2015 - 09:06:29: Error log file session closed.
L 02/21/2015 - 09:06:38: SourceMod error session started
L 02/21/2015 - 09:06:38: Info (map "cp_croissant_final") (file "errors_20150221.log")
L 02/21/2015 - 09:06:38: [SM] Could not parse file "/home/gameserver/tf2server/tf2/tf/addons/sourcemod/configs/maplists.cfg"
L 02/21/2015 - 09:06:38: [SM] Error on line 15 (col 12): A property was declared outside of a section
L 02/21/2015 - 10:28:36: Error log file session closed.
L 02/21/2015 - 10:28:45: SourceMod error session started
L 02/21/2015 - 10:28:45: Info (map "cp_desertion_rc1") (file "errors_20150221.log")
L 02/21/2015 - 10:28:45: [SM] Could not parse file "/home/gameserver/tf2server/tf2/tf/addons/sourcemod/configs/maplists.cfg"
L 02/21/2015 - 10:28:45: [SM] Error on line 15 (col 12): A property was declared outside of a section
L 02/21/2015 - 11:19:53: Error log file session closed.
L 02/21/2015 - 11:20:01: SourceMod error session started
L 02/21/2015 - 11:20:01: Info (map "cp_desolation_rc1") (file "errors_20150221.log")
L 02/21/2015 - 11:20:01: [SM] Could not parse file "/home/gameserver/tf2server/tf2/tf/addons/sourcemod/configs/maplists.cfg"
L 02/21/2015 - 11:20:01: [SM] Error on line 15 (col 12): A property was declared outside of a section
L 02/21/2015 - 12:03:18: Error log file session closed.
L 02/21/2015 - 12:03:27: SourceMod error session started
L 02/21/2015 - 12:03:27: Info (map "cp_drag_rc1") (file "errors_20150221.log")
L 02/21/2015 - 12:03:27: [SM] Could not parse file "/home/gameserver/tf2server/tf2/tf/addons/sourcemod/configs/maplists.cfg"
L 02/21/2015 - 12:03:27: [SM] Error on line 15 (col 12): A property was declared outside of a section
L 02/21/2015 - 14:29:29: Error log file session closed.
L 02/21/2015 - 14:29:38: SourceMod error session started
L 02/21/2015 - 14:29:38: Info (map "cp_dusk_rc1") (file "errors_20150221.log")
L 02/21/2015 - 14:29:38: [SM] Could not parse file "/home/gameserver/tf2server/tf2/tf/addons/sourcemod/configs/maplists.cfg"
L 02/21/2015 - 14:29:38: [SM] Error on line 15 (col 12): A property was declared outside of a section
L 02/21/2015 - 15:58:38: Error log file session closed.
L 02/21/2015 - 15:58:47: SourceMod error session started
L 02/21/2015 - 15:58:47: Info (map "cp_edifice_test2") (file "errors_20150221.log")
L 02/21/2015 - 15:58:47: [SM] Could not parse file "/home/gameserver/tf2server/tf2/tf/addons/sourcemod/configs/maplists.cfg"
L 02/21/2015 - 15:58:47: [SM] Error on line 15 (col 12): A property was declared outside of a section
L 02/21/2015 - 22:27:41: Error log file session closed.
L 02/21/2015 - 22:27:49: SourceMod error session started
L 02/21/2015 - 22:27:49: Info (map "cp_erosion_rc2") (file "errors_20150221.log")
L 02/21/2015 - 22:27:49: [SM] Could not parse file "/home/gameserver/tf2server/tf2/tf/addons/sourcemod/configs/maplists.cfg"
L 02/21/2015 - 22:27:49: [SM] Error on line 15 (col 12): A property was declared outside of a section
