L 02/18/2015 - 10:26:19: SourceMod error session started
L 02/18/2015 - 10:26:19: Info (map "cp_bazillion_rc5") (file "errors_20150218.log")
L 02/18/2015 - 10:26:19: Error log file session closed.
L 02/18/2015 - 10:26:28: SourceMod error session started
L 02/18/2015 - 10:26:28: Info (map "cp_bazillion_rc5") (file "errors_20150218.log")
L 02/18/2015 - 10:26:28: [SM] Could not parse file "/home/gameserver/tf2server/tf2/tf/addons/sourcemod/configs/maplists.cfg"
L 02/18/2015 - 10:26:28: [SM] Error on line 15 (col 12): A property was declared outside of a section
L 02/18/2015 - 10:41:17: Error log file session closed.
L 02/18/2015 - 10:41:26: SourceMod error session started
L 02/18/2015 - 10:41:26: Info (map "cp_logjam_b10") (file "errors_20150218.log")
L 02/18/2015 - 10:41:26: [SM] Could not parse file "/home/gameserver/tf2server/tf2/tf/addons/sourcemod/configs/maplists.cfg"
L 02/18/2015 - 10:41:26: [SM] Error on line 15 (col 12): A property was declared outside of a section
L 02/18/2015 - 11:03:16: Error log file session closed.
L 02/18/2015 - 11:03:25: SourceMod error session started
L 02/18/2015 - 11:03:25: Info (map "cp_croissant_final") (file "errors_20150218.log")
L 02/18/2015 - 11:03:25: [SM] Could not parse file "/home/gameserver/tf2server/tf2/tf/addons/sourcemod/configs/maplists.cfg"
L 02/18/2015 - 11:03:25: [SM] Error on line 15 (col 12): A property was declared outside of a section
L 02/18/2015 - 11:30:28: Error log file session closed.
L 02/18/2015 - 11:30:37: SourceMod error session started
L 02/18/2015 - 11:30:37: Info (map "ctf_haarp") (file "errors_20150218.log")
L 02/18/2015 - 11:30:37: [SM] Could not parse file "/home/gameserver/tf2server/tf2/tf/addons/sourcemod/configs/maplists.cfg"
L 02/18/2015 - 11:30:37: [SM] Error on line 15 (col 12): A property was declared outside of a section
L 02/18/2015 - 11:57:54: Error log file session closed.
L 02/18/2015 - 11:58:02: SourceMod error session started
L 02/18/2015 - 11:58:02: Info (map "koth_lighthouse_rc5") (file "errors_20150218.log")
L 02/18/2015 - 11:58:02: [SM] Could not parse file "/home/gameserver/tf2server/tf2/tf/addons/sourcemod/configs/maplists.cfg"
L 02/18/2015 - 11:58:02: [SM] Error on line 15 (col 12): A property was declared outside of a section
L 02/18/2015 - 12:12:10: Error log file session closed.
L 02/18/2015 - 12:12:18: SourceMod error session started
L 02/18/2015 - 12:12:18: Info (map "plr_hysteria_b2") (file "errors_20150218.log")
L 02/18/2015 - 12:12:18: [SM] Could not parse file "/home/gameserver/tf2server/tf2/tf/addons/sourcemod/configs/maplists.cfg"
L 02/18/2015 - 12:12:18: [SM] Error on line 15 (col 12): A property was declared outside of a section
L 02/18/2015 - 12:22:16: Error log file session closed.
L 02/18/2015 - 12:22:25: SourceMod error session started
L 02/18/2015 - 12:22:25: Info (map "cp_glassworks_rc3") (file "errors_20150218.log")
L 02/18/2015 - 12:22:25: [SM] Could not parse file "/home/gameserver/tf2server/tf2/tf/addons/sourcemod/configs/maplists.cfg"
L 02/18/2015 - 12:22:25: [SM] Error on line 15 (col 12): A property was declared outside of a section
L 02/18/2015 - 13:03:44: Error log file session closed.
L 02/18/2015 - 13:03:52: SourceMod error session started
L 02/18/2015 - 13:03:52: Info (map "cp_gydan") (file "errors_20150218.log")
L 02/18/2015 - 13:03:52: [SM] Could not parse file "/home/gameserver/tf2server/tf2/tf/addons/sourcemod/configs/maplists.cfg"
L 02/18/2015 - 13:03:52: [SM] Error on line 15 (col 12): A property was declared outside of a section
L 02/18/2015 - 13:40:13: Error log file session closed.
L 02/18/2015 - 13:40:23: SourceMod error session started
L 02/18/2015 - 13:40:23: Info (map "koth_moonshine_rc") (file "errors_20150218.log")
L 02/18/2015 - 13:40:23: [SM] Could not parse file "/home/gameserver/tf2server/tf2/tf/addons/sourcemod/configs/maplists.cfg"
L 02/18/2015 - 13:40:23: [SM] Error on line 15 (col 12): A property was declared outside of a section
L 02/18/2015 - 14:11:17: Error log file session closed.
L 02/18/2015 - 14:11:25: SourceMod error session started
L 02/18/2015 - 14:11:25: Info (map "koth_rocktop_rc2") (file "errors_20150218.log")
L 02/18/2015 - 14:11:25: [SM] Could not parse file "/home/gameserver/tf2server/tf2/tf/addons/sourcemod/configs/maplists.cfg"
L 02/18/2015 - 14:11:25: [SM] Error on line 15 (col 12): A property was declared outside of a section
