L 01/04/2015 - 00:30:32: SourceMod error session started
L 01/04/2015 - 00:30:32: Info (map "pl_swiftwater_ugc") (file "errors_20150104.log")
L 01/04/2015 - 00:30:32: Error log file session closed.
L 01/04/2015 - 00:30:41: SourceMod error session started
L 01/04/2015 - 00:30:41: Info (map "pl_swiftwater_ugc") (file "errors_20150104.log")
L 01/04/2015 - 00:30:41: [SM] Could not parse file "/home/gameserver/tf2server/tf2/tf/addons/sourcemod/configs/maplists.cfg"
L 01/04/2015 - 00:30:41: [SM] Error on line 15 (col 12): A property was declared outside of a section
L 01/04/2015 - 01:24:14: Error log file session closed.
L 01/04/2015 - 01:24:23: SourceMod error session started
L 01/04/2015 - 01:24:23: Info (map "pl_waste_v2") (file "errors_20150104.log")
L 01/04/2015 - 01:24:23: [SM] Could not parse file "/home/gameserver/tf2server/tf2/tf/addons/sourcemod/configs/maplists.cfg"
L 01/04/2015 - 01:24:23: [SM] Error on line 15 (col 12): A property was declared outside of a section
L 01/04/2015 - 05:31:51: Error log file session closed.
L 01/04/2015 - 05:32:00: SourceMod error session started
L 01/04/2015 - 05:32:00: Info (map "pl_woodland_final") (file "errors_20150104.log")
L 01/04/2015 - 05:32:00: [SM] Could not parse file "/home/gameserver/tf2server/tf2/tf/addons/sourcemod/configs/maplists.cfg"
L 01/04/2015 - 05:32:00: [SM] Error on line 15 (col 12): A property was declared outside of a section
L 01/04/2015 - 07:06:14: Error log file session closed.
L 01/04/2015 - 07:06:23: SourceMod error session started
L 01/04/2015 - 07:06:23: Info (map "plr_panic_b2") (file "errors_20150104.log")
L 01/04/2015 - 07:06:23: [SM] Could not parse file "/home/gameserver/tf2server/tf2/tf/addons/sourcemod/configs/maplists.cfg"
L 01/04/2015 - 07:06:23: [SM] Error on line 15 (col 12): A property was declared outside of a section
L 01/04/2015 - 09:10:31: Error log file session closed.
L 01/04/2015 - 09:10:40: SourceMod error session started
L 01/04/2015 - 09:10:40: Info (map "pl_swiftwater_ugc") (file "errors_20150104.log")
L 01/04/2015 - 09:10:40: [SM] Could not parse file "/home/gameserver/tf2server/tf2/tf/addons/sourcemod/configs/maplists.cfg"
L 01/04/2015 - 09:10:40: [SM] Error on line 15 (col 12): A property was declared outside of a section
L 01/04/2015 - 09:48:17: Error log file session closed.
L 01/04/2015 - 09:48:26: SourceMod error session started
L 01/04/2015 - 09:48:26: Info (map "pl_waste_v2") (file "errors_20150104.log")
L 01/04/2015 - 09:48:26: [SM] Could not parse file "/home/gameserver/tf2server/tf2/tf/addons/sourcemod/configs/maplists.cfg"
L 01/04/2015 - 09:48:26: [SM] Error on line 15 (col 12): A property was declared outside of a section
L 01/04/2015 - 10:29:33: Error log file session closed.
L 01/04/2015 - 10:29:42: SourceMod error session started
L 01/04/2015 - 10:29:42: Info (map "pl_woodland_final") (file "errors_20150104.log")
L 01/04/2015 - 10:29:42: [SM] Could not parse file "/home/gameserver/tf2server/tf2/tf/addons/sourcemod/configs/maplists.cfg"
L 01/04/2015 - 10:29:42: [SM] Error on line 15 (col 12): A property was declared outside of a section
L 01/04/2015 - 11:59:20: Error log file session closed.
L 01/04/2015 - 11:59:29: SourceMod error session started
L 01/04/2015 - 11:59:29: Info (map "pl_waste_v2") (file "errors_20150104.log")
L 01/04/2015 - 11:59:29: [SM] Could not parse file "/home/gameserver/tf2server/tf2/tf/addons/sourcemod/configs/maplists.cfg"
L 01/04/2015 - 11:59:29: [SM] Error on line 15 (col 12): A property was declared outside of a section
L 01/04/2015 - 12:23:34: Error log file session closed.
L 01/04/2015 - 12:23:43: SourceMod error session started
L 01/04/2015 - 12:23:43: Info (map "cp_redstone_b2") (file "errors_20150104.log")
L 01/04/2015 - 12:23:43: [SM] Could not parse file "/home/gameserver/tf2server/tf2/tf/addons/sourcemod/configs/maplists.cfg"
L 01/04/2015 - 12:23:43: [SM] Error on line 15 (col 12): A property was declared outside of a section
L 01/04/2015 - 12:59:27: Error log file session closed.
L 01/04/2015 - 12:59:36: SourceMod error session started
L 01/04/2015 - 12:59:36: Info (map "pl_auriferous_rc7") (file "errors_20150104.log")
L 01/04/2015 - 12:59:36: [SM] Could not parse file "/home/gameserver/tf2server/tf2/tf/addons/sourcemod/configs/maplists.cfg"
L 01/04/2015 - 12:59:36: [SM] Error on line 15 (col 12): A property was declared outside of a section
L 01/04/2015 - 13:11:00: Error log file session closed.
L 01/04/2015 - 13:11:09: SourceMod error session started
L 01/04/2015 - 13:11:09: Info (map "pl_borneo_rc3") (file "errors_20150104.log")
L 01/04/2015 - 13:11:09: [SM] Could not parse file "/home/gameserver/tf2server/tf2/tf/addons/sourcemod/configs/maplists.cfg"
L 01/04/2015 - 13:11:09: [SM] Error on line 15 (col 12): A property was declared outside of a section
L 01/04/2015 - 13:41:30: Error log file session closed.
L 01/04/2015 - 13:41:38: SourceMod error session started
L 01/04/2015 - 13:41:38: Info (map "cp_gydan") (file "errors_20150104.log")
L 01/04/2015 - 13:41:38: [SM] Could not parse file "/home/gameserver/tf2server/tf2/tf/addons/sourcemod/configs/maplists.cfg"
L 01/04/2015 - 13:41:38: [SM] Error on line 15 (col 12): A property was declared outside of a section
L 01/04/2015 - 14:08:40: Error log file session closed.
L 01/04/2015 - 14:08:48: SourceMod error session started
L 01/04/2015 - 14:08:48: Info (map "ctf_wiretap_b1") (file "errors_20150104.log")
L 01/04/2015 - 14:08:48: [SM] Could not parse file "/home/gameserver/tf2server/tf2/tf/addons/sourcemod/configs/maplists.cfg"
L 01/04/2015 - 14:08:48: [SM] Error on line 15 (col 12): A property was declared outside of a section
L 01/04/2015 - 14:40:29: Error log file session closed.
L 01/04/2015 - 14:40:39: SourceMod error session started
L 01/04/2015 - 14:40:39: Info (map "koth_probed_b6") (file "errors_20150104.log")
L 01/04/2015 - 14:40:39: [SM] Could not parse file "/home/gameserver/tf2server/tf2/tf/addons/sourcemod/configs/maplists.cfg"
L 01/04/2015 - 14:40:39: [SM] Error on line 15 (col 12): A property was declared outside of a section
L 01/04/2015 - 15:27:03: Error log file session closed.
L 01/04/2015 - 15:27:12: SourceMod error session started
L 01/04/2015 - 15:27:12: Info (map "koth_quarry_rc5") (file "errors_20150104.log")
L 01/04/2015 - 15:27:12: [SM] Could not parse file "/home/gameserver/tf2server/tf2/tf/addons/sourcemod/configs/maplists.cfg"
L 01/04/2015 - 15:27:12: [SM] Error on line 15 (col 12): A property was declared outside of a section
L 01/04/2015 - 18:11:21: Error log file session closed.
L 01/04/2015 - 18:11:29: SourceMod error session started
L 01/04/2015 - 18:11:29: Info (map "koth_lighthouse_rc5") (file "errors_20150104.log")
L 01/04/2015 - 18:11:29: [SM] Could not parse file "/home/gameserver/tf2server/tf2/tf/addons/sourcemod/configs/maplists.cfg"
L 01/04/2015 - 18:11:29: [SM] Error on line 15 (col 12): A property was declared outside of a section
L 01/04/2015 - 18:24:20: Error log file session closed.
L 01/04/2015 - 18:24:29: SourceMod error session started
L 01/04/2015 - 18:24:29: Info (map "koth_rocktop_rc2") (file "errors_20150104.log")
L 01/04/2015 - 18:24:29: [SM] Could not parse file "/home/gameserver/tf2server/tf2/tf/addons/sourcemod/configs/maplists.cfg"
L 01/04/2015 - 18:24:29: [SM] Error on line 15 (col 12): A property was declared outside of a section
