L 01/16/2015 - 04:18:09: SourceMod error session started
L 01/16/2015 - 04:18:09: Info (map "pl_corrode_b3b") (file "errors_20150116.log")
L 01/16/2015 - 04:18:09: Error log file session closed.
L 01/16/2015 - 04:36:12: SourceMod error session started
L 01/16/2015 - 04:36:12: Info (map "pl_borneo_rc3") (file "errors_20150116.log")
L 01/16/2015 - 04:36:12: [SM] Could not parse file "/home/gameserver/tf2server/tf2/tf/addons/sourcemod/configs/maplists.cfg"
L 01/16/2015 - 04:36:12: [SM] Error on line 15 (col 12): A property was declared outside of a section
L 01/16/2015 - 04:36:25: [SM] Could not parse file "/home/gameserver/tf2server/tf2/tf/addons/sourcemod/configs/maplists.cfg"
L 01/16/2015 - 04:36:25: [SM] Error on line 15 (col 12): A property was declared outside of a section
L 01/16/2015 - 09:15:35: Error log file session closed.
L 01/16/2015 - 09:15:43: SourceMod error session started
L 01/16/2015 - 09:15:43: Info (map "pl_boundary_final") (file "errors_20150116.log")
L 01/16/2015 - 09:15:43: [SM] Could not parse file "/home/gameserver/tf2server/tf2/tf/addons/sourcemod/configs/maplists.cfg"
L 01/16/2015 - 09:15:43: [SM] Error on line 15 (col 12): A property was declared outside of a section
L 01/16/2015 - 10:25:31: Error log file session closed.
L 01/16/2015 - 10:25:39: SourceMod error session started
L 01/16/2015 - 10:25:39: Info (map "pl_boxcanyon_RC1") (file "errors_20150116.log")
L 01/16/2015 - 10:25:39: [SM] Could not parse file "/home/gameserver/tf2server/tf2/tf/addons/sourcemod/configs/maplists.cfg"
L 01/16/2015 - 10:25:39: [SM] Error on line 15 (col 12): A property was declared outside of a section
L 01/16/2015 - 12:16:06: Error log file session closed.
L 01/16/2015 - 12:16:14: SourceMod error session started
L 01/16/2015 - 12:16:14: Info (map "cp_sunshine_rc3") (file "errors_20150116.log")
L 01/16/2015 - 12:16:14: [SM] Could not parse file "/home/gameserver/tf2server/tf2/tf/addons/sourcemod/configs/maplists.cfg"
L 01/16/2015 - 12:16:14: [SM] Error on line 15 (col 12): A property was declared outside of a section
L 01/16/2015 - 12:32:03: Error log file session closed.
L 01/16/2015 - 12:32:12: SourceMod error session started
L 01/16/2015 - 12:32:12: Info (map "pl_borneo_rc3") (file "errors_20150116.log")
L 01/16/2015 - 12:32:12: [SM] Could not parse file "/home/gameserver/tf2server/tf2/tf/addons/sourcemod/configs/maplists.cfg"
L 01/16/2015 - 12:32:12: [SM] Error on line 15 (col 12): A property was declared outside of a section
L 01/16/2015 - 13:18:15: Error log file session closed.
L 01/16/2015 - 13:18:24: SourceMod error session started
L 01/16/2015 - 13:18:24: Info (map "pl_boundary_final") (file "errors_20150116.log")
L 01/16/2015 - 13:18:24: [SM] Could not parse file "/home/gameserver/tf2server/tf2/tf/addons/sourcemod/configs/maplists.cfg"
L 01/16/2015 - 13:18:24: [SM] Error on line 15 (col 12): A property was declared outside of a section
L 01/16/2015 - 13:55:19: Error log file session closed.
L 01/16/2015 - 13:55:27: SourceMod error session started
L 01/16/2015 - 13:55:27: Info (map "pl_boxcanyon_RC1") (file "errors_20150116.log")
L 01/16/2015 - 13:55:27: [SM] Could not parse file "/home/gameserver/tf2server/tf2/tf/addons/sourcemod/configs/maplists.cfg"
L 01/16/2015 - 13:55:27: [SM] Error on line 15 (col 12): A property was declared outside of a section
L 01/16/2015 - 14:22:09: Error log file session closed.
L 01/16/2015 - 14:22:17: SourceMod error session started
L 01/16/2015 - 14:22:17: Info (map "pl_waste_v2") (file "errors_20150116.log")
L 01/16/2015 - 14:22:17: [SM] Could not parse file "/home/gameserver/tf2server/tf2/tf/addons/sourcemod/configs/maplists.cfg"
L 01/16/2015 - 14:22:17: [SM] Error on line 15 (col 12): A property was declared outside of a section
L 01/16/2015 - 14:36:28: Error log file session closed.
L 01/16/2015 - 14:36:37: SourceMod error session started
L 01/16/2015 - 14:36:37: Info (map "pl_woodland_final") (file "errors_20150116.log")
L 01/16/2015 - 14:36:37: [SM] Could not parse file "/home/gameserver/tf2server/tf2/tf/addons/sourcemod/configs/maplists.cfg"
L 01/16/2015 - 14:36:37: [SM] Error on line 15 (col 12): A property was declared outside of a section
L 01/16/2015 - 14:47:35: Error log file session closed.
L 01/16/2015 - 14:47:43: SourceMod error session started
L 01/16/2015 - 14:47:43: Info (map "pl_borneo_rc3") (file "errors_20150116.log")
L 01/16/2015 - 14:47:43: [SM] Could not parse file "/home/gameserver/tf2server/tf2/tf/addons/sourcemod/configs/maplists.cfg"
L 01/16/2015 - 14:47:43: [SM] Error on line 15 (col 12): A property was declared outside of a section
L 01/16/2015 - 14:58:53: Error log file session closed.
L 01/16/2015 - 14:59:02: SourceMod error session started
L 01/16/2015 - 14:59:02: Info (map "pl_boundary_final") (file "errors_20150116.log")
L 01/16/2015 - 14:59:02: [SM] Could not parse file "/home/gameserver/tf2server/tf2/tf/addons/sourcemod/configs/maplists.cfg"
L 01/16/2015 - 14:59:02: [SM] Error on line 15 (col 12): A property was declared outside of a section
L 01/16/2015 - 14:59:02: Error log file session closed.
L 01/16/2015 - 14:59:33: SourceMod error session started
L 01/16/2015 - 14:59:33: Info (map "pl_borneo_rc3") (file "errors_20150116.log")
L 01/16/2015 - 14:59:33: [SM] Could not parse file "/home/gameserver/tf2server/tf2/tf/addons/sourcemod/configs/maplists.cfg"
L 01/16/2015 - 14:59:33: [SM] Error on line 15 (col 12): A property was declared outside of a section
L 01/16/2015 - 14:59:45: [SM] Could not parse file "/home/gameserver/tf2server/tf2/tf/addons/sourcemod/configs/maplists.cfg"
L 01/16/2015 - 14:59:45: [SM] Error on line 15 (col 12): A property was declared outside of a section
L 01/16/2015 - 15:07:13: Error log file session closed.
L 01/16/2015 - 15:07:22: SourceMod error session started
L 01/16/2015 - 15:07:22: Info (map "koth_rocktop_rc2") (file "errors_20150116.log")
L 01/16/2015 - 15:07:22: [SM] Could not parse file "/home/gameserver/tf2server/tf2/tf/addons/sourcemod/configs/maplists.cfg"
L 01/16/2015 - 15:07:22: [SM] Error on line 15 (col 12): A property was declared outside of a section
L 01/16/2015 - 15:21:43: Error log file session closed.
L 01/16/2015 - 15:21:51: SourceMod error session started
L 01/16/2015 - 15:21:51: Info (map "cp_snowplow_rc3") (file "errors_20150116.log")
L 01/16/2015 - 15:21:51: [SM] Could not parse file "/home/gameserver/tf2server/tf2/tf/addons/sourcemod/configs/maplists.cfg"
L 01/16/2015 - 15:21:51: [SM] Error on line 15 (col 12): A property was declared outside of a section
L 01/16/2015 - 15:35:25: Error log file session closed.
L 01/16/2015 - 15:35:34: SourceMod error session started
L 01/16/2015 - 15:35:34: Info (map "pl_millstone_rc11") (file "errors_20150116.log")
L 01/16/2015 - 15:35:34: [SM] Could not parse file "/home/gameserver/tf2server/tf2/tf/addons/sourcemod/configs/maplists.cfg"
L 01/16/2015 - 15:35:34: [SM] Error on line 15 (col 12): A property was declared outside of a section
L 01/16/2015 - 15:51:04: Error log file session closed.
L 01/16/2015 - 15:51:12: SourceMod error session started
L 01/16/2015 - 15:51:12: Info (map "pl_outback_rc4") (file "errors_20150116.log")
L 01/16/2015 - 15:51:12: [SM] Could not parse file "/home/gameserver/tf2server/tf2/tf/addons/sourcemod/configs/maplists.cfg"
L 01/16/2015 - 15:51:12: [SM] Error on line 15 (col 12): A property was declared outside of a section
L 01/16/2015 - 16:10:59: Error log file session closed.
L 01/16/2015 - 16:11:08: SourceMod error session started
L 01/16/2015 - 16:11:08: Info (map "pl_pier_b16") (file "errors_20150116.log")
L 01/16/2015 - 16:11:08: [SM] Could not parse file "/home/gameserver/tf2server/tf2/tf/addons/sourcemod/configs/maplists.cfg"
L 01/16/2015 - 16:11:08: [SM] Error on line 15 (col 12): A property was declared outside of a section
L 01/16/2015 - 16:24:16: Error log file session closed.
L 01/16/2015 - 16:24:24: SourceMod error session started
L 01/16/2015 - 16:24:24: Info (map "pl_repository_rc3") (file "errors_20150116.log")
L 01/16/2015 - 16:24:24: [SM] Could not parse file "/home/gameserver/tf2server/tf2/tf/addons/sourcemod/configs/maplists.cfg"
L 01/16/2015 - 16:24:24: [SM] Error on line 15 (col 12): A property was declared outside of a section
L 01/16/2015 - 16:24:41: Error log file session closed.
L 01/16/2015 - 16:24:52: SourceMod error session started
L 01/16/2015 - 16:24:52: Info (map "pl_borneo_rc3") (file "errors_20150116.log")
L 01/16/2015 - 16:24:52: [SM] Could not parse file "/home/gameserver/tf2server/tf2/tf/addons/sourcemod/configs/maplists.cfg"
L 01/16/2015 - 16:24:52: [SM] Error on line 15 (col 12): A property was declared outside of a section
L 01/16/2015 - 16:25:04: [SM] Could not parse file "/home/gameserver/tf2server/tf2/tf/addons/sourcemod/configs/maplists.cfg"
L 01/16/2015 - 16:25:04: [SM] Error on line 15 (col 12): A property was declared outside of a section
L 01/16/2015 - 16:55:05: Error log file session closed.
L 01/16/2015 - 16:55:13: SourceMod error session started
L 01/16/2015 - 16:55:13: Info (map "pl_cashworks_final1") (file "errors_20150116.log")
L 01/16/2015 - 16:55:13: [SM] Could not parse file "/home/gameserver/tf2server/tf2/tf/addons/sourcemod/configs/maplists.cfg"
L 01/16/2015 - 16:55:13: [SM] Error on line 15 (col 12): A property was declared outside of a section
L 01/16/2015 - 17:49:03: Error log file session closed.
L 01/16/2015 - 17:49:11: SourceMod error session started
L 01/16/2015 - 17:49:11: Info (map "pl_cave_b6") (file "errors_20150116.log")
L 01/16/2015 - 17:49:11: [SM] Could not parse file "/home/gameserver/tf2server/tf2/tf/addons/sourcemod/configs/maplists.cfg"
L 01/16/2015 - 17:49:11: [SM] Error on line 15 (col 12): A property was declared outside of a section
L 01/16/2015 - 18:39:27: Error log file session closed.
L 01/16/2015 - 18:39:35: SourceMod error session started
L 01/16/2015 - 18:39:35: Info (map "pl_corrode_b3b") (file "errors_20150116.log")
L 01/16/2015 - 18:39:35: [SM] Could not parse file "/home/gameserver/tf2server/tf2/tf/addons/sourcemod/configs/maplists.cfg"
L 01/16/2015 - 18:39:35: [SM] Error on line 15 (col 12): A property was declared outside of a section
