L 01/01/2015 - 02:18:40: SourceMod error session started
L 01/01/2015 - 02:18:40: Info (map "cp_silvertrail_rc2") (file "errors_20150101.log")
L 01/01/2015 - 02:18:40: Error log file session closed.
L 01/01/2015 - 02:18:49: SourceMod error session started
L 01/01/2015 - 02:18:49: Info (map "cp_silvertrail_rc2") (file "errors_20150101.log")
L 01/01/2015 - 02:18:49: [SM] Could not parse file "/home/gameserver/tf2server/tf2/tf/addons/sourcemod/configs/maplists.cfg"
L 01/01/2015 - 02:18:49: [SM] Error on line 15 (col 12): A property was declared outside of a section
L 01/01/2015 - 02:57:36: Error log file session closed.
L 01/01/2015 - 02:57:45: SourceMod error session started
L 01/01/2015 - 02:57:45: Info (map "cp_snowplow_rc3") (file "errors_20150101.log")
L 01/01/2015 - 02:57:45: [SM] Could not parse file "/home/gameserver/tf2server/tf2/tf/addons/sourcemod/configs/maplists.cfg"
L 01/01/2015 - 02:57:45: [SM] Error on line 15 (col 12): A property was declared outside of a section
L 01/01/2015 - 07:13:06: Error log file session closed.
L 01/01/2015 - 07:13:15: SourceMod error session started
L 01/01/2015 - 07:13:15: Info (map "pl_waste_v2") (file "errors_20150101.log")
L 01/01/2015 - 07:13:15: [SM] Could not parse file "/home/gameserver/tf2server/tf2/tf/addons/sourcemod/configs/maplists.cfg"
L 01/01/2015 - 07:13:15: [SM] Error on line 15 (col 12): A property was declared outside of a section
L 01/01/2015 - 08:36:21: Error log file session closed.
L 01/01/2015 - 08:36:30: SourceMod error session started
L 01/01/2015 - 08:36:30: Info (map "pl_woodland_final") (file "errors_20150101.log")
L 01/01/2015 - 08:36:30: [SM] Could not parse file "/home/gameserver/tf2server/tf2/tf/addons/sourcemod/configs/maplists.cfg"
L 01/01/2015 - 08:36:30: [SM] Error on line 15 (col 12): A property was declared outside of a section
L 01/01/2015 - 09:23:58: Error log file session closed.
L 01/01/2015 - 09:24:07: SourceMod error session started
L 01/01/2015 - 09:24:07: Info (map "koth_anthem_b3") (file "errors_20150101.log")
L 01/01/2015 - 09:24:07: [SM] Could not parse file "/home/gameserver/tf2server/tf2/tf/addons/sourcemod/configs/maplists.cfg"
L 01/01/2015 - 09:24:07: [SM] Error on line 15 (col 12): A property was declared outside of a section
L 01/01/2015 - 09:39:45: Error log file session closed.
L 01/01/2015 - 09:39:54: SourceMod error session started
L 01/01/2015 - 09:39:54: Info (map "cp_silvertrail_rc2") (file "errors_20150101.log")
L 01/01/2015 - 09:39:54: [SM] Could not parse file "/home/gameserver/tf2server/tf2/tf/addons/sourcemod/configs/maplists.cfg"
L 01/01/2015 - 09:39:54: [SM] Error on line 15 (col 12): A property was declared outside of a section
L 01/01/2015 - 09:49:51: Error log file session closed.
L 01/01/2015 - 09:49:59: SourceMod error session started
L 01/01/2015 - 09:49:59: Info (map "cp_freightyard_b4c") (file "errors_20150101.log")
L 01/01/2015 - 09:49:59: [SM] Could not parse file "/home/gameserver/tf2server/tf2/tf/addons/sourcemod/configs/maplists.cfg"
L 01/01/2015 - 09:49:59: [SM] Error on line 15 (col 12): A property was declared outside of a section
L 01/01/2015 - 10:01:30: Error log file session closed.
L 01/01/2015 - 10:01:39: SourceMod error session started
L 01/01/2015 - 10:01:39: Info (map "pl_escarpment_rc1") (file "errors_20150101.log")
L 01/01/2015 - 10:01:39: [SM] Could not parse file "/home/gameserver/tf2server/tf2/tf/addons/sourcemod/configs/maplists.cfg"
L 01/01/2015 - 10:01:39: [SM] Error on line 15 (col 12): A property was declared outside of a section
L 01/01/2015 - 10:20:41: Error log file session closed.
L 01/01/2015 - 10:20:50: SourceMod error session started
L 01/01/2015 - 10:20:50: Info (map "cp_stoneyridge_rc1") (file "errors_20150101.log")
L 01/01/2015 - 10:20:50: [SM] Could not parse file "/home/gameserver/tf2server/tf2/tf/addons/sourcemod/configs/maplists.cfg"
L 01/01/2015 - 10:20:50: [SM] Error on line 15 (col 12): A property was declared outside of a section
L 01/01/2015 - 10:28:12: Error log file session closed.
L 01/01/2015 - 10:28:21: SourceMod error session started
L 01/01/2015 - 10:28:21: Info (map "ctf_mercy") (file "errors_20150101.log")
L 01/01/2015 - 10:28:21: [SM] Could not parse file "/home/gameserver/tf2server/tf2/tf/addons/sourcemod/configs/maplists.cfg"
L 01/01/2015 - 10:28:21: [SM] Error on line 15 (col 12): A property was declared outside of a section
L 01/01/2015 - 10:34:01: Error log file session closed.
L 01/01/2015 - 10:34:09: SourceMod error session started
L 01/01/2015 - 10:34:09: Info (map "ctf_mach4") (file "errors_20150101.log")
L 01/01/2015 - 10:34:09: [SM] Could not parse file "/home/gameserver/tf2server/tf2/tf/addons/sourcemod/configs/maplists.cfg"
L 01/01/2015 - 10:34:09: [SM] Error on line 15 (col 12): A property was declared outside of a section
L 01/01/2015 - 10:58:32: Error log file session closed.
L 01/01/2015 - 10:58:41: SourceMod error session started
L 01/01/2015 - 10:58:41: Info (map "cp_carpo_b3") (file "errors_20150101.log")
L 01/01/2015 - 10:58:41: [SM] Could not parse file "/home/gameserver/tf2server/tf2/tf/addons/sourcemod/configs/maplists.cfg"
L 01/01/2015 - 10:58:41: [SM] Error on line 15 (col 12): A property was declared outside of a section
L 01/01/2015 - 11:20:06: Error log file session closed.
L 01/01/2015 - 11:20:15: SourceMod error session started
L 01/01/2015 - 11:20:15: Info (map "cp_edifice_test2") (file "errors_20150101.log")
L 01/01/2015 - 11:20:15: [SM] Could not parse file "/home/gameserver/tf2server/tf2/tf/addons/sourcemod/configs/maplists.cfg"
L 01/01/2015 - 11:20:15: [SM] Error on line 15 (col 12): A property was declared outside of a section
L 01/01/2015 - 11:36:13: Error log file session closed.
L 01/01/2015 - 11:36:22: SourceMod error session started
L 01/01/2015 - 11:36:22: Info (map "cp_desertion_rc1") (file "errors_20150101.log")
L 01/01/2015 - 11:36:22: [SM] Could not parse file "/home/gameserver/tf2server/tf2/tf/addons/sourcemod/configs/maplists.cfg"
L 01/01/2015 - 11:36:22: [SM] Error on line 15 (col 12): A property was declared outside of a section
L 01/01/2015 - 14:01:37: Error log file session closed.
L 01/01/2015 - 14:01:46: SourceMod error session started
L 01/01/2015 - 14:01:46: Info (map "pl_borneo_rc3") (file "errors_20150101.log")
L 01/01/2015 - 14:01:46: [SM] Could not parse file "/home/gameserver/tf2server/tf2/tf/addons/sourcemod/configs/maplists.cfg"
L 01/01/2015 - 14:01:46: [SM] Error on line 15 (col 12): A property was declared outside of a section
L 01/01/2015 - 14:25:09: Error log file session closed.
L 01/01/2015 - 14:25:18: SourceMod error session started
L 01/01/2015 - 14:25:18: Info (map "koth_railbridge_rc2") (file "errors_20150101.log")
L 01/01/2015 - 14:25:18: [SM] Could not parse file "/home/gameserver/tf2server/tf2/tf/addons/sourcemod/configs/maplists.cfg"
L 01/01/2015 - 14:25:18: [SM] Error on line 15 (col 12): A property was declared outside of a section
L 01/01/2015 - 14:36:19: Error log file session closed.
L 01/01/2015 - 14:36:27: SourceMod error session started
L 01/01/2015 - 14:36:27: Info (map "pl_angkor_rc1") (file "errors_20150101.log")
L 01/01/2015 - 14:36:27: [SM] Could not parse file "/home/gameserver/tf2server/tf2/tf/addons/sourcemod/configs/maplists.cfg"
L 01/01/2015 - 14:36:27: [SM] Error on line 15 (col 12): A property was declared outside of a section
L 01/01/2015 - 15:05:47: Error log file session closed.
L 01/01/2015 - 15:05:56: SourceMod error session started
L 01/01/2015 - 15:05:56: Info (map "pl_swiftwater_ugc") (file "errors_20150101.log")
L 01/01/2015 - 15:05:56: [SM] Could not parse file "/home/gameserver/tf2server/tf2/tf/addons/sourcemod/configs/maplists.cfg"
L 01/01/2015 - 15:05:56: [SM] Error on line 15 (col 12): A property was declared outside of a section
L 01/01/2015 - 15:24:30: Error log file session closed.
L 01/01/2015 - 15:24:39: SourceMod error session started
L 01/01/2015 - 15:24:39: Info (map "ctf_laynedecker") (file "errors_20150101.log")
L 01/01/2015 - 15:24:39: [SM] Could not parse file "/home/gameserver/tf2server/tf2/tf/addons/sourcemod/configs/maplists.cfg"
L 01/01/2015 - 15:24:39: [SM] Error on line 15 (col 12): A property was declared outside of a section
L 01/01/2015 - 15:45:50: Error log file session closed.
L 01/01/2015 - 15:45:58: SourceMod error session started
L 01/01/2015 - 15:45:58: Info (map "ctf_mach4") (file "errors_20150101.log")
L 01/01/2015 - 15:45:58: [SM] Could not parse file "/home/gameserver/tf2server/tf2/tf/addons/sourcemod/configs/maplists.cfg"
L 01/01/2015 - 15:45:58: [SM] Error on line 15 (col 12): A property was declared outside of a section
L 01/01/2015 - 17:03:08: Error log file session closed.
L 01/01/2015 - 17:03:17: SourceMod error session started
L 01/01/2015 - 17:03:17: Info (map "cp_fallout") (file "errors_20150101.log")
L 01/01/2015 - 17:03:17: [SM] Could not parse file "/home/gameserver/tf2server/tf2/tf/addons/sourcemod/configs/maplists.cfg"
L 01/01/2015 - 17:03:17: [SM] Error on line 15 (col 12): A property was declared outside of a section
L 01/01/2015 - 17:14:39: Error log file session closed.
L 01/01/2015 - 17:14:48: SourceMod error session started
L 01/01/2015 - 17:14:48: Info (map "pl_waste_v2") (file "errors_20150101.log")
L 01/01/2015 - 17:14:48: [SM] Could not parse file "/home/gameserver/tf2server/tf2/tf/addons/sourcemod/configs/maplists.cfg"
L 01/01/2015 - 17:14:48: [SM] Error on line 15 (col 12): A property was declared outside of a section
L 01/01/2015 - 17:56:12: Error log file session closed.
L 01/01/2015 - 17:56:21: SourceMod error session started
L 01/01/2015 - 17:56:21: Info (map "pl_woodland_final") (file "errors_20150101.log")
L 01/01/2015 - 17:56:21: [SM] Could not parse file "/home/gameserver/tf2server/tf2/tf/addons/sourcemod/configs/maplists.cfg"
L 01/01/2015 - 17:56:21: [SM] Error on line 15 (col 12): A property was declared outside of a section
L 01/01/2015 - 21:52:58: Error log file session closed.
L 01/01/2015 - 21:53:07: SourceMod error session started
L 01/01/2015 - 21:53:07: Info (map "plr_panic_b2") (file "errors_20150101.log")
L 01/01/2015 - 21:53:07: [SM] Could not parse file "/home/gameserver/tf2server/tf2/tf/addons/sourcemod/configs/maplists.cfg"
L 01/01/2015 - 21:53:07: [SM] Error on line 15 (col 12): A property was declared outside of a section
