L 01/15/2015 - 00:21:18: SourceMod error session started
L 01/15/2015 - 00:21:18: Info (map "pl_cave_b6") (file "errors_20150115.log")
L 01/15/2015 - 00:21:18: Error log file session closed.
L 01/15/2015 - 00:21:26: SourceMod error session started
L 01/15/2015 - 00:21:26: Info (map "pl_cave_b6") (file "errors_20150115.log")
L 01/15/2015 - 00:21:26: [SM] Could not parse file "/home/gameserver/tf2server/tf2/tf/addons/sourcemod/configs/maplists.cfg"
L 01/15/2015 - 00:21:26: [SM] Error on line 15 (col 12): A property was declared outside of a section
L 01/15/2015 - 07:28:27: Error log file session closed.
L 01/15/2015 - 07:28:34: SourceMod error session started
L 01/15/2015 - 07:28:34: Info (map "pl_corrode_b3b") (file "errors_20150115.log")
L 01/15/2015 - 07:28:34: [SM] Could not parse file "/home/gameserver/tf2server/tf2/tf/addons/sourcemod/configs/maplists.cfg"
L 01/15/2015 - 07:28:34: [SM] Error on line 15 (col 12): A property was declared outside of a section
L 01/15/2015 - 11:13:09: Error log file session closed.
L 01/15/2015 - 11:13:16: SourceMod error session started
L 01/15/2015 - 11:13:16: Info (map "pl_crag_event_b") (file "errors_20150115.log")
L 01/15/2015 - 11:13:16: [SM] Could not parse file "/home/gameserver/tf2server/tf2/tf/addons/sourcemod/configs/maplists.cfg"
L 01/15/2015 - 11:13:16: [SM] Error on line 15 (col 12): A property was declared outside of a section
L 01/15/2015 - 11:56:56: Error log file session closed.
L 01/15/2015 - 11:57:03: SourceMod error session started
L 01/15/2015 - 11:57:03: Info (map "pl_swiftwater_ugc") (file "errors_20150115.log")
L 01/15/2015 - 11:57:03: [SM] Could not parse file "/home/gameserver/tf2server/tf2/tf/addons/sourcemod/configs/maplists.cfg"
L 01/15/2015 - 11:57:03: [SM] Error on line 15 (col 12): A property was declared outside of a section
L 01/15/2015 - 12:24:19: Error log file session closed.
L 01/15/2015 - 12:24:26: SourceMod error session started
L 01/15/2015 - 12:24:26: Info (map "koth_moonshine_rc") (file "errors_20150115.log")
L 01/15/2015 - 12:24:26: [SM] Could not parse file "/home/gameserver/tf2server/tf2/tf/addons/sourcemod/configs/maplists.cfg"
L 01/15/2015 - 12:24:26: [SM] Error on line 15 (col 12): A property was declared outside of a section
L 01/15/2015 - 14:00:30: Error log file session closed.
L 01/15/2015 - 14:00:39: SourceMod error session started
L 01/15/2015 - 14:00:39: Info (map "koth_namicott_rc4") (file "errors_20150115.log")
L 01/15/2015 - 14:00:39: [SM] Could not parse file "/home/gameserver/tf2server/tf2/tf/addons/sourcemod/configs/maplists.cfg"
L 01/15/2015 - 14:00:39: [SM] Error on line 15 (col 12): A property was declared outside of a section
L 01/15/2015 - 14:32:13: Error log file session closed.
L 01/15/2015 - 14:32:21: SourceMod error session started
L 01/15/2015 - 14:32:21: Info (map "koth_nerve") (file "errors_20150115.log")
L 01/15/2015 - 14:32:21: [SM] Could not parse file "/home/gameserver/tf2server/tf2/tf/addons/sourcemod/configs/maplists.cfg"
L 01/15/2015 - 14:32:21: [SM] Error on line 15 (col 12): A property was declared outside of a section
L 01/15/2015 - 14:58:26: Error log file session closed.
L 01/15/2015 - 14:58:34: SourceMod error session started
L 01/15/2015 - 14:58:34: Info (map "cp_carpo_b3") (file "errors_20150115.log")
L 01/15/2015 - 14:58:34: [SM] Could not parse file "/home/gameserver/tf2server/tf2/tf/addons/sourcemod/configs/maplists.cfg"
L 01/15/2015 - 14:58:34: [SM] Error on line 15 (col 12): A property was declared outside of a section
L 01/15/2015 - 15:16:41: Error log file session closed.
L 01/15/2015 - 15:16:50: SourceMod error session started
L 01/15/2015 - 15:16:50: Info (map "pl_cashworks_final1") (file "errors_20150115.log")
L 01/15/2015 - 15:16:50: [SM] Could not parse file "/home/gameserver/tf2server/tf2/tf/addons/sourcemod/configs/maplists.cfg"
L 01/15/2015 - 15:16:50: [SM] Error on line 15 (col 12): A property was declared outside of a section
L 01/15/2015 - 15:58:07: Error log file session closed.
L 01/15/2015 - 15:58:16: SourceMod error session started
L 01/15/2015 - 15:58:16: Info (map "pl_cave_b6") (file "errors_20150115.log")
L 01/15/2015 - 15:58:16: [SM] Could not parse file "/home/gameserver/tf2server/tf2/tf/addons/sourcemod/configs/maplists.cfg"
L 01/15/2015 - 15:58:16: [SM] Error on line 15 (col 12): A property was declared outside of a section
L 01/15/2015 - 16:37:43: Error log file session closed.
L 01/15/2015 - 16:37:51: SourceMod error session started
L 01/15/2015 - 16:37:51: Info (map "pl_corrode_b3b") (file "errors_20150115.log")
L 01/15/2015 - 16:37:51: [SM] Could not parse file "/home/gameserver/tf2server/tf2/tf/addons/sourcemod/configs/maplists.cfg"
L 01/15/2015 - 16:37:51: [SM] Error on line 15 (col 12): A property was declared outside of a section
