L 01/26/2015 - 10:26:41: SourceMod error session started
L 01/26/2015 - 10:26:41: Info (map "cp_indulge") (file "errors_20150126.log")
L 01/26/2015 - 10:26:41: Error log file session closed.
L 01/26/2015 - 10:26:52: SourceMod error session started
L 01/26/2015 - 10:26:52: Info (map "cp_indulge") (file "errors_20150126.log")
L 01/26/2015 - 10:26:52: [SM] Could not parse file "/home/gameserver/tf2server/tf2/tf/addons/sourcemod/configs/maplists.cfg"
L 01/26/2015 - 10:26:52: [SM] Error on line 15 (col 12): A property was declared outside of a section
L 01/26/2015 - 11:04:09: Error log file session closed.
L 01/26/2015 - 11:04:19: SourceMod error session started
L 01/26/2015 - 11:04:19: Info (map "cp_keikoku_rc1") (file "errors_20150126.log")
L 01/26/2015 - 11:04:19: [SM] Could not parse file "/home/gameserver/tf2server/tf2/tf/addons/sourcemod/configs/maplists.cfg"
L 01/26/2015 - 11:04:19: [SM] Error on line 15 (col 12): A property was declared outside of a section
L 01/26/2015 - 11:16:57: Error log file session closed.
L 01/26/2015 - 11:17:07: SourceMod error session started
L 01/26/2015 - 11:17:07: Info (map "cp_fallout") (file "errors_20150126.log")
L 01/26/2015 - 11:17:07: [SM] Could not parse file "/home/gameserver/tf2server/tf2/tf/addons/sourcemod/configs/maplists.cfg"
L 01/26/2015 - 11:17:07: [SM] Error on line 15 (col 12): A property was declared outside of a section
L 01/26/2015 - 11:53:12: Error log file session closed.
L 01/26/2015 - 11:53:23: SourceMod error session started
L 01/26/2015 - 11:53:23: Info (map "cp_follower") (file "errors_20150126.log")
L 01/26/2015 - 11:53:23: [SM] Could not parse file "/home/gameserver/tf2server/tf2/tf/addons/sourcemod/configs/maplists.cfg"
L 01/26/2015 - 11:53:23: [SM] Error on line 15 (col 12): A property was declared outside of a section
L 01/26/2015 - 12:22:57: Error log file session closed.
L 01/26/2015 - 12:23:08: SourceMod error session started
L 01/26/2015 - 12:23:08: Info (map "cp_tidal_v4") (file "errors_20150126.log")
L 01/26/2015 - 12:23:08: [SM] Could not parse file "/home/gameserver/tf2server/tf2/tf/addons/sourcemod/configs/maplists.cfg"
L 01/26/2015 - 12:23:08: [SM] Error on line 15 (col 12): A property was declared outside of a section
L 01/26/2015 - 14:45:41: Error log file session closed.
L 01/26/2015 - 14:45:52: SourceMod error session started
L 01/26/2015 - 14:45:52: Info (map "cp_upland_rc4") (file "errors_20150126.log")
L 01/26/2015 - 14:45:52: [SM] Could not parse file "/home/gameserver/tf2server/tf2/tf/addons/sourcemod/configs/maplists.cfg"
L 01/26/2015 - 14:45:52: [SM] Error on line 15 (col 12): A property was declared outside of a section
L 01/26/2015 - 16:32:38: Error log file session closed.
L 01/26/2015 - 16:32:49: SourceMod error session started
L 01/26/2015 - 16:32:49: Info (map "cp_vanguard_b9") (file "errors_20150126.log")
L 01/26/2015 - 16:32:49: [SM] Could not parse file "/home/gameserver/tf2server/tf2/tf/addons/sourcemod/configs/maplists.cfg"
L 01/26/2015 - 16:32:49: [SM] Error on line 15 (col 12): A property was declared outside of a section
L 01/26/2015 - 19:22:53: Error log file session closed.
L 01/26/2015 - 19:23:04: SourceMod error session started
L 01/26/2015 - 19:23:04: Info (map "cp_vector_v1") (file "errors_20150126.log")
L 01/26/2015 - 19:23:04: [SM] Could not parse file "/home/gameserver/tf2server/tf2/tf/addons/sourcemod/configs/maplists.cfg"
L 01/26/2015 - 19:23:04: [SM] Error on line 15 (col 12): A property was declared outside of a section
L 01/26/2015 - 23:21:54: Error log file session closed.
L 01/26/2015 - 23:22:05: SourceMod error session started
L 01/26/2015 - 23:22:05: Info (map "koth_waste") (file "errors_20150126.log")
L 01/26/2015 - 23:22:05: [SM] Could not parse file "/home/gameserver/tf2server/tf2/tf/addons/sourcemod/configs/maplists.cfg"
L 01/26/2015 - 23:22:05: [SM] Error on line 15 (col 12): A property was declared outside of a section
