L 12/31/2014 - 06:41:02: SourceMod error session started
L 12/31/2014 - 06:41:02: Info (map "pl_metropolis_b5") (file "errors_20141231.log")
L 12/31/2014 - 06:41:02: Error log file session closed.
L 12/31/2014 - 06:41:11: SourceMod error session started
L 12/31/2014 - 06:41:11: Info (map "pl_metropolis_b5") (file "errors_20141231.log")
L 12/31/2014 - 06:41:11: [SM] Could not parse file "/home/gameserver/tf2server/tf2/tf/addons/sourcemod/configs/maplists.cfg"
L 12/31/2014 - 06:41:11: [SM] Error on line 15 (col 12): A property was declared outside of a section
L 12/31/2014 - 07:11:28: Error log file session closed.
L 12/31/2014 - 07:11:36: SourceMod error session started
L 12/31/2014 - 07:11:36: Info (map "koth_moonshine_rc") (file "errors_20141231.log")
L 12/31/2014 - 07:11:36: [SM] Could not parse file "/home/gameserver/tf2server/tf2/tf/addons/sourcemod/configs/maplists.cfg"
L 12/31/2014 - 07:11:36: [SM] Error on line 15 (col 12): A property was declared outside of a section
L 12/31/2014 - 07:34:47: Error log file session closed.
L 12/31/2014 - 07:34:54: SourceMod error session started
L 12/31/2014 - 07:34:54: Info (map "koth_lighthouse_rc5") (file "errors_20141231.log")
L 12/31/2014 - 07:34:54: [SM] Could not parse file "/home/gameserver/tf2server/tf2/tf/addons/sourcemod/configs/maplists.cfg"
L 12/31/2014 - 07:34:54: [SM] Error on line 15 (col 12): A property was declared outside of a section
L 12/31/2014 - 08:04:33: Error log file session closed.
L 12/31/2014 - 08:04:41: SourceMod error session started
L 12/31/2014 - 08:04:41: Info (map "dom_cliffhanger_b11") (file "errors_20141231.log")
L 12/31/2014 - 08:04:41: [SM] Could not parse file "/home/gameserver/tf2server/tf2/tf/addons/sourcemod/configs/maplists.cfg"
L 12/31/2014 - 08:04:41: [SM] Error on line 15 (col 12): A property was declared outside of a section
L 12/31/2014 - 08:25:53: Error log file session closed.
L 12/31/2014 - 08:26:07: SourceMod error session started
L 12/31/2014 - 08:26:07: Info (map "pl_borneo_rc3") (file "errors_20141231.log")
L 12/31/2014 - 08:26:07: [SM] Could not parse file "/home/gameserver/tf2server/tf2/tf/addons/sourcemod/configs/maplists.cfg"
L 12/31/2014 - 08:26:07: [SM] Error on line 15 (col 12): A property was declared outside of a section
L 12/31/2014 - 08:26:19: [SM] Could not parse file "/home/gameserver/tf2server/tf2/tf/addons/sourcemod/configs/maplists.cfg"
L 12/31/2014 - 08:26:19: [SM] Error on line 15 (col 12): A property was declared outside of a section
L 12/31/2014 - 09:01:37: Error log file session closed.
L 12/31/2014 - 09:01:46: SourceMod error session started
L 12/31/2014 - 09:01:46: Info (map "cp_upland_rc4") (file "errors_20141231.log")
L 12/31/2014 - 09:01:46: [SM] Could not parse file "/home/gameserver/tf2server/tf2/tf/addons/sourcemod/configs/maplists.cfg"
L 12/31/2014 - 09:01:46: [SM] Error on line 15 (col 12): A property was declared outside of a section
L 12/31/2014 - 09:37:13: Error log file session closed.
L 12/31/2014 - 09:37:22: SourceMod error session started
L 12/31/2014 - 09:37:22: Info (map "ctf_system_rc1") (file "errors_20141231.log")
L 12/31/2014 - 09:37:22: [SM] Could not parse file "/home/gameserver/tf2server/tf2/tf/addons/sourcemod/configs/maplists.cfg"
L 12/31/2014 - 09:37:22: [SM] Error on line 15 (col 12): A property was declared outside of a section
L 12/31/2014 - 09:55:30: Error log file session closed.
L 12/31/2014 - 09:55:38: SourceMod error session started
L 12/31/2014 - 09:55:38: Info (map "cp_fallout") (file "errors_20141231.log")
L 12/31/2014 - 09:55:38: [SM] Could not parse file "/home/gameserver/tf2server/tf2/tf/addons/sourcemod/configs/maplists.cfg"
L 12/31/2014 - 09:55:38: [SM] Error on line 15 (col 12): A property was declared outside of a section
L 12/31/2014 - 10:10:55: Error log file session closed.
L 12/31/2014 - 10:11:04: SourceMod error session started
L 12/31/2014 - 10:11:04: Info (map "cp_follower") (file "errors_20141231.log")
L 12/31/2014 - 10:11:04: [SM] Could not parse file "/home/gameserver/tf2server/tf2/tf/addons/sourcemod/configs/maplists.cfg"
L 12/31/2014 - 10:11:04: [SM] Error on line 15 (col 12): A property was declared outside of a section
L 12/31/2014 - 10:44:02: Error log file session closed.
L 12/31/2014 - 10:44:10: SourceMod error session started
L 12/31/2014 - 10:44:10: Info (map "ctf_system_rc1") (file "errors_20141231.log")
L 12/31/2014 - 10:44:10: [SM] Could not parse file "/home/gameserver/tf2server/tf2/tf/addons/sourcemod/configs/maplists.cfg"
L 12/31/2014 - 10:44:10: [SM] Error on line 15 (col 12): A property was declared outside of a section
L 12/31/2014 - 10:54:43: Error log file session closed.
L 12/31/2014 - 10:54:52: SourceMod error session started
L 12/31/2014 - 10:54:52: Info (map "cp_sunshine_rc3") (file "errors_20141231.log")
L 12/31/2014 - 10:54:52: [SM] Could not parse file "/home/gameserver/tf2server/tf2/tf/addons/sourcemod/configs/maplists.cfg"
L 12/31/2014 - 10:54:52: [SM] Error on line 15 (col 12): A property was declared outside of a section
L 12/31/2014 - 11:15:15: Error log file session closed.
L 12/31/2014 - 11:15:24: SourceMod error session started
L 12/31/2014 - 11:15:24: Info (map "koth_occult_rc3") (file "errors_20141231.log")
L 12/31/2014 - 11:15:24: [SM] Could not parse file "/home/gameserver/tf2server/tf2/tf/addons/sourcemod/configs/maplists.cfg"
L 12/31/2014 - 11:15:24: [SM] Error on line 15 (col 12): A property was declared outside of a section
L 12/31/2014 - 11:33:11: Error log file session closed.
L 12/31/2014 - 11:33:20: SourceMod error session started
L 12/31/2014 - 11:33:20: Info (map "ctf_convoy_v2") (file "errors_20141231.log")
L 12/31/2014 - 11:33:20: [SM] Could not parse file "/home/gameserver/tf2server/tf2/tf/addons/sourcemod/configs/maplists.cfg"
L 12/31/2014 - 11:33:20: [SM] Error on line 15 (col 12): A property was declared outside of a section
L 12/31/2014 - 11:53:22: Error log file session closed.
L 12/31/2014 - 11:53:31: SourceMod error session started
L 12/31/2014 - 11:53:31: Info (map "pl_swiftwater_ugc") (file "errors_20141231.log")
L 12/31/2014 - 11:53:31: [SM] Could not parse file "/home/gameserver/tf2server/tf2/tf/addons/sourcemod/configs/maplists.cfg"
L 12/31/2014 - 11:53:31: [SM] Error on line 15 (col 12): A property was declared outside of a section
L 12/31/2014 - 13:33:39: Error log file session closed.
L 12/31/2014 - 13:33:48: SourceMod error session started
L 12/31/2014 - 13:33:48: Info (map "pl_waste_v2") (file "errors_20141231.log")
L 12/31/2014 - 13:33:48: [SM] Could not parse file "/home/gameserver/tf2server/tf2/tf/addons/sourcemod/configs/maplists.cfg"
L 12/31/2014 - 13:33:48: [SM] Error on line 15 (col 12): A property was declared outside of a section
L 12/31/2014 - 14:36:57: Error log file session closed.
L 12/31/2014 - 14:37:05: SourceMod error session started
L 12/31/2014 - 14:37:05: Info (map "pl_woodland_final") (file "errors_20141231.log")
L 12/31/2014 - 14:37:05: [SM] Could not parse file "/home/gameserver/tf2server/tf2/tf/addons/sourcemod/configs/maplists.cfg"
L 12/31/2014 - 14:37:05: [SM] Error on line 15 (col 12): A property was declared outside of a section
L 12/31/2014 - 15:22:41: Error log file session closed.
L 12/31/2014 - 15:22:50: SourceMod error session started
L 12/31/2014 - 15:22:50: Info (map "cp_furnace_rc") (file "errors_20141231.log")
L 12/31/2014 - 15:22:50: [SM] Could not parse file "/home/gameserver/tf2server/tf2/tf/addons/sourcemod/configs/maplists.cfg"
L 12/31/2014 - 15:22:50: [SM] Error on line 15 (col 12): A property was declared outside of a section
L 12/31/2014 - 15:30:55: Error log file session closed.
L 12/31/2014 - 15:31:04: SourceMod error session started
L 12/31/2014 - 15:31:04: Info (map "cp_glacier_rc6") (file "errors_20141231.log")
L 12/31/2014 - 15:31:04: [SM] Could not parse file "/home/gameserver/tf2server/tf2/tf/addons/sourcemod/configs/maplists.cfg"
L 12/31/2014 - 15:31:04: [SM] Error on line 15 (col 12): A property was declared outside of a section
L 12/31/2014 - 16:00:57: Error log file session closed.
L 12/31/2014 - 16:01:05: SourceMod error session started
L 12/31/2014 - 16:01:05: Info (map "cp_overflow_2") (file "errors_20141231.log")
L 12/31/2014 - 16:01:05: [SM] Could not parse file "/home/gameserver/tf2server/tf2/tf/addons/sourcemod/configs/maplists.cfg"
L 12/31/2014 - 16:01:05: [SM] Error on line 15 (col 12): A property was declared outside of a section
L 12/31/2014 - 19:17:15: Error log file session closed.
L 12/31/2014 - 19:17:23: SourceMod error session started
L 12/31/2014 - 19:17:23: Info (map "cp_redstone_b2") (file "errors_20141231.log")
L 12/31/2014 - 19:17:23: [SM] Could not parse file "/home/gameserver/tf2server/tf2/tf/addons/sourcemod/configs/maplists.cfg"
L 12/31/2014 - 19:17:23: [SM] Error on line 15 (col 12): A property was declared outside of a section
