L 01/24/2015 - 07:15:34: SourceMod error session started
L 01/24/2015 - 07:15:34: Info (map "koth_desolation_rc1") (file "errors_20150124.log")
L 01/24/2015 - 07:15:34: Error log file session closed.
L 01/24/2015 - 07:15:45: SourceMod error session started
L 01/24/2015 - 07:15:45: Info (map "koth_desolation_rc1") (file "errors_20150124.log")
L 01/24/2015 - 07:15:45: [SM] Could not parse file "/home/gameserver/tf2server/tf2/tf/addons/sourcemod/configs/maplists.cfg"
L 01/24/2015 - 07:15:45: [SM] Error on line 15 (col 12): A property was declared outside of a section
L 01/24/2015 - 07:25:41: Error log file session closed.
L 01/24/2015 - 07:25:52: SourceMod error session started
L 01/24/2015 - 07:25:52: Info (map "cp_glacier_rc6") (file "errors_20150124.log")
L 01/24/2015 - 07:25:52: [SM] Could not parse file "/home/gameserver/tf2server/tf2/tf/addons/sourcemod/configs/maplists.cfg"
L 01/24/2015 - 07:25:52: [SM] Error on line 15 (col 12): A property was declared outside of a section
L 01/24/2015 - 07:56:33: Error log file session closed.
L 01/24/2015 - 07:56:45: SourceMod error session started
L 01/24/2015 - 07:56:45: Info (map "ctf_wildfire_rc") (file "errors_20150124.log")
L 01/24/2015 - 07:56:45: [SM] Could not parse file "/home/gameserver/tf2server/tf2/tf/addons/sourcemod/configs/maplists.cfg"
L 01/24/2015 - 07:56:45: [SM] Error on line 15 (col 12): A property was declared outside of a section
L 01/24/2015 - 08:38:29: Error log file session closed.
L 01/24/2015 - 08:38:39: SourceMod error session started
L 01/24/2015 - 08:38:39: Info (map "ctf_wiretap_b1") (file "errors_20150124.log")
L 01/24/2015 - 08:38:39: [SM] Could not parse file "/home/gameserver/tf2server/tf2/tf/addons/sourcemod/configs/maplists.cfg"
L 01/24/2015 - 08:38:39: [SM] Error on line 15 (col 12): A property was declared outside of a section
L 01/24/2015 - 11:56:30: Error log file session closed.
L 01/24/2015 - 11:56:42: SourceMod error session started
L 01/24/2015 - 11:56:42: Info (map "pl_cave_b6") (file "errors_20150124.log")
L 01/24/2015 - 11:56:42: [SM] Could not parse file "/home/gameserver/tf2server/tf2/tf/addons/sourcemod/configs/maplists.cfg"
L 01/24/2015 - 11:56:42: [SM] Error on line 15 (col 12): A property was declared outside of a section
L 01/24/2015 - 12:32:21: Error log file session closed.
L 01/24/2015 - 12:32:32: SourceMod error session started
L 01/24/2015 - 12:32:32: Info (map "koth_waste") (file "errors_20150124.log")
L 01/24/2015 - 12:32:32: [SM] Could not parse file "/home/gameserver/tf2server/tf2/tf/addons/sourcemod/configs/maplists.cfg"
L 01/24/2015 - 12:32:32: [SM] Error on line 15 (col 12): A property was declared outside of a section
L 01/24/2015 - 12:43:14: Error log file session closed.
L 01/24/2015 - 12:43:25: SourceMod error session started
L 01/24/2015 - 12:43:25: Info (map "cp_castle4") (file "errors_20150124.log")
L 01/24/2015 - 12:43:25: [SM] Could not parse file "/home/gameserver/tf2server/tf2/tf/addons/sourcemod/configs/maplists.cfg"
L 01/24/2015 - 12:43:25: [SM] Error on line 15 (col 12): A property was declared outside of a section
L 01/24/2015 - 12:54:48: Error log file session closed.
L 01/24/2015 - 12:54:59: SourceMod error session started
L 01/24/2015 - 12:54:59: Info (map "pl_borneo_rc3") (file "errors_20150124.log")
L 01/24/2015 - 12:54:59: [SM] Could not parse file "/home/gameserver/tf2server/tf2/tf/addons/sourcemod/configs/maplists.cfg"
L 01/24/2015 - 12:54:59: [SM] Error on line 15 (col 12): A property was declared outside of a section
L 01/24/2015 - 13:09:14: Error log file session closed.
L 01/24/2015 - 13:09:25: SourceMod error session started
L 01/24/2015 - 13:09:25: Info (map "koth_lighthouse_rc5") (file "errors_20150124.log")
L 01/24/2015 - 13:09:25: [SM] Could not parse file "/home/gameserver/tf2server/tf2/tf/addons/sourcemod/configs/maplists.cfg"
L 01/24/2015 - 13:09:25: [SM] Error on line 15 (col 12): A property was declared outside of a section
L 01/24/2015 - 13:15:08: Error log file session closed.
L 01/24/2015 - 13:15:19: SourceMod error session started
L 01/24/2015 - 13:15:19: Info (map "pl_moonlit_b2") (file "errors_20150124.log")
L 01/24/2015 - 13:15:19: [SM] Could not parse file "/home/gameserver/tf2server/tf2/tf/addons/sourcemod/configs/maplists.cfg"
L 01/24/2015 - 13:15:19: [SM] Error on line 15 (col 12): A property was declared outside of a section
L 01/24/2015 - 13:46:08: Error log file session closed.
L 01/24/2015 - 13:46:20: SourceMod error session started
L 01/24/2015 - 13:46:20: Info (map "ctf_premuda_b1b") (file "errors_20150124.log")
L 01/24/2015 - 13:46:20: [SM] Could not parse file "/home/gameserver/tf2server/tf2/tf/addons/sourcemod/configs/maplists.cfg"
L 01/24/2015 - 13:46:20: [SM] Error on line 15 (col 12): A property was declared outside of a section
L 01/24/2015 - 14:24:48: Error log file session closed.
L 01/24/2015 - 14:24:59: SourceMod error session started
L 01/24/2015 - 14:24:59: Info (map "koth_lighthouse_rc5") (file "errors_20150124.log")
L 01/24/2015 - 14:24:59: [SM] Could not parse file "/home/gameserver/tf2server/tf2/tf/addons/sourcemod/configs/maplists.cfg"
L 01/24/2015 - 14:24:59: [SM] Error on line 15 (col 12): A property was declared outside of a section
L 01/24/2015 - 14:36:12: Error log file session closed.
L 01/24/2015 - 14:36:22: SourceMod error session started
L 01/24/2015 - 14:36:22: Info (map "cp_vertical") (file "errors_20150124.log")
L 01/24/2015 - 14:36:22: [SM] Could not parse file "/home/gameserver/tf2server/tf2/tf/addons/sourcemod/configs/maplists.cfg"
L 01/24/2015 - 14:36:22: [SM] Error on line 15 (col 12): A property was declared outside of a section
L 01/24/2015 - 14:53:27: Error log file session closed.
L 01/24/2015 - 14:53:38: SourceMod error session started
L 01/24/2015 - 14:53:38: Info (map "cp_glassworks_rc3") (file "errors_20150124.log")
L 01/24/2015 - 14:53:38: [SM] Could not parse file "/home/gameserver/tf2server/tf2/tf/addons/sourcemod/configs/maplists.cfg"
L 01/24/2015 - 14:53:38: [SM] Error on line 15 (col 12): A property was declared outside of a section
L 01/24/2015 - 15:41:33: Error log file session closed.
L 01/24/2015 - 15:41:43: SourceMod error session started
L 01/24/2015 - 15:41:43: Info (map "pl_swiftwater_ugc") (file "errors_20150124.log")
L 01/24/2015 - 15:41:43: [SM] Could not parse file "/home/gameserver/tf2server/tf2/tf/addons/sourcemod/configs/maplists.cfg"
L 01/24/2015 - 15:41:43: [SM] Error on line 15 (col 12): A property was declared outside of a section
L 01/24/2015 - 16:07:16: Error log file session closed.
L 01/24/2015 - 16:07:27: SourceMod error session started
L 01/24/2015 - 16:07:27: Info (map "koth_quarry_rc5") (file "errors_20150124.log")
L 01/24/2015 - 16:07:27: [SM] Could not parse file "/home/gameserver/tf2server/tf2/tf/addons/sourcemod/configs/maplists.cfg"
L 01/24/2015 - 16:07:27: [SM] Error on line 15 (col 12): A property was declared outside of a section
L 01/24/2015 - 16:13:26: Error log file session closed.
L 01/24/2015 - 16:13:37: SourceMod error session started
L 01/24/2015 - 16:13:37: Info (map "pl_deadwood") (file "errors_20150124.log")
L 01/24/2015 - 16:13:37: [SM] Could not parse file "/home/gameserver/tf2server/tf2/tf/addons/sourcemod/configs/maplists.cfg"
L 01/24/2015 - 16:13:37: [SM] Error on line 15 (col 12): A property was declared outside of a section
L 01/24/2015 - 16:31:08: Error log file session closed.
L 01/24/2015 - 16:31:19: SourceMod error session started
L 01/24/2015 - 16:31:19: Info (map "pl_goldrock_rc1") (file "errors_20150124.log")
L 01/24/2015 - 16:31:19: [SM] Could not parse file "/home/gameserver/tf2server/tf2/tf/addons/sourcemod/configs/maplists.cfg"
L 01/24/2015 - 16:31:19: [SM] Error on line 15 (col 12): A property was declared outside of a section
L 01/24/2015 - 17:04:50: Error log file session closed.
L 01/24/2015 - 17:05:01: SourceMod error session started
L 01/24/2015 - 17:05:01: Info (map "pl_pier_b16") (file "errors_20150124.log")
L 01/24/2015 - 17:05:01: [SM] Could not parse file "/home/gameserver/tf2server/tf2/tf/addons/sourcemod/configs/maplists.cfg"
L 01/24/2015 - 17:05:01: [SM] Error on line 15 (col 12): A property was declared outside of a section
L 01/24/2015 - 17:30:42: Error log file session closed.
L 01/24/2015 - 17:30:53: SourceMod error session started
L 01/24/2015 - 17:30:53: Info (map "pl_cave_b6") (file "errors_20150124.log")
L 01/24/2015 - 17:30:53: [SM] Could not parse file "/home/gameserver/tf2server/tf2/tf/addons/sourcemod/configs/maplists.cfg"
L 01/24/2015 - 17:30:53: [SM] Error on line 15 (col 12): A property was declared outside of a section
L 01/24/2015 - 18:20:58: Error log file session closed.
L 01/24/2015 - 18:21:08: SourceMod error session started
L 01/24/2015 - 18:21:08: Info (map "cp_keikoku_rc1") (file "errors_20150124.log")
L 01/24/2015 - 18:21:08: [SM] Could not parse file "/home/gameserver/tf2server/tf2/tf/addons/sourcemod/configs/maplists.cfg"
L 01/24/2015 - 18:21:08: [SM] Error on line 15 (col 12): A property was declared outside of a section
L 01/24/2015 - 19:01:09: Error log file session closed.
L 01/24/2015 - 19:01:20: SourceMod error session started
L 01/24/2015 - 19:01:20: Info (map "cp_labor") (file "errors_20150124.log")
L 01/24/2015 - 19:01:20: [SM] Could not parse file "/home/gameserver/tf2server/tf2/tf/addons/sourcemod/configs/maplists.cfg"
L 01/24/2015 - 19:01:20: [SM] Error on line 15 (col 12): A property was declared outside of a section
L 01/24/2015 - 19:39:38: Error log file session closed.
L 01/24/2015 - 19:39:49: SourceMod error session started
L 01/24/2015 - 19:39:49: Info (map "cp_logjam_b10") (file "errors_20150124.log")
L 01/24/2015 - 19:39:49: [SM] Could not parse file "/home/gameserver/tf2server/tf2/tf/addons/sourcemod/configs/maplists.cfg"
L 01/24/2015 - 19:39:49: [SM] Error on line 15 (col 12): A property was declared outside of a section
L 01/24/2015 - 20:51:52: Error log file session closed.
L 01/24/2015 - 20:52:03: SourceMod error session started
L 01/24/2015 - 20:52:03: Info (map "cp_mainline_rc5") (file "errors_20150124.log")
L 01/24/2015 - 20:52:03: [SM] Could not parse file "/home/gameserver/tf2server/tf2/tf/addons/sourcemod/configs/maplists.cfg"
L 01/24/2015 - 20:52:03: [SM] Error on line 15 (col 12): A property was declared outside of a section
L 01/24/2015 - 21:46:55: Error log file session closed.
L 01/24/2015 - 21:47:06: SourceMod error session started
L 01/24/2015 - 21:47:06: Info (map "cp_marienwerder_beta2") (file "errors_20150124.log")
L 01/24/2015 - 21:47:06: [SM] Could not parse file "/home/gameserver/tf2server/tf2/tf/addons/sourcemod/configs/maplists.cfg"
L 01/24/2015 - 21:47:06: [SM] Error on line 15 (col 12): A property was declared outside of a section
L 01/24/2015 - 22:30:07: Error log file session closed.
L 01/24/2015 - 22:30:18: SourceMod error session started
L 01/24/2015 - 22:30:18: Info (map "cp_millstone_b6") (file "errors_20150124.log")
L 01/24/2015 - 22:30:18: [SM] Could not parse file "/home/gameserver/tf2server/tf2/tf/addons/sourcemod/configs/maplists.cfg"
L 01/24/2015 - 22:30:18: [SM] Error on line 15 (col 12): A property was declared outside of a section
