L 02/03/2015 - 11:19:12: SourceMod error session started
L 02/03/2015 - 11:19:12: Info (map "ctf_moonwalk_v2") (file "errors_20150203.log")
L 02/03/2015 - 11:19:12: Error log file session closed.
L 02/03/2015 - 11:19:20: SourceMod error session started
L 02/03/2015 - 11:19:20: Info (map "ctf_moonwalk_v2") (file "errors_20150203.log")
L 02/03/2015 - 11:19:20: [SM] Could not parse file "/home/gameserver/tf2server/tf2/tf/addons/sourcemod/configs/maplists.cfg"
L 02/03/2015 - 11:19:20: [SM] Error on line 15 (col 12): A property was declared outside of a section
L 02/03/2015 - 14:04:34: Error log file session closed.
L 02/03/2015 - 14:04:43: SourceMod error session started
L 02/03/2015 - 14:04:43: Info (map "ctf_npire_v3") (file "errors_20150203.log")
L 02/03/2015 - 14:04:43: [SM] Could not parse file "/home/gameserver/tf2server/tf2/tf/addons/sourcemod/configs/maplists.cfg"
L 02/03/2015 - 14:04:43: [SM] Error on line 15 (col 12): A property was declared outside of a section
L 02/03/2015 - 18:27:06: Error log file session closed.
L 02/03/2015 - 18:27:15: SourceMod error session started
L 02/03/2015 - 18:27:15: Info (map "ctf_premuda_b1b") (file "errors_20150203.log")
L 02/03/2015 - 18:27:15: [SM] Could not parse file "/home/gameserver/tf2server/tf2/tf/addons/sourcemod/configs/maplists.cfg"
L 02/03/2015 - 18:27:15: [SM] Error on line 15 (col 12): A property was declared outside of a section
L 02/03/2015 - 19:16:00: Error log file session closed.
L 02/03/2015 - 19:16:09: SourceMod error session started
L 02/03/2015 - 19:16:09: Info (map "ctf_quarry_v2") (file "errors_20150203.log")
L 02/03/2015 - 19:16:09: [SM] Could not parse file "/home/gameserver/tf2server/tf2/tf/addons/sourcemod/configs/maplists.cfg"
L 02/03/2015 - 19:16:09: [SM] Error on line 15 (col 12): A property was declared outside of a section
