L 12/30/2014 - 06:10:27: SourceMod error session started
L 12/30/2014 - 06:10:27: Info (map "ctf_landfall_rc") (file "errors_20141230.log")
L 12/30/2014 - 06:10:27: Error log file session closed.
L 12/30/2014 - 06:10:35: SourceMod error session started
L 12/30/2014 - 06:10:35: Info (map "ctf_landfall_rc") (file "errors_20141230.log")
L 12/30/2014 - 06:10:35: [SM] Could not parse file "/home/gameserver/tf2server/tf2/tf/addons/sourcemod/configs/maplists.cfg"
L 12/30/2014 - 06:10:35: [SM] Error on line 15 (col 12): A property was declared outside of a section
L 12/30/2014 - 06:52:10: Error log file session closed.
L 12/30/2014 - 06:52:19: SourceMod error session started
L 12/30/2014 - 06:52:19: Info (map "ctf_laynedecker") (file "errors_20141230.log")
L 12/30/2014 - 06:52:19: [SM] Could not parse file "/home/gameserver/tf2server/tf2/tf/addons/sourcemod/configs/maplists.cfg"
L 12/30/2014 - 06:52:19: [SM] Error on line 15 (col 12): A property was declared outside of a section
L 12/30/2014 - 07:16:28: Error log file session closed.
L 12/30/2014 - 07:16:37: SourceMod error session started
L 12/30/2014 - 07:16:37: Info (map "cp_glassworks_rc2") (file "errors_20141230.log")
L 12/30/2014 - 07:16:37: [SM] Could not parse file "/home/gameserver/tf2server/tf2/tf/addons/sourcemod/configs/maplists.cfg"
L 12/30/2014 - 07:16:37: [SM] Error on line 15 (col 12): A property was declared outside of a section
L 12/30/2014 - 07:32:45: Error log file session closed.
L 12/30/2014 - 07:32:55: SourceMod error session started
L 12/30/2014 - 07:32:55: Info (map "pl_pier_b16") (file "errors_20141230.log")
L 12/30/2014 - 07:32:55: [SM] Could not parse file "/home/gameserver/tf2server/tf2/tf/addons/sourcemod/configs/maplists.cfg"
L 12/30/2014 - 07:32:55: [SM] Error on line 15 (col 12): A property was declared outside of a section
L 12/30/2014 - 07:57:33: Error log file session closed.
L 12/30/2014 - 07:57:42: SourceMod error session started
L 12/30/2014 - 07:57:42: Info (map "pl_waste_v2") (file "errors_20141230.log")
L 12/30/2014 - 07:57:42: [SM] Could not parse file "/home/gameserver/tf2server/tf2/tf/addons/sourcemod/configs/maplists.cfg"
L 12/30/2014 - 07:57:42: [SM] Error on line 15 (col 12): A property was declared outside of a section
L 12/30/2014 - 08:18:23: Error log file session closed.
L 12/30/2014 - 08:18:32: SourceMod error session started
L 12/30/2014 - 08:18:32: Info (map "ctf_fusion_b2") (file "errors_20141230.log")
L 12/30/2014 - 08:18:32: [SM] Could not parse file "/home/gameserver/tf2server/tf2/tf/addons/sourcemod/configs/maplists.cfg"
L 12/30/2014 - 08:18:32: [SM] Error on line 15 (col 12): A property was declared outside of a section
L 12/30/2014 - 08:51:06: Error log file session closed.
L 12/30/2014 - 08:51:16: SourceMod error session started
L 12/30/2014 - 08:51:16: Info (map "pl_swiftwater_ugc") (file "errors_20141230.log")
L 12/30/2014 - 08:51:16: [SM] Could not parse file "/home/gameserver/tf2server/tf2/tf/addons/sourcemod/configs/maplists.cfg"
L 12/30/2014 - 08:51:16: [SM] Error on line 15 (col 12): A property was declared outside of a section
L 12/30/2014 - 09:24:34: Error log file session closed.
L 12/30/2014 - 09:24:42: SourceMod error session started
L 12/30/2014 - 09:24:42: Info (map "pl_cashworks_final1") (file "errors_20141230.log")
L 12/30/2014 - 09:24:42: [SM] Could not parse file "/home/gameserver/tf2server/tf2/tf/addons/sourcemod/configs/maplists.cfg"
L 12/30/2014 - 09:24:42: [SM] Error on line 15 (col 12): A property was declared outside of a section
L 12/30/2014 - 10:35:23: Error log file session closed.
L 12/30/2014 - 10:35:32: SourceMod error session started
L 12/30/2014 - 10:35:32: Info (map "pl_halfacre") (file "errors_20141230.log")
L 12/30/2014 - 10:35:32: [SM] Could not parse file "/home/gameserver/tf2server/tf2/tf/addons/sourcemod/configs/maplists.cfg"
L 12/30/2014 - 10:35:32: [SM] Error on line 15 (col 12): A property was declared outside of a section
L 12/30/2014 - 11:06:02: Error log file session closed.
L 12/30/2014 - 11:06:10: SourceMod error session started
L 12/30/2014 - 11:06:10: Info (map "ctf_aerospace_b3") (file "errors_20141230.log")
L 12/30/2014 - 11:06:10: [SM] Could not parse file "/home/gameserver/tf2server/tf2/tf/addons/sourcemod/configs/maplists.cfg"
L 12/30/2014 - 11:06:10: [SM] Error on line 15 (col 12): A property was declared outside of a section
L 12/30/2014 - 11:25:15: Error log file session closed.
L 12/30/2014 - 11:25:23: SourceMod error session started
L 12/30/2014 - 11:25:23: Info (map "ctf_system_rc1") (file "errors_20141230.log")
L 12/30/2014 - 11:25:23: [SM] Could not parse file "/home/gameserver/tf2server/tf2/tf/addons/sourcemod/configs/maplists.cfg"
L 12/30/2014 - 11:25:23: [SM] Error on line 15 (col 12): A property was declared outside of a section
L 12/30/2014 - 11:55:50: Error log file session closed.
L 12/30/2014 - 11:55:58: SourceMod error session started
L 12/30/2014 - 11:55:58: Info (map "ctf_subterranean") (file "errors_20141230.log")
L 12/30/2014 - 11:55:58: [SM] Could not parse file "/home/gameserver/tf2server/tf2/tf/addons/sourcemod/configs/maplists.cfg"
L 12/30/2014 - 11:55:58: [SM] Error on line 15 (col 12): A property was declared outside of a section
L 12/30/2014 - 12:37:15: Error log file session closed.
L 12/30/2014 - 12:37:24: SourceMod error session started
L 12/30/2014 - 12:37:24: Info (map "pl_goldrock_rc1") (file "errors_20141230.log")
L 12/30/2014 - 12:37:24: [SM] Could not parse file "/home/gameserver/tf2server/tf2/tf/addons/sourcemod/configs/maplists.cfg"
L 12/30/2014 - 12:37:24: [SM] Error on line 15 (col 12): A property was declared outside of a section
L 12/30/2014 - 13:19:17: Error log file session closed.
L 12/30/2014 - 13:19:25: SourceMod error session started
L 12/30/2014 - 13:19:25: Info (map "pl_great_heights_b3") (file "errors_20141230.log")
L 12/30/2014 - 13:19:25: [SM] Could not parse file "/home/gameserver/tf2server/tf2/tf/addons/sourcemod/configs/maplists.cfg"
L 12/30/2014 - 13:19:25: [SM] Error on line 15 (col 12): A property was declared outside of a section
L 12/30/2014 - 13:50:17: Error log file session closed.
L 12/30/2014 - 13:50:25: SourceMod error session started
L 12/30/2014 - 13:50:25: Info (map "pl_halfacre") (file "errors_20141230.log")
L 12/30/2014 - 13:50:25: [SM] Could not parse file "/home/gameserver/tf2server/tf2/tf/addons/sourcemod/configs/maplists.cfg"
L 12/30/2014 - 13:50:25: [SM] Error on line 15 (col 12): A property was declared outside of a section
L 12/30/2014 - 14:32:11: Error log file session closed.
L 12/30/2014 - 14:32:20: SourceMod error session started
L 12/30/2014 - 14:32:20: Info (map "pl_jordan_canyon_final") (file "errors_20141230.log")
L 12/30/2014 - 14:32:20: [SM] Could not parse file "/home/gameserver/tf2server/tf2/tf/addons/sourcemod/configs/maplists.cfg"
L 12/30/2014 - 14:32:20: [SM] Error on line 15 (col 12): A property was declared outside of a section
L 12/30/2014 - 14:37:00: Error log file session closed.
L 12/30/2014 - 14:37:09: SourceMod error session started
L 12/30/2014 - 14:37:09: Info (map "pl_swiftwater_ugc") (file "errors_20141230.log")
L 12/30/2014 - 14:37:09: [SM] Could not parse file "/home/gameserver/tf2server/tf2/tf/addons/sourcemod/configs/maplists.cfg"
L 12/30/2014 - 14:37:09: [SM] Error on line 15 (col 12): A property was declared outside of a section
L 12/30/2014 - 15:09:09: Error log file session closed.
L 12/30/2014 - 15:09:17: SourceMod error session started
L 12/30/2014 - 15:09:17: Info (map "cp_zinkenite_b3a") (file "errors_20141230.log")
L 12/30/2014 - 15:09:17: [SM] Could not parse file "/home/gameserver/tf2server/tf2/tf/addons/sourcemod/configs/maplists.cfg"
L 12/30/2014 - 15:09:17: [SM] Error on line 15 (col 12): A property was declared outside of a section
L 12/30/2014 - 15:32:48: Error log file session closed.
L 12/30/2014 - 15:32:56: SourceMod error session started
L 12/30/2014 - 15:32:56: Info (map "cp_glassworks_rc2") (file "errors_20141230.log")
L 12/30/2014 - 15:32:56: [SM] Could not parse file "/home/gameserver/tf2server/tf2/tf/addons/sourcemod/configs/maplists.cfg"
L 12/30/2014 - 15:32:56: [SM] Error on line 15 (col 12): A property was declared outside of a section
L 12/30/2014 - 15:55:49: Error log file session closed.
L 12/30/2014 - 15:55:57: SourceMod error session started
L 12/30/2014 - 15:55:57: Info (map "ctf_wildfire_rc") (file "errors_20141230.log")
L 12/30/2014 - 15:55:57: [SM] Could not parse file "/home/gameserver/tf2server/tf2/tf/addons/sourcemod/configs/maplists.cfg"
L 12/30/2014 - 15:55:57: [SM] Error on line 15 (col 12): A property was declared outside of a section
L 12/30/2014 - 16:55:55: Error log file session closed.
L 12/30/2014 - 16:56:03: SourceMod error session started
L 12/30/2014 - 16:56:03: Info (map "ctf_wiretap_b1") (file "errors_20141230.log")
L 12/30/2014 - 16:56:03: [SM] Could not parse file "/home/gameserver/tf2server/tf2/tf/addons/sourcemod/configs/maplists.cfg"
L 12/30/2014 - 16:56:03: [SM] Error on line 15 (col 12): A property was declared outside of a section
L 12/30/2014 - 17:38:39: Error log file session closed.
L 12/30/2014 - 17:38:47: SourceMod error session started
L 12/30/2014 - 17:38:47: Info (map "dom_cliffhanger_b11") (file "errors_20141230.log")
L 12/30/2014 - 17:38:47: [SM] Could not parse file "/home/gameserver/tf2server/tf2/tf/addons/sourcemod/configs/maplists.cfg"
L 12/30/2014 - 17:38:47: [SM] Error on line 15 (col 12): A property was declared outside of a section
