L 02/24/2015 - 05:15:10: SourceMod error session started
L 02/24/2015 - 05:15:10: Info (map "cp_forest_shrine_a15") (file "errors_20150224.log")
L 02/24/2015 - 05:15:10: Error log file session closed.
L 02/24/2015 - 05:15:18: SourceMod error session started
L 02/24/2015 - 05:15:18: Info (map "cp_forest_shrine_a15") (file "errors_20150224.log")
L 02/24/2015 - 05:15:18: [SM] Could not parse file "/home/gameserver/tf2server/tf2/tf/addons/sourcemod/configs/maplists.cfg"
L 02/24/2015 - 05:15:18: [SM] Error on line 15 (col 12): A property was declared outside of a section
L 02/24/2015 - 05:46:52: Error log file session closed.
L 02/24/2015 - 05:47:01: SourceMod error session started
L 02/24/2015 - 05:47:01: Info (map "koth_oilfield") (file "errors_20150224.log")
L 02/24/2015 - 05:47:01: [SM] Could not parse file "/home/gameserver/tf2server/tf2/tf/addons/sourcemod/configs/maplists.cfg"
L 02/24/2015 - 05:47:01: [SM] Error on line 15 (col 12): A property was declared outside of a section
L 02/24/2015 - 06:24:11: Error log file session closed.
L 02/24/2015 - 06:24:20: SourceMod error session started
L 02/24/2015 - 06:24:20: Info (map "koth_probed_b6") (file "errors_20150224.log")
L 02/24/2015 - 06:24:20: [SM] Could not parse file "/home/gameserver/tf2server/tf2/tf/addons/sourcemod/configs/maplists.cfg"
L 02/24/2015 - 06:24:20: [SM] Error on line 15 (col 12): A property was declared outside of a section
L 02/24/2015 - 10:19:31: Error log file session closed.
L 02/24/2015 - 10:19:40: SourceMod error session started
L 02/24/2015 - 10:19:40: Info (map "cp_erosion_rc2") (file "errors_20150224.log")
L 02/24/2015 - 10:19:40: [SM] Could not parse file "/home/gameserver/tf2server/tf2/tf/addons/sourcemod/configs/maplists.cfg"
L 02/24/2015 - 10:19:40: [SM] Error on line 15 (col 12): A property was declared outside of a section
L 02/24/2015 - 11:01:51: Error log file session closed.
L 02/24/2015 - 11:01:59: SourceMod error session started
L 02/24/2015 - 11:01:59: Info (map "cp_evergreen_b4") (file "errors_20150224.log")
L 02/24/2015 - 11:01:59: [SM] Could not parse file "/home/gameserver/tf2server/tf2/tf/addons/sourcemod/configs/maplists.cfg"
L 02/24/2015 - 11:01:59: [SM] Error on line 15 (col 12): A property was declared outside of a section
L 02/24/2015 - 11:43:21: Error log file session closed.
L 02/24/2015 - 11:43:30: SourceMod error session started
L 02/24/2015 - 11:43:30: Info (map "cp_fallout") (file "errors_20150224.log")
L 02/24/2015 - 11:43:30: [SM] Could not parse file "/home/gameserver/tf2server/tf2/tf/addons/sourcemod/configs/maplists.cfg"
L 02/24/2015 - 11:43:30: [SM] Error on line 15 (col 12): A property was declared outside of a section
L 02/24/2015 - 12:23:16: Error log file session closed.
L 02/24/2015 - 12:23:24: SourceMod error session started
L 02/24/2015 - 12:23:24: Info (map "cp_follower") (file "errors_20150224.log")
L 02/24/2015 - 12:23:24: [SM] Could not parse file "/home/gameserver/tf2server/tf2/tf/addons/sourcemod/configs/maplists.cfg"
L 02/24/2015 - 12:23:24: [SM] Error on line 15 (col 12): A property was declared outside of a section
L 02/24/2015 - 13:06:42: Error log file session closed.
L 02/24/2015 - 13:06:50: SourceMod error session started
L 02/24/2015 - 13:06:50: Info (map "cp_gydan") (file "errors_20150224.log")
L 02/24/2015 - 13:06:50: [SM] Could not parse file "/home/gameserver/tf2server/tf2/tf/addons/sourcemod/configs/maplists.cfg"
L 02/24/2015 - 13:06:50: [SM] Error on line 15 (col 12): A property was declared outside of a section
L 02/24/2015 - 13:41:22: Error log file session closed.
L 02/24/2015 - 13:41:30: SourceMod error session started
L 02/24/2015 - 13:41:30: Info (map "cp_sunshine_rc3") (file "errors_20150224.log")
L 02/24/2015 - 13:41:30: [SM] Could not parse file "/home/gameserver/tf2server/tf2/tf/addons/sourcemod/configs/maplists.cfg"
L 02/24/2015 - 13:41:30: [SM] Error on line 15 (col 12): A property was declared outside of a section
L 02/24/2015 - 14:22:44: Error log file session closed.
L 02/24/2015 - 14:22:52: SourceMod error session started
L 02/24/2015 - 14:22:52: Info (map "cp_switchback_b5") (file "errors_20150224.log")
L 02/24/2015 - 14:22:52: [SM] Could not parse file "/home/gameserver/tf2server/tf2/tf/addons/sourcemod/configs/maplists.cfg"
L 02/24/2015 - 14:22:52: [SM] Error on line 15 (col 12): A property was declared outside of a section
L 02/24/2015 - 14:54:36: Error log file session closed.
L 02/24/2015 - 14:54:44: SourceMod error session started
L 02/24/2015 - 14:54:44: Info (map "cp_beamvalley_v2") (file "errors_20150224.log")
L 02/24/2015 - 14:54:44: [SM] Could not parse file "/home/gameserver/tf2server/tf2/tf/addons/sourcemod/configs/maplists.cfg"
L 02/24/2015 - 14:54:44: [SM] Error on line 15 (col 12): A property was declared outside of a section
L 02/24/2015 - 20:34:40: Error log file session closed.
L 02/24/2015 - 20:34:49: SourceMod error session started
L 02/24/2015 - 20:34:49: Info (map "cp_boulder_v5") (file "errors_20150224.log")
L 02/24/2015 - 20:34:49: [SM] Could not parse file "/home/gameserver/tf2server/tf2/tf/addons/sourcemod/configs/maplists.cfg"
L 02/24/2015 - 20:34:49: [SM] Error on line 15 (col 12): A property was declared outside of a section
