L 02/07/2015 - 01:02:37: SourceMod error session started
L 02/07/2015 - 01:02:37: Info (map "ctf_backwards_b1") (file "errors_20150207.log")
L 02/07/2015 - 01:02:37: Error log file session closed.
L 02/07/2015 - 01:02:45: SourceMod error session started
L 02/07/2015 - 01:02:45: Info (map "ctf_backwards_b1") (file "errors_20150207.log")
L 02/07/2015 - 01:02:45: [SM] Could not parse file "/home/gameserver/tf2server/tf2/tf/addons/sourcemod/configs/maplists.cfg"
L 02/07/2015 - 01:02:45: [SM] Error on line 15 (col 12): A property was declared outside of a section
L 02/07/2015 - 07:51:35: Error log file session closed.
L 02/07/2015 - 07:51:44: SourceMod error session started
L 02/07/2015 - 07:51:44: Info (map "cp_aqua") (file "errors_20150207.log")
L 02/07/2015 - 07:51:44: [SM] Could not parse file "/home/gameserver/tf2server/tf2/tf/addons/sourcemod/configs/maplists.cfg"
L 02/07/2015 - 07:51:44: [SM] Error on line 15 (col 12): A property was declared outside of a section
L 02/07/2015 - 07:58:05: Error log file session closed.
L 02/07/2015 - 07:58:14: SourceMod error session started
L 02/07/2015 - 07:58:14: Info (map "ctf_mercy") (file "errors_20150207.log")
L 02/07/2015 - 07:58:14: [SM] Could not parse file "/home/gameserver/tf2server/tf2/tf/addons/sourcemod/configs/maplists.cfg"
L 02/07/2015 - 07:58:14: [SM] Error on line 15 (col 12): A property was declared outside of a section
L 02/07/2015 - 08:07:23: Error log file session closed.
L 02/07/2015 - 08:07:32: SourceMod error session started
L 02/07/2015 - 08:07:32: Info (map "ctf_mexico_b4") (file "errors_20150207.log")
L 02/07/2015 - 08:07:32: [SM] Could not parse file "/home/gameserver/tf2server/tf2/tf/addons/sourcemod/configs/maplists.cfg"
L 02/07/2015 - 08:07:32: [SM] Error on line 15 (col 12): A property was declared outside of a section
L 02/07/2015 - 10:02:30: Error log file session closed.
L 02/07/2015 - 10:02:39: SourceMod error session started
L 02/07/2015 - 10:02:39: Info (map "plr_panic_b2") (file "errors_20150207.log")
L 02/07/2015 - 10:02:39: [SM] Could not parse file "/home/gameserver/tf2server/tf2/tf/addons/sourcemod/configs/maplists.cfg"
L 02/07/2015 - 10:02:39: [SM] Error on line 15 (col 12): A property was declared outside of a section
L 02/07/2015 - 10:46:16: Error log file session closed.
L 02/07/2015 - 10:46:25: SourceMod error session started
L 02/07/2015 - 10:46:25: Info (map "pl_swiftwater_ugc") (file "errors_20150207.log")
L 02/07/2015 - 10:46:25: [SM] Could not parse file "/home/gameserver/tf2server/tf2/tf/addons/sourcemod/configs/maplists.cfg"
L 02/07/2015 - 10:46:25: [SM] Error on line 15 (col 12): A property was declared outside of a section
L 02/07/2015 - 11:00:39: Error log file session closed.
L 02/07/2015 - 11:00:47: SourceMod error session started
L 02/07/2015 - 11:00:47: Info (map "cp_gydan") (file "errors_20150207.log")
L 02/07/2015 - 11:00:47: [SM] Could not parse file "/home/gameserver/tf2server/tf2/tf/addons/sourcemod/configs/maplists.cfg"
L 02/07/2015 - 11:00:47: [SM] Error on line 15 (col 12): A property was declared outside of a section
L 02/07/2015 - 11:09:15: Error log file session closed.
L 02/07/2015 - 11:09:24: SourceMod error session started
L 02/07/2015 - 11:09:24: Info (map "pl_borax_rc2") (file "errors_20150207.log")
L 02/07/2015 - 11:09:24: [SM] Could not parse file "/home/gameserver/tf2server/tf2/tf/addons/sourcemod/configs/maplists.cfg"
L 02/07/2015 - 11:09:24: [SM] Error on line 15 (col 12): A property was declared outside of a section
L 02/07/2015 - 11:22:27: Error log file session closed.
L 02/07/2015 - 11:22:36: SourceMod error session started
L 02/07/2015 - 11:22:36: Info (map "pl_borneo_rc3") (file "errors_20150207.log")
L 02/07/2015 - 11:22:36: [SM] Could not parse file "/home/gameserver/tf2server/tf2/tf/addons/sourcemod/configs/maplists.cfg"
L 02/07/2015 - 11:22:36: [SM] Error on line 15 (col 12): A property was declared outside of a section
L 02/07/2015 - 11:47:20: Error log file session closed.
L 02/07/2015 - 11:47:29: SourceMod error session started
L 02/07/2015 - 11:47:29: Info (map "cp_aqua") (file "errors_20150207.log")
L 02/07/2015 - 11:47:29: [SM] Could not parse file "/home/gameserver/tf2server/tf2/tf/addons/sourcemod/configs/maplists.cfg"
L 02/07/2015 - 11:47:29: [SM] Error on line 15 (col 12): A property was declared outside of a section
L 02/07/2015 - 12:09:40: Error log file session closed.
L 02/07/2015 - 12:09:49: SourceMod error session started
L 02/07/2015 - 12:09:49: Info (map "cp_glacier_rc6") (file "errors_20150207.log")
L 02/07/2015 - 12:09:49: [SM] Could not parse file "/home/gameserver/tf2server/tf2/tf/addons/sourcemod/configs/maplists.cfg"
L 02/07/2015 - 12:09:49: [SM] Error on line 15 (col 12): A property was declared outside of a section
L 02/07/2015 - 12:58:07: Error log file session closed.
L 02/07/2015 - 12:58:16: SourceMod error session started
L 02/07/2015 - 12:58:16: Info (map "cp_glassworks_rc2") (file "errors_20150207.log")
L 02/07/2015 - 12:58:16: [SM] Could not parse file "/home/gameserver/tf2server/tf2/tf/addons/sourcemod/configs/maplists.cfg"
L 02/07/2015 - 12:58:16: [SM] Error on line 15 (col 12): A property was declared outside of a section
L 02/07/2015 - 13:40:00: Error log file session closed.
L 02/07/2015 - 13:40:09: SourceMod error session started
L 02/07/2015 - 13:40:09: Info (map "cp_glassworks_rc3") (file "errors_20150207.log")
L 02/07/2015 - 13:40:09: [SM] Could not parse file "/home/gameserver/tf2server/tf2/tf/addons/sourcemod/configs/maplists.cfg"
L 02/07/2015 - 13:40:09: [SM] Error on line 15 (col 12): A property was declared outside of a section
L 02/07/2015 - 14:51:43: Error log file session closed.
L 02/07/2015 - 14:51:52: SourceMod error session started
L 02/07/2015 - 14:51:52: Info (map "cp_gydan") (file "errors_20150207.log")
L 02/07/2015 - 14:51:52: [SM] Could not parse file "/home/gameserver/tf2server/tf2/tf/addons/sourcemod/configs/maplists.cfg"
L 02/07/2015 - 14:51:52: [SM] Error on line 15 (col 12): A property was declared outside of a section
L 02/07/2015 - 15:10:52: Error log file session closed.
L 02/07/2015 - 15:11:00: SourceMod error session started
L 02/07/2015 - 15:11:00: Info (map "cp_drag_rc1") (file "errors_20150207.log")
L 02/07/2015 - 15:11:00: [SM] Could not parse file "/home/gameserver/tf2server/tf2/tf/addons/sourcemod/configs/maplists.cfg"
L 02/07/2015 - 15:11:00: [SM] Error on line 15 (col 12): A property was declared outside of a section
L 02/07/2015 - 15:27:18: Error log file session closed.
L 02/07/2015 - 15:27:27: SourceMod error session started
L 02/07/2015 - 15:27:27: Info (map "cp_glacier_rc6") (file "errors_20150207.log")
L 02/07/2015 - 15:27:27: [SM] Could not parse file "/home/gameserver/tf2server/tf2/tf/addons/sourcemod/configs/maplists.cfg"
L 02/07/2015 - 15:27:27: [SM] Error on line 15 (col 12): A property was declared outside of a section
L 02/07/2015 - 15:38:25: Error log file session closed.
L 02/07/2015 - 15:38:34: SourceMod error session started
L 02/07/2015 - 15:38:34: Info (map "cp_fallout") (file "errors_20150207.log")
L 02/07/2015 - 15:38:34: [SM] Could not parse file "/home/gameserver/tf2server/tf2/tf/addons/sourcemod/configs/maplists.cfg"
L 02/07/2015 - 15:38:34: [SM] Error on line 15 (col 12): A property was declared outside of a section
L 02/07/2015 - 15:51:27: Error log file session closed.
L 02/07/2015 - 15:51:35: SourceMod error session started
L 02/07/2015 - 15:51:35: Info (map "koth_lighthouse_rc5") (file "errors_20150207.log")
L 02/07/2015 - 15:51:35: [SM] Could not parse file "/home/gameserver/tf2server/tf2/tf/addons/sourcemod/configs/maplists.cfg"
L 02/07/2015 - 15:51:35: [SM] Error on line 15 (col 12): A property was declared outside of a section
L 02/07/2015 - 16:04:31: Error log file session closed.
L 02/07/2015 - 16:04:40: SourceMod error session started
L 02/07/2015 - 16:04:40: Info (map "pl_pier_b16") (file "errors_20150207.log")
L 02/07/2015 - 16:04:40: [SM] Could not parse file "/home/gameserver/tf2server/tf2/tf/addons/sourcemod/configs/maplists.cfg"
L 02/07/2015 - 16:04:40: [SM] Error on line 15 (col 12): A property was declared outside of a section
L 02/07/2015 - 16:22:14: Error log file session closed.
L 02/07/2015 - 16:22:22: SourceMod error session started
L 02/07/2015 - 16:22:22: Info (map "pl_nat20_b2b") (file "errors_20150207.log")
L 02/07/2015 - 16:22:22: [SM] Could not parse file "/home/gameserver/tf2server/tf2/tf/addons/sourcemod/configs/maplists.cfg"
L 02/07/2015 - 16:22:22: [SM] Error on line 15 (col 12): A property was declared outside of a section
L 02/07/2015 - 16:39:02: Error log file session closed.
L 02/07/2015 - 16:39:10: SourceMod error session started
L 02/07/2015 - 16:39:10: Info (map "cp_croissant_final") (file "errors_20150207.log")
L 02/07/2015 - 16:39:10: [SM] Could not parse file "/home/gameserver/tf2server/tf2/tf/addons/sourcemod/configs/maplists.cfg"
L 02/07/2015 - 16:39:10: [SM] Error on line 15 (col 12): A property was declared outside of a section
L 02/07/2015 - 16:58:54: Error log file session closed.
L 02/07/2015 - 16:59:02: SourceMod error session started
L 02/07/2015 - 16:59:02: Info (map "koth_rocktop_rc2") (file "errors_20150207.log")
L 02/07/2015 - 16:59:02: [SM] Could not parse file "/home/gameserver/tf2server/tf2/tf/addons/sourcemod/configs/maplists.cfg"
L 02/07/2015 - 16:59:02: [SM] Error on line 15 (col 12): A property was declared outside of a section
L 02/07/2015 - 17:17:09: Error log file session closed.
L 02/07/2015 - 17:17:18: SourceMod error session started
L 02/07/2015 - 17:17:18: Info (map "dom_cliffhanger_b11") (file "errors_20150207.log")
L 02/07/2015 - 17:17:18: [SM] Could not parse file "/home/gameserver/tf2server/tf2/tf/addons/sourcemod/configs/maplists.cfg"
L 02/07/2015 - 17:17:18: [SM] Error on line 15 (col 12): A property was declared outside of a section
L 02/07/2015 - 17:52:47: Error log file session closed.
L 02/07/2015 - 17:52:56: SourceMod error session started
L 02/07/2015 - 17:52:56: Info (map "ctf_convoy_v2") (file "errors_20150207.log")
L 02/07/2015 - 17:52:56: [SM] Could not parse file "/home/gameserver/tf2server/tf2/tf/addons/sourcemod/configs/maplists.cfg"
L 02/07/2015 - 17:52:56: [SM] Error on line 15 (col 12): A property was declared outside of a section
L 02/07/2015 - 18:32:18: Error log file session closed.
L 02/07/2015 - 18:32:27: SourceMod error session started
L 02/07/2015 - 18:32:27: Info (map "pl_downpour_pass_b3") (file "errors_20150207.log")
L 02/07/2015 - 18:32:27: [SM] Could not parse file "/home/gameserver/tf2server/tf2/tf/addons/sourcemod/configs/maplists.cfg"
L 02/07/2015 - 18:32:27: [SM] Error on line 15 (col 12): A property was declared outside of a section
L 02/07/2015 - 18:51:49: Error log file session closed.
L 02/07/2015 - 18:51:57: SourceMod error session started
L 02/07/2015 - 18:51:57: Info (map "koth_probed_b6") (file "errors_20150207.log")
L 02/07/2015 - 18:51:57: [SM] Could not parse file "/home/gameserver/tf2server/tf2/tf/addons/sourcemod/configs/maplists.cfg"
L 02/07/2015 - 18:51:57: [SM] Error on line 15 (col 12): A property was declared outside of a section
