L 01/13/2015 - 01:01:51: SourceMod error session started
L 01/13/2015 - 01:01:51: Info (map "pl_great_heights_b3") (file "errors_20150113.log")
L 01/13/2015 - 01:01:51: Error log file session closed.
L 01/13/2015 - 01:01:58: SourceMod error session started
L 01/13/2015 - 01:01:58: Info (map "pl_great_heights_b3") (file "errors_20150113.log")
L 01/13/2015 - 01:01:58: [SM] Could not parse file "/home/gameserver/tf2server/tf2/tf/addons/sourcemod/configs/maplists.cfg"
L 01/13/2015 - 01:01:58: [SM] Error on line 15 (col 12): A property was declared outside of a section
L 01/13/2015 - 10:34:26: Error log file session closed.
L 01/13/2015 - 10:34:34: SourceMod error session started
L 01/13/2015 - 10:34:34: Info (map "pl_halfacre") (file "errors_20150113.log")
L 01/13/2015 - 10:34:34: [SM] Could not parse file "/home/gameserver/tf2server/tf2/tf/addons/sourcemod/configs/maplists.cfg"
L 01/13/2015 - 10:34:34: [SM] Error on line 15 (col 12): A property was declared outside of a section
L 01/13/2015 - 10:48:23: Error log file session closed.
L 01/13/2015 - 10:48:32: SourceMod error session started
L 01/13/2015 - 10:48:32: Info (map "pl_outback_rc4") (file "errors_20150113.log")
L 01/13/2015 - 10:48:32: [SM] Could not parse file "/home/gameserver/tf2server/tf2/tf/addons/sourcemod/configs/maplists.cfg"
L 01/13/2015 - 10:48:32: [SM] Error on line 15 (col 12): A property was declared outside of a section
L 01/13/2015 - 11:02:30: Error log file session closed.
L 01/13/2015 - 11:02:37: SourceMod error session started
L 01/13/2015 - 11:02:37: Info (map "pl_5curve") (file "errors_20150113.log")
L 01/13/2015 - 11:02:37: [SM] Could not parse file "/home/gameserver/tf2server/tf2/tf/addons/sourcemod/configs/maplists.cfg"
L 01/13/2015 - 11:02:37: [SM] Error on line 15 (col 12): A property was declared outside of a section
L 01/13/2015 - 11:15:14: Error log file session closed.
L 01/13/2015 - 11:15:21: SourceMod error session started
L 01/13/2015 - 11:15:21: Info (map "cp_starship_b3") (file "errors_20150113.log")
L 01/13/2015 - 11:15:21: [SM] Could not parse file "/home/gameserver/tf2server/tf2/tf/addons/sourcemod/configs/maplists.cfg"
L 01/13/2015 - 11:15:21: [SM] Error on line 15 (col 12): A property was declared outside of a section
L 01/13/2015 - 11:56:11: Error log file session closed.
L 01/13/2015 - 11:56:19: SourceMod error session started
L 01/13/2015 - 11:56:19: Info (map "cp_stoneyridge_rc1") (file "errors_20150113.log")
L 01/13/2015 - 11:56:19: [SM] Could not parse file "/home/gameserver/tf2server/tf2/tf/addons/sourcemod/configs/maplists.cfg"
L 01/13/2015 - 11:56:19: [SM] Error on line 15 (col 12): A property was declared outside of a section
L 01/13/2015 - 14:37:19: Error log file session closed.
L 01/13/2015 - 14:37:27: SourceMod error session started
L 01/13/2015 - 14:37:27: Info (map "cp_sunshine_rc3") (file "errors_20150113.log")
L 01/13/2015 - 14:37:27: [SM] Could not parse file "/home/gameserver/tf2server/tf2/tf/addons/sourcemod/configs/maplists.cfg"
L 01/13/2015 - 14:37:27: [SM] Error on line 15 (col 12): A property was declared outside of a section
L 01/13/2015 - 16:02:16: Error log file session closed.
L 01/13/2015 - 16:02:24: SourceMod error session started
L 01/13/2015 - 16:02:24: Info (map "cp_switchback_b5") (file "errors_20150113.log")
L 01/13/2015 - 16:02:24: [SM] Could not parse file "/home/gameserver/tf2server/tf2/tf/addons/sourcemod/configs/maplists.cfg"
L 01/13/2015 - 16:02:24: [SM] Error on line 15 (col 12): A property was declared outside of a section
L 01/13/2015 - 17:02:02: Error log file session closed.
L 01/13/2015 - 17:02:09: SourceMod error session started
L 01/13/2015 - 17:02:09: Info (map "cp_tidal_v4") (file "errors_20150113.log")
L 01/13/2015 - 17:02:09: [SM] Could not parse file "/home/gameserver/tf2server/tf2/tf/addons/sourcemod/configs/maplists.cfg"
L 01/13/2015 - 17:02:09: [SM] Error on line 15 (col 12): A property was declared outside of a section
L 01/13/2015 - 22:00:26: Error log file session closed.
L 01/13/2015 - 22:00:33: SourceMod error session started
L 01/13/2015 - 22:00:33: Info (map "cp_upland_rc4") (file "errors_20150113.log")
L 01/13/2015 - 22:00:33: [SM] Could not parse file "/home/gameserver/tf2server/tf2/tf/addons/sourcemod/configs/maplists.cfg"
L 01/13/2015 - 22:00:33: [SM] Error on line 15 (col 12): A property was declared outside of a section
L 01/13/2015 - 22:44:53: Error log file session closed.
L 01/13/2015 - 22:45:02: SourceMod error session started
L 01/13/2015 - 22:45:02: Info (map "cp_vanguard_b9") (file "errors_20150113.log")
L 01/13/2015 - 22:45:02: [SM] Could not parse file "/home/gameserver/tf2server/tf2/tf/addons/sourcemod/configs/maplists.cfg"
L 01/13/2015 - 22:45:02: [SM] Error on line 15 (col 12): A property was declared outside of a section
