L 02/15/2015 - 07:35:24: SourceMod error session started
L 02/15/2015 - 07:35:24: Info (map "pl_boundary_final") (file "errors_20150215.log")
L 02/15/2015 - 07:35:24: Error log file session closed.
L 02/15/2015 - 07:35:32: SourceMod error session started
L 02/15/2015 - 07:35:32: Info (map "pl_boundary_final") (file "errors_20150215.log")
L 02/15/2015 - 07:35:32: [SM] Could not parse file "/home/gameserver/tf2server/tf2/tf/addons/sourcemod/configs/maplists.cfg"
L 02/15/2015 - 07:35:32: [SM] Error on line 15 (col 12): A property was declared outside of a section
L 02/15/2015 - 09:03:38: Error log file session closed.
L 02/15/2015 - 09:03:46: SourceMod error session started
L 02/15/2015 - 09:03:46: Info (map "pl_boundary_final1") (file "errors_20150215.log")
L 02/15/2015 - 09:03:46: [SM] Could not parse file "/home/gameserver/tf2server/tf2/tf/addons/sourcemod/configs/maplists.cfg"
L 02/15/2015 - 09:03:46: [SM] Error on line 15 (col 12): A property was declared outside of a section
L 02/15/2015 - 12:03:56: Error log file session closed.
L 02/15/2015 - 12:04:05: SourceMod error session started
L 02/15/2015 - 12:04:05: Info (map "cp_beamvalley_v2") (file "errors_20150215.log")
L 02/15/2015 - 12:04:05: [SM] Could not parse file "/home/gameserver/tf2server/tf2/tf/addons/sourcemod/configs/maplists.cfg"
L 02/15/2015 - 12:04:05: [SM] Error on line 15 (col 12): A property was declared outside of a section
L 02/15/2015 - 13:14:24: Error log file session closed.
L 02/15/2015 - 13:14:32: SourceMod error session started
L 02/15/2015 - 13:14:32: Info (map "cp_aqua") (file "errors_20150215.log")
L 02/15/2015 - 13:14:32: [SM] Could not parse file "/home/gameserver/tf2server/tf2/tf/addons/sourcemod/configs/maplists.cfg"
L 02/15/2015 - 13:14:32: [SM] Error on line 15 (col 12): A property was declared outside of a section
L 02/15/2015 - 13:24:09: Error log file session closed.
L 02/15/2015 - 13:24:18: SourceMod error session started
L 02/15/2015 - 13:24:18: Info (map "cp_bazillion_rc5") (file "errors_20150215.log")
L 02/15/2015 - 13:24:18: [SM] Could not parse file "/home/gameserver/tf2server/tf2/tf/addons/sourcemod/configs/maplists.cfg"
L 02/15/2015 - 13:24:18: [SM] Error on line 15 (col 12): A property was declared outside of a section
L 02/15/2015 - 13:30:44: Error log file session closed.
L 02/15/2015 - 13:30:52: SourceMod error session started
L 02/15/2015 - 13:30:52: Info (map "cp_axle_rc1") (file "errors_20150215.log")
L 02/15/2015 - 13:30:52: [SM] Could not parse file "/home/gameserver/tf2server/tf2/tf/addons/sourcemod/configs/maplists.cfg"
L 02/15/2015 - 13:30:52: [SM] Error on line 15 (col 12): A property was declared outside of a section
L 02/15/2015 - 14:24:31: Error log file session closed.
L 02/15/2015 - 14:24:39: SourceMod error session started
L 02/15/2015 - 14:24:39: Info (map "cp_vertical") (file "errors_20150215.log")
L 02/15/2015 - 14:24:39: [SM] Could not parse file "/home/gameserver/tf2server/tf2/tf/addons/sourcemod/configs/maplists.cfg"
L 02/15/2015 - 14:24:39: [SM] Error on line 15 (col 12): A property was declared outside of a section
L 02/15/2015 - 15:03:49: Error log file session closed.
L 02/15/2015 - 15:03:58: SourceMod error session started
L 02/15/2015 - 15:03:58: Info (map "cp_zinkenite_b3a") (file "errors_20150215.log")
L 02/15/2015 - 15:03:58: [SM] Could not parse file "/home/gameserver/tf2server/tf2/tf/addons/sourcemod/configs/maplists.cfg"
L 02/15/2015 - 15:03:58: [SM] Error on line 15 (col 12): A property was declared outside of a section
L 02/15/2015 - 20:45:38: Error log file session closed.
L 02/15/2015 - 20:45:47: SourceMod error session started
L 02/15/2015 - 20:45:47: Info (map "cp_boulder_v5") (file "errors_20150215.log")
L 02/15/2015 - 20:45:47: [SM] Could not parse file "/home/gameserver/tf2server/tf2/tf/addons/sourcemod/configs/maplists.cfg"
L 02/15/2015 - 20:45:47: [SM] Error on line 15 (col 12): A property was declared outside of a section
L 02/15/2015 - 20:53:20: Error log file session closed.
L 02/15/2015 - 20:53:27: SourceMod error session started
L 02/15/2015 - 20:53:27: Info (map "cp_desolation_rc1") (file "errors_20150215.log")
L 02/15/2015 - 20:53:27: [SM] Could not parse file "/home/gameserver/tf2server/tf2/tf/addons/sourcemod/configs/maplists.cfg"
L 02/15/2015 - 20:53:27: [SM] Error on line 15 (col 12): A property was declared outside of a section
L 02/15/2015 - 20:57:13: Error log file session closed.
L 02/15/2015 - 20:57:21: SourceMod error session started
L 02/15/2015 - 20:57:21: Info (map "cp_drag_rc1") (file "errors_20150215.log")
L 02/15/2015 - 20:57:21: [SM] Could not parse file "/home/gameserver/tf2server/tf2/tf/addons/sourcemod/configs/maplists.cfg"
L 02/15/2015 - 20:57:21: [SM] Error on line 15 (col 12): A property was declared outside of a section
L 02/15/2015 - 21:25:18: Error log file session closed.
L 02/15/2015 - 21:25:27: SourceMod error session started
L 02/15/2015 - 21:25:27: Info (map "cp_dusk_rc1") (file "errors_20150215.log")
L 02/15/2015 - 21:25:27: [SM] Could not parse file "/home/gameserver/tf2server/tf2/tf/addons/sourcemod/configs/maplists.cfg"
L 02/15/2015 - 21:25:27: [SM] Error on line 15 (col 12): A property was declared outside of a section
L 02/15/2015 - 21:42:10: Error log file session closed.
L 02/15/2015 - 21:42:19: SourceMod error session started
L 02/15/2015 - 21:42:19: Info (map "cp_erosion_rc2") (file "errors_20150215.log")
L 02/15/2015 - 21:42:19: [SM] Could not parse file "/home/gameserver/tf2server/tf2/tf/addons/sourcemod/configs/maplists.cfg"
L 02/15/2015 - 21:42:19: [SM] Error on line 15 (col 12): A property was declared outside of a section
L 02/15/2015 - 22:47:49: Error log file session closed.
L 02/15/2015 - 22:47:57: SourceMod error session started
L 02/15/2015 - 22:47:57: Info (map "cp_evergreen_b4") (file "errors_20150215.log")
L 02/15/2015 - 22:47:57: [SM] Could not parse file "/home/gameserver/tf2server/tf2/tf/addons/sourcemod/configs/maplists.cfg"
L 02/15/2015 - 22:47:57: [SM] Error on line 15 (col 12): A property was declared outside of a section
L 02/15/2015 - 23:58:57: Error log file session closed.
L 02/15/2015 - 23:59:05: SourceMod error session started
L 02/15/2015 - 23:59:05: Info (map "cp_fallout") (file "errors_20150215.log")
L 02/15/2015 - 23:59:05: [SM] Could not parse file "/home/gameserver/tf2server/tf2/tf/addons/sourcemod/configs/maplists.cfg"
L 02/15/2015 - 23:59:05: [SM] Error on line 15 (col 12): A property was declared outside of a section
