L 02/06/2015 - 10:48:43: SourceMod error session started
L 02/06/2015 - 10:48:43: Info (map "pl_waste_v2") (file "errors_20150206.log")
L 02/06/2015 - 10:48:43: Error log file session closed.
L 02/06/2015 - 10:48:52: SourceMod error session started
L 02/06/2015 - 10:48:52: Info (map "pl_waste_v2") (file "errors_20150206.log")
L 02/06/2015 - 10:48:52: [SM] Could not parse file "/home/gameserver/tf2server/tf2/tf/addons/sourcemod/configs/maplists.cfg"
L 02/06/2015 - 10:48:52: [SM] Error on line 15 (col 12): A property was declared outside of a section
L 02/06/2015 - 10:58:03: Error log file session closed.
L 02/06/2015 - 10:58:12: SourceMod error session started
L 02/06/2015 - 10:58:12: Info (map "cp_logjam_b10") (file "errors_20150206.log")
L 02/06/2015 - 10:58:12: [SM] Could not parse file "/home/gameserver/tf2server/tf2/tf/addons/sourcemod/configs/maplists.cfg"
L 02/06/2015 - 10:58:12: [SM] Error on line 15 (col 12): A property was declared outside of a section
L 02/06/2015 - 12:15:04: Error log file session closed.
L 02/06/2015 - 12:15:13: SourceMod error session started
L 02/06/2015 - 12:15:13: Info (map "cp_mainline_rc5") (file "errors_20150206.log")
L 02/06/2015 - 12:15:13: [SM] Could not parse file "/home/gameserver/tf2server/tf2/tf/addons/sourcemod/configs/maplists.cfg"
L 02/06/2015 - 12:15:13: [SM] Error on line 15 (col 12): A property was declared outside of a section
L 02/06/2015 - 13:21:23: Error log file session closed.
L 02/06/2015 - 13:21:32: SourceMod error session started
L 02/06/2015 - 13:21:32: Info (map "cp_marienwerder_beta2") (file "errors_20150206.log")
L 02/06/2015 - 13:21:32: [SM] Could not parse file "/home/gameserver/tf2server/tf2/tf/addons/sourcemod/configs/maplists.cfg"
L 02/06/2015 - 13:21:32: [SM] Error on line 15 (col 12): A property was declared outside of a section
L 02/06/2015 - 13:45:57: Error log file session closed.
L 02/06/2015 - 13:46:06: SourceMod error session started
L 02/06/2015 - 13:46:06: Info (map "cp_croissant_final") (file "errors_20150206.log")
L 02/06/2015 - 13:46:06: [SM] Could not parse file "/home/gameserver/tf2server/tf2/tf/addons/sourcemod/configs/maplists.cfg"
L 02/06/2015 - 13:46:06: [SM] Error on line 15 (col 12): A property was declared outside of a section
L 02/06/2015 - 16:07:29: Error log file session closed.
L 02/06/2015 - 16:07:38: SourceMod error session started
L 02/06/2015 - 16:07:38: Info (map "cp_aqua") (file "errors_20150206.log")
L 02/06/2015 - 16:07:38: [SM] Could not parse file "/home/gameserver/tf2server/tf2/tf/addons/sourcemod/configs/maplists.cfg"
L 02/06/2015 - 16:07:38: [SM] Error on line 15 (col 12): A property was declared outside of a section
L 02/06/2015 - 16:40:53: Error log file session closed.
L 02/06/2015 - 16:41:02: SourceMod error session started
L 02/06/2015 - 16:41:02: Info (map "pl_borneo_rc3") (file "errors_20150206.log")
L 02/06/2015 - 16:41:02: [SM] Could not parse file "/home/gameserver/tf2server/tf2/tf/addons/sourcemod/configs/maplists.cfg"
L 02/06/2015 - 16:41:02: [SM] Error on line 15 (col 12): A property was declared outside of a section
L 02/06/2015 - 17:02:01: Error log file session closed.
L 02/06/2015 - 17:02:10: SourceMod error session started
L 02/06/2015 - 17:02:10: Info (map "ctf_aerospace_b3") (file "errors_20150206.log")
L 02/06/2015 - 17:02:10: [SM] Could not parse file "/home/gameserver/tf2server/tf2/tf/addons/sourcemod/configs/maplists.cfg"
L 02/06/2015 - 17:02:10: [SM] Error on line 15 (col 12): A property was declared outside of a section
