L 01/19/2015 - 02:47:02: SourceMod error session started
L 01/19/2015 - 02:47:02: Info (map "ctf_fusion_b2") (file "errors_20150119.log")
L 01/19/2015 - 02:47:02: Error log file session closed.
L 01/19/2015 - 02:47:13: SourceMod error session started
L 01/19/2015 - 02:47:13: Info (map "ctf_fusion_b2") (file "errors_20150119.log")
L 01/19/2015 - 02:47:13: [SM] Could not parse file "/home/gameserver/tf2server/tf2/tf/addons/sourcemod/configs/maplists.cfg"
L 01/19/2015 - 02:47:13: [SM] Error on line 15 (col 12): A property was declared outside of a section
L 01/19/2015 - 03:37:58: Error log file session closed.
L 01/19/2015 - 03:38:09: SourceMod error session started
L 01/19/2015 - 03:38:09: Info (map "ctf_geothermal_b2") (file "errors_20150119.log")
L 01/19/2015 - 03:38:09: [SM] Could not parse file "/home/gameserver/tf2server/tf2/tf/addons/sourcemod/configs/maplists.cfg"
L 01/19/2015 - 03:38:09: [SM] Error on line 15 (col 12): A property was declared outside of a section
L 01/19/2015 - 06:22:48: Error log file session closed.
L 01/19/2015 - 06:22:59: SourceMod error session started
L 01/19/2015 - 06:22:59: Info (map "ctf_haarp") (file "errors_20150119.log")
L 01/19/2015 - 06:22:59: [SM] Could not parse file "/home/gameserver/tf2server/tf2/tf/addons/sourcemod/configs/maplists.cfg"
L 01/19/2015 - 06:22:59: [SM] Error on line 15 (col 12): A property was declared outside of a section
L 01/19/2015 - 09:22:24: Error log file session closed.
L 01/19/2015 - 09:22:35: SourceMod error session started
L 01/19/2015 - 09:22:35: Info (map "ctf_installation_v2") (file "errors_20150119.log")
L 01/19/2015 - 09:22:35: [SM] Could not parse file "/home/gameserver/tf2server/tf2/tf/addons/sourcemod/configs/maplists.cfg"
L 01/19/2015 - 09:22:35: [SM] Error on line 15 (col 12): A property was declared outside of a section
L 01/19/2015 - 09:56:06: Error log file session closed.
L 01/19/2015 - 09:56:17: SourceMod error session started
L 01/19/2015 - 09:56:17: Info (map "pl_vanishingpoint") (file "errors_20150119.log")
L 01/19/2015 - 09:56:17: [SM] Could not parse file "/home/gameserver/tf2server/tf2/tf/addons/sourcemod/configs/maplists.cfg"
L 01/19/2015 - 09:56:17: [SM] Error on line 15 (col 12): A property was declared outside of a section
L 01/19/2015 - 10:17:35: Error log file session closed.
L 01/19/2015 - 10:17:46: SourceMod error session started
L 01/19/2015 - 10:17:46: Info (map "pl_cranetop_b8") (file "errors_20150119.log")
L 01/19/2015 - 10:17:46: [SM] Could not parse file "/home/gameserver/tf2server/tf2/tf/addons/sourcemod/configs/maplists.cfg"
L 01/19/2015 - 10:17:46: [SM] Error on line 15 (col 12): A property was declared outside of a section
L 01/19/2015 - 10:46:17: Error log file session closed.
L 01/19/2015 - 10:46:28: SourceMod error session started
L 01/19/2015 - 10:46:28: Info (map "koth_oilfield") (file "errors_20150119.log")
L 01/19/2015 - 10:46:28: [SM] Could not parse file "/home/gameserver/tf2server/tf2/tf/addons/sourcemod/configs/maplists.cfg"
L 01/19/2015 - 10:46:28: [SM] Error on line 15 (col 12): A property was declared outside of a section
L 01/19/2015 - 10:58:20: Error log file session closed.
L 01/19/2015 - 10:58:30: SourceMod error session started
L 01/19/2015 - 10:58:30: Info (map "dom_cliffhanger_b11") (file "errors_20150119.log")
L 01/19/2015 - 10:58:30: [SM] Could not parse file "/home/gameserver/tf2server/tf2/tf/addons/sourcemod/configs/maplists.cfg"
L 01/19/2015 - 10:58:30: [SM] Error on line 15 (col 12): A property was declared outside of a section
L 01/19/2015 - 11:07:49: Error log file session closed.
L 01/19/2015 - 11:07:59: SourceMod error session started
L 01/19/2015 - 11:07:59: Info (map "cp_croissant_final") (file "errors_20150119.log")
L 01/19/2015 - 11:07:59: [SM] Could not parse file "/home/gameserver/tf2server/tf2/tf/addons/sourcemod/configs/maplists.cfg"
L 01/19/2015 - 11:07:59: [SM] Error on line 15 (col 12): A property was declared outside of a section
L 01/19/2015 - 11:32:30: Error log file session closed.
L 01/19/2015 - 11:32:41: SourceMod error session started
L 01/19/2015 - 11:32:41: Info (map "ctf_chaos") (file "errors_20150119.log")
L 01/19/2015 - 11:32:41: [SM] Could not parse file "/home/gameserver/tf2server/tf2/tf/addons/sourcemod/configs/maplists.cfg"
L 01/19/2015 - 11:32:41: [SM] Error on line 15 (col 12): A property was declared outside of a section
L 01/19/2015 - 11:43:46: Error log file session closed.
L 01/19/2015 - 11:43:57: SourceMod error session started
L 01/19/2015 - 11:43:57: Info (map "pl_beerbowl_b6c") (file "errors_20150119.log")
L 01/19/2015 - 11:43:57: [SM] Could not parse file "/home/gameserver/tf2server/tf2/tf/addons/sourcemod/configs/maplists.cfg"
L 01/19/2015 - 11:43:57: [SM] Error on line 15 (col 12): A property was declared outside of a section
L 01/19/2015 - 12:12:33: Error log file session closed.
L 01/19/2015 - 12:12:44: SourceMod error session started
L 01/19/2015 - 12:12:44: Info (map "plr_frostfell_a10") (file "errors_20150119.log")
L 01/19/2015 - 12:12:44: [SM] Could not parse file "/home/gameserver/tf2server/tf2/tf/addons/sourcemod/configs/maplists.cfg"
L 01/19/2015 - 12:12:44: [SM] Error on line 15 (col 12): A property was declared outside of a section
L 01/19/2015 - 12:44:45: Error log file session closed.
L 01/19/2015 - 12:44:55: SourceMod error session started
L 01/19/2015 - 12:44:55: Info (map "pl_problematique_a3") (file "errors_20150119.log")
L 01/19/2015 - 12:44:55: [SM] Could not parse file "/home/gameserver/tf2server/tf2/tf/addons/sourcemod/configs/maplists.cfg"
L 01/19/2015 - 12:44:55: [SM] Error on line 15 (col 12): A property was declared outside of a section
L 01/19/2015 - 13:04:41: Error log file session closed.
L 01/19/2015 - 13:04:52: SourceMod error session started
L 01/19/2015 - 13:04:52: Info (map "pl_waste_v2") (file "errors_20150119.log")
L 01/19/2015 - 13:04:52: [SM] Could not parse file "/home/gameserver/tf2server/tf2/tf/addons/sourcemod/configs/maplists.cfg"
L 01/19/2015 - 13:04:52: [SM] Error on line 15 (col 12): A property was declared outside of a section
L 01/19/2015 - 13:22:49: Error log file session closed.
L 01/19/2015 - 13:23:00: SourceMod error session started
L 01/19/2015 - 13:23:00: Info (map "ctf_fishy_b4") (file "errors_20150119.log")
L 01/19/2015 - 13:23:00: [SM] Could not parse file "/home/gameserver/tf2server/tf2/tf/addons/sourcemod/configs/maplists.cfg"
L 01/19/2015 - 13:23:00: [SM] Error on line 15 (col 12): A property was declared outside of a section
L 01/19/2015 - 13:36:41: Error log file session closed.
L 01/19/2015 - 13:36:52: SourceMod error session started
L 01/19/2015 - 13:36:52: Info (map "koth_lighthouse_rc5") (file "errors_20150119.log")
L 01/19/2015 - 13:36:52: [SM] Could not parse file "/home/gameserver/tf2server/tf2/tf/addons/sourcemod/configs/maplists.cfg"
L 01/19/2015 - 13:36:52: [SM] Error on line 15 (col 12): A property was declared outside of a section
L 01/19/2015 - 13:48:55: Error log file session closed.
L 01/19/2015 - 13:49:06: SourceMod error session started
L 01/19/2015 - 13:49:06: Info (map "pl_effigy_b5") (file "errors_20150119.log")
L 01/19/2015 - 13:49:06: [SM] Could not parse file "/home/gameserver/tf2server/tf2/tf/addons/sourcemod/configs/maplists.cfg"
L 01/19/2015 - 13:49:06: [SM] Error on line 15 (col 12): A property was declared outside of a section
L 01/19/2015 - 14:04:37: Error log file session closed.
L 01/19/2015 - 14:04:48: SourceMod error session started
L 01/19/2015 - 14:04:48: Info (map "ctf_freezers_v2") (file "errors_20150119.log")
L 01/19/2015 - 14:04:48: [SM] Could not parse file "/home/gameserver/tf2server/tf2/tf/addons/sourcemod/configs/maplists.cfg"
L 01/19/2015 - 14:04:48: [SM] Error on line 15 (col 12): A property was declared outside of a section
L 01/19/2015 - 14:24:29: Error log file session closed.
L 01/19/2015 - 14:24:40: SourceMod error session started
L 01/19/2015 - 14:24:40: Info (map "cp_stoneyridge_rc1") (file "errors_20150119.log")
L 01/19/2015 - 14:24:40: [SM] Could not parse file "/home/gameserver/tf2server/tf2/tf/addons/sourcemod/configs/maplists.cfg"
L 01/19/2015 - 14:24:40: [SM] Error on line 15 (col 12): A property was declared outside of a section
L 01/19/2015 - 14:42:05: Error log file session closed.
L 01/19/2015 - 14:42:16: SourceMod error session started
L 01/19/2015 - 14:42:16: Info (map "cp_glassworks_rc3") (file "errors_20150119.log")
L 01/19/2015 - 14:42:16: [SM] Could not parse file "/home/gameserver/tf2server/tf2/tf/addons/sourcemod/configs/maplists.cfg"
L 01/19/2015 - 14:42:16: [SM] Error on line 15 (col 12): A property was declared outside of a section
L 01/19/2015 - 14:53:32: Error log file session closed.
L 01/19/2015 - 14:53:43: SourceMod error session started
L 01/19/2015 - 14:53:43: Info (map "cp_desolation_rc1") (file "errors_20150119.log")
L 01/19/2015 - 14:53:43: [SM] Could not parse file "/home/gameserver/tf2server/tf2/tf/addons/sourcemod/configs/maplists.cfg"
L 01/19/2015 - 14:53:43: [SM] Error on line 15 (col 12): A property was declared outside of a section
L 01/19/2015 - 14:58:49: Error log file session closed.
L 01/19/2015 - 14:59:00: SourceMod error session started
L 01/19/2015 - 14:59:00: Info (map "cp_beamvalley_v2") (file "errors_20150119.log")
L 01/19/2015 - 14:59:00: [SM] Could not parse file "/home/gameserver/tf2server/tf2/tf/addons/sourcemod/configs/maplists.cfg"
L 01/19/2015 - 14:59:00: [SM] Error on line 15 (col 12): A property was declared outside of a section
L 01/19/2015 - 15:30:23: Error log file session closed.
L 01/19/2015 - 15:30:35: SourceMod error session started
L 01/19/2015 - 15:30:35: Info (map "cp_keikoku_rc1") (file "errors_20150119.log")
L 01/19/2015 - 15:30:35: [SM] Could not parse file "/home/gameserver/tf2server/tf2/tf/addons/sourcemod/configs/maplists.cfg"
L 01/19/2015 - 15:30:35: [SM] Error on line 15 (col 12): A property was declared outside of a section
L 01/19/2015 - 15:46:53: Error log file session closed.
L 01/19/2015 - 15:47:04: SourceMod error session started
L 01/19/2015 - 15:47:04: Info (map "cp_aqua") (file "errors_20150119.log")
L 01/19/2015 - 15:47:04: [SM] Could not parse file "/home/gameserver/tf2server/tf2/tf/addons/sourcemod/configs/maplists.cfg"
L 01/19/2015 - 15:47:04: [SM] Error on line 15 (col 12): A property was declared outside of a section
L 01/19/2015 - 16:10:43: Error log file session closed.
L 01/19/2015 - 16:10:54: SourceMod error session started
L 01/19/2015 - 16:10:54: Info (map "ctf_haarp") (file "errors_20150119.log")
L 01/19/2015 - 16:10:54: [SM] Could not parse file "/home/gameserver/tf2server/tf2/tf/addons/sourcemod/configs/maplists.cfg"
L 01/19/2015 - 16:10:54: [SM] Error on line 15 (col 12): A property was declared outside of a section
L 01/19/2015 - 16:47:43: Error log file session closed.
L 01/19/2015 - 16:47:54: SourceMod error session started
L 01/19/2015 - 16:47:54: Info (map "cp_croissant_final") (file "errors_20150119.log")
L 01/19/2015 - 16:47:54: [SM] Could not parse file "/home/gameserver/tf2server/tf2/tf/addons/sourcemod/configs/maplists.cfg"
L 01/19/2015 - 16:47:54: [SM] Error on line 15 (col 12): A property was declared outside of a section
L 01/19/2015 - 17:28:04: Error log file session closed.
L 01/19/2015 - 17:28:15: SourceMod error session started
L 01/19/2015 - 17:28:15: Info (map "cp_desertion_rc1") (file "errors_20150119.log")
L 01/19/2015 - 17:28:15: [SM] Could not parse file "/home/gameserver/tf2server/tf2/tf/addons/sourcemod/configs/maplists.cfg"
L 01/19/2015 - 17:28:15: [SM] Error on line 15 (col 12): A property was declared outside of a section
L 01/19/2015 - 18:31:25: Error log file session closed.
L 01/19/2015 - 18:31:36: SourceMod error session started
L 01/19/2015 - 18:31:36: Info (map "cp_desolation_rc1") (file "errors_20150119.log")
L 01/19/2015 - 18:31:36: [SM] Could not parse file "/home/gameserver/tf2server/tf2/tf/addons/sourcemod/configs/maplists.cfg"
L 01/19/2015 - 18:31:36: [SM] Error on line 15 (col 12): A property was declared outside of a section
