L 09/04/2015 - 11:27:59: SourceMod error session started
L 09/04/2015 - 11:27:59: Info (map "workshop/pl_retawdab.ugc475731069") (file "errors_20150904.log")
L 09/04/2015 - 11:27:59: [SM] Fatal error encountered parsing translation file "smac.phrases.txt"
L 09/04/2015 - 11:27:59: [SM] Error (line 0, column 0): Stream failed to open
L 09/04/2015 - 11:27:59: [SM] Plugin encountered error 25: Call was aborted
L 09/04/2015 - 11:27:59: [SM] Native "SetFailState" reported: This plugin requires either the cURL, Socket, or SteamTools extension to function.
L 09/04/2015 - 11:27:59: [SM] Displaying call stack trace for plugin "updater.smx":
L 09/04/2015 - 11:27:59: [SM]   [0]  Line 100, updater.sp::OnPluginStart()
L 09/04/2015 - 11:27:59: [SM] Native "Updater_AddPlugin" reported: Plugin owning this native is currently paused.
L 09/04/2015 - 11:27:59: [SM] Displaying call stack trace for plugin "smac.smx":
L 09/04/2015 - 11:27:59: [SM]   [0]  Line 144, smac.sp::OnLibraryAdded()
L 09/04/2015 - 11:27:59: [SM] Native "Updater_AddPlugin" reported: Plugin owning this native is currently paused.
L 09/04/2015 - 11:27:59: [SM] Displaying call stack trace for plugin "smac_aimbot.smx":
L 09/04/2015 - 11:27:59: [SM]   [0]  Line 143, smac_aimbot.sp::OnLibraryAdded()
L 09/04/2015 - 11:27:59: [SM] Native "Updater_AddPlugin" reported: Plugin owning this native is currently paused.
L 09/04/2015 - 11:27:59: [SM] Displaying call stack trace for plugin "smac_client.smx":
L 09/04/2015 - 11:27:59: [SM]   [0]  Line 105, smac_client.sp::OnLibraryAdded()
L 09/04/2015 - 11:27:59: [SM] Native "Updater_AddPlugin" reported: Plugin owning this native is currently paused.
L 09/04/2015 - 11:27:59: [SM] Displaying call stack trace for plugin "smac_commands.smx":
L 09/04/2015 - 11:27:59: [SM]   [0]  Line 214, smac_commands.sp::OnLibraryAdded()
L 09/04/2015 - 11:27:59: [SM] Native "Updater_AddPlugin" reported: Plugin owning this native is currently paused.
L 09/04/2015 - 11:27:59: [SM] Displaying call stack trace for plugin "smac_rcon.smx":
L 09/04/2015 - 11:27:59: [SM]   [0]  Line 114, smac_rcon.sp::OnLibraryAdded()
L 09/04/2015 - 11:27:59: [SM] Native "Updater_AddPlugin" reported: Plugin owning this native is currently paused.
L 09/04/2015 - 11:27:59: [SM] Displaying call stack trace for plugin "smac_speedhack.smx":
L 09/04/2015 - 11:27:59: [SM]   [0]  Line 78, smac_speedhack.sp::OnLibraryAdded()
L 09/04/2015 - 11:27:59: [SM] Native "Updater_AddPlugin" reported: Plugin owning this native is currently paused.
L 09/04/2015 - 11:27:59: [SM] Displaying call stack trace for plugin "smac_spinhack.smx":
L 09/04/2015 - 11:27:59: [SM]   [0]  Line 73, smac_spinhack.sp::OnLibraryAdded()
L 09/04/2015 - 11:27:59: [SM] Native "Updater_AddPlugin" reported: Plugin owning this native is currently paused.
L 09/04/2015 - 11:27:59: [SM] Displaying call stack trace for plugin "smac_wallhack.smx":
L 09/04/2015 - 11:27:59: [SM]   [0]  Line 152, smac_wallhack.sp::OnLibraryAdded()
L 09/04/2015 - 11:48:27: [SM] Plugin encountered error 4: Invalid parameter or parameter type
L 09/04/2015 - 11:48:27: [SM] Native "VFormat" reported: Language phrase "SMAC_Tag" not found
L 09/04/2015 - 11:48:27: [SM] Displaying call stack trace for plugin "smac.smx":
L 09/04/2015 - 11:48:27: [SM]   [0]  Line 65, C:\Users\Max\Desktop\Coding\SourceMod\smac-live\include\colors.inc::CPrintToChat()
L 09/04/2015 - 11:48:27: [SM]   [1]  Line 185, smac.sp::Timer_WelcomeMsg()
L 09/04/2015 - 11:50:40: Error log file session closed.
L 09/04/2015 - 11:50:54: SourceMod error session started
L 09/04/2015 - 11:50:54: Info (map "koth_aperture_science_iii") (file "errors_20150904.log")
L 09/04/2015 - 11:50:54: [SM] Fatal error encountered parsing translation file "smac.phrases.txt"
L 09/04/2015 - 11:50:54: [SM] Error (line 0, column 0): Stream failed to open
L 09/04/2015 - 11:50:54: [SM] Plugin encountered error 25: Call was aborted
L 09/04/2015 - 11:50:54: [SM] Native "SetFailState" reported: This plugin requires either the cURL, Socket, or SteamTools extension to function.
L 09/04/2015 - 11:50:54: [SM] Displaying call stack trace for plugin "updater.smx":
L 09/04/2015 - 11:50:54: [SM]   [0]  Line 100, updater.sp::OnPluginStart()
L 09/04/2015 - 11:50:54: [SM] Native "Updater_AddPlugin" reported: Plugin owning this native is currently paused.
L 09/04/2015 - 11:50:54: [SM] Displaying call stack trace for plugin "smac.smx":
L 09/04/2015 - 11:50:54: [SM]   [0]  Line 144, smac.sp::OnLibraryAdded()
L 09/04/2015 - 11:50:54: [SM] Native "Updater_AddPlugin" reported: Plugin owning this native is currently paused.
L 09/04/2015 - 11:50:54: [SM] Displaying call stack trace for plugin "smac_aimbot.smx":
L 09/04/2015 - 11:50:54: [SM]   [0]  Line 143, smac_aimbot.sp::OnLibraryAdded()
L 09/04/2015 - 11:50:54: [SM] Native "Updater_AddPlugin" reported: Plugin owning this native is currently paused.
L 09/04/2015 - 11:50:54: [SM] Displaying call stack trace for plugin "smac_client.smx":
L 09/04/2015 - 11:50:54: [SM]   [0]  Line 105, smac_client.sp::OnLibraryAdded()
L 09/04/2015 - 11:50:54: [SM] Native "Updater_AddPlugin" reported: Plugin owning this native is currently paused.
L 09/04/2015 - 11:50:54: [SM] Displaying call stack trace for plugin "smac_commands.smx":
L 09/04/2015 - 11:50:54: [SM]   [0]  Line 214, smac_commands.sp::OnLibraryAdded()
L 09/04/2015 - 11:50:54: [SM] Native "Updater_AddPlugin" reported: Plugin owning this native is currently paused.
L 09/04/2015 - 11:50:54: [SM] Displaying call stack trace for plugin "smac_rcon.smx":
L 09/04/2015 - 11:50:54: [SM]   [0]  Line 114, smac_rcon.sp::OnLibraryAdded()
L 09/04/2015 - 11:50:54: [SM] Native "Updater_AddPlugin" reported: Plugin owning this native is currently paused.
L 09/04/2015 - 11:50:54: [SM] Displaying call stack trace for plugin "smac_speedhack.smx":
L 09/04/2015 - 11:50:54: [SM]   [0]  Line 78, smac_speedhack.sp::OnLibraryAdded()
L 09/04/2015 - 11:50:54: [SM] Native "Updater_AddPlugin" reported: Plugin owning this native is currently paused.
L 09/04/2015 - 11:50:54: [SM] Displaying call stack trace for plugin "smac_spinhack.smx":
L 09/04/2015 - 11:50:54: [SM]   [0]  Line 73, smac_spinhack.sp::OnLibraryAdded()
L 09/04/2015 - 11:50:54: [SM] Native "Updater_AddPlugin" reported: Plugin owning this native is currently paused.
L 09/04/2015 - 11:50:54: [SM] Displaying call stack trace for plugin "smac_wallhack.smx":
L 09/04/2015 - 11:50:54: [SM]   [0]  Line 152, smac_wallhack.sp::OnLibraryAdded()
L 09/04/2015 - 11:59:18: [SM] Plugin encountered error 4: Invalid parameter or parameter type
L 09/04/2015 - 11:59:18: [SM] Native "VFormat" reported: Language phrase "SMAC_Tag" not found
L 09/04/2015 - 11:59:18: [SM] Displaying call stack trace for plugin "smac.smx":
L 09/04/2015 - 11:59:18: [SM]   [0]  Line 65, C:\Users\Max\Desktop\Coding\SourceMod\smac-live\include\colors.inc::CPrintToChat()
L 09/04/2015 - 11:59:18: [SM]   [1]  Line 185, smac.sp::Timer_WelcomeMsg()
L 09/04/2015 - 12:01:51: Error log file session closed.
L 09/04/2015 - 12:02:45: SourceMod error session started
L 09/04/2015 - 12:02:45: Info (map "koth_aperture_science_iii") (file "errors_20150904.log")
L 09/04/2015 - 12:02:45: [SM] Fatal error encountered parsing translation file "smac.phrases.txt"
L 09/04/2015 - 12:02:45: [SM] Error (line 0, column 0): Stream failed to open
L 09/04/2015 - 12:02:45: [SM] Plugin encountered error 25: Call was aborted
L 09/04/2015 - 12:02:45: [SM] Native "SetFailState" reported: This plugin requires either the cURL, Socket, or SteamTools extension to function.
L 09/04/2015 - 12:02:45: [SM] Displaying call stack trace for plugin "updater.smx":
L 09/04/2015 - 12:02:45: [SM]   [0]  Line 100, updater.sp::OnPluginStart()
L 09/04/2015 - 12:02:45: [SM] Native "Updater_AddPlugin" reported: Plugin owning this native is currently paused.
L 09/04/2015 - 12:02:45: [SM] Displaying call stack trace for plugin "smac.smx":
L 09/04/2015 - 12:02:45: [SM]   [0]  Line 144, smac.sp::OnLibraryAdded()
L 09/04/2015 - 12:02:45: [SM] Native "Updater_AddPlugin" reported: Plugin owning this native is currently paused.
L 09/04/2015 - 12:02:45: [SM] Displaying call stack trace for plugin "smac_aimbot.smx":
L 09/04/2015 - 12:02:45: [SM]   [0]  Line 143, smac_aimbot.sp::OnLibraryAdded()
L 09/04/2015 - 12:02:45: [SM] Native "Updater_AddPlugin" reported: Plugin owning this native is currently paused.
L 09/04/2015 - 12:02:45: [SM] Displaying call stack trace for plugin "smac_client.smx":
L 09/04/2015 - 12:02:45: [SM]   [0]  Line 105, smac_client.sp::OnLibraryAdded()
L 09/04/2015 - 12:02:45: [SM] Native "Updater_AddPlugin" reported: Plugin owning this native is currently paused.
L 09/04/2015 - 12:02:45: [SM] Displaying call stack trace for plugin "smac_commands.smx":
L 09/04/2015 - 12:02:45: [SM]   [0]  Line 214, smac_commands.sp::OnLibraryAdded()
L 09/04/2015 - 12:02:45: [SM] Native "Updater_AddPlugin" reported: Plugin owning this native is currently paused.
L 09/04/2015 - 12:02:45: [SM] Displaying call stack trace for plugin "smac_rcon.smx":
L 09/04/2015 - 12:02:45: [SM]   [0]  Line 114, smac_rcon.sp::OnLibraryAdded()
L 09/04/2015 - 12:02:45: [SM] Native "Updater_AddPlugin" reported: Plugin owning this native is currently paused.
L 09/04/2015 - 12:02:45: [SM] Displaying call stack trace for plugin "smac_speedhack.smx":
L 09/04/2015 - 12:02:45: [SM]   [0]  Line 78, smac_speedhack.sp::OnLibraryAdded()
L 09/04/2015 - 12:02:45: [SM] Native "Updater_AddPlugin" reported: Plugin owning this native is currently paused.
L 09/04/2015 - 12:02:45: [SM] Displaying call stack trace for plugin "smac_spinhack.smx":
L 09/04/2015 - 12:02:45: [SM]   [0]  Line 73, smac_spinhack.sp::OnLibraryAdded()
L 09/04/2015 - 12:02:45: [SM] Native "Updater_AddPlugin" reported: Plugin owning this native is currently paused.
L 09/04/2015 - 12:02:45: [SM] Displaying call stack trace for plugin "smac_wallhack.smx":
L 09/04/2015 - 12:02:45: [SM]   [0]  Line 152, smac_wallhack.sp::OnLibraryAdded()
L 09/04/2015 - 12:05:22: [SM] Plugin encountered error 4: Invalid parameter or parameter type
L 09/04/2015 - 12:05:22: [SM] Native "VFormat" reported: Language phrase "SMAC_Tag" not found
L 09/04/2015 - 12:05:22: [SM] Displaying call stack trace for plugin "smac.smx":
L 09/04/2015 - 12:05:22: [SM]   [0]  Line 65, C:\Users\Max\Desktop\Coding\SourceMod\smac-live\include\colors.inc::CPrintToChat()
L 09/04/2015 - 12:05:22: [SM]   [1]  Line 185, smac.sp::Timer_WelcomeMsg()
L 09/04/2015 - 12:13:13: Error log file session closed.
L 09/04/2015 - 12:21:30: SourceMod error session started
L 09/04/2015 - 12:21:30: Info (map "koth_aperture_science_iii") (file "errors_20150904.log")
L 09/04/2015 - 12:21:30: [SM] Fatal error encountered parsing translation file "smac.phrases.txt"
L 09/04/2015 - 12:21:30: [SM] Error (line 0, column 0): Stream failed to open
L 09/04/2015 - 12:21:30: [SM] Plugin encountered error 25: Call was aborted
L 09/04/2015 - 12:21:30: [SM] Native "SetFailState" reported: This plugin requires either the cURL, Socket, or SteamTools extension to function.
L 09/04/2015 - 12:21:30: [SM] Displaying call stack trace for plugin "updater.smx":
L 09/04/2015 - 12:21:30: [SM]   [0]  Line 100, updater.sp::OnPluginStart()
L 09/04/2015 - 12:21:30: [SM] Native "Updater_AddPlugin" reported: Plugin owning this native is currently paused.
L 09/04/2015 - 12:21:30: [SM] Displaying call stack trace for plugin "smac.smx":
L 09/04/2015 - 12:21:30: [SM]   [0]  Line 144, smac.sp::OnLibraryAdded()
L 09/04/2015 - 12:21:30: [SM] Native "Updater_AddPlugin" reported: Plugin owning this native is currently paused.
L 09/04/2015 - 12:21:30: [SM] Displaying call stack trace for plugin "smac_aimbot.smx":
L 09/04/2015 - 12:21:30: [SM]   [0]  Line 143, smac_aimbot.sp::OnLibraryAdded()
L 09/04/2015 - 12:21:30: [SM] Native "Updater_AddPlugin" reported: Plugin owning this native is currently paused.
L 09/04/2015 - 12:21:30: [SM] Displaying call stack trace for plugin "smac_client.smx":
L 09/04/2015 - 12:21:30: [SM]   [0]  Line 105, smac_client.sp::OnLibraryAdded()
L 09/04/2015 - 12:21:30: [SM] Native "Updater_AddPlugin" reported: Plugin owning this native is currently paused.
L 09/04/2015 - 12:21:30: [SM] Displaying call stack trace for plugin "smac_commands.smx":
L 09/04/2015 - 12:21:30: [SM]   [0]  Line 214, smac_commands.sp::OnLibraryAdded()
L 09/04/2015 - 12:21:30: [SM] Native "Updater_AddPlugin" reported: Plugin owning this native is currently paused.
L 09/04/2015 - 12:21:30: [SM] Displaying call stack trace for plugin "smac_rcon.smx":
L 09/04/2015 - 12:21:30: [SM]   [0]  Line 114, smac_rcon.sp::OnLibraryAdded()
L 09/04/2015 - 12:21:30: [SM] Native "Updater_AddPlugin" reported: Plugin owning this native is currently paused.
L 09/04/2015 - 12:21:30: [SM] Displaying call stack trace for plugin "smac_speedhack.smx":
L 09/04/2015 - 12:21:30: [SM]   [0]  Line 78, smac_speedhack.sp::OnLibraryAdded()
L 09/04/2015 - 12:21:30: [SM] Native "Updater_AddPlugin" reported: Plugin owning this native is currently paused.
L 09/04/2015 - 12:21:30: [SM] Displaying call stack trace for plugin "smac_spinhack.smx":
L 09/04/2015 - 12:21:30: [SM]   [0]  Line 73, smac_spinhack.sp::OnLibraryAdded()
L 09/04/2015 - 12:21:30: [SM] Native "Updater_AddPlugin" reported: Plugin owning this native is currently paused.
L 09/04/2015 - 12:21:30: [SM] Displaying call stack trace for plugin "smac_wallhack.smx":
L 09/04/2015 - 12:21:30: [SM]   [0]  Line 152, smac_wallhack.sp::OnLibraryAdded()
L 09/04/2015 - 13:49:22: [SM] Plugin encountered error 4: Invalid parameter or parameter type
L 09/04/2015 - 13:49:22: [SM] Native "VFormat" reported: Language phrase "SMAC_Tag" not found
L 09/04/2015 - 13:49:22: [SM] Displaying call stack trace for plugin "smac.smx":
L 09/04/2015 - 13:49:22: [SM]   [0]  Line 65, C:\Users\Max\Desktop\Coding\SourceMod\smac-live\include\colors.inc::CPrintToChat()
L 09/04/2015 - 13:49:22: [SM]   [1]  Line 185, smac.sp::Timer_WelcomeMsg()
L 09/04/2015 - 13:53:38: SourceMod error session started
L 09/04/2015 - 13:53:38: Info (map "koth_aperture_science_iii") (file "errors_20150904.log")
L 09/04/2015 - 13:53:38: [SM] Fatal error encountered parsing translation file "smac.phrases.txt"
L 09/04/2015 - 13:53:38: [SM] Error (line 0, column 0): Stream failed to open
L 09/04/2015 - 13:53:38: [SM] Plugin encountered error 25: Call was aborted
L 09/04/2015 - 13:53:38: [SM] Native "SetFailState" reported: This plugin requires either the cURL, Socket, or SteamTools extension to function.
L 09/04/2015 - 13:53:38: [SM] Displaying call stack trace for plugin "updater.smx":
L 09/04/2015 - 13:53:38: [SM]   [0]  Line 100, updater.sp::OnPluginStart()
L 09/04/2015 - 13:53:38: [SM] Native "Updater_AddPlugin" reported: Plugin owning this native is currently paused.
L 09/04/2015 - 13:53:38: [SM] Displaying call stack trace for plugin "smac.smx":
L 09/04/2015 - 13:53:38: [SM]   [0]  Line 144, smac.sp::OnLibraryAdded()
L 09/04/2015 - 13:53:38: [SM] Native "Updater_AddPlugin" reported: Plugin owning this native is currently paused.
L 09/04/2015 - 13:53:38: [SM] Displaying call stack trace for plugin "smac_aimbot.smx":
L 09/04/2015 - 13:53:38: [SM]   [0]  Line 143, smac_aimbot.sp::OnLibraryAdded()
L 09/04/2015 - 13:53:38: [SM] Native "Updater_AddPlugin" reported: Plugin owning this native is currently paused.
L 09/04/2015 - 13:53:38: [SM] Displaying call stack trace for plugin "smac_client.smx":
L 09/04/2015 - 13:53:38: [SM]   [0]  Line 105, smac_client.sp::OnLibraryAdded()
L 09/04/2015 - 13:53:38: [SM] Native "Updater_AddPlugin" reported: Plugin owning this native is currently paused.
L 09/04/2015 - 13:53:38: [SM] Displaying call stack trace for plugin "smac_commands.smx":
L 09/04/2015 - 13:53:38: [SM]   [0]  Line 214, smac_commands.sp::OnLibraryAdded()
L 09/04/2015 - 13:53:38: [SM] Native "Updater_AddPlugin" reported: Plugin owning this native is currently paused.
L 09/04/2015 - 13:53:38: [SM] Displaying call stack trace for plugin "smac_rcon.smx":
L 09/04/2015 - 13:53:38: [SM]   [0]  Line 114, smac_rcon.sp::OnLibraryAdded()
L 09/04/2015 - 13:53:38: [SM] Native "Updater_AddPlugin" reported: Plugin owning this native is currently paused.
L 09/04/2015 - 13:53:38: [SM] Displaying call stack trace for plugin "smac_speedhack.smx":
L 09/04/2015 - 13:53:38: [SM]   [0]  Line 78, smac_speedhack.sp::OnLibraryAdded()
L 09/04/2015 - 13:53:38: [SM] Native "Updater_AddPlugin" reported: Plugin owning this native is currently paused.
L 09/04/2015 - 13:53:38: [SM] Displaying call stack trace for plugin "smac_spinhack.smx":
L 09/04/2015 - 13:53:38: [SM]   [0]  Line 73, smac_spinhack.sp::OnLibraryAdded()
L 09/04/2015 - 13:53:38: [SM] Native "Updater_AddPlugin" reported: Plugin owning this native is currently paused.
L 09/04/2015 - 13:53:38: [SM] Displaying call stack trace for plugin "smac_wallhack.smx":
L 09/04/2015 - 13:53:38: [SM]   [0]  Line 152, smac_wallhack.sp::OnLibraryAdded()
L 09/04/2015 - 14:01:51: SourceMod error session started
L 09/04/2015 - 14:01:51: Info (map "koth_aperture_science_iii") (file "errors_20150904.log")
L 09/04/2015 - 14:01:51: [SM] Fatal error encountered parsing translation file "smac.phrases.txt"
L 09/04/2015 - 14:01:51: [SM] Error (line 0, column 0): Stream failed to open
L 09/04/2015 - 14:01:51: [SM] Plugin encountered error 25: Call was aborted
L 09/04/2015 - 14:01:51: [SM] Native "SetFailState" reported: This plugin requires either the cURL, Socket, or SteamTools extension to function.
L 09/04/2015 - 14:01:51: [SM] Displaying call stack trace for plugin "updater.smx":
L 09/04/2015 - 14:01:51: [SM]   [0]  Line 100, updater.sp::OnPluginStart()
L 09/04/2015 - 14:01:51: [SM] Native "Updater_AddPlugin" reported: Plugin owning this native is currently paused.
L 09/04/2015 - 14:01:51: [SM] Displaying call stack trace for plugin "smac.smx":
L 09/04/2015 - 14:01:51: [SM]   [0]  Line 144, smac.sp::OnLibraryAdded()
L 09/04/2015 - 14:01:51: [SM] Native "Updater_AddPlugin" reported: Plugin owning this native is currently paused.
L 09/04/2015 - 14:01:51: [SM] Displaying call stack trace for plugin "smac_aimbot.smx":
L 09/04/2015 - 14:01:51: [SM]   [0]  Line 143, smac_aimbot.sp::OnLibraryAdded()
L 09/04/2015 - 14:01:51: [SM] Native "Updater_AddPlugin" reported: Plugin owning this native is currently paused.
L 09/04/2015 - 14:01:51: [SM] Displaying call stack trace for plugin "smac_client.smx":
L 09/04/2015 - 14:01:51: [SM]   [0]  Line 105, smac_client.sp::OnLibraryAdded()
L 09/04/2015 - 14:01:51: [SM] Native "Updater_AddPlugin" reported: Plugin owning this native is currently paused.
L 09/04/2015 - 14:01:51: [SM] Displaying call stack trace for plugin "smac_commands.smx":
L 09/04/2015 - 14:01:51: [SM]   [0]  Line 214, smac_commands.sp::OnLibraryAdded()
L 09/04/2015 - 14:01:51: [SM] Native "Updater_AddPlugin" reported: Plugin owning this native is currently paused.
L 09/04/2015 - 14:01:51: [SM] Displaying call stack trace for plugin "smac_rcon.smx":
L 09/04/2015 - 14:01:51: [SM]   [0]  Line 114, smac_rcon.sp::OnLibraryAdded()
L 09/04/2015 - 14:01:51: [SM] Native "Updater_AddPlugin" reported: Plugin owning this native is currently paused.
L 09/04/2015 - 14:01:51: [SM] Displaying call stack trace for plugin "smac_speedhack.smx":
L 09/04/2015 - 14:01:51: [SM]   [0]  Line 78, smac_speedhack.sp::OnLibraryAdded()
L 09/04/2015 - 14:01:51: [SM] Native "Updater_AddPlugin" reported: Plugin owning this native is currently paused.
L 09/04/2015 - 14:01:51: [SM] Displaying call stack trace for plugin "smac_spinhack.smx":
L 09/04/2015 - 14:01:51: [SM]   [0]  Line 73, smac_spinhack.sp::OnLibraryAdded()
L 09/04/2015 - 14:01:51: [SM] Native "Updater_AddPlugin" reported: Plugin owning this native is currently paused.
L 09/04/2015 - 14:01:51: [SM] Displaying call stack trace for plugin "smac_wallhack.smx":
L 09/04/2015 - 14:01:51: [SM]   [0]  Line 152, smac_wallhack.sp::OnLibraryAdded()
L 09/04/2015 - 14:04:44: [SM] Plugin encountered error 4: Invalid parameter or parameter type
L 09/04/2015 - 14:04:44: [SM] Native "VFormat" reported: Language phrase "SMAC_Tag" not found
L 09/04/2015 - 14:04:44: [SM] Displaying call stack trace for plugin "smac.smx":
L 09/04/2015 - 14:04:44: [SM]   [0]  Line 65, C:\Users\Max\Desktop\Coding\SourceMod\smac-live\include\colors.inc::CPrintToChat()
L 09/04/2015 - 14:04:44: [SM]   [1]  Line 185, smac.sp::Timer_WelcomeMsg()
L 09/04/2015 - 14:07:09: [SM] Plugin encountered error 4: Invalid parameter or parameter type
L 09/04/2015 - 14:07:09: [SM] Native "VFormat" reported: Language phrase "SMAC_Tag" not found
L 09/04/2015 - 14:07:09: [SM] Displaying call stack trace for plugin "smac.smx":
L 09/04/2015 - 14:07:09: [SM]   [0]  Line 65, C:\Users\Max\Desktop\Coding\SourceMod\smac-live\include\colors.inc::CPrintToChat()
L 09/04/2015 - 14:07:09: [SM]   [1]  Line 185, smac.sp::Timer_WelcomeMsg()
L 09/04/2015 - 14:07:39: [SM] Plugin encountered error 4: Invalid parameter or parameter type
L 09/04/2015 - 14:07:39: [SM] Native "VFormat" reported: Language phrase "SMAC_Tag" not found
L 09/04/2015 - 14:07:39: [SM] Displaying call stack trace for plugin "smac.smx":
L 09/04/2015 - 14:07:39: [SM]   [0]  Line 65, C:\Users\Max\Desktop\Coding\SourceMod\smac-live\include\colors.inc::CPrintToChat()
L 09/04/2015 - 14:07:39: [SM]   [1]  Line 185, smac.sp::Timer_WelcomeMsg()
L 09/04/2015 - 14:07:54: [SM] Plugin encountered error 4: Invalid parameter or parameter type
L 09/04/2015 - 14:07:54: [SM] Native "VFormat" reported: Language phrase "SMAC_Tag" not found
L 09/04/2015 - 14:07:54: [SM] Displaying call stack trace for plugin "smac.smx":
L 09/04/2015 - 14:07:54: [SM]   [0]  Line 65, C:\Users\Max\Desktop\Coding\SourceMod\smac-live\include\colors.inc::CPrintToChat()
L 09/04/2015 - 14:07:54: [SM]   [1]  Line 185, smac.sp::Timer_WelcomeMsg()
L 09/04/2015 - 14:11:17: [SM] Plugin encountered error 4: Invalid parameter or parameter type
L 09/04/2015 - 14:11:17: [SM] Native "VFormat" reported: Language phrase "SMAC_Tag" not found
L 09/04/2015 - 14:11:17: [SM] Displaying call stack trace for plugin "smac.smx":
L 09/04/2015 - 14:11:17: [SM]   [0]  Line 65, C:\Users\Max\Desktop\Coding\SourceMod\smac-live\include\colors.inc::CPrintToChat()
L 09/04/2015 - 14:11:17: [SM]   [1]  Line 185, smac.sp::Timer_WelcomeMsg()
L 09/04/2015 - 14:11:42: [SM] Plugin encountered error 4: Invalid parameter or parameter type
L 09/04/2015 - 14:11:42: [SM] Native "VFormat" reported: Language phrase "SMAC_Tag" not found
L 09/04/2015 - 14:11:42: [SM] Displaying call stack trace for plugin "smac.smx":
L 09/04/2015 - 14:11:42: [SM]   [0]  Line 65, C:\Users\Max\Desktop\Coding\SourceMod\smac-live\include\colors.inc::CPrintToChat()
L 09/04/2015 - 14:11:42: [SM]   [1]  Line 185, smac.sp::Timer_WelcomeMsg()
L 09/04/2015 - 14:12:20: [SM] Plugin encountered error 4: Invalid parameter or parameter type
L 09/04/2015 - 14:12:20: [SM] Native "VFormat" reported: Language phrase "SMAC_Tag" not found
L 09/04/2015 - 14:12:20: [SM] Displaying call stack trace for plugin "smac.smx":
L 09/04/2015 - 14:12:20: [SM]   [0]  Line 65, C:\Users\Max\Desktop\Coding\SourceMod\smac-live\include\colors.inc::CPrintToChat()
L 09/04/2015 - 14:12:20: [SM]   [1]  Line 185, smac.sp::Timer_WelcomeMsg()
L 09/04/2015 - 14:12:32: [SM] Plugin encountered error 4: Invalid parameter or parameter type
L 09/04/2015 - 14:12:32: [SM] Native "VFormat" reported: Language phrase "SMAC_Tag" not found
L 09/04/2015 - 14:12:32: [SM] Displaying call stack trace for plugin "smac.smx":
L 09/04/2015 - 14:12:32: [SM]   [0]  Line 65, C:\Users\Max\Desktop\Coding\SourceMod\smac-live\include\colors.inc::CPrintToChat()
L 09/04/2015 - 14:12:32: [SM]   [1]  Line 185, smac.sp::Timer_WelcomeMsg()
L 09/04/2015 - 14:12:40: [SM] Plugin encountered error 4: Invalid parameter or parameter type
L 09/04/2015 - 14:12:40: [SM] Native "VFormat" reported: Language phrase "SMAC_Tag" not found
L 09/04/2015 - 14:12:40: [SM] Displaying call stack trace for plugin "smac.smx":
L 09/04/2015 - 14:12:40: [SM]   [0]  Line 65, C:\Users\Max\Desktop\Coding\SourceMod\smac-live\include\colors.inc::CPrintToChat()
L 09/04/2015 - 14:12:40: [SM]   [1]  Line 185, smac.sp::Timer_WelcomeMsg()
L 09/04/2015 - 14:12:59: [SM] Plugin encountered error 4: Invalid parameter or parameter type
L 09/04/2015 - 14:12:59: [SM] Native "VFormat" reported: Language phrase "SMAC_Tag" not found
L 09/04/2015 - 14:12:59: [SM] Displaying call stack trace for plugin "smac.smx":
L 09/04/2015 - 14:12:59: [SM]   [0]  Line 65, C:\Users\Max\Desktop\Coding\SourceMod\smac-live\include\colors.inc::CPrintToChat()
L 09/04/2015 - 14:12:59: [SM]   [1]  Line 185, smac.sp::Timer_WelcomeMsg()
L 09/04/2015 - 14:15:46: [SM] Plugin encountered error 4: Invalid parameter or parameter type
L 09/04/2015 - 14:15:46: [SM] Native "VFormat" reported: Language phrase "SMAC_Tag" not found
L 09/04/2015 - 14:15:46: [SM] Displaying call stack trace for plugin "smac.smx":
L 09/04/2015 - 14:15:46: [SM]   [0]  Line 65, C:\Users\Max\Desktop\Coding\SourceMod\smac-live\include\colors.inc::CPrintToChat()
L 09/04/2015 - 14:15:46: [SM]   [1]  Line 185, smac.sp::Timer_WelcomeMsg()
L 09/04/2015 - 14:18:48: Error log file session closed.
L 09/04/2015 - 14:18:48: SourceMod error session started
L 09/04/2015 - 14:18:48: Info (map "cp_bazillion_rc5") (file "errors_20150904.log")
L 09/04/2015 - 14:18:48: [SM] Fatal error encountered parsing translation file "smac.phrases.txt"
L 09/04/2015 - 14:18:48: [SM] Error (line 0, column 0): Stream failed to open
L 09/04/2015 - 14:18:48: [SM] Plugin encountered error 25: Call was aborted
L 09/04/2015 - 14:18:48: [SM] Native "SetFailState" reported: This plugin requires either the cURL, Socket, or SteamTools extension to function.
L 09/04/2015 - 14:18:48: [SM] Displaying call stack trace for plugin "updater.smx":
L 09/04/2015 - 14:18:48: [SM]   [0]  Line 100, updater.sp::OnPluginStart()
L 09/04/2015 - 14:18:48: [SM] Plugin encountered error 21: Native is not bound
L 09/04/2015 - 14:18:48: [SM] Native "Updater_AddPlugin" reported: 
L 09/04/2015 - 14:18:48: [SM] Displaying call stack trace for plugin "smac.smx":
L 09/04/2015 - 14:18:48: [SM]   [0]  Line 144, smac.sp::OnLibraryAdded()
L 09/04/2015 - 14:18:48: [SM] Plugin encountered error 21: Native is not bound
L 09/04/2015 - 14:18:48: [SM] Native "Updater_AddPlugin" reported: 
L 09/04/2015 - 14:18:48: [SM] Displaying call stack trace for plugin "smac_aimbot.smx":
L 09/04/2015 - 14:18:48: [SM]   [0]  Line 143, smac_aimbot.sp::OnLibraryAdded()
L 09/04/2015 - 14:18:48: [SM] Plugin encountered error 21: Native is not bound
L 09/04/2015 - 14:18:48: [SM] Native "Updater_AddPlugin" reported: 
L 09/04/2015 - 14:18:48: [SM] Displaying call stack trace for plugin "smac_client.smx":
L 09/04/2015 - 14:18:48: [SM]   [0]  Line 105, smac_client.sp::OnLibraryAdded()
L 09/04/2015 - 14:18:48: [SM] Plugin encountered error 21: Native is not bound
L 09/04/2015 - 14:18:48: [SM] Native "Updater_AddPlugin" reported: 
L 09/04/2015 - 14:18:48: [SM] Displaying call stack trace for plugin "smac_commands.smx":
L 09/04/2015 - 14:18:48: [SM]   [0]  Line 214, smac_commands.sp::OnLibraryAdded()
L 09/04/2015 - 14:18:48: [SM] Plugin encountered error 21: Native is not bound
L 09/04/2015 - 14:18:48: [SM] Native "Updater_AddPlugin" reported: 
L 09/04/2015 - 14:18:48: [SM] Displaying call stack trace for plugin "smac_rcon.smx":
L 09/04/2015 - 14:18:48: [SM]   [0]  Line 114, smac_rcon.sp::OnLibraryAdded()
L 09/04/2015 - 14:18:48: [SM] Plugin encountered error 21: Native is not bound
L 09/04/2015 - 14:18:48: [SM] Native "Updater_AddPlugin" reported: 
L 09/04/2015 - 14:18:48: [SM] Displaying call stack trace for plugin "smac_speedhack.smx":
L 09/04/2015 - 14:18:48: [SM]   [0]  Line 78, smac_speedhack.sp::OnLibraryAdded()
L 09/04/2015 - 14:18:48: [SM] Plugin encountered error 21: Native is not bound
L 09/04/2015 - 14:18:48: [SM] Native "Updater_AddPlugin" reported: 
L 09/04/2015 - 14:18:48: [SM] Displaying call stack trace for plugin "smac_spinhack.smx":
L 09/04/2015 - 14:18:48: [SM]   [0]  Line 73, smac_spinhack.sp::OnLibraryAdded()
L 09/04/2015 - 14:18:48: [SM] Plugin encountered error 21: Native is not bound
L 09/04/2015 - 14:18:48: [SM] Native "Updater_AddPlugin" reported: 
L 09/04/2015 - 14:18:48: [SM] Displaying call stack trace for plugin "smac_wallhack.smx":
L 09/04/2015 - 14:18:48: [SM]   [0]  Line 152, smac_wallhack.sp::OnLibraryAdded()
L 09/04/2015 - 14:19:19: [SM] Plugin encountered error 4: Invalid parameter or parameter type
L 09/04/2015 - 14:19:19: [SM] Native "VFormat" reported: Language phrase "SMAC_Tag" not found
L 09/04/2015 - 14:19:20: [SM] Displaying call stack trace for plugin "smac.smx":
L 09/04/2015 - 14:19:20: [SM]   [0]  Line 65, C:\Users\Max\Desktop\Coding\SourceMod\smac-live\include\colors.inc::CPrintToChat()
L 09/04/2015 - 14:19:20: [SM]   [1]  Line 185, smac.sp::Timer_WelcomeMsg()
L 09/04/2015 - 14:19:22: [SM] Plugin encountered error 4: Invalid parameter or parameter type
L 09/04/2015 - 14:19:22: [SM] Native "VFormat" reported: Language phrase "SMAC_Tag" not found
L 09/04/2015 - 14:19:22: [SM] Displaying call stack trace for plugin "smac.smx":
L 09/04/2015 - 14:19:22: [SM]   [0]  Line 65, C:\Users\Max\Desktop\Coding\SourceMod\smac-live\include\colors.inc::CPrintToChat()
L 09/04/2015 - 14:19:22: [SM]   [1]  Line 185, smac.sp::Timer_WelcomeMsg()
L 09/04/2015 - 14:19:23: [SM] Plugin encountered error 4: Invalid parameter or parameter type
L 09/04/2015 - 14:19:23: [SM] Native "VFormat" reported: Language phrase "SMAC_Tag" not found
L 09/04/2015 - 14:19:23: [SM] Displaying call stack trace for plugin "smac.smx":
L 09/04/2015 - 14:19:23: [SM]   [0]  Line 65, C:\Users\Max\Desktop\Coding\SourceMod\smac-live\include\colors.inc::CPrintToChat()
L 09/04/2015 - 14:19:23: [SM]   [1]  Line 185, smac.sp::Timer_WelcomeMsg()
L 09/04/2015 - 14:21:16: [SM] Plugin encountered error 4: Invalid parameter or parameter type
L 09/04/2015 - 14:21:16: [SM] Native "VFormat" reported: Language phrase "SMAC_Tag" not found
L 09/04/2015 - 14:21:16: [SM] Displaying call stack trace for plugin "smac.smx":
L 09/04/2015 - 14:21:16: [SM]   [0]  Line 65, C:\Users\Max\Desktop\Coding\SourceMod\smac-live\include\colors.inc::CPrintToChat()
L 09/04/2015 - 14:21:16: [SM]   [1]  Line 185, smac.sp::Timer_WelcomeMsg()
L 09/04/2015 - 14:21:20: [SM] Plugin encountered error 4: Invalid parameter or parameter type
L 09/04/2015 - 14:21:20: [SM] Native "VFormat" reported: Language phrase "SMAC_Tag" not found
L 09/04/2015 - 14:21:20: [SM] Displaying call stack trace for plugin "smac.smx":
L 09/04/2015 - 14:21:20: [SM]   [0]  Line 65, C:\Users\Max\Desktop\Coding\SourceMod\smac-live\include\colors.inc::CPrintToChat()
L 09/04/2015 - 14:21:20: [SM]   [1]  Line 185, smac.sp::Timer_WelcomeMsg()
L 09/04/2015 - 14:21:29: [SM] Plugin encountered error 4: Invalid parameter or parameter type
L 09/04/2015 - 14:21:29: [SM] Native "VFormat" reported: Language phrase "SMAC_Tag" not found
L 09/04/2015 - 14:21:29: [SM] Displaying call stack trace for plugin "smac.smx":
L 09/04/2015 - 14:21:29: [SM]   [0]  Line 65, C:\Users\Max\Desktop\Coding\SourceMod\smac-live\include\colors.inc::CPrintToChat()
L 09/04/2015 - 14:21:29: [SM]   [1]  Line 185, smac.sp::Timer_WelcomeMsg()
L 09/04/2015 - 14:21:37: [SM] Plugin encountered error 4: Invalid parameter or parameter type
L 09/04/2015 - 14:21:37: [SM] Native "VFormat" reported: Language phrase "SMAC_Tag" not found
L 09/04/2015 - 14:21:38: [SM] Displaying call stack trace for plugin "smac.smx":
L 09/04/2015 - 14:21:38: [SM]   [0]  Line 65, C:\Users\Max\Desktop\Coding\SourceMod\smac-live\include\colors.inc::CPrintToChat()
L 09/04/2015 - 14:21:38: [SM]   [1]  Line 185, smac.sp::Timer_WelcomeMsg()
L 09/04/2015 - 14:23:18: [SM] Plugin encountered error 4: Invalid parameter or parameter type
L 09/04/2015 - 14:23:18: [SM] Native "VFormat" reported: Language phrase "SMAC_Tag" not found
L 09/04/2015 - 14:23:18: [SM] Displaying call stack trace for plugin "smac.smx":
L 09/04/2015 - 14:23:18: [SM]   [0]  Line 65, C:\Users\Max\Desktop\Coding\SourceMod\smac-live\include\colors.inc::CPrintToChat()
L 09/04/2015 - 14:23:18: [SM]   [1]  Line 185, smac.sp::Timer_WelcomeMsg()
L 09/04/2015 - 14:43:57: Error log file session closed.
L 09/04/2015 - 14:44:03: SourceMod error session started
L 09/04/2015 - 14:44:03: Info (map "ctf_npire_v3") (file "errors_20150904.log")
L 09/04/2015 - 14:44:03: [SM] Fatal error encountered parsing translation file "smac.phrases.txt"
L 09/04/2015 - 14:44:03: [SM] Error (line 0, column 0): Stream failed to open
L 09/04/2015 - 14:44:03: [SM] Plugin encountered error 25: Call was aborted
L 09/04/2015 - 14:44:03: [SM] Native "SetFailState" reported: This plugin requires either the cURL, Socket, or SteamTools extension to function.
L 09/04/2015 - 14:44:03: [SM] Displaying call stack trace for plugin "updater.smx":
L 09/04/2015 - 14:44:03: [SM]   [0]  Line 100, updater.sp::OnPluginStart()
L 09/04/2015 - 14:44:03: [SM] Plugin encountered error 21: Native is not bound
L 09/04/2015 - 14:44:03: [SM] Native "Updater_AddPlugin" reported: 
L 09/04/2015 - 14:44:03: [SM] Displaying call stack trace for plugin "smac.smx":
L 09/04/2015 - 14:44:03: [SM]   [0]  Line 144, smac.sp::OnLibraryAdded()
L 09/04/2015 - 14:44:03: [SM] Plugin encountered error 21: Native is not bound
L 09/04/2015 - 14:44:03: [SM] Native "Updater_AddPlugin" reported: 
L 09/04/2015 - 14:44:03: [SM] Displaying call stack trace for plugin "smac_aimbot.smx":
L 09/04/2015 - 14:44:03: [SM]   [0]  Line 143, smac_aimbot.sp::OnLibraryAdded()
L 09/04/2015 - 14:44:03: [SM] Plugin encountered error 21: Native is not bound
L 09/04/2015 - 14:44:03: [SM] Native "Updater_AddPlugin" reported: 
L 09/04/2015 - 14:44:03: [SM] Displaying call stack trace for plugin "smac_client.smx":
L 09/04/2015 - 14:44:03: [SM]   [0]  Line 105, smac_client.sp::OnLibraryAdded()
L 09/04/2015 - 14:44:03: [SM] Plugin encountered error 21: Native is not bound
L 09/04/2015 - 14:44:03: [SM] Native "Updater_AddPlugin" reported: 
L 09/04/2015 - 14:44:03: [SM] Displaying call stack trace for plugin "smac_commands.smx":
L 09/04/2015 - 14:44:03: [SM]   [0]  Line 214, smac_commands.sp::OnLibraryAdded()
L 09/04/2015 - 14:44:03: [SM] Plugin encountered error 21: Native is not bound
L 09/04/2015 - 14:44:03: [SM] Native "Updater_AddPlugin" reported: 
L 09/04/2015 - 14:44:03: [SM] Displaying call stack trace for plugin "smac_rcon.smx":
L 09/04/2015 - 14:44:03: [SM]   [0]  Line 114, smac_rcon.sp::OnLibraryAdded()
L 09/04/2015 - 14:44:03: [SM] Plugin encountered error 21: Native is not bound
L 09/04/2015 - 14:44:03: [SM] Native "Updater_AddPlugin" reported: 
L 09/04/2015 - 14:44:03: [SM] Displaying call stack trace for plugin "smac_speedhack.smx":
L 09/04/2015 - 14:44:03: [SM]   [0]  Line 78, smac_speedhack.sp::OnLibraryAdded()
L 09/04/2015 - 14:44:03: [SM] Plugin encountered error 21: Native is not bound
L 09/04/2015 - 14:44:03: [SM] Native "Updater_AddPlugin" reported: 
L 09/04/2015 - 14:44:03: [SM] Displaying call stack trace for plugin "smac_spinhack.smx":
L 09/04/2015 - 14:44:03: [SM]   [0]  Line 73, smac_spinhack.sp::OnLibraryAdded()
L 09/04/2015 - 14:44:03: [SM] Plugin encountered error 21: Native is not bound
L 09/04/2015 - 14:44:03: [SM] Native "Updater_AddPlugin" reported: 
L 09/04/2015 - 14:44:03: [SM] Displaying call stack trace for plugin "smac_wallhack.smx":
L 09/04/2015 - 14:44:03: [SM]   [0]  Line 152, smac_wallhack.sp::OnLibraryAdded()
L 09/04/2015 - 14:44:26: [SM] Plugin encountered error 4: Invalid parameter or parameter type
L 09/04/2015 - 14:44:26: [SM] Native "VFormat" reported: Language phrase "SMAC_Tag" not found
L 09/04/2015 - 14:44:26: [SM] Displaying call stack trace for plugin "smac.smx":
L 09/04/2015 - 14:44:26: [SM]   [0]  Line 65, C:\Users\Max\Desktop\Coding\SourceMod\smac-live\include\colors.inc::CPrintToChat()
L 09/04/2015 - 14:44:26: [SM]   [1]  Line 185, smac.sp::Timer_WelcomeMsg()
L 09/04/2015 - 14:44:37: [SM] Plugin encountered error 4: Invalid parameter or parameter type
L 09/04/2015 - 14:44:37: [SM] Native "VFormat" reported: Language phrase "SMAC_Tag" not found
L 09/04/2015 - 14:44:37: [SM] Displaying call stack trace for plugin "smac.smx":
L 09/04/2015 - 14:44:37: [SM]   [0]  Line 65, C:\Users\Max\Desktop\Coding\SourceMod\smac-live\include\colors.inc::CPrintToChat()
L 09/04/2015 - 14:44:37: [SM]   [1]  Line 185, smac.sp::Timer_WelcomeMsg()
L 09/04/2015 - 14:45:01: [SM] Plugin encountered error 4: Invalid parameter or parameter type
L 09/04/2015 - 14:45:01: [SM] Native "VFormat" reported: Language phrase "SMAC_Tag" not found
L 09/04/2015 - 14:45:01: [SM] Displaying call stack trace for plugin "smac.smx":
L 09/04/2015 - 14:45:01: [SM]   [0]  Line 65, C:\Users\Max\Desktop\Coding\SourceMod\smac-live\include\colors.inc::CPrintToChat()
L 09/04/2015 - 14:45:01: [SM]   [1]  Line 185, smac.sp::Timer_WelcomeMsg()
L 09/04/2015 - 14:45:01: [SM] Plugin encountered error 4: Invalid parameter or parameter type
L 09/04/2015 - 14:45:01: [SM] Native "VFormat" reported: Language phrase "SMAC_Tag" not found
L 09/04/2015 - 14:45:01: [SM] Displaying call stack trace for plugin "smac.smx":
L 09/04/2015 - 14:45:01: [SM]   [0]  Line 65, C:\Users\Max\Desktop\Coding\SourceMod\smac-live\include\colors.inc::CPrintToChat()
L 09/04/2015 - 14:45:01: [SM]   [1]  Line 185, smac.sp::Timer_WelcomeMsg()
L 09/04/2015 - 18:18:27: Error log file session closed.
L 09/04/2015 - 18:19:37: SourceMod error session started
L 09/04/2015 - 18:19:37: Info (map "koth_aperture_science_iii") (file "errors_20150904.log")
L 09/04/2015 - 18:19:37: [SM] Fatal error encountered parsing translation file "smac.phrases.txt"
L 09/04/2015 - 18:19:37: [SM] Error (line 0, column 0): Stream failed to open
L 09/04/2015 - 18:19:37: [SM] Fatal error encountered parsing translation file "themes.phrases.txt"
L 09/04/2015 - 18:19:37: [SM] Error (line 0, column 0): Stream failed to open
L 09/04/2015 - 18:19:37: [SM] Plugin encountered error 25: Call was aborted
L 09/04/2015 - 18:19:37: [SM] Native "SetFailState" reported: This plugin requires either the cURL, Socket, or SteamTools extension to function.
L 09/04/2015 - 18:19:37: [SM] Displaying call stack trace for plugin "updater.smx":
L 09/04/2015 - 18:19:37: [SM]   [0]  Line 100, updater.sp::OnPluginStart()
L 09/04/2015 - 18:19:37: [SM] Native "Updater_AddPlugin" reported: Plugin owning this native is currently paused.
L 09/04/2015 - 18:19:37: [SM] Displaying call stack trace for plugin "smac.smx":
L 09/04/2015 - 18:19:37: [SM]   [0]  Line 144, smac.sp::OnLibraryAdded()
L 09/04/2015 - 18:19:37: [SM] Native "Updater_AddPlugin" reported: Plugin owning this native is currently paused.
L 09/04/2015 - 18:19:37: [SM] Displaying call stack trace for plugin "smac_aimbot.smx":
L 09/04/2015 - 18:19:37: [SM]   [0]  Line 143, smac_aimbot.sp::OnLibraryAdded()
L 09/04/2015 - 18:19:37: [SM] Native "Updater_AddPlugin" reported: Plugin owning this native is currently paused.
L 09/04/2015 - 18:19:37: [SM] Displaying call stack trace for plugin "smac_client.smx":
L 09/04/2015 - 18:19:37: [SM]   [0]  Line 105, smac_client.sp::OnLibraryAdded()
L 09/04/2015 - 18:19:37: [SM] Native "Updater_AddPlugin" reported: Plugin owning this native is currently paused.
L 09/04/2015 - 18:19:37: [SM] Displaying call stack trace for plugin "smac_commands.smx":
L 09/04/2015 - 18:19:37: [SM]   [0]  Line 214, smac_commands.sp::OnLibraryAdded()
L 09/04/2015 - 18:19:37: [SM] Native "Updater_AddPlugin" reported: Plugin owning this native is currently paused.
L 09/04/2015 - 18:19:37: [SM] Displaying call stack trace for plugin "smac_rcon.smx":
L 09/04/2015 - 18:19:37: [SM]   [0]  Line 114, smac_rcon.sp::OnLibraryAdded()
L 09/04/2015 - 18:19:37: [SM] Native "Updater_AddPlugin" reported: Plugin owning this native is currently paused.
L 09/04/2015 - 18:19:37: [SM] Displaying call stack trace for plugin "smac_speedhack.smx":
L 09/04/2015 - 18:19:37: [SM]   [0]  Line 78, smac_speedhack.sp::OnLibraryAdded()
L 09/04/2015 - 18:19:37: [SM] Native "Updater_AddPlugin" reported: Plugin owning this native is currently paused.
L 09/04/2015 - 18:19:37: [SM] Displaying call stack trace for plugin "smac_spinhack.smx":
L 09/04/2015 - 18:19:37: [SM]   [0]  Line 73, smac_spinhack.sp::OnLibraryAdded()
L 09/04/2015 - 18:19:37: [SM] Native "Updater_AddPlugin" reported: Plugin owning this native is currently paused.
L 09/04/2015 - 18:19:37: [SM] Displaying call stack trace for plugin "smac_wallhack.smx":
L 09/04/2015 - 18:19:37: [SM]   [0]  Line 152, smac_wallhack.sp::OnLibraryAdded()
L 09/04/2015 - 18:19:37: [SM] Plugin encountered error 25: Call was aborted
L 09/04/2015 - 18:19:37: [SM] Native "SetFailState" reported: This plugin replaces funvotes.  You cannot run both at once.
L 09/04/2015 - 18:19:37: [SM] Displaying call stack trace for plugin "nativevotes-funvotes.smx":
L 09/04/2015 - 18:19:37: [SM]   [0]  Line 146, C:\Projects\SourceMod\plugins\nativevotes-basevotes\addons\sourcemod\scripting\nativevotes-funvotes.sp::OnAllPluginsLoaded()
L 09/04/2015 - 18:19:52: [tf2_workshop_map_loader.smx] File does note exist: cfg/workshop_maps.txt
L 09/04/2015 - 18:28:46: [SM] Plugin encountered error 4: Invalid parameter or parameter type
L 09/04/2015 - 18:28:46: [SM] Native "VFormat" reported: Language phrase "SMAC_Tag" not found
L 09/04/2015 - 18:28:46: [SM] Displaying call stack trace for plugin "smac.smx":
L 09/04/2015 - 18:28:46: [SM]   [0]  Line 65, C:\Users\Max\Desktop\Coding\SourceMod\smac-live\include\colors.inc::CPrintToChat()
L 09/04/2015 - 18:28:46: [SM]   [1]  Line 185, smac.sp::Timer_WelcomeMsg()
L 09/04/2015 - 18:29:13: [SM] Plugin encountered error 4: Invalid parameter or parameter type
L 09/04/2015 - 18:29:13: [SM] Native "VFormat" reported: Language phrase "Announce_Theme" not found
L 09/04/2015 - 18:29:13: [SM] Displaying call stack trace for plugin "themes.smx":
L 09/04/2015 - 18:29:13: [SM]   [0]  Line 90, D:\Program Files (x86)\Valve\HLServer\orangebox\tf\addons\sourcemod\scripting\include\colors.inc::CPrintToChatAll()
L 09/04/2015 - 18:29:13: [SM]   [1]  Line 1462, themes.sp::AnnounceTheme()
L 09/04/2015 - 18:29:13: [SM]   [2]  Line 1420, themes.sp::Timer_RoundStart()
L 09/04/2015 - 18:29:44: [SM] Plugin encountered error 4: Invalid parameter or parameter type
L 09/04/2015 - 18:29:44: [SM] Native "VFormat" reported: Language phrase "Announce_Theme" not found
L 09/04/2015 - 18:29:44: [SM] Displaying call stack trace for plugin "themes.smx":
L 09/04/2015 - 18:29:44: [SM]   [0]  Line 90, D:\Program Files (x86)\Valve\HLServer\orangebox\tf\addons\sourcemod\scripting\include\colors.inc::CPrintToChatAll()
L 09/04/2015 - 18:29:44: [SM]   [1]  Line 1462, themes.sp::AnnounceTheme()
L 09/04/2015 - 18:29:44: [SM]   [2]  Line 1420, themes.sp::Timer_RoundStart()
L 09/04/2015 - 18:37:49: [SM] Plugin encountered error 4: Invalid parameter or parameter type
L 09/04/2015 - 18:37:49: [SM] Native "VFormat" reported: Language phrase "Announce_Theme" not found
L 09/04/2015 - 18:37:49: [SM] Displaying call stack trace for plugin "themes.smx":
L 09/04/2015 - 18:37:49: [SM]   [0]  Line 90, D:\Program Files (x86)\Valve\HLServer\orangebox\tf\addons\sourcemod\scripting\include\colors.inc::CPrintToChatAll()
L 09/04/2015 - 18:37:49: [SM]   [1]  Line 1462, themes.sp::AnnounceTheme()
L 09/04/2015 - 18:37:49: [SM]   [2]  Line 1420, themes.sp::Timer_RoundStart()
