L 12/24/2014 - 00:32:00: SourceMod error session started
L 12/24/2014 - 00:32:00: Info (map "pl_boundary_final") (file "errors_20141224.log")
L 12/24/2014 - 00:32:00: Error log file session closed.
L 12/24/2014 - 00:32:08: SourceMod error session started
L 12/24/2014 - 00:32:08: Info (map "pl_boundary_final") (file "errors_20141224.log")
L 12/24/2014 - 00:32:08: [SM] Could not parse file "/home/gameserver/tf2server/tf2/tf/addons/sourcemod/configs/maplists.cfg"
L 12/24/2014 - 00:32:08: [SM] Error on line 15 (col 12): A property was declared outside of a section
L 12/24/2014 - 00:52:30: Error log file session closed.
L 12/24/2014 - 00:52:38: SourceMod error session started
L 12/24/2014 - 00:52:38: Info (map "pl_boxcanyon_RC1") (file "errors_20141224.log")
L 12/24/2014 - 00:52:38: [SM] Could not parse file "/home/gameserver/tf2server/tf2/tf/addons/sourcemod/configs/maplists.cfg"
L 12/24/2014 - 00:52:38: [SM] Error on line 15 (col 12): A property was declared outside of a section
L 12/24/2014 - 01:49:53: Error log file session closed.
L 12/24/2014 - 01:50:01: SourceMod error session started
L 12/24/2014 - 01:50:01: Info (map "pl_cashworks_final1") (file "errors_20141224.log")
L 12/24/2014 - 01:50:01: [SM] Could not parse file "/home/gameserver/tf2server/tf2/tf/addons/sourcemod/configs/maplists.cfg"
L 12/24/2014 - 01:50:01: [SM] Error on line 15 (col 12): A property was declared outside of a section
L 12/24/2014 - 02:29:58: Error log file session closed.
L 12/24/2014 - 02:30:06: SourceMod error session started
L 12/24/2014 - 02:30:06: Info (map "pl_cave_b6") (file "errors_20141224.log")
L 12/24/2014 - 02:30:06: [SM] Could not parse file "/home/gameserver/tf2server/tf2/tf/addons/sourcemod/configs/maplists.cfg"
L 12/24/2014 - 02:30:06: [SM] Error on line 15 (col 12): A property was declared outside of a section
L 12/24/2014 - 02:57:45: Error log file session closed.
L 12/24/2014 - 02:57:53: SourceMod error session started
L 12/24/2014 - 02:57:53: Info (map "pl_corrode_b3b") (file "errors_20141224.log")
L 12/24/2014 - 02:57:53: [SM] Could not parse file "/home/gameserver/tf2server/tf2/tf/addons/sourcemod/configs/maplists.cfg"
L 12/24/2014 - 02:57:53: [SM] Error on line 15 (col 12): A property was declared outside of a section
L 12/24/2014 - 03:18:00: Error log file session closed.
L 12/24/2014 - 03:18:08: SourceMod error session started
L 12/24/2014 - 03:18:08: Info (map "pl_crag_event_b") (file "errors_20141224.log")
L 12/24/2014 - 03:18:08: [SM] Could not parse file "/home/gameserver/tf2server/tf2/tf/addons/sourcemod/configs/maplists.cfg"
L 12/24/2014 - 03:18:08: [SM] Error on line 15 (col 12): A property was declared outside of a section
L 12/24/2014 - 03:43:06: Error log file session closed.
L 12/24/2014 - 03:43:14: SourceMod error session started
L 12/24/2014 - 03:43:14: Info (map "pl_cranetop_b8") (file "errors_20141224.log")
L 12/24/2014 - 03:43:14: [SM] Could not parse file "/home/gameserver/tf2server/tf2/tf/addons/sourcemod/configs/maplists.cfg"
L 12/24/2014 - 03:43:14: [SM] Error on line 15 (col 12): A property was declared outside of a section
L 12/24/2014 - 04:03:58: Error log file session closed.
L 12/24/2014 - 04:04:06: SourceMod error session started
L 12/24/2014 - 04:04:06: Info (map "pl_deadwood") (file "errors_20141224.log")
L 12/24/2014 - 04:04:06: [SM] Could not parse file "/home/gameserver/tf2server/tf2/tf/addons/sourcemod/configs/maplists.cfg"
L 12/24/2014 - 04:04:06: [SM] Error on line 15 (col 12): A property was declared outside of a section
L 12/24/2014 - 04:34:49: Error log file session closed.
L 12/24/2014 - 04:34:57: SourceMod error session started
L 12/24/2014 - 04:34:57: Info (map "pl_effigy_b5") (file "errors_20141224.log")
L 12/24/2014 - 04:34:57: [SM] Could not parse file "/home/gameserver/tf2server/tf2/tf/addons/sourcemod/configs/maplists.cfg"
L 12/24/2014 - 04:34:57: [SM] Error on line 15 (col 12): A property was declared outside of a section
L 12/24/2014 - 06:17:19: Error log file session closed.
L 12/24/2014 - 06:17:27: SourceMod error session started
L 12/24/2014 - 06:17:27: Info (map "pl_escarpment_rc1") (file "errors_20141224.log")
L 12/24/2014 - 06:17:27: [SM] Could not parse file "/home/gameserver/tf2server/tf2/tf/addons/sourcemod/configs/maplists.cfg"
L 12/24/2014 - 06:17:27: [SM] Error on line 15 (col 12): A property was declared outside of a section
L 12/24/2014 - 06:46:18: Error log file session closed.
L 12/24/2014 - 06:46:27: SourceMod error session started
L 12/24/2014 - 06:46:27: Info (map "cp_zinkenite_b3a") (file "errors_20141224.log")
L 12/24/2014 - 06:46:27: [SM] Could not parse file "/home/gameserver/tf2server/tf2/tf/addons/sourcemod/configs/maplists.cfg"
L 12/24/2014 - 06:46:27: [SM] Error on line 15 (col 12): A property was declared outside of a section
L 12/24/2014 - 07:08:20: Error log file session closed.
L 12/24/2014 - 07:08:29: SourceMod error session started
L 12/24/2014 - 07:08:29: Info (map "ctf_aerospace_b3") (file "errors_20141224.log")
L 12/24/2014 - 07:08:29: [SM] Could not parse file "/home/gameserver/tf2server/tf2/tf/addons/sourcemod/configs/maplists.cfg"
L 12/24/2014 - 07:08:29: [SM] Error on line 15 (col 12): A property was declared outside of a section
L 12/24/2014 - 07:19:51: Error log file session closed.
L 12/24/2014 - 07:19:59: SourceMod error session started
L 12/24/2014 - 07:19:59: Info (map "koth_arctic_b3") (file "errors_20141224.log")
L 12/24/2014 - 07:19:59: [SM] Could not parse file "/home/gameserver/tf2server/tf2/tf/addons/sourcemod/configs/maplists.cfg"
L 12/24/2014 - 07:19:59: [SM] Error on line 15 (col 12): A property was declared outside of a section
L 12/24/2014 - 07:40:10: Error log file session closed.
L 12/24/2014 - 07:40:19: SourceMod error session started
L 12/24/2014 - 07:40:19: Info (map "koth_dropdown_rc1") (file "errors_20141224.log")
L 12/24/2014 - 07:40:19: [SM] Could not parse file "/home/gameserver/tf2server/tf2/tf/addons/sourcemod/configs/maplists.cfg"
L 12/24/2014 - 07:40:19: [SM] Error on line 15 (col 12): A property was declared outside of a section
L 12/24/2014 - 08:08:09: Error log file session closed.
L 12/24/2014 - 08:08:17: SourceMod error session started
L 12/24/2014 - 08:08:17: Info (map "koth_garbage_day") (file "errors_20141224.log")
L 12/24/2014 - 08:08:17: [SM] Could not parse file "/home/gameserver/tf2server/tf2/tf/addons/sourcemod/configs/maplists.cfg"
L 12/24/2014 - 08:08:17: [SM] Error on line 15 (col 12): A property was declared outside of a section
L 12/24/2014 - 08:27:25: Error log file session closed.
L 12/24/2014 - 08:27:33: SourceMod error session started
L 12/24/2014 - 08:27:33: Info (map "koth_lighthouse_rc5") (file "errors_20141224.log")
L 12/24/2014 - 08:27:33: [SM] Could not parse file "/home/gameserver/tf2server/tf2/tf/addons/sourcemod/configs/maplists.cfg"
L 12/24/2014 - 08:27:33: [SM] Error on line 15 (col 12): A property was declared outside of a section
L 12/24/2014 - 08:44:46: Error log file session closed.
L 12/24/2014 - 08:44:54: SourceMod error session started
L 12/24/2014 - 08:44:54: Info (map "pl_cranetop_b8") (file "errors_20141224.log")
L 12/24/2014 - 08:44:54: [SM] Could not parse file "/home/gameserver/tf2server/tf2/tf/addons/sourcemod/configs/maplists.cfg"
L 12/24/2014 - 08:44:54: [SM] Error on line 15 (col 12): A property was declared outside of a section
L 12/24/2014 - 09:20:19: Error log file session closed.
L 12/24/2014 - 09:20:28: SourceMod error session started
L 12/24/2014 - 09:20:28: Info (map "pl_deadwood") (file "errors_20141224.log")
L 12/24/2014 - 09:20:28: [SM] Could not parse file "/home/gameserver/tf2server/tf2/tf/addons/sourcemod/configs/maplists.cfg"
L 12/24/2014 - 09:20:28: [SM] Error on line 15 (col 12): A property was declared outside of a section
L 12/24/2014 - 09:40:47: Error log file session closed.
L 12/24/2014 - 09:40:55: SourceMod error session started
L 12/24/2014 - 09:40:55: Info (map "pl_effigy_b5") (file "errors_20141224.log")
L 12/24/2014 - 09:40:55: [SM] Could not parse file "/home/gameserver/tf2server/tf2/tf/addons/sourcemod/configs/maplists.cfg"
L 12/24/2014 - 09:40:55: [SM] Error on line 15 (col 12): A property was declared outside of a section
L 12/24/2014 - 11:06:36: Error log file session closed.
L 12/24/2014 - 11:06:44: SourceMod error session started
L 12/24/2014 - 11:06:44: Info (map "pl_escarpment_rc1") (file "errors_20141224.log")
L 12/24/2014 - 11:06:44: [SM] Could not parse file "/home/gameserver/tf2server/tf2/tf/addons/sourcemod/configs/maplists.cfg"
L 12/24/2014 - 11:06:44: [SM] Error on line 15 (col 12): A property was declared outside of a section
L 12/24/2014 - 11:52:41: Error log file session closed.
L 12/24/2014 - 11:52:50: SourceMod error session started
L 12/24/2014 - 11:52:50: Info (map "pl_goldrock_rc1") (file "errors_20141224.log")
L 12/24/2014 - 11:52:50: [SM] Could not parse file "/home/gameserver/tf2server/tf2/tf/addons/sourcemod/configs/maplists.cfg"
L 12/24/2014 - 11:52:50: [SM] Error on line 15 (col 12): A property was declared outside of a section
L 12/24/2014 - 12:26:28: Error log file session closed.
L 12/24/2014 - 12:26:36: SourceMod error session started
L 12/24/2014 - 12:26:36: Info (map "pl_great_heights_b3") (file "errors_20141224.log")
L 12/24/2014 - 12:26:36: [SM] Could not parse file "/home/gameserver/tf2server/tf2/tf/addons/sourcemod/configs/maplists.cfg"
L 12/24/2014 - 12:26:36: [SM] Error on line 15 (col 12): A property was declared outside of a section
L 12/24/2014 - 13:06:55: Error log file session closed.
L 12/24/2014 - 13:07:04: SourceMod error session started
L 12/24/2014 - 13:07:04: Info (map "pl_halfacre") (file "errors_20141224.log")
L 12/24/2014 - 13:07:04: [SM] Could not parse file "/home/gameserver/tf2server/tf2/tf/addons/sourcemod/configs/maplists.cfg"
L 12/24/2014 - 13:07:04: [SM] Error on line 15 (col 12): A property was declared outside of a section
L 12/24/2014 - 13:57:46: Error log file session closed.
L 12/24/2014 - 13:57:54: SourceMod error session started
L 12/24/2014 - 13:57:54: Info (map "pl_jordan_canyon_final") (file "errors_20141224.log")
L 12/24/2014 - 13:57:54: [SM] Could not parse file "/home/gameserver/tf2server/tf2/tf/addons/sourcemod/configs/maplists.cfg"
L 12/24/2014 - 13:57:54: [SM] Error on line 15 (col 12): A property was declared outside of a section
L 12/24/2014 - 14:34:33: Error log file session closed.
L 12/24/2014 - 14:34:41: SourceMod error session started
L 12/24/2014 - 14:34:41: Info (map "pl_manngrove_rc5") (file "errors_20141224.log")
L 12/24/2014 - 14:34:41: [SM] Could not parse file "/home/gameserver/tf2server/tf2/tf/addons/sourcemod/configs/maplists.cfg"
L 12/24/2014 - 14:34:41: [SM] Error on line 15 (col 12): A property was declared outside of a section
L 12/24/2014 - 15:11:19: Error log file session closed.
L 12/24/2014 - 15:11:28: SourceMod error session started
L 12/24/2014 - 15:11:28: Info (map "pl_metropolis_b5") (file "errors_20141224.log")
L 12/24/2014 - 15:11:28: [SM] Could not parse file "/home/gameserver/tf2server/tf2/tf/addons/sourcemod/configs/maplists.cfg"
L 12/24/2014 - 15:11:28: [SM] Error on line 15 (col 12): A property was declared outside of a section
L 12/24/2014 - 15:40:55: Error log file session closed.
L 12/24/2014 - 15:41:04: SourceMod error session started
L 12/24/2014 - 15:41:04: Info (map "pl_millstone_rc11") (file "errors_20141224.log")
L 12/24/2014 - 15:41:04: [SM] Could not parse file "/home/gameserver/tf2server/tf2/tf/addons/sourcemod/configs/maplists.cfg"
L 12/24/2014 - 15:41:04: [SM] Error on line 15 (col 12): A property was declared outside of a section
L 12/24/2014 - 16:09:43: Error log file session closed.
L 12/24/2014 - 16:09:51: SourceMod error session started
L 12/24/2014 - 16:09:51: Info (map "pl_outback_rc4") (file "errors_20141224.log")
L 12/24/2014 - 16:09:51: [SM] Could not parse file "/home/gameserver/tf2server/tf2/tf/addons/sourcemod/configs/maplists.cfg"
L 12/24/2014 - 16:09:51: [SM] Error on line 15 (col 12): A property was declared outside of a section
L 12/24/2014 - 18:49:49: Error log file session closed.
L 12/24/2014 - 18:49:57: SourceMod error session started
L 12/24/2014 - 18:49:57: Info (map "pl_pier_b16") (file "errors_20141224.log")
L 12/24/2014 - 18:49:57: [SM] Could not parse file "/home/gameserver/tf2server/tf2/tf/addons/sourcemod/configs/maplists.cfg"
L 12/24/2014 - 18:49:57: [SM] Error on line 15 (col 12): A property was declared outside of a section
