L 01/22/2015 - 02:17:43: SourceMod error session started
L 01/22/2015 - 02:17:43: Info (map "pl_vanishingpoint") (file "errors_20150122.log")
L 01/22/2015 - 02:17:43: Error log file session closed.
L 01/22/2015 - 02:17:54: SourceMod error session started
L 01/22/2015 - 02:17:54: Info (map "pl_vanishingpoint") (file "errors_20150122.log")
L 01/22/2015 - 02:17:54: [SM] Could not parse file "/home/gameserver/tf2server/tf2/tf/addons/sourcemod/configs/maplists.cfg"
L 01/22/2015 - 02:17:54: [SM] Error on line 15 (col 12): A property was declared outside of a section
L 01/22/2015 - 05:19:06: Error log file session closed.
L 01/22/2015 - 05:19:18: SourceMod error session started
L 01/22/2015 - 05:19:18: Info (map "pl_volcanic_a25") (file "errors_20150122.log")
L 01/22/2015 - 05:19:18: [SM] Could not parse file "/home/gameserver/tf2server/tf2/tf/addons/sourcemod/configs/maplists.cfg"
L 01/22/2015 - 05:19:18: [SM] Error on line 15 (col 12): A property was declared outside of a section
L 01/22/2015 - 05:41:16: Error log file session closed.
L 01/22/2015 - 05:41:26: SourceMod error session started
L 01/22/2015 - 05:41:26: Info (map "cp_aqua") (file "errors_20150122.log")
L 01/22/2015 - 05:41:26: [SM] Could not parse file "/home/gameserver/tf2server/tf2/tf/addons/sourcemod/configs/maplists.cfg"
L 01/22/2015 - 05:41:26: [SM] Error on line 15 (col 12): A property was declared outside of a section
L 01/22/2015 - 06:27:51: Error log file session closed.
L 01/22/2015 - 06:28:02: SourceMod error session started
L 01/22/2015 - 06:28:02: Info (map "pl_swiftwater_ugc") (file "errors_20150122.log")
L 01/22/2015 - 06:28:02: [SM] Could not parse file "/home/gameserver/tf2server/tf2/tf/addons/sourcemod/configs/maplists.cfg"
L 01/22/2015 - 06:28:02: [SM] Error on line 15 (col 12): A property was declared outside of a section
L 01/22/2015 - 07:06:44: Error log file session closed.
L 01/22/2015 - 07:06:56: SourceMod error session started
L 01/22/2015 - 07:06:56: Info (map "pl_timbermill_rc3c") (file "errors_20150122.log")
L 01/22/2015 - 07:06:56: [SM] Could not parse file "/home/gameserver/tf2server/tf2/tf/addons/sourcemod/configs/maplists.cfg"
L 01/22/2015 - 07:06:56: [SM] Error on line 15 (col 12): A property was declared outside of a section
L 01/22/2015 - 07:53:47: Error log file session closed.
L 01/22/2015 - 07:53:58: SourceMod error session started
L 01/22/2015 - 07:53:58: Info (map "pl_vanishingpoint") (file "errors_20150122.log")
L 01/22/2015 - 07:53:58: [SM] Could not parse file "/home/gameserver/tf2server/tf2/tf/addons/sourcemod/configs/maplists.cfg"
L 01/22/2015 - 07:53:58: [SM] Error on line 15 (col 12): A property was declared outside of a section
L 01/22/2015 - 08:31:07: Error log file session closed.
L 01/22/2015 - 08:31:18: SourceMod error session started
L 01/22/2015 - 08:31:18: Info (map "pl_volcanic_a25") (file "errors_20150122.log")
L 01/22/2015 - 08:31:18: [SM] Could not parse file "/home/gameserver/tf2server/tf2/tf/addons/sourcemod/configs/maplists.cfg"
L 01/22/2015 - 08:31:18: [SM] Error on line 15 (col 12): A property was declared outside of a section
L 01/22/2015 - 09:06:38: Error log file session closed.
L 01/22/2015 - 09:06:49: SourceMod error session started
L 01/22/2015 - 09:06:49: Info (map "pl_goldrock_rc1") (file "errors_20150122.log")
L 01/22/2015 - 09:06:49: [SM] Could not parse file "/home/gameserver/tf2server/tf2/tf/addons/sourcemod/configs/maplists.cfg"
L 01/22/2015 - 09:06:49: [SM] Error on line 15 (col 12): A property was declared outside of a section
L 01/22/2015 - 10:59:43: Error log file session closed.
L 01/22/2015 - 10:59:54: SourceMod error session started
L 01/22/2015 - 10:59:54: Info (map "koth_lighthouse_rc5") (file "errors_20150122.log")
L 01/22/2015 - 10:59:54: [SM] Could not parse file "/home/gameserver/tf2server/tf2/tf/addons/sourcemod/configs/maplists.cfg"
L 01/22/2015 - 10:59:54: [SM] Error on line 15 (col 12): A property was declared outside of a section
L 01/22/2015 - 11:23:09: Error log file session closed.
L 01/22/2015 - 11:23:19: SourceMod error session started
L 01/22/2015 - 11:23:19: Info (map "koth_dropdown_rc1") (file "errors_20150122.log")
L 01/22/2015 - 11:23:19: [SM] Could not parse file "/home/gameserver/tf2server/tf2/tf/addons/sourcemod/configs/maplists.cfg"
L 01/22/2015 - 11:23:19: [SM] Error on line 15 (col 12): A property was declared outside of a section
L 01/22/2015 - 11:35:24: Error log file session closed.
L 01/22/2015 - 11:35:34: SourceMod error session started
L 01/22/2015 - 11:35:34: Info (map "cp_marienwerder_beta2") (file "errors_20150122.log")
L 01/22/2015 - 11:35:34: [SM] Could not parse file "/home/gameserver/tf2server/tf2/tf/addons/sourcemod/configs/maplists.cfg"
L 01/22/2015 - 11:35:34: [SM] Error on line 15 (col 12): A property was declared outside of a section
L 01/22/2015 - 11:46:32: Error log file session closed.
L 01/22/2015 - 11:46:43: SourceMod error session started
L 01/22/2015 - 11:46:43: Info (map "pl_waste_v2") (file "errors_20150122.log")
L 01/22/2015 - 11:46:43: [SM] Could not parse file "/home/gameserver/tf2server/tf2/tf/addons/sourcemod/configs/maplists.cfg"
L 01/22/2015 - 11:46:43: [SM] Error on line 15 (col 12): A property was declared outside of a section
L 01/22/2015 - 11:52:38: Error log file session closed.
L 01/22/2015 - 11:52:48: SourceMod error session started
L 01/22/2015 - 11:52:48: Info (map "cp_marienwerder_beta2") (file "errors_20150122.log")
L 01/22/2015 - 11:52:48: [SM] Could not parse file "/home/gameserver/tf2server/tf2/tf/addons/sourcemod/configs/maplists.cfg"
L 01/22/2015 - 11:52:48: [SM] Error on line 15 (col 12): A property was declared outside of a section
L 01/22/2015 - 12:12:40: Error log file session closed.
L 01/22/2015 - 12:12:51: SourceMod error session started
L 01/22/2015 - 12:12:51: Info (map "ctf_laynedecker") (file "errors_20150122.log")
L 01/22/2015 - 12:12:51: [SM] Could not parse file "/home/gameserver/tf2server/tf2/tf/addons/sourcemod/configs/maplists.cfg"
L 01/22/2015 - 12:12:51: [SM] Error on line 15 (col 12): A property was declared outside of a section
L 01/22/2015 - 12:47:25: Error log file session closed.
L 01/22/2015 - 12:47:36: SourceMod error session started
L 01/22/2015 - 12:47:36: Info (map "cp_axle_rc1") (file "errors_20150122.log")
L 01/22/2015 - 12:47:36: [SM] Could not parse file "/home/gameserver/tf2server/tf2/tf/addons/sourcemod/configs/maplists.cfg"
L 01/22/2015 - 12:47:36: [SM] Error on line 15 (col 12): A property was declared outside of a section
L 01/22/2015 - 13:02:26: Error log file session closed.
L 01/22/2015 - 13:02:37: SourceMod error session started
L 01/22/2015 - 13:02:37: Info (map "cp_castle4") (file "errors_20150122.log")
L 01/22/2015 - 13:02:37: [SM] Could not parse file "/home/gameserver/tf2server/tf2/tf/addons/sourcemod/configs/maplists.cfg"
L 01/22/2015 - 13:02:37: [SM] Error on line 15 (col 12): A property was declared outside of a section
L 01/22/2015 - 13:20:09: Error log file session closed.
L 01/22/2015 - 13:20:19: SourceMod error session started
L 01/22/2015 - 13:20:19: Info (map "cp_aqua") (file "errors_20150122.log")
L 01/22/2015 - 13:20:19: [SM] Could not parse file "/home/gameserver/tf2server/tf2/tf/addons/sourcemod/configs/maplists.cfg"
L 01/22/2015 - 13:20:19: [SM] Error on line 15 (col 12): A property was declared outside of a section
L 01/22/2015 - 13:57:39: Error log file session closed.
L 01/22/2015 - 13:57:50: SourceMod error session started
L 01/22/2015 - 13:57:50: Info (map "pl_waste_v2") (file "errors_20150122.log")
L 01/22/2015 - 13:57:50: [SM] Could not parse file "/home/gameserver/tf2server/tf2/tf/addons/sourcemod/configs/maplists.cfg"
L 01/22/2015 - 13:57:50: [SM] Error on line 15 (col 12): A property was declared outside of a section
L 01/22/2015 - 14:26:46: Error log file session closed.
L 01/22/2015 - 14:26:56: SourceMod error session started
L 01/22/2015 - 14:26:56: Info (map "cp_redfort_b6") (file "errors_20150122.log")
L 01/22/2015 - 14:26:56: [SM] Could not parse file "/home/gameserver/tf2server/tf2/tf/addons/sourcemod/configs/maplists.cfg"
L 01/22/2015 - 14:26:56: [SM] Error on line 15 (col 12): A property was declared outside of a section
L 01/22/2015 - 14:50:41: Error log file session closed.
L 01/22/2015 - 14:50:52: SourceMod error session started
L 01/22/2015 - 14:50:52: Info (map "ctf_moonwalk_v2") (file "errors_20150122.log")
L 01/22/2015 - 14:50:52: [SM] Could not parse file "/home/gameserver/tf2server/tf2/tf/addons/sourcemod/configs/maplists.cfg"
L 01/22/2015 - 14:50:52: [SM] Error on line 15 (col 12): A property was declared outside of a section
L 01/22/2015 - 15:16:38: Error log file session closed.
L 01/22/2015 - 15:16:49: SourceMod error session started
L 01/22/2015 - 15:16:49: Info (map "pl_auriferous_rc7") (file "errors_20150122.log")
L 01/22/2015 - 15:16:49: [SM] Could not parse file "/home/gameserver/tf2server/tf2/tf/addons/sourcemod/configs/maplists.cfg"
L 01/22/2015 - 15:16:49: [SM] Error on line 15 (col 12): A property was declared outside of a section
L 01/22/2015 - 15:46:14: Error log file session closed.
L 01/22/2015 - 15:46:25: SourceMod error session started
L 01/22/2015 - 15:46:25: Info (map "pl_escarpment_rc1") (file "errors_20150122.log")
L 01/22/2015 - 15:46:25: [SM] Could not parse file "/home/gameserver/tf2server/tf2/tf/addons/sourcemod/configs/maplists.cfg"
L 01/22/2015 - 15:46:25: [SM] Error on line 15 (col 12): A property was declared outside of a section
L 01/22/2015 - 16:18:58: Error log file session closed.
L 01/22/2015 - 16:19:09: SourceMod error session started
L 01/22/2015 - 16:19:09: Info (map "pl_great_heights_b3") (file "errors_20150122.log")
L 01/22/2015 - 16:19:09: [SM] Could not parse file "/home/gameserver/tf2server/tf2/tf/addons/sourcemod/configs/maplists.cfg"
L 01/22/2015 - 16:19:09: [SM] Error on line 15 (col 12): A property was declared outside of a section
L 01/22/2015 - 17:18:00: Error log file session closed.
L 01/22/2015 - 17:18:11: SourceMod error session started
L 01/22/2015 - 17:18:11: Info (map "plr_frostfell_a10") (file "errors_20150122.log")
L 01/22/2015 - 17:18:11: [SM] Could not parse file "/home/gameserver/tf2server/tf2/tf/addons/sourcemod/configs/maplists.cfg"
L 01/22/2015 - 17:18:11: [SM] Error on line 15 (col 12): A property was declared outside of a section
L 01/22/2015 - 17:28:58: Error log file session closed.
L 01/22/2015 - 17:29:09: SourceMod error session started
L 01/22/2015 - 17:29:09: Info (map "cp_croissant_final") (file "errors_20150122.log")
L 01/22/2015 - 17:29:09: [SM] Could not parse file "/home/gameserver/tf2server/tf2/tf/addons/sourcemod/configs/maplists.cfg"
L 01/22/2015 - 17:29:09: [SM] Error on line 15 (col 12): A property was declared outside of a section
L 01/22/2015 - 17:49:40: Error log file session closed.
L 01/22/2015 - 17:49:50: SourceMod error session started
L 01/22/2015 - 17:49:50: Info (map "dom_cliffhanger_b11") (file "errors_20150122.log")
L 01/22/2015 - 17:49:50: [SM] Could not parse file "/home/gameserver/tf2server/tf2/tf/addons/sourcemod/configs/maplists.cfg"
L 01/22/2015 - 17:49:50: [SM] Error on line 15 (col 12): A property was declared outside of a section
L 01/22/2015 - 18:06:22: Error log file session closed.
L 01/22/2015 - 18:06:34: SourceMod error session started
L 01/22/2015 - 18:06:34: Info (map "pl_pier_b16") (file "errors_20150122.log")
L 01/22/2015 - 18:06:34: [SM] Could not parse file "/home/gameserver/tf2server/tf2/tf/addons/sourcemod/configs/maplists.cfg"
L 01/22/2015 - 18:06:34: [SM] Error on line 15 (col 12): A property was declared outside of a section
L 01/22/2015 - 18:16:57: Error log file session closed.
L 01/22/2015 - 18:17:08: SourceMod error session started
L 01/22/2015 - 18:17:08: Info (map "pl_quagmire") (file "errors_20150122.log")
L 01/22/2015 - 18:17:08: [SM] Could not parse file "/home/gameserver/tf2server/tf2/tf/addons/sourcemod/configs/maplists.cfg"
L 01/22/2015 - 18:17:08: [SM] Error on line 15 (col 12): A property was declared outside of a section
L 01/22/2015 - 18:39:04: Error log file session closed.
L 01/22/2015 - 18:39:15: SourceMod error session started
L 01/22/2015 - 18:39:15: Info (map "ctf_mercy") (file "errors_20150122.log")
L 01/22/2015 - 18:39:15: [SM] Could not parse file "/home/gameserver/tf2server/tf2/tf/addons/sourcemod/configs/maplists.cfg"
L 01/22/2015 - 18:39:15: [SM] Error on line 15 (col 12): A property was declared outside of a section
L 01/22/2015 - 19:39:48: Error log file session closed.
L 01/22/2015 - 19:39:59: SourceMod error session started
L 01/22/2015 - 19:39:59: Info (map "ctf_mexico_b4") (file "errors_20150122.log")
L 01/22/2015 - 19:39:59: [SM] Could not parse file "/home/gameserver/tf2server/tf2/tf/addons/sourcemod/configs/maplists.cfg"
L 01/22/2015 - 19:39:59: [SM] Error on line 15 (col 12): A property was declared outside of a section
