L 01/07/2015 - 13:04:58: SourceMod error session started
L 01/07/2015 - 13:04:58: Info (map "koth_quarry_rc5") (file "errors_20150107.log")
L 01/07/2015 - 13:04:58: Error log file session closed.
L 01/07/2015 - 13:05:06: SourceMod error session started
L 01/07/2015 - 13:05:06: Info (map "koth_quarry_rc5") (file "errors_20150107.log")
L 01/07/2015 - 13:05:06: [SM] Could not parse file "/home/gameserver/tf2server/tf2/tf/addons/sourcemod/configs/maplists.cfg"
L 01/07/2015 - 13:05:06: [SM] Error on line 15 (col 12): A property was declared outside of a section
L 01/07/2015 - 13:43:39: Error log file session closed.
L 01/07/2015 - 13:43:47: SourceMod error session started
L 01/07/2015 - 13:43:47: Info (map "cp_redstone_b2") (file "errors_20150107.log")
L 01/07/2015 - 13:43:47: [SM] Could not parse file "/home/gameserver/tf2server/tf2/tf/addons/sourcemod/configs/maplists.cfg"
L 01/07/2015 - 13:43:47: [SM] Error on line 15 (col 12): A property was declared outside of a section
L 01/07/2015 - 13:50:15: Error log file session closed.
L 01/07/2015 - 13:50:23: SourceMod error session started
L 01/07/2015 - 13:50:23: Info (map "dom_cliffhanger_b11") (file "errors_20150107.log")
L 01/07/2015 - 13:50:23: [SM] Could not parse file "/home/gameserver/tf2server/tf2/tf/addons/sourcemod/configs/maplists.cfg"
L 01/07/2015 - 13:50:23: [SM] Error on line 15 (col 12): A property was declared outside of a section
L 01/07/2015 - 14:30:55: Error log file session closed.
L 01/07/2015 - 14:31:04: SourceMod error session started
L 01/07/2015 - 14:31:04: Info (map "koth_anthem_b3") (file "errors_20150107.log")
L 01/07/2015 - 14:31:04: [SM] Could not parse file "/home/gameserver/tf2server/tf2/tf/addons/sourcemod/configs/maplists.cfg"
L 01/07/2015 - 14:31:04: [SM] Error on line 15 (col 12): A property was declared outside of a section
