L 01/14/2015 - 10:57:54: SourceMod error session started
L 01/14/2015 - 10:57:54: Info (map "cp_vanguard_b9") (file "errors_20150114.log")
L 01/14/2015 - 10:57:54: Error log file session closed.
L 01/14/2015 - 10:58:24: SourceMod error session started
L 01/14/2015 - 10:58:24: Info (map "pl_borneo_rc3") (file "errors_20150114.log")
L 01/14/2015 - 10:58:24: [SM] Could not parse file "/home/gameserver/tf2server/tf2/tf/addons/sourcemod/configs/maplists.cfg"
L 01/14/2015 - 10:58:24: [SM] Error on line 15 (col 12): A property was declared outside of a section
L 01/14/2015 - 10:58:36: [SM] Could not parse file "/home/gameserver/tf2server/tf2/tf/addons/sourcemod/configs/maplists.cfg"
L 01/14/2015 - 10:58:36: [SM] Error on line 15 (col 12): A property was declared outside of a section
L 01/14/2015 - 14:31:36: Error log file session closed.
L 01/14/2015 - 14:31:43: SourceMod error session started
L 01/14/2015 - 14:31:43: Info (map "pl_boundary_final") (file "errors_20150114.log")
L 01/14/2015 - 14:31:43: [SM] Could not parse file "/home/gameserver/tf2server/tf2/tf/addons/sourcemod/configs/maplists.cfg"
L 01/14/2015 - 14:31:43: [SM] Error on line 15 (col 12): A property was declared outside of a section
L 01/14/2015 - 17:52:06: Error log file session closed.
L 01/14/2015 - 17:52:14: SourceMod error session started
L 01/14/2015 - 17:52:14: Info (map "pl_boxcanyon_RC1") (file "errors_20150114.log")
L 01/14/2015 - 17:52:14: [SM] Could not parse file "/home/gameserver/tf2server/tf2/tf/addons/sourcemod/configs/maplists.cfg"
L 01/14/2015 - 17:52:14: [SM] Error on line 15 (col 12): A property was declared outside of a section
L 01/14/2015 - 20:11:04: Error log file session closed.
L 01/14/2015 - 20:11:11: SourceMod error session started
L 01/14/2015 - 20:11:11: Info (map "pl_cashworks_final1") (file "errors_20150114.log")
L 01/14/2015 - 20:11:11: [SM] Could not parse file "/home/gameserver/tf2server/tf2/tf/addons/sourcemod/configs/maplists.cfg"
L 01/14/2015 - 20:11:11: [SM] Error on line 15 (col 12): A property was declared outside of a section
