L 02/14/2015 - 04:59:48: SourceMod error session started
L 02/14/2015 - 04:59:48: Info (map "cp_hella_a11a") (file "errors_20150214.log")
L 02/14/2015 - 04:59:48: Error log file session closed.
L 02/14/2015 - 04:59:56: SourceMod error session started
L 02/14/2015 - 04:59:56: Info (map "cp_hella_a11a") (file "errors_20150214.log")
L 02/14/2015 - 04:59:56: [SM] Could not parse file "/home/gameserver/tf2server/tf2/tf/addons/sourcemod/configs/maplists.cfg"
L 02/14/2015 - 04:59:56: [SM] Error on line 15 (col 12): A property was declared outside of a section
L 02/14/2015 - 11:12:55: Error log file session closed.
L 02/14/2015 - 11:13:03: SourceMod error session started
L 02/14/2015 - 11:13:03: Info (map "cp_indulge") (file "errors_20150214.log")
L 02/14/2015 - 11:13:03: [SM] Could not parse file "/home/gameserver/tf2server/tf2/tf/addons/sourcemod/configs/maplists.cfg"
L 02/14/2015 - 11:13:03: [SM] Error on line 15 (col 12): A property was declared outside of a section
L 02/14/2015 - 11:56:24: Error log file session closed.
L 02/14/2015 - 11:56:32: SourceMod error session started
L 02/14/2015 - 11:56:32: Info (map "cp_keikoku_rc1") (file "errors_20150214.log")
L 02/14/2015 - 11:56:32: [SM] Could not parse file "/home/gameserver/tf2server/tf2/tf/addons/sourcemod/configs/maplists.cfg"
L 02/14/2015 - 11:56:32: [SM] Error on line 15 (col 12): A property was declared outside of a section
L 02/14/2015 - 13:55:51: Error log file session closed.
L 02/14/2015 - 13:55:59: SourceMod error session started
L 02/14/2015 - 13:55:59: Info (map "cp_labor") (file "errors_20150214.log")
L 02/14/2015 - 13:55:59: [SM] Could not parse file "/home/gameserver/tf2server/tf2/tf/addons/sourcemod/configs/maplists.cfg"
L 02/14/2015 - 13:55:59: [SM] Error on line 15 (col 12): A property was declared outside of a section
L 02/14/2015 - 13:58:43: Error log file session closed.
L 02/14/2015 - 13:58:52: SourceMod error session started
L 02/14/2015 - 13:58:52: Info (map "pl_waste_v2") (file "errors_20150214.log")
L 02/14/2015 - 13:58:52: [SM] Could not parse file "/home/gameserver/tf2server/tf2/tf/addons/sourcemod/configs/maplists.cfg"
L 02/14/2015 - 13:58:52: [SM] Error on line 15 (col 12): A property was declared outside of a section
L 02/14/2015 - 14:42:45: Error log file session closed.
L 02/14/2015 - 14:42:54: SourceMod error session started
L 02/14/2015 - 14:42:54: Info (map "cp_gydan") (file "errors_20150214.log")
L 02/14/2015 - 14:42:54: [SM] Could not parse file "/home/gameserver/tf2server/tf2/tf/addons/sourcemod/configs/maplists.cfg"
L 02/14/2015 - 14:42:54: [SM] Error on line 15 (col 12): A property was declared outside of a section
L 02/14/2015 - 14:57:06: Error log file session closed.
L 02/14/2015 - 14:57:15: SourceMod error session started
L 02/14/2015 - 14:57:15: Info (map "pl_boundary_final1") (file "errors_20150214.log")
L 02/14/2015 - 14:57:15: [SM] Could not parse file "/home/gameserver/tf2server/tf2/tf/addons/sourcemod/configs/maplists.cfg"
L 02/14/2015 - 14:57:15: [SM] Error on line 15 (col 12): A property was declared outside of a section
L 02/14/2015 - 15:36:15: Error log file session closed.
L 02/14/2015 - 15:36:23: SourceMod error session started
L 02/14/2015 - 15:36:23: Info (map "cp_glacier_rc6") (file "errors_20150214.log")
L 02/14/2015 - 15:36:23: [SM] Could not parse file "/home/gameserver/tf2server/tf2/tf/addons/sourcemod/configs/maplists.cfg"
L 02/14/2015 - 15:36:23: [SM] Error on line 15 (col 12): A property was declared outside of a section
L 02/14/2015 - 15:45:16: Error log file session closed.
L 02/14/2015 - 15:45:25: SourceMod error session started
L 02/14/2015 - 15:45:25: Info (map "pl_borneo_rc3") (file "errors_20150214.log")
L 02/14/2015 - 15:45:25: [SM] Could not parse file "/home/gameserver/tf2server/tf2/tf/addons/sourcemod/configs/maplists.cfg"
L 02/14/2015 - 15:45:25: [SM] Error on line 15 (col 12): A property was declared outside of a section
