L 02/05/2015 - 10:56:16: SourceMod error session started
L 02/05/2015 - 10:56:16: Info (map "pl_cottage_b4") (file "errors_20150205.log")
L 02/05/2015 - 10:56:16: Error log file session closed.
L 02/05/2015 - 10:56:24: SourceMod error session started
L 02/05/2015 - 10:56:24: Info (map "pl_cottage_b4") (file "errors_20150205.log")
L 02/05/2015 - 10:56:24: [SM] Could not parse file "/home/gameserver/tf2server/tf2/tf/addons/sourcemod/configs/maplists.cfg"
L 02/05/2015 - 10:56:24: [SM] Error on line 15 (col 12): A property was declared outside of a section
L 02/05/2015 - 11:29:51: Error log file session closed.
L 02/05/2015 - 11:30:00: SourceMod error session started
L 02/05/2015 - 11:30:00: Info (map "pl_borax_rc2") (file "errors_20150205.log")
L 02/05/2015 - 11:30:00: [SM] Could not parse file "/home/gameserver/tf2server/tf2/tf/addons/sourcemod/configs/maplists.cfg"
L 02/05/2015 - 11:30:00: [SM] Error on line 15 (col 12): A property was declared outside of a section
L 02/05/2015 - 11:51:44: Error log file session closed.
L 02/05/2015 - 11:51:53: SourceMod error session started
L 02/05/2015 - 11:51:53: Info (map "push_desolation_rc1") (file "errors_20150205.log")
L 02/05/2015 - 11:51:53: [SM] Could not parse file "/home/gameserver/tf2server/tf2/tf/addons/sourcemod/configs/maplists.cfg"
L 02/05/2015 - 11:51:53: [SM] Error on line 15 (col 12): A property was declared outside of a section
L 02/05/2015 - 11:59:45: Error log file session closed.
L 02/05/2015 - 11:59:53: SourceMod error session started
L 02/05/2015 - 11:59:53: Info (map "pl_borneo_rc3") (file "errors_20150205.log")
L 02/05/2015 - 11:59:53: [SM] Could not parse file "/home/gameserver/tf2server/tf2/tf/addons/sourcemod/configs/maplists.cfg"
L 02/05/2015 - 11:59:53: [SM] Error on line 15 (col 12): A property was declared outside of a section
L 02/05/2015 - 12:48:06: Error log file session closed.
L 02/05/2015 - 12:48:15: SourceMod error session started
L 02/05/2015 - 12:48:15: Info (map "ctf_mexico_b4") (file "errors_20150205.log")
L 02/05/2015 - 12:48:15: [SM] Could not parse file "/home/gameserver/tf2server/tf2/tf/addons/sourcemod/configs/maplists.cfg"
L 02/05/2015 - 12:48:15: [SM] Error on line 15 (col 12): A property was declared outside of a section
