L 12/20/2014 - 14:57:41: SourceMod error session started
L 12/20/2014 - 14:57:41: Info (map "pl_cashworks_final1") (file "errors_20141220.log")
L 12/20/2014 - 14:57:41: [SM] Could not parse file "/home/gameserver/tf2server/tf2/tf/addons/sourcemod/configs/maplists.cfg"
L 12/20/2014 - 14:57:41: [SM] Error on line 15 (col 12): A property was declared outside of a section
L 12/20/2014 - 14:57:50: [SM] Could not parse file "/home/gameserver/tf2server/tf2/tf/addons/sourcemod/configs/maplists.cfg"
L 12/20/2014 - 14:57:50: [SM] Error on line 15 (col 12): A property was declared outside of a section
L 12/20/2014 - 14:57:50: [SM] Could not parse file "/home/gameserver/tf2server/tf2/tf/addons/sourcemod/configs/maplists.cfg"
L 12/20/2014 - 14:57:50: [SM] Error on line 15 (col 12): A property was declared outside of a section
L 12/20/2014 - 14:57:50: [SM] Could not parse file "/home/gameserver/tf2server/tf2/tf/addons/sourcemod/configs/maplists.cfg"
L 12/20/2014 - 14:57:50: [SM] Error on line 15 (col 12): A property was declared outside of a section
L 12/20/2014 - 15:46:51: Error log file session closed.
L 12/20/2014 - 15:47:00: SourceMod error session started
L 12/20/2014 - 15:47:00: Info (map "ctf_geothermal_b2") (file "errors_20141220.log")
L 12/20/2014 - 15:47:00: [SM] Could not parse file "/home/gameserver/tf2server/tf2/tf/addons/sourcemod/configs/maplists.cfg"
L 12/20/2014 - 15:47:00: [SM] Error on line 15 (col 12): A property was declared outside of a section
L 12/20/2014 - 15:58:10: Error log file session closed.
L 12/20/2014 - 15:58:19: SourceMod error session started
L 12/20/2014 - 15:58:19: Info (map "pl_pier_b16") (file "errors_20141220.log")
L 12/20/2014 - 15:58:19: [SM] Could not parse file "/home/gameserver/tf2server/tf2/tf/addons/sourcemod/configs/maplists.cfg"
L 12/20/2014 - 15:58:19: [SM] Error on line 15 (col 12): A property was declared outside of a section
L 12/20/2014 - 15:58:19: [umc-maprate-reweight.smx] Plugin "Map Rate" is not loaded, cannot determine which SQL table to look for ratings in.
L 12/20/2014 - 15:58:19: [SM] Plugin encountered error 25: Call was aborted
L 12/20/2014 - 15:58:19: [SM] Native "SetFailState" reported: Plugin "Map Rate" is not loaded.
L 12/20/2014 - 15:58:19: [SM] Displaying call stack trace for plugin "umc-maprate-reweight.smx":
L 12/20/2014 - 15:58:19: [SM]   [0]  Line 159, C:\Projects\SourceMod\plugins\powerlord Ultimate-Mapchooser\addons\sourcemod\scripting\umc-maprate-reweight.sp::OnConfigsExecuted()
L 12/20/2014 - 16:47:30: Error log file session closed.
L 12/20/2014 - 16:47:39: SourceMod error session started
L 12/20/2014 - 16:47:39: Info (map "pl_swiftwater") (file "errors_20141220.log")
L 12/20/2014 - 16:47:39: [SM] Could not parse file "/home/gameserver/tf2server/tf2/tf/addons/sourcemod/configs/maplists.cfg"
L 12/20/2014 - 16:47:39: [SM] Error on line 15 (col 12): A property was declared outside of a section
L 12/20/2014 - 16:58:14: Error log file session closed.
L 12/20/2014 - 16:58:23: SourceMod error session started
L 12/20/2014 - 16:58:23: Info (map "pl_swiftwater_ugc") (file "errors_20141220.log")
L 12/20/2014 - 16:58:23: [SM] Could not parse file "/home/gameserver/tf2server/tf2/tf/addons/sourcemod/configs/maplists.cfg"
L 12/20/2014 - 16:58:23: [SM] Error on line 15 (col 12): A property was declared outside of a section
L 12/20/2014 - 17:27:27: Error log file session closed.
L 12/20/2014 - 17:27:36: SourceMod error session started
L 12/20/2014 - 17:27:36: Info (map "koth_lighthouse_rc5") (file "errors_20141220.log")
L 12/20/2014 - 17:27:36: [SM] Could not parse file "/home/gameserver/tf2server/tf2/tf/addons/sourcemod/configs/maplists.cfg"
L 12/20/2014 - 17:27:36: [SM] Error on line 15 (col 12): A property was declared outside of a section
L 12/20/2014 - 18:00:33: Error log file session closed.
L 12/20/2014 - 18:00:43: SourceMod error session started
L 12/20/2014 - 18:00:43: Info (map "pl_goldrock_rc1") (file "errors_20141220.log")
L 12/20/2014 - 18:00:43: [SM] Could not parse file "/home/gameserver/tf2server/tf2/tf/addons/sourcemod/configs/maplists.cfg"
L 12/20/2014 - 18:00:43: [SM] Error on line 15 (col 12): A property was declared outside of a section
L 12/20/2014 - 18:16:33: Error log file session closed.
L 12/20/2014 - 18:16:42: SourceMod error session started
L 12/20/2014 - 18:16:42: Info (map "pl_metropolis_b5") (file "errors_20141220.log")
L 12/20/2014 - 18:16:42: [SM] Could not parse file "/home/gameserver/tf2server/tf2/tf/addons/sourcemod/configs/maplists.cfg"
L 12/20/2014 - 18:16:42: [SM] Error on line 15 (col 12): A property was declared outside of a section
L 12/20/2014 - 18:17:12: [umc-core.smx] NATIVE: Cannot build map array, mapcycle has no groups.
L 12/20/2014 - 18:17:12: [SM] Native "CloneHandle" reported: Handle 0 cannot be cloned because it is invalid (error 4)
L 12/20/2014 - 18:17:12: [SM] Displaying call stack trace for plugin "umc-core.smx":
L 12/20/2014 - 18:17:12: [SM]   [0]  Line 1254, C:\Projects\SourceMod\notepad++\sourcepawn.compiler\include\umc_utils.inc::CloseAndClone()
L 12/20/2014 - 18:17:12: [SM]   [1]  Line 1431, C:\Projects\SourceMod\plugins\powerlord Ultimate-Mapchooser\addons\sourcemod\scripting\umc-core.sp::Native_UMCCreateGroupArray()
L 12/20/2014 - 18:17:12: [SM] Native "UMC_CreateValidMapGroupArray" reported: Error encountered while processing a dynamic native
L 12/20/2014 - 18:17:12: [SM] Displaying call stack trace for plugin "umc-nominate.smx":
L 12/20/2014 - 18:17:12: [SM]   [0]  Line 647, C:\Projects\SourceMod\plugins\powerlord Ultimate-Mapchooser\addons\sourcemod\scripting\umc-nominate.sp::BuildTieredNominationMenu()
L 12/20/2014 - 18:17:12: [SM]   [1]  Line 494, C:\Projects\SourceMod\plugins\powerlord Ultimate-Mapchooser\addons\sourcemod\scripting\umc-nominate.sp::DisplayNominationMenu()
L 12/20/2014 - 18:17:12: [SM]   [2]  Line 473, C:\Projects\SourceMod\plugins\powerlord Ultimate-Mapchooser\addons\sourcemod\scripting\umc-nominate.sp::Command_Nominate()
L 12/20/2014 - 18:17:15: [umc-core.smx] NATIVE: Cannot build map array, mapcycle has no groups.
L 12/20/2014 - 18:17:15: [SM] Native "CloneHandle" reported: Handle 0 cannot be cloned because it is invalid (error 4)
L 12/20/2014 - 18:17:15: [SM] Displaying call stack trace for plugin "umc-core.smx":
L 12/20/2014 - 18:17:15: [SM]   [0]  Line 1254, C:\Projects\SourceMod\notepad++\sourcepawn.compiler\include\umc_utils.inc::CloseAndClone()
L 12/20/2014 - 18:17:15: [SM]   [1]  Line 1431, C:\Projects\SourceMod\plugins\powerlord Ultimate-Mapchooser\addons\sourcemod\scripting\umc-core.sp::Native_UMCCreateGroupArray()
L 12/20/2014 - 18:17:15: [SM] Native "UMC_CreateValidMapGroupArray" reported: Error encountered while processing a dynamic native
L 12/20/2014 - 18:17:15: [SM] Displaying call stack trace for plugin "umc-nominate.smx":
L 12/20/2014 - 18:17:15: [SM]   [0]  Line 647, C:\Projects\SourceMod\plugins\powerlord Ultimate-Mapchooser\addons\sourcemod\scripting\umc-nominate.sp::BuildTieredNominationMenu()
L 12/20/2014 - 18:17:15: [SM]   [1]  Line 494, C:\Projects\SourceMod\plugins\powerlord Ultimate-Mapchooser\addons\sourcemod\scripting\umc-nominate.sp::DisplayNominationMenu()
L 12/20/2014 - 18:17:15: [SM]   [2]  Line 473, C:\Projects\SourceMod\plugins\powerlord Ultimate-Mapchooser\addons\sourcemod\scripting\umc-nominate.sp::Command_Nominate()
L 12/20/2014 - 18:17:25: [umc-core.smx] NATIVE: Cannot build map array, mapcycle has no groups.
L 12/20/2014 - 18:17:25: [SM] Native "CloneHandle" reported: Handle 0 cannot be cloned because it is invalid (error 4)
L 12/20/2014 - 18:17:25: [SM] Displaying call stack trace for plugin "umc-core.smx":
L 12/20/2014 - 18:17:25: [SM]   [0]  Line 1254, C:\Projects\SourceMod\notepad++\sourcepawn.compiler\include\umc_utils.inc::CloseAndClone()
L 12/20/2014 - 18:17:25: [SM]   [1]  Line 1431, C:\Projects\SourceMod\plugins\powerlord Ultimate-Mapchooser\addons\sourcemod\scripting\umc-core.sp::Native_UMCCreateGroupArray()
L 12/20/2014 - 18:17:25: [SM] Native "UMC_CreateValidMapGroupArray" reported: Error encountered while processing a dynamic native
L 12/20/2014 - 18:17:25: [SM] Displaying call stack trace for plugin "umc-nominate.smx":
L 12/20/2014 - 18:17:25: [SM]   [0]  Line 647, C:\Projects\SourceMod\plugins\powerlord Ultimate-Mapchooser\addons\sourcemod\scripting\umc-nominate.sp::BuildTieredNominationMenu()
L 12/20/2014 - 18:17:25: [SM]   [1]  Line 494, C:\Projects\SourceMod\plugins\powerlord Ultimate-Mapchooser\addons\sourcemod\scripting\umc-nominate.sp::DisplayNominationMenu()
L 12/20/2014 - 18:17:25: [SM]   [2]  Line 473, C:\Projects\SourceMod\plugins\powerlord Ultimate-Mapchooser\addons\sourcemod\scripting\umc-nominate.sp::Command_Nominate()
L 12/20/2014 - 18:17:44: [umc-core.smx] NATIVE: Cannot build map array, mapcycle has no groups.
L 12/20/2014 - 18:17:44: [SM] Native "CloneHandle" reported: Handle 0 cannot be cloned because it is invalid (error 4)
L 12/20/2014 - 18:17:44: [SM] Displaying call stack trace for plugin "umc-core.smx":
L 12/20/2014 - 18:17:44: [SM]   [0]  Line 1254, C:\Projects\SourceMod\notepad++\sourcepawn.compiler\include\umc_utils.inc::CloseAndClone()
L 12/20/2014 - 18:17:44: [SM]   [1]  Line 1431, C:\Projects\SourceMod\plugins\powerlord Ultimate-Mapchooser\addons\sourcemod\scripting\umc-core.sp::Native_UMCCreateGroupArray()
L 12/20/2014 - 18:17:44: [SM] Native "UMC_CreateValidMapGroupArray" reported: Error encountered while processing a dynamic native
L 12/20/2014 - 18:17:44: [SM] Displaying call stack trace for plugin "umc-nominate.smx":
L 12/20/2014 - 18:17:44: [SM]   [0]  Line 647, C:\Projects\SourceMod\plugins\powerlord Ultimate-Mapchooser\addons\sourcemod\scripting\umc-nominate.sp::BuildTieredNominationMenu()
L 12/20/2014 - 18:17:44: [SM]   [1]  Line 494, C:\Projects\SourceMod\plugins\powerlord Ultimate-Mapchooser\addons\sourcemod\scripting\umc-nominate.sp::DisplayNominationMenu()
L 12/20/2014 - 18:17:44: [SM]   [2]  Line 473, C:\Projects\SourceMod\plugins\powerlord Ultimate-Mapchooser\addons\sourcemod\scripting\umc-nominate.sp::Command_Nominate()
L 12/20/2014 - 18:26:36: [umc-core.smx] NATIVE: Cannot build map array, mapcycle has no groups.
L 12/20/2014 - 18:26:36: [SM] Native "CloneHandle" reported: Handle 0 cannot be cloned because it is invalid (error 4)
L 12/20/2014 - 18:26:36: [SM] Displaying call stack trace for plugin "umc-core.smx":
L 12/20/2014 - 18:26:36: [SM]   [0]  Line 1254, C:\Projects\SourceMod\notepad++\sourcepawn.compiler\include\umc_utils.inc::CloseAndClone()
L 12/20/2014 - 18:26:36: [SM]   [1]  Line 1431, C:\Projects\SourceMod\plugins\powerlord Ultimate-Mapchooser\addons\sourcemod\scripting\umc-core.sp::Native_UMCCreateGroupArray()
L 12/20/2014 - 18:26:36: [SM] Native "UMC_CreateValidMapGroupArray" reported: Error encountered while processing a dynamic native
L 12/20/2014 - 18:26:36: [SM] Displaying call stack trace for plugin "umc-nominate.smx":
L 12/20/2014 - 18:26:36: [SM]   [0]  Line 647, C:\Projects\SourceMod\plugins\powerlord Ultimate-Mapchooser\addons\sourcemod\scripting\umc-nominate.sp::BuildTieredNominationMenu()
L 12/20/2014 - 18:26:36: [SM]   [1]  Line 494, C:\Projects\SourceMod\plugins\powerlord Ultimate-Mapchooser\addons\sourcemod\scripting\umc-nominate.sp::DisplayNominationMenu()
L 12/20/2014 - 18:26:36: [SM]   [2]  Line 473, C:\Projects\SourceMod\plugins\powerlord Ultimate-Mapchooser\addons\sourcemod\scripting\umc-nominate.sp::Command_Nominate()
L 12/20/2014 - 18:28:33: [umc-nativevotes.smx] VOTING: Not enough maps to run a map vote. 1 maps available.
L 12/20/2014 - 18:28:33: [umc-nativevotes.smx] Could not start native vote.
L 12/20/2014 - 18:39:07: [umc-nativevotes.smx] VOTING: Not enough maps to run a map vote. 1 maps available.
L 12/20/2014 - 18:39:07: [umc-nativevotes.smx] Could not start native vote.
L 12/20/2014 - 18:54:36: [umc-core.smx] VOTING: No map groups found in rotation. Vote menu was not built.
L 12/20/2014 - 18:56:01: Error log file session closed.
L 12/20/2014 - 18:56:10: SourceMod error session started
L 12/20/2014 - 18:56:10: Info (map "pl_beerbowl_b6c") (file "errors_20141220.log")
L 12/20/2014 - 18:56:10: [SM] Could not parse file "/home/gameserver/tf2server/tf2/tf/addons/sourcemod/configs/maplists.cfg"
L 12/20/2014 - 18:56:10: [SM] Error on line 15 (col 12): A property was declared outside of a section
L 12/20/2014 - 18:57:52: Error log file session closed.
L 12/20/2014 - 18:58:05: SourceMod error session started
L 12/20/2014 - 18:58:05: Info (map "pl_borneo_rc3") (file "errors_20141220.log")
L 12/20/2014 - 18:58:05: [SM] Could not parse file "/home/gameserver/tf2server/tf2/tf/addons/sourcemod/configs/maplists.cfg"
L 12/20/2014 - 18:58:05: [SM] Error on line 15 (col 12): A property was declared outside of a section
L 12/20/2014 - 18:58:17: [SM] Could not parse file "/home/gameserver/tf2server/tf2/tf/addons/sourcemod/configs/maplists.cfg"
L 12/20/2014 - 18:58:17: [SM] Error on line 15 (col 12): A property was declared outside of a section
L 12/20/2014 - 19:10:16: Error log file session closed.
L 12/20/2014 - 19:10:25: SourceMod error session started
L 12/20/2014 - 19:10:25: Info (map "pl_effigy_b5") (file "errors_20141220.log")
L 12/20/2014 - 19:10:25: [SM] Could not parse file "/home/gameserver/tf2server/tf2/tf/addons/sourcemod/configs/maplists.cfg"
L 12/20/2014 - 19:10:25: [SM] Error on line 15 (col 12): A property was declared outside of a section
L 12/20/2014 - 19:49:53: Error log file session closed.
L 12/20/2014 - 19:50:02: SourceMod error session started
L 12/20/2014 - 19:50:02: Info (map "plr_whalerace_a4a") (file "errors_20141220.log")
L 12/20/2014 - 19:50:02: [SM] Could not parse file "/home/gameserver/tf2server/tf2/tf/addons/sourcemod/configs/maplists.cfg"
L 12/20/2014 - 19:50:02: [SM] Error on line 15 (col 12): A property was declared outside of a section
L 12/20/2014 - 21:01:56: Error log file session closed.
L 12/20/2014 - 21:02:05: SourceMod error session started
L 12/20/2014 - 21:02:05: Info (map "cp_beamvalley_v2") (file "errors_20141220.log")
L 12/20/2014 - 21:02:05: [SM] Could not parse file "/home/gameserver/tf2server/tf2/tf/addons/sourcemod/configs/maplists.cfg"
L 12/20/2014 - 21:02:05: [SM] Error on line 15 (col 12): A property was declared outside of a section
L 12/20/2014 - 21:38:59: Error log file session closed.
L 12/20/2014 - 21:39:08: SourceMod error session started
L 12/20/2014 - 21:39:08: Info (map "cp_carpo_b3") (file "errors_20141220.log")
L 12/20/2014 - 21:39:08: [SM] Could not parse file "/home/gameserver/tf2server/tf2/tf/addons/sourcemod/configs/maplists.cfg"
L 12/20/2014 - 21:39:08: [SM] Error on line 15 (col 12): A property was declared outside of a section
L 12/20/2014 - 22:10:52: Error log file session closed.
L 12/20/2014 - 22:11:00: SourceMod error session started
L 12/20/2014 - 22:11:00: Info (map "cp_croissant_final") (file "errors_20141220.log")
L 12/20/2014 - 22:11:00: [SM] Could not parse file "/home/gameserver/tf2server/tf2/tf/addons/sourcemod/configs/maplists.cfg"
L 12/20/2014 - 22:11:00: [SM] Error on line 15 (col 12): A property was declared outside of a section
L 12/20/2014 - 23:20:34: Error log file session closed.
L 12/20/2014 - 23:20:42: SourceMod error session started
L 12/20/2014 - 23:20:42: Info (map "cp_fallout") (file "errors_20141220.log")
L 12/20/2014 - 23:20:42: [SM] Could not parse file "/home/gameserver/tf2server/tf2/tf/addons/sourcemod/configs/maplists.cfg"
L 12/20/2014 - 23:20:42: [SM] Error on line 15 (col 12): A property was declared outside of a section
