L 12/23/2014 - 00:15:26: SourceMod error session started
L 12/23/2014 - 00:15:26: Info (map "pl_repository_rc3") (file "errors_20141223.log")
L 12/23/2014 - 00:15:26: Error log file session closed.
L 12/23/2014 - 00:15:34: SourceMod error session started
L 12/23/2014 - 00:15:34: Info (map "pl_repository_rc3") (file "errors_20141223.log")
L 12/23/2014 - 00:15:34: [SM] Could not parse file "/home/gameserver/tf2server/tf2/tf/addons/sourcemod/configs/maplists.cfg"
L 12/23/2014 - 00:15:34: [SM] Error on line 15 (col 12): A property was declared outside of a section
L 12/23/2014 - 02:36:00: Error log file session closed.
L 12/23/2014 - 02:36:09: SourceMod error session started
L 12/23/2014 - 02:36:09: Info (map "pl_swiftwater_ugc") (file "errors_20141223.log")
L 12/23/2014 - 02:36:09: [SM] Could not parse file "/home/gameserver/tf2server/tf2/tf/addons/sourcemod/configs/maplists.cfg"
L 12/23/2014 - 02:36:09: [SM] Error on line 15 (col 12): A property was declared outside of a section
L 12/23/2014 - 02:57:18: Error log file session closed.
L 12/23/2014 - 02:57:26: SourceMod error session started
L 12/23/2014 - 02:57:26: Info (map "pl_waste_v2") (file "errors_20141223.log")
L 12/23/2014 - 02:57:26: [SM] Could not parse file "/home/gameserver/tf2server/tf2/tf/addons/sourcemod/configs/maplists.cfg"
L 12/23/2014 - 02:57:26: [SM] Error on line 15 (col 12): A property was declared outside of a section
L 12/23/2014 - 04:03:26: Error log file session closed.
L 12/23/2014 - 04:03:34: SourceMod error session started
L 12/23/2014 - 04:03:34: Info (map "pl_woodland_final") (file "errors_20141223.log")
L 12/23/2014 - 04:03:34: [SM] Could not parse file "/home/gameserver/tf2server/tf2/tf/addons/sourcemod/configs/maplists.cfg"
L 12/23/2014 - 04:03:34: [SM] Error on line 15 (col 12): A property was declared outside of a section
L 12/23/2014 - 04:34:53: Error log file session closed.
L 12/23/2014 - 04:35:02: SourceMod error session started
L 12/23/2014 - 04:35:02: Info (map "plr_panic_b2") (file "errors_20141223.log")
L 12/23/2014 - 04:35:02: [SM] Could not parse file "/home/gameserver/tf2server/tf2/tf/addons/sourcemod/configs/maplists.cfg"
L 12/23/2014 - 04:35:02: [SM] Error on line 15 (col 12): A property was declared outside of a section
L 12/23/2014 - 08:21:39: Error log file session closed.
L 12/23/2014 - 08:21:48: SourceMod error session started
L 12/23/2014 - 08:21:48: Info (map "cp_gydan") (file "errors_20141223.log")
L 12/23/2014 - 08:21:48: [SM] Could not parse file "/home/gameserver/tf2server/tf2/tf/addons/sourcemod/configs/maplists.cfg"
L 12/23/2014 - 08:21:48: [SM] Error on line 15 (col 12): A property was declared outside of a section
L 12/23/2014 - 08:48:46: Error log file session closed.
L 12/23/2014 - 08:48:55: SourceMod error session started
L 12/23/2014 - 08:48:55: Info (map "cp_indulge") (file "errors_20141223.log")
L 12/23/2014 - 08:48:55: [SM] Could not parse file "/home/gameserver/tf2server/tf2/tf/addons/sourcemod/configs/maplists.cfg"
L 12/23/2014 - 08:48:55: [SM] Error on line 15 (col 12): A property was declared outside of a section
L 12/23/2014 - 09:11:05: Error log file session closed.
L 12/23/2014 - 09:11:13: SourceMod error session started
L 12/23/2014 - 09:11:13: Info (map "cp_keikoku_rc1") (file "errors_20141223.log")
L 12/23/2014 - 09:11:13: [SM] Could not parse file "/home/gameserver/tf2server/tf2/tf/addons/sourcemod/configs/maplists.cfg"
L 12/23/2014 - 09:11:13: [SM] Error on line 15 (col 12): A property was declared outside of a section
L 12/23/2014 - 09:35:22: Error log file session closed.
L 12/23/2014 - 09:35:31: SourceMod error session started
L 12/23/2014 - 09:35:31: Info (map "cp_labor") (file "errors_20141223.log")
L 12/23/2014 - 09:35:31: [SM] Could not parse file "/home/gameserver/tf2server/tf2/tf/addons/sourcemod/configs/maplists.cfg"
L 12/23/2014 - 09:35:31: [SM] Error on line 15 (col 12): A property was declared outside of a section
L 12/23/2014 - 09:53:10: Error log file session closed.
L 12/23/2014 - 09:53:18: SourceMod error session started
L 12/23/2014 - 09:53:18: Info (map "cp_logjam_b10") (file "errors_20141223.log")
L 12/23/2014 - 09:53:18: [SM] Could not parse file "/home/gameserver/tf2server/tf2/tf/addons/sourcemod/configs/maplists.cfg"
L 12/23/2014 - 09:53:18: [SM] Error on line 15 (col 12): A property was declared outside of a section
L 12/23/2014 - 10:18:16: Error log file session closed.
L 12/23/2014 - 10:18:25: SourceMod error session started
L 12/23/2014 - 10:18:25: Info (map "cp_overflow_2") (file "errors_20141223.log")
L 12/23/2014 - 10:18:25: [SM] Could not parse file "/home/gameserver/tf2server/tf2/tf/addons/sourcemod/configs/maplists.cfg"
L 12/23/2014 - 10:18:25: [SM] Error on line 15 (col 12): A property was declared outside of a section
L 12/23/2014 - 10:43:23: Error log file session closed.
L 12/23/2014 - 10:43:31: SourceMod error session started
L 12/23/2014 - 10:43:31: Info (map "ctf_mercy") (file "errors_20141223.log")
L 12/23/2014 - 10:43:31: [SM] Could not parse file "/home/gameserver/tf2server/tf2/tf/addons/sourcemod/configs/maplists.cfg"
L 12/23/2014 - 10:43:31: [SM] Error on line 15 (col 12): A property was declared outside of a section
L 12/23/2014 - 11:04:43: Error log file session closed.
L 12/23/2014 - 11:04:52: SourceMod error session started
L 12/23/2014 - 11:04:52: Info (map "pl_cranetop_b8") (file "errors_20141223.log")
L 12/23/2014 - 11:04:52: [SM] Could not parse file "/home/gameserver/tf2server/tf2/tf/addons/sourcemod/configs/maplists.cfg"
L 12/23/2014 - 11:04:52: [SM] Error on line 15 (col 12): A property was declared outside of a section
L 12/23/2014 - 11:23:00: Error log file session closed.
L 12/23/2014 - 11:23:08: SourceMod error session started
L 12/23/2014 - 11:23:08: Info (map "ctf_laynedecker") (file "errors_20141223.log")
L 12/23/2014 - 11:23:08: [SM] Could not parse file "/home/gameserver/tf2server/tf2/tf/addons/sourcemod/configs/maplists.cfg"
L 12/23/2014 - 11:23:08: [SM] Error on line 15 (col 12): A property was declared outside of a section
L 12/23/2014 - 11:40:51: Error log file session closed.
L 12/23/2014 - 11:40:59: SourceMod error session started
L 12/23/2014 - 11:40:59: Info (map "ctf_mach4") (file "errors_20141223.log")
L 12/23/2014 - 11:40:59: [SM] Could not parse file "/home/gameserver/tf2server/tf2/tf/addons/sourcemod/configs/maplists.cfg"
L 12/23/2014 - 11:40:59: [SM] Error on line 15 (col 12): A property was declared outside of a section
L 12/23/2014 - 11:56:21: Error log file session closed.
L 12/23/2014 - 11:56:30: SourceMod error session started
L 12/23/2014 - 11:56:30: Info (map "cp_croissant_final") (file "errors_20141223.log")
L 12/23/2014 - 11:56:30: [SM] Could not parse file "/home/gameserver/tf2server/tf2/tf/addons/sourcemod/configs/maplists.cfg"
L 12/23/2014 - 11:56:30: [SM] Error on line 15 (col 12): A property was declared outside of a section
L 12/23/2014 - 12:13:47: Error log file session closed.
L 12/23/2014 - 12:13:56: SourceMod error session started
L 12/23/2014 - 12:13:56: Info (map "cp_desertion_rc1") (file "errors_20141223.log")
L 12/23/2014 - 12:13:56: [SM] Could not parse file "/home/gameserver/tf2server/tf2/tf/addons/sourcemod/configs/maplists.cfg"
L 12/23/2014 - 12:13:56: [SM] Error on line 15 (col 12): A property was declared outside of a section
L 12/23/2014 - 12:30:10: Error log file session closed.
L 12/23/2014 - 12:30:19: SourceMod error session started
L 12/23/2014 - 12:30:19: Info (map "cp_dusk_rc1") (file "errors_20141223.log")
L 12/23/2014 - 12:30:19: [SM] Could not parse file "/home/gameserver/tf2server/tf2/tf/addons/sourcemod/configs/maplists.cfg"
L 12/23/2014 - 12:30:19: [SM] Error on line 15 (col 12): A property was declared outside of a section
L 12/23/2014 - 12:54:21: Error log file session closed.
L 12/23/2014 - 12:54:29: SourceMod error session started
L 12/23/2014 - 12:54:29: Info (map "cp_edifice_test2") (file "errors_20141223.log")
L 12/23/2014 - 12:54:29: [SM] Could not parse file "/home/gameserver/tf2server/tf2/tf/addons/sourcemod/configs/maplists.cfg"
L 12/23/2014 - 12:54:29: [SM] Error on line 15 (col 12): A property was declared outside of a section
L 12/23/2014 - 13:12:06: Error log file session closed.
L 12/23/2014 - 13:12:14: SourceMod error session started
L 12/23/2014 - 13:12:14: Info (map "koth_occult_rc3") (file "errors_20141223.log")
L 12/23/2014 - 13:12:14: [SM] Could not parse file "/home/gameserver/tf2server/tf2/tf/addons/sourcemod/configs/maplists.cfg"
L 12/23/2014 - 13:12:14: [SM] Error on line 15 (col 12): A property was declared outside of a section
L 12/23/2014 - 13:18:24: Error log file session closed.
L 12/23/2014 - 13:18:32: SourceMod error session started
L 12/23/2014 - 13:18:32: Info (map "koth_watermill_final") (file "errors_20141223.log")
L 12/23/2014 - 13:18:32: [SM] Could not parse file "/home/gameserver/tf2server/tf2/tf/addons/sourcemod/configs/maplists.cfg"
L 12/23/2014 - 13:18:32: [SM] Error on line 15 (col 12): A property was declared outside of a section
L 12/23/2014 - 15:00:42: Error log file session closed.
L 12/23/2014 - 15:00:51: SourceMod error session started
L 12/23/2014 - 15:00:51: Info (map "pl_cashworks_final1") (file "errors_20141223.log")
L 12/23/2014 - 15:00:51: [SM] Could not parse file "/home/gameserver/tf2server/tf2/tf/addons/sourcemod/configs/maplists.cfg"
L 12/23/2014 - 15:00:51: [SM] Error on line 15 (col 12): A property was declared outside of a section
L 12/23/2014 - 15:21:23: Error log file session closed.
L 12/23/2014 - 15:21:33: SourceMod error session started
L 12/23/2014 - 15:21:33: Info (map "pl_cave_b6") (file "errors_20141223.log")
L 12/23/2014 - 15:21:33: [SM] Could not parse file "/home/gameserver/tf2server/tf2/tf/addons/sourcemod/configs/maplists.cfg"
L 12/23/2014 - 15:21:33: [SM] Error on line 15 (col 12): A property was declared outside of a section
L 12/23/2014 - 15:57:58: Error log file session closed.
L 12/23/2014 - 15:58:08: SourceMod error session started
L 12/23/2014 - 15:58:08: Info (map "pl_corrode_b3b") (file "errors_20141223.log")
L 12/23/2014 - 15:58:08: [SM] Could not parse file "/home/gameserver/tf2server/tf2/tf/addons/sourcemod/configs/maplists.cfg"
L 12/23/2014 - 15:58:08: [SM] Error on line 15 (col 12): A property was declared outside of a section
L 12/23/2014 - 16:21:55: Error log file session closed.
L 12/23/2014 - 16:22:04: SourceMod error session started
L 12/23/2014 - 16:22:04: Info (map "pl_crag_event_b") (file "errors_20141223.log")
L 12/23/2014 - 16:22:04: [SM] Could not parse file "/home/gameserver/tf2server/tf2/tf/addons/sourcemod/configs/maplists.cfg"
L 12/23/2014 - 16:22:04: [SM] Error on line 15 (col 12): A property was declared outside of a section
L 12/23/2014 - 16:40:20: Error log file session closed.
L 12/23/2014 - 16:40:30: SourceMod error session started
L 12/23/2014 - 16:40:30: Info (map "pl_cranetop_b8") (file "errors_20141223.log")
L 12/23/2014 - 16:40:30: [SM] Could not parse file "/home/gameserver/tf2server/tf2/tf/addons/sourcemod/configs/maplists.cfg"
L 12/23/2014 - 16:40:30: [SM] Error on line 15 (col 12): A property was declared outside of a section
L 12/23/2014 - 16:58:45: Error log file session closed.
L 12/23/2014 - 16:58:53: SourceMod error session started
L 12/23/2014 - 16:58:53: Info (map "pl_deadwood") (file "errors_20141223.log")
L 12/23/2014 - 16:58:53: [SM] Could not parse file "/home/gameserver/tf2server/tf2/tf/addons/sourcemod/configs/maplists.cfg"
L 12/23/2014 - 16:58:53: [SM] Error on line 15 (col 12): A property was declared outside of a section
L 12/23/2014 - 17:31:38: Error log file session closed.
L 12/23/2014 - 17:31:46: SourceMod error session started
L 12/23/2014 - 17:31:46: Info (map "pl_effigy_b5") (file "errors_20141223.log")
L 12/23/2014 - 17:31:46: [SM] Could not parse file "/home/gameserver/tf2server/tf2/tf/addons/sourcemod/configs/maplists.cfg"
L 12/23/2014 - 17:31:46: [SM] Error on line 15 (col 12): A property was declared outside of a section
L 12/23/2014 - 18:12:13: Error log file session closed.
L 12/23/2014 - 18:12:22: SourceMod error session started
L 12/23/2014 - 18:12:22: Info (map "plr_panic_b2") (file "errors_20141223.log")
L 12/23/2014 - 18:12:22: [SM] Could not parse file "/home/gameserver/tf2server/tf2/tf/addons/sourcemod/configs/maplists.cfg"
L 12/23/2014 - 18:12:22: [SM] Error on line 15 (col 12): A property was declared outside of a section
L 12/23/2014 - 23:45:25: Error log file session closed.
L 12/23/2014 - 23:47:14: SourceMod error session started
L 12/23/2014 - 23:47:14: Info (map "pl_borneo_rc3") (file "errors_20141223.log")
L 12/23/2014 - 23:47:14: [SM] Could not parse file "/home/gameserver/tf2server/tf2/tf/addons/sourcemod/configs/maplists.cfg"
L 12/23/2014 - 23:47:14: [SM] Error on line 15 (col 12): A property was declared outside of a section
L 12/23/2014 - 23:47:25: [SM] Could not parse file "/home/gameserver/tf2server/tf2/tf/addons/sourcemod/configs/maplists.cfg"
L 12/23/2014 - 23:47:25: [SM] Error on line 15 (col 12): A property was declared outside of a section
