L 12/21/2014 - 00:11:14: SourceMod error session started
L 12/21/2014 - 00:11:14: Info (map "cp_follower") (file "errors_20141221.log")
L 12/21/2014 - 00:11:14: Error log file session closed.
L 12/21/2014 - 00:11:23: SourceMod error session started
L 12/21/2014 - 00:11:23: Info (map "cp_follower") (file "errors_20141221.log")
L 12/21/2014 - 00:11:23: [SM] Could not parse file "/home/gameserver/tf2server/tf2/tf/addons/sourcemod/configs/maplists.cfg"
L 12/21/2014 - 00:11:23: [SM] Error on line 15 (col 12): A property was declared outside of a section
L 12/21/2014 - 02:30:09: Error log file session closed.
L 12/21/2014 - 02:30:19: SourceMod error session started
L 12/21/2014 - 02:30:19: Info (map "pl_borneo_rc3") (file "errors_20141221.log")
L 12/21/2014 - 02:30:19: [SM] Could not parse file "/home/gameserver/tf2server/tf2/tf/addons/sourcemod/configs/maplists.cfg"
L 12/21/2014 - 02:30:19: [SM] Error on line 15 (col 12): A property was declared outside of a section
L 12/21/2014 - 03:54:40: Error log file session closed.
L 12/21/2014 - 03:54:50: SourceMod error session started
L 12/21/2014 - 03:54:50: Info (map "pl_deadwood") (file "errors_20141221.log")
L 12/21/2014 - 03:54:50: [SM] Could not parse file "/home/gameserver/tf2server/tf2/tf/addons/sourcemod/configs/maplists.cfg"
L 12/21/2014 - 03:54:50: [SM] Error on line 15 (col 12): A property was declared outside of a section
L 12/21/2014 - 04:25:55: Error log file session closed.
L 12/21/2014 - 04:26:05: SourceMod error session started
L 12/21/2014 - 04:26:05: Info (map "pl_outback_rc4") (file "errors_20141221.log")
L 12/21/2014 - 04:26:05: [SM] Could not parse file "/home/gameserver/tf2server/tf2/tf/addons/sourcemod/configs/maplists.cfg"
L 12/21/2014 - 04:26:05: [SM] Error on line 15 (col 12): A property was declared outside of a section
L 12/21/2014 - 05:09:14: Error log file session closed.
L 12/21/2014 - 05:09:24: SourceMod error session started
L 12/21/2014 - 05:09:24: Info (map "pl_repository_rc3") (file "errors_20141221.log")
L 12/21/2014 - 05:09:24: [SM] Could not parse file "/home/gameserver/tf2server/tf2/tf/addons/sourcemod/configs/maplists.cfg"
L 12/21/2014 - 05:09:24: [SM] Error on line 15 (col 12): A property was declared outside of a section
L 12/21/2014 - 05:40:59: Error log file session closed.
L 12/21/2014 - 05:41:07: SourceMod error session started
L 12/21/2014 - 05:41:07: Info (map "pl_halfacre") (file "errors_20141221.log")
L 12/21/2014 - 05:41:07: [SM] Could not parse file "/home/gameserver/tf2server/tf2/tf/addons/sourcemod/configs/maplists.cfg"
L 12/21/2014 - 05:41:07: [SM] Error on line 15 (col 12): A property was declared outside of a section
L 12/21/2014 - 06:18:58: Error log file session closed.
L 12/21/2014 - 06:19:06: SourceMod error session started
L 12/21/2014 - 06:19:06: Info (map "cp_tidal_v4") (file "errors_20141221.log")
L 12/21/2014 - 06:19:06: [SM] Could not parse file "/home/gameserver/tf2server/tf2/tf/addons/sourcemod/configs/maplists.cfg"
L 12/21/2014 - 06:19:06: [SM] Error on line 15 (col 12): A property was declared outside of a section
L 12/21/2014 - 06:36:28: Error log file session closed.
L 12/21/2014 - 06:36:39: SourceMod error session started
L 12/21/2014 - 06:36:39: Info (map "cp_upland_rc4") (file "errors_20141221.log")
L 12/21/2014 - 06:36:39: [SM] Could not parse file "/home/gameserver/tf2server/tf2/tf/addons/sourcemod/configs/maplists.cfg"
L 12/21/2014 - 06:36:39: [SM] Error on line 15 (col 12): A property was declared outside of a section
L 12/21/2014 - 06:59:46: Error log file session closed.
L 12/21/2014 - 06:59:56: SourceMod error session started
L 12/21/2014 - 06:59:56: Info (map "pl_pier_b16") (file "errors_20141221.log")
L 12/21/2014 - 06:59:56: [SM] Could not parse file "/home/gameserver/tf2server/tf2/tf/addons/sourcemod/configs/maplists.cfg"
L 12/21/2014 - 06:59:56: [SM] Error on line 15 (col 12): A property was declared outside of a section
L 12/21/2014 - 07:22:14: Error log file session closed.
L 12/21/2014 - 07:22:23: SourceMod error session started
L 12/21/2014 - 07:22:23: Info (map "pl_great_heights_b3") (file "errors_20141221.log")
L 12/21/2014 - 07:22:23: [SM] Could not parse file "/home/gameserver/tf2server/tf2/tf/addons/sourcemod/configs/maplists.cfg"
L 12/21/2014 - 07:22:23: [SM] Error on line 15 (col 12): A property was declared outside of a section
L 12/21/2014 - 07:54:41: Error log file session closed.
L 12/21/2014 - 07:54:50: SourceMod error session started
L 12/21/2014 - 07:54:50: Info (map "plr_yuno_rc1") (file "errors_20141221.log")
L 12/21/2014 - 07:54:50: [SM] Could not parse file "/home/gameserver/tf2server/tf2/tf/addons/sourcemod/configs/maplists.cfg"
L 12/21/2014 - 07:54:50: [SM] Error on line 15 (col 12): A property was declared outside of a section
L 12/21/2014 - 08:02:05: Error log file session closed.
L 12/21/2014 - 08:02:14: SourceMod error session started
L 12/21/2014 - 08:02:14: Info (map "koth_probed_b6") (file "errors_20141221.log")
L 12/21/2014 - 08:02:14: [SM] Could not parse file "/home/gameserver/tf2server/tf2/tf/addons/sourcemod/configs/maplists.cfg"
L 12/21/2014 - 08:02:14: [SM] Error on line 15 (col 12): A property was declared outside of a section
L 12/21/2014 - 08:20:27: Error log file session closed.
L 12/21/2014 - 08:20:37: SourceMod error session started
L 12/21/2014 - 08:20:37: Info (map "koth_quarry_rc5") (file "errors_20141221.log")
L 12/21/2014 - 08:20:37: [SM] Could not parse file "/home/gameserver/tf2server/tf2/tf/addons/sourcemod/configs/maplists.cfg"
L 12/21/2014 - 08:20:37: [SM] Error on line 15 (col 12): A property was declared outside of a section
L 12/21/2014 - 08:34:26: Error log file session closed.
L 12/21/2014 - 08:34:35: SourceMod error session started
L 12/21/2014 - 08:34:35: Info (map "pl_beerbowl_b6c") (file "errors_20141221.log")
L 12/21/2014 - 08:34:35: [SM] Could not parse file "/home/gameserver/tf2server/tf2/tf/addons/sourcemod/configs/maplists.cfg"
L 12/21/2014 - 08:34:35: [SM] Error on line 15 (col 12): A property was declared outside of a section
L 12/21/2014 - 08:52:30: Error log file session closed.
L 12/21/2014 - 08:52:39: SourceMod error session started
L 12/21/2014 - 08:52:39: Info (map "pl_borax_rc2") (file "errors_20141221.log")
L 12/21/2014 - 08:52:39: [SM] Could not parse file "/home/gameserver/tf2server/tf2/tf/addons/sourcemod/configs/maplists.cfg"
L 12/21/2014 - 08:52:39: [SM] Error on line 15 (col 12): A property was declared outside of a section
L 12/21/2014 - 09:19:56: Error log file session closed.
L 12/21/2014 - 09:20:05: SourceMod error session started
L 12/21/2014 - 09:20:05: Info (map "cp_axle_rc1") (file "errors_20141221.log")
L 12/21/2014 - 09:20:05: [SM] Could not parse file "/home/gameserver/tf2server/tf2/tf/addons/sourcemod/configs/maplists.cfg"
L 12/21/2014 - 09:20:05: [SM] Error on line 15 (col 12): A property was declared outside of a section
L 12/21/2014 - 09:36:59: Error log file session closed.
L 12/21/2014 - 09:37:08: SourceMod error session started
L 12/21/2014 - 09:37:08: Info (map "plr_whalerace_a4a") (file "errors_20141221.log")
L 12/21/2014 - 09:37:08: [SM] Could not parse file "/home/gameserver/tf2server/tf2/tf/addons/sourcemod/configs/maplists.cfg"
L 12/21/2014 - 09:37:08: [SM] Error on line 15 (col 12): A property was declared outside of a section
L 12/21/2014 - 09:55:05: Error log file session closed.
L 12/21/2014 - 09:55:15: SourceMod error session started
L 12/21/2014 - 09:55:15: Info (map "pl_woodland_final") (file "errors_20141221.log")
L 12/21/2014 - 09:55:15: [SM] Could not parse file "/home/gameserver/tf2server/tf2/tf/addons/sourcemod/configs/maplists.cfg"
L 12/21/2014 - 09:55:15: [SM] Error on line 15 (col 12): A property was declared outside of a section
L 12/21/2014 - 10:27:31: Error log file session closed.
L 12/21/2014 - 10:27:40: SourceMod error session started
L 12/21/2014 - 10:27:40: Info (map "pl_metropolis_b5") (file "errors_20141221.log")
L 12/21/2014 - 10:27:40: [SM] Could not parse file "/home/gameserver/tf2server/tf2/tf/addons/sourcemod/configs/maplists.cfg"
L 12/21/2014 - 10:27:40: [SM] Error on line 15 (col 12): A property was declared outside of a section
L 12/21/2014 - 10:43:04: Error log file session closed.
L 12/21/2014 - 10:43:13: SourceMod error session started
L 12/21/2014 - 10:43:13: Info (map "cp_sunshine_rc3") (file "errors_20141221.log")
L 12/21/2014 - 10:43:13: [SM] Could not parse file "/home/gameserver/tf2server/tf2/tf/addons/sourcemod/configs/maplists.cfg"
L 12/21/2014 - 10:43:13: [SM] Error on line 15 (col 12): A property was declared outside of a section
L 12/21/2014 - 10:54:08: Error log file session closed.
L 12/21/2014 - 10:54:17: SourceMod error session started
L 12/21/2014 - 10:54:17: Info (map "pl_5curve") (file "errors_20141221.log")
L 12/21/2014 - 10:54:17: [SM] Could not parse file "/home/gameserver/tf2server/tf2/tf/addons/sourcemod/configs/maplists.cfg"
L 12/21/2014 - 10:54:17: [SM] Error on line 15 (col 12): A property was declared outside of a section
L 12/21/2014 - 11:22:54: Error log file session closed.
L 12/21/2014 - 11:23:03: SourceMod error session started
L 12/21/2014 - 11:23:03: Info (map "pl_angkor_rc1") (file "errors_20141221.log")
L 12/21/2014 - 11:23:03: [SM] Could not parse file "/home/gameserver/tf2server/tf2/tf/addons/sourcemod/configs/maplists.cfg"
L 12/21/2014 - 11:23:03: [SM] Error on line 15 (col 12): A property was declared outside of a section
L 12/21/2014 - 11:55:57: Error log file session closed.
L 12/21/2014 - 11:56:07: SourceMod error session started
L 12/21/2014 - 11:56:07: Info (map "pl_swiftwater_ugc") (file "errors_20141221.log")
L 12/21/2014 - 11:56:07: [SM] Could not parse file "/home/gameserver/tf2server/tf2/tf/addons/sourcemod/configs/maplists.cfg"
L 12/21/2014 - 11:56:07: [SM] Error on line 15 (col 12): A property was declared outside of a section
L 12/21/2014 - 12:23:36: Error log file session closed.
L 12/21/2014 - 12:23:48: SourceMod error session started
L 12/21/2014 - 12:23:48: Info (map "ctf_subterranean") (file "errors_20141221.log")
L 12/21/2014 - 12:23:48: [SM] Could not parse file "/home/gameserver/tf2server/tf2/tf/addons/sourcemod/configs/maplists.cfg"
L 12/21/2014 - 12:23:48: [SM] Error on line 15 (col 12): A property was declared outside of a section
L 12/21/2014 - 12:44:56: Error log file session closed.
L 12/21/2014 - 12:45:06: SourceMod error session started
L 12/21/2014 - 12:45:06: Info (map "koth_oilfield") (file "errors_20141221.log")
L 12/21/2014 - 12:45:06: [SM] Could not parse file "/home/gameserver/tf2server/tf2/tf/addons/sourcemod/configs/maplists.cfg"
L 12/21/2014 - 12:45:06: [SM] Error on line 15 (col 12): A property was declared outside of a section
L 12/21/2014 - 13:00:11: Error log file session closed.
L 12/21/2014 - 13:00:21: SourceMod error session started
L 12/21/2014 - 13:00:21: Info (map "koth_arctic_b3") (file "errors_20141221.log")
L 12/21/2014 - 13:00:21: [SM] Could not parse file "/home/gameserver/tf2server/tf2/tf/addons/sourcemod/configs/maplists.cfg"
L 12/21/2014 - 13:00:21: [SM] Error on line 15 (col 12): A property was declared outside of a section
L 12/21/2014 - 13:07:17: Error log file session closed.
L 12/21/2014 - 13:07:29: SourceMod error session started
L 12/21/2014 - 13:07:29: Info (map "ctf_wiretap_b1") (file "errors_20141221.log")
L 12/21/2014 - 13:07:29: [SM] Could not parse file "/home/gameserver/tf2server/tf2/tf/addons/sourcemod/configs/maplists.cfg"
L 12/21/2014 - 13:07:29: [SM] Error on line 15 (col 12): A property was declared outside of a section
L 12/21/2014 - 13:14:13: Error log file session closed.
L 12/21/2014 - 13:14:23: SourceMod error session started
L 12/21/2014 - 13:14:23: Info (map "pl_swiftwater_ugc") (file "errors_20141221.log")
L 12/21/2014 - 13:14:23: [SM] Could not parse file "/home/gameserver/tf2server/tf2/tf/addons/sourcemod/configs/maplists.cfg"
L 12/21/2014 - 13:14:23: [SM] Error on line 15 (col 12): A property was declared outside of a section
L 12/21/2014 - 13:35:07: Error log file session closed.
L 12/21/2014 - 13:35:17: SourceMod error session started
L 12/21/2014 - 13:35:17: Info (map "koth_waste") (file "errors_20141221.log")
L 12/21/2014 - 13:35:17: [SM] Could not parse file "/home/gameserver/tf2server/tf2/tf/addons/sourcemod/configs/maplists.cfg"
L 12/21/2014 - 13:35:17: [SM] Error on line 15 (col 12): A property was declared outside of a section
L 12/21/2014 - 13:56:38: Error log file session closed.
L 12/21/2014 - 13:56:47: SourceMod error session started
L 12/21/2014 - 13:56:47: Info (map "dom_cliffhanger_b11") (file "errors_20141221.log")
L 12/21/2014 - 13:56:47: [SM] Could not parse file "/home/gameserver/tf2server/tf2/tf/addons/sourcemod/configs/maplists.cfg"
L 12/21/2014 - 13:56:47: [SM] Error on line 15 (col 12): A property was declared outside of a section
L 12/21/2014 - 14:11:29: Error log file session closed.
L 12/21/2014 - 14:11:38: SourceMod error session started
L 12/21/2014 - 14:11:38: Info (map "plr_yuno_rc1") (file "errors_20141221.log")
L 12/21/2014 - 14:11:38: [SM] Could not parse file "/home/gameserver/tf2server/tf2/tf/addons/sourcemod/configs/maplists.cfg"
L 12/21/2014 - 14:11:38: [SM] Error on line 15 (col 12): A property was declared outside of a section
L 12/21/2014 - 14:18:58: Error log file session closed.
L 12/21/2014 - 14:19:07: SourceMod error session started
L 12/21/2014 - 14:19:07: Info (map "ctf_haarp") (file "errors_20141221.log")
L 12/21/2014 - 14:19:07: [SM] Could not parse file "/home/gameserver/tf2server/tf2/tf/addons/sourcemod/configs/maplists.cfg"
L 12/21/2014 - 14:19:07: [SM] Error on line 15 (col 12): A property was declared outside of a section
L 12/21/2014 - 14:39:22: Error log file session closed.
L 12/21/2014 - 14:39:31: SourceMod error session started
L 12/21/2014 - 14:39:31: Info (map "cp_croissant_final") (file "errors_20141221.log")
L 12/21/2014 - 14:39:31: [SM] Could not parse file "/home/gameserver/tf2server/tf2/tf/addons/sourcemod/configs/maplists.cfg"
L 12/21/2014 - 14:39:31: [SM] Error on line 15 (col 12): A property was declared outside of a section
L 12/21/2014 - 14:56:33: Error log file session closed.
L 12/21/2014 - 14:56:42: SourceMod error session started
L 12/21/2014 - 14:56:42: Info (map "cp_desertion_rc1") (file "errors_20141221.log")
L 12/21/2014 - 14:56:42: [SM] Could not parse file "/home/gameserver/tf2server/tf2/tf/addons/sourcemod/configs/maplists.cfg"
L 12/21/2014 - 14:56:42: [SM] Error on line 15 (col 12): A property was declared outside of a section
L 12/21/2014 - 15:16:34: Error log file session closed.
L 12/21/2014 - 15:16:43: SourceMod error session started
L 12/21/2014 - 15:16:43: Info (map "pl_borneo_rc3") (file "errors_20141221.log")
L 12/21/2014 - 15:16:43: [SM] Could not parse file "/home/gameserver/tf2server/tf2/tf/addons/sourcemod/configs/maplists.cfg"
L 12/21/2014 - 15:16:43: [SM] Error on line 15 (col 12): A property was declared outside of a section
L 12/21/2014 - 15:44:37: Error log file session closed.
L 12/21/2014 - 15:44:46: SourceMod error session started
L 12/21/2014 - 15:44:46: Info (map "plr_panic_b2") (file "errors_20141221.log")
L 12/21/2014 - 15:44:46: [SM] Could not parse file "/home/gameserver/tf2server/tf2/tf/addons/sourcemod/configs/maplists.cfg"
L 12/21/2014 - 15:44:46: [SM] Error on line 15 (col 12): A property was declared outside of a section
L 12/21/2014 - 16:02:58: Error log file session closed.
L 12/21/2014 - 16:03:07: SourceMod error session started
L 12/21/2014 - 16:03:07: Info (map "koth_lighthouse_rc5") (file "errors_20141221.log")
L 12/21/2014 - 16:03:07: [SM] Could not parse file "/home/gameserver/tf2server/tf2/tf/addons/sourcemod/configs/maplists.cfg"
L 12/21/2014 - 16:03:07: [SM] Error on line 15 (col 12): A property was declared outside of a section
L 12/21/2014 - 16:14:26: Error log file session closed.
L 12/21/2014 - 16:14:35: SourceMod error session started
L 12/21/2014 - 16:14:35: Info (map "pl_manngrove_rc5") (file "errors_20141221.log")
L 12/21/2014 - 16:14:35: [SM] Could not parse file "/home/gameserver/tf2server/tf2/tf/addons/sourcemod/configs/maplists.cfg"
L 12/21/2014 - 16:14:35: [SM] Error on line 15 (col 12): A property was declared outside of a section
L 12/21/2014 - 16:47:17: Error log file session closed.
L 12/21/2014 - 16:47:26: SourceMod error session started
L 12/21/2014 - 16:47:26: Info (map "cp_logjam_b10") (file "errors_20141221.log")
L 12/21/2014 - 16:47:26: [SM] Could not parse file "/home/gameserver/tf2server/tf2/tf/addons/sourcemod/configs/maplists.cfg"
L 12/21/2014 - 16:47:26: [SM] Error on line 15 (col 12): A property was declared outside of a section
L 12/21/2014 - 17:08:37: Error log file session closed.
L 12/21/2014 - 17:08:46: SourceMod error session started
L 12/21/2014 - 17:08:46: Info (map "pl_cashworks_final1") (file "errors_20141221.log")
L 12/21/2014 - 17:08:46: [SM] Could not parse file "/home/gameserver/tf2server/tf2/tf/addons/sourcemod/configs/maplists.cfg"
L 12/21/2014 - 17:08:46: [SM] Error on line 15 (col 12): A property was declared outside of a section
L 12/21/2014 - 17:38:30: Error log file session closed.
L 12/21/2014 - 17:38:38: SourceMod error session started
L 12/21/2014 - 17:38:38: Info (map "pl_cave_b6") (file "errors_20141221.log")
L 12/21/2014 - 17:38:38: [SM] Could not parse file "/home/gameserver/tf2server/tf2/tf/addons/sourcemod/configs/maplists.cfg"
L 12/21/2014 - 17:38:38: [SM] Error on line 15 (col 12): A property was declared outside of a section
L 12/21/2014 - 17:55:00: Error log file session closed.
L 12/21/2014 - 17:55:08: SourceMod error session started
L 12/21/2014 - 17:55:08: Info (map "pl_corrode_b3b") (file "errors_20141221.log")
L 12/21/2014 - 17:55:08: [SM] Could not parse file "/home/gameserver/tf2server/tf2/tf/addons/sourcemod/configs/maplists.cfg"
L 12/21/2014 - 17:55:08: [SM] Error on line 15 (col 12): A property was declared outside of a section
L 12/21/2014 - 18:14:22: Error log file session closed.
L 12/21/2014 - 18:14:31: SourceMod error session started
L 12/21/2014 - 18:14:31: Info (map "pl_crag_event_b") (file "errors_20141221.log")
L 12/21/2014 - 18:14:31: [SM] Could not parse file "/home/gameserver/tf2server/tf2/tf/addons/sourcemod/configs/maplists.cfg"
L 12/21/2014 - 18:14:31: [SM] Error on line 15 (col 12): A property was declared outside of a section
L 12/21/2014 - 18:33:23: Error log file session closed.
L 12/21/2014 - 18:33:32: SourceMod error session started
L 12/21/2014 - 18:33:32: Info (map "koth_railbridge_rc2") (file "errors_20141221.log")
L 12/21/2014 - 18:33:32: [SM] Could not parse file "/home/gameserver/tf2server/tf2/tf/addons/sourcemod/configs/maplists.cfg"
L 12/21/2014 - 18:33:32: [SM] Error on line 15 (col 12): A property was declared outside of a section
L 12/21/2014 - 18:40:00: Error log file session closed.
L 12/21/2014 - 18:40:09: SourceMod error session started
L 12/21/2014 - 18:40:09: Info (map "koth_anthem_b3") (file "errors_20141221.log")
L 12/21/2014 - 18:40:09: [SM] Could not parse file "/home/gameserver/tf2server/tf2/tf/addons/sourcemod/configs/maplists.cfg"
L 12/21/2014 - 18:40:09: [SM] Error on line 15 (col 12): A property was declared outside of a section
L 12/21/2014 - 18:50:37: Error log file session closed.
L 12/21/2014 - 18:50:46: SourceMod error session started
L 12/21/2014 - 18:50:46: Info (map "pl_crag_event_b") (file "errors_20141221.log")
L 12/21/2014 - 18:50:46: [SM] Could not parse file "/home/gameserver/tf2server/tf2/tf/addons/sourcemod/configs/maplists.cfg"
L 12/21/2014 - 18:50:46: [SM] Error on line 15 (col 12): A property was declared outside of a section
L 12/21/2014 - 18:55:33: Error log file session closed.
L 12/21/2014 - 18:55:41: SourceMod error session started
L 12/21/2014 - 18:55:41: Info (map "pl_halfacre") (file "errors_20141221.log")
L 12/21/2014 - 18:55:41: [SM] Could not parse file "/home/gameserver/tf2server/tf2/tf/addons/sourcemod/configs/maplists.cfg"
L 12/21/2014 - 18:55:41: [SM] Error on line 15 (col 12): A property was declared outside of a section
L 12/21/2014 - 19:02:52: Error log file session closed.
L 12/21/2014 - 19:03:01: SourceMod error session started
L 12/21/2014 - 19:03:01: Info (map "cp_edifice_test2") (file "errors_20141221.log")
L 12/21/2014 - 19:03:01: [SM] Could not parse file "/home/gameserver/tf2server/tf2/tf/addons/sourcemod/configs/maplists.cfg"
L 12/21/2014 - 19:03:01: [SM] Error on line 15 (col 12): A property was declared outside of a section
L 12/21/2014 - 19:13:56: Error log file session closed.
L 12/21/2014 - 19:14:04: SourceMod error session started
L 12/21/2014 - 19:14:04: Info (map "pl_deadwood") (file "errors_20141221.log")
L 12/21/2014 - 19:14:04: [SM] Could not parse file "/home/gameserver/tf2server/tf2/tf/addons/sourcemod/configs/maplists.cfg"
L 12/21/2014 - 19:14:04: [SM] Error on line 15 (col 12): A property was declared outside of a section
L 12/21/2014 - 19:22:42: Error log file session closed.
L 12/21/2014 - 19:22:51: SourceMod error session started
L 12/21/2014 - 19:22:51: Info (map "cp_zinkenite_b3a") (file "errors_20141221.log")
L 12/21/2014 - 19:22:51: [SM] Could not parse file "/home/gameserver/tf2server/tf2/tf/addons/sourcemod/configs/maplists.cfg"
L 12/21/2014 - 19:22:51: [SM] Error on line 15 (col 12): A property was declared outside of a section
L 12/21/2014 - 19:40:20: Error log file session closed.
L 12/21/2014 - 19:40:29: SourceMod error session started
L 12/21/2014 - 19:40:29: Info (map "cp_indulge") (file "errors_20141221.log")
L 12/21/2014 - 19:40:29: [SM] Could not parse file "/home/gameserver/tf2server/tf2/tf/addons/sourcemod/configs/maplists.cfg"
L 12/21/2014 - 19:40:29: [SM] Error on line 15 (col 12): A property was declared outside of a section
L 12/21/2014 - 20:02:35: Error log file session closed.
L 12/21/2014 - 20:02:44: SourceMod error session started
L 12/21/2014 - 20:02:44: Info (map "cp_keikoku_rc1") (file "errors_20141221.log")
L 12/21/2014 - 20:02:44: [SM] Could not parse file "/home/gameserver/tf2server/tf2/tf/addons/sourcemod/configs/maplists.cfg"
L 12/21/2014 - 20:02:44: [SM] Error on line 15 (col 12): A property was declared outside of a section
