L 01/18/2015 - 02:03:30: SourceMod error session started
L 01/18/2015 - 02:03:30: Info (map "ctf_subterranean") (file "errors_20150118.log")
L 01/18/2015 - 02:03:30: Error log file session closed.
L 01/18/2015 - 02:03:40: SourceMod error session started
L 01/18/2015 - 02:03:40: Info (map "ctf_subterranean") (file "errors_20150118.log")
L 01/18/2015 - 02:03:40: [SM] Could not parse file "/home/gameserver/tf2server/tf2/tf/addons/sourcemod/configs/maplists.cfg"
L 01/18/2015 - 02:03:40: [SM] Error on line 15 (col 12): A property was declared outside of a section
L 01/18/2015 - 05:06:53: Error log file session closed.
L 01/18/2015 - 05:07:04: SourceMod error session started
L 01/18/2015 - 05:07:04: Info (map "ctf_system_rc1") (file "errors_20150118.log")
L 01/18/2015 - 05:07:04: [SM] Could not parse file "/home/gameserver/tf2server/tf2/tf/addons/sourcemod/configs/maplists.cfg"
L 01/18/2015 - 05:07:04: [SM] Error on line 15 (col 12): A property was declared outside of a section
L 01/18/2015 - 06:07:30: Error log file session closed.
L 01/18/2015 - 06:07:40: SourceMod error session started
L 01/18/2015 - 06:07:40: Info (map "cp_fallout") (file "errors_20150118.log")
L 01/18/2015 - 06:07:40: [SM] Could not parse file "/home/gameserver/tf2server/tf2/tf/addons/sourcemod/configs/maplists.cfg"
L 01/18/2015 - 06:07:40: [SM] Error on line 15 (col 12): A property was declared outside of a section
L 01/18/2015 - 06:23:44: Error log file session closed.
L 01/18/2015 - 06:23:55: SourceMod error session started
L 01/18/2015 - 06:23:55: Info (map "cp_zinkenite_b3a") (file "errors_20150118.log")
L 01/18/2015 - 06:23:55: [SM] Could not parse file "/home/gameserver/tf2server/tf2/tf/addons/sourcemod/configs/maplists.cfg"
L 01/18/2015 - 06:23:55: [SM] Error on line 15 (col 12): A property was declared outside of a section
L 01/18/2015 - 06:34:53: Error log file session closed.
L 01/18/2015 - 06:35:03: SourceMod error session started
L 01/18/2015 - 06:35:03: Info (map "cp_aqua") (file "errors_20150118.log")
L 01/18/2015 - 06:35:03: [SM] Could not parse file "/home/gameserver/tf2server/tf2/tf/addons/sourcemod/configs/maplists.cfg"
L 01/18/2015 - 06:35:03: [SM] Error on line 15 (col 12): A property was declared outside of a section
L 01/18/2015 - 06:56:42: Error log file session closed.
L 01/18/2015 - 06:56:53: SourceMod error session started
L 01/18/2015 - 06:56:53: Info (map "plr_hysteria_b2") (file "errors_20150118.log")
L 01/18/2015 - 06:56:53: [SM] Could not parse file "/home/gameserver/tf2server/tf2/tf/addons/sourcemod/configs/maplists.cfg"
L 01/18/2015 - 06:56:53: [SM] Error on line 15 (col 12): A property was declared outside of a section
L 01/18/2015 - 07:05:36: Error log file session closed.
L 01/18/2015 - 07:05:47: SourceMod error session started
L 01/18/2015 - 07:05:47: Info (map "cp_hella_a11a") (file "errors_20150118.log")
L 01/18/2015 - 07:05:47: [SM] Could not parse file "/home/gameserver/tf2server/tf2/tf/addons/sourcemod/configs/maplists.cfg"
L 01/18/2015 - 07:05:47: [SM] Error on line 15 (col 12): A property was declared outside of a section
L 01/18/2015 - 07:20:43: Error log file session closed.
L 01/18/2015 - 07:20:54: SourceMod error session started
L 01/18/2015 - 07:20:54: Info (map "cp_edifice_test2") (file "errors_20150118.log")
L 01/18/2015 - 07:20:54: [SM] Could not parse file "/home/gameserver/tf2server/tf2/tf/addons/sourcemod/configs/maplists.cfg"
L 01/18/2015 - 07:20:54: [SM] Error on line 15 (col 12): A property was declared outside of a section
L 01/18/2015 - 07:59:32: Error log file session closed.
L 01/18/2015 - 07:59:43: SourceMod error session started
L 01/18/2015 - 07:59:43: Info (map "pl_volcanic_a25") (file "errors_20150118.log")
L 01/18/2015 - 07:59:43: [SM] Could not parse file "/home/gameserver/tf2server/tf2/tf/addons/sourcemod/configs/maplists.cfg"
L 01/18/2015 - 07:59:43: [SM] Error on line 15 (col 12): A property was declared outside of a section
L 01/18/2015 - 08:10:11: Error log file session closed.
L 01/18/2015 - 08:10:21: SourceMod error session started
L 01/18/2015 - 08:10:21: Info (map "cp_mojave_b2") (file "errors_20150118.log")
L 01/18/2015 - 08:10:21: [SM] Could not parse file "/home/gameserver/tf2server/tf2/tf/addons/sourcemod/configs/maplists.cfg"
L 01/18/2015 - 08:10:21: [SM] Error on line 15 (col 12): A property was declared outside of a section
L 01/18/2015 - 08:34:15: Error log file session closed.
L 01/18/2015 - 08:34:25: SourceMod error session started
L 01/18/2015 - 08:34:25: Info (map "pl_moonlit_b2") (file "errors_20150118.log")
L 01/18/2015 - 08:34:25: [SM] Could not parse file "/home/gameserver/tf2server/tf2/tf/addons/sourcemod/configs/maplists.cfg"
L 01/18/2015 - 08:34:25: [SM] Error on line 15 (col 12): A property was declared outside of a section
L 01/18/2015 - 09:03:01: Error log file session closed.
L 01/18/2015 - 09:03:11: SourceMod error session started
L 01/18/2015 - 09:03:11: Info (map "cp_vertical") (file "errors_20150118.log")
L 01/18/2015 - 09:03:11: [SM] Could not parse file "/home/gameserver/tf2server/tf2/tf/addons/sourcemod/configs/maplists.cfg"
L 01/18/2015 - 09:03:11: [SM] Error on line 15 (col 12): A property was declared outside of a section
L 01/18/2015 - 09:45:09: Error log file session closed.
L 01/18/2015 - 09:45:20: SourceMod error session started
L 01/18/2015 - 09:45:20: Info (map "cp_bazillion_rc5") (file "errors_20150118.log")
L 01/18/2015 - 09:45:20: [SM] Could not parse file "/home/gameserver/tf2server/tf2/tf/addons/sourcemod/configs/maplists.cfg"
L 01/18/2015 - 09:45:20: [SM] Error on line 15 (col 12): A property was declared outside of a section
L 01/18/2015 - 09:56:36: Error log file session closed.
L 01/18/2015 - 09:56:47: SourceMod error session started
L 01/18/2015 - 09:56:47: Info (map "cp_switchback_b5") (file "errors_20150118.log")
L 01/18/2015 - 09:56:47: [SM] Could not parse file "/home/gameserver/tf2server/tf2/tf/addons/sourcemod/configs/maplists.cfg"
L 01/18/2015 - 09:56:47: [SM] Error on line 15 (col 12): A property was declared outside of a section
L 01/18/2015 - 10:40:07: Error log file session closed.
L 01/18/2015 - 10:40:18: SourceMod error session started
L 01/18/2015 - 10:40:18: Info (map "ctf_moonwalk_v2") (file "errors_20150118.log")
L 01/18/2015 - 10:40:18: [SM] Could not parse file "/home/gameserver/tf2server/tf2/tf/addons/sourcemod/configs/maplists.cfg"
L 01/18/2015 - 10:40:18: [SM] Error on line 15 (col 12): A property was declared outside of a section
L 01/18/2015 - 11:38:11: Error log file session closed.
L 01/18/2015 - 11:38:22: SourceMod error session started
L 01/18/2015 - 11:38:22: Info (map "ctf_convoy_v2") (file "errors_20150118.log")
L 01/18/2015 - 11:38:22: [SM] Could not parse file "/home/gameserver/tf2server/tf2/tf/addons/sourcemod/configs/maplists.cfg"
L 01/18/2015 - 11:38:22: [SM] Error on line 15 (col 12): A property was declared outside of a section
L 01/18/2015 - 12:01:15: Error log file session closed.
L 01/18/2015 - 12:01:25: SourceMod error session started
L 01/18/2015 - 12:01:25: Info (map "cp_aqua") (file "errors_20150118.log")
L 01/18/2015 - 12:01:25: [SM] Could not parse file "/home/gameserver/tf2server/tf2/tf/addons/sourcemod/configs/maplists.cfg"
L 01/18/2015 - 12:01:25: [SM] Error on line 15 (col 12): A property was declared outside of a section
L 01/18/2015 - 12:17:06: Error log file session closed.
L 01/18/2015 - 12:17:17: SourceMod error session started
L 01/18/2015 - 12:17:17: Info (map "koth_oilfield") (file "errors_20150118.log")
L 01/18/2015 - 12:17:17: [SM] Could not parse file "/home/gameserver/tf2server/tf2/tf/addons/sourcemod/configs/maplists.cfg"
L 01/18/2015 - 12:17:17: [SM] Error on line 15 (col 12): A property was declared outside of a section
L 01/18/2015 - 12:29:05: Error log file session closed.
L 01/18/2015 - 12:29:16: SourceMod error session started
L 01/18/2015 - 12:29:16: Info (map "ctf_moonwalk_v2") (file "errors_20150118.log")
L 01/18/2015 - 12:29:16: [SM] Could not parse file "/home/gameserver/tf2server/tf2/tf/addons/sourcemod/configs/maplists.cfg"
L 01/18/2015 - 12:29:16: [SM] Error on line 15 (col 12): A property was declared outside of a section
L 01/18/2015 - 12:45:18: Error log file session closed.
L 01/18/2015 - 12:45:28: SourceMod error session started
L 01/18/2015 - 12:45:28: Info (map "dom_cliffhanger_b11") (file "errors_20150118.log")
L 01/18/2015 - 12:45:28: [SM] Could not parse file "/home/gameserver/tf2server/tf2/tf/addons/sourcemod/configs/maplists.cfg"
L 01/18/2015 - 12:45:28: [SM] Error on line 15 (col 12): A property was declared outside of a section
L 01/18/2015 - 13:09:33: Error log file session closed.
L 01/18/2015 - 13:09:43: SourceMod error session started
L 01/18/2015 - 13:09:43: Info (map "ctf_backwards_b1") (file "errors_20150118.log")
L 01/18/2015 - 13:09:43: [SM] Could not parse file "/home/gameserver/tf2server/tf2/tf/addons/sourcemod/configs/maplists.cfg"
L 01/18/2015 - 13:09:43: [SM] Error on line 15 (col 12): A property was declared outside of a section
L 01/18/2015 - 13:46:47: Error log file session closed.
L 01/18/2015 - 13:46:58: SourceMod error session started
L 01/18/2015 - 13:46:58: Info (map "koth_desolation_rc1") (file "errors_20150118.log")
L 01/18/2015 - 13:46:58: [SM] Could not parse file "/home/gameserver/tf2server/tf2/tf/addons/sourcemod/configs/maplists.cfg"
L 01/18/2015 - 13:46:58: [SM] Error on line 15 (col 12): A property was declared outside of a section
L 01/18/2015 - 13:59:35: Error log file session closed.
L 01/18/2015 - 13:59:47: SourceMod error session started
L 01/18/2015 - 13:59:47: Info (map "pl_waste_v2") (file "errors_20150118.log")
L 01/18/2015 - 13:59:47: [SM] Could not parse file "/home/gameserver/tf2server/tf2/tf/addons/sourcemod/configs/maplists.cfg"
L 01/18/2015 - 13:59:47: [SM] Error on line 15 (col 12): A property was declared outside of a section
L 01/18/2015 - 14:11:58: Error log file session closed.
L 01/18/2015 - 14:12:08: SourceMod error session started
L 01/18/2015 - 14:12:08: Info (map "cp_fallout") (file "errors_20150118.log")
L 01/18/2015 - 14:12:08: [SM] Could not parse file "/home/gameserver/tf2server/tf2/tf/addons/sourcemod/configs/maplists.cfg"
L 01/18/2015 - 14:12:08: [SM] Error on line 15 (col 12): A property was declared outside of a section
L 01/18/2015 - 14:20:28: Error log file session closed.
L 01/18/2015 - 14:20:39: SourceMod error session started
L 01/18/2015 - 14:20:39: Info (map "koth_brazil_rc1") (file "errors_20150118.log")
L 01/18/2015 - 14:20:39: [SM] Could not parse file "/home/gameserver/tf2server/tf2/tf/addons/sourcemod/configs/maplists.cfg"
L 01/18/2015 - 14:20:39: [SM] Error on line 15 (col 12): A property was declared outside of a section
L 01/18/2015 - 14:26:19: Error log file session closed.
L 01/18/2015 - 14:26:30: SourceMod error session started
L 01/18/2015 - 14:26:30: Info (map "pl_volcanic_a25") (file "errors_20150118.log")
L 01/18/2015 - 14:26:30: [SM] Could not parse file "/home/gameserver/tf2server/tf2/tf/addons/sourcemod/configs/maplists.cfg"
L 01/18/2015 - 14:26:30: [SM] Error on line 15 (col 12): A property was declared outside of a section
L 01/18/2015 - 14:41:25: Error log file session closed.
L 01/18/2015 - 14:41:35: SourceMod error session started
L 01/18/2015 - 14:41:35: Info (map "pl_gloryhole_b1") (file "errors_20150118.log")
L 01/18/2015 - 14:41:35: [SM] Could not parse file "/home/gameserver/tf2server/tf2/tf/addons/sourcemod/configs/maplists.cfg"
L 01/18/2015 - 14:41:35: [SM] Error on line 15 (col 12): A property was declared outside of a section
L 01/18/2015 - 14:57:38: Error log file session closed.
L 01/18/2015 - 14:57:49: SourceMod error session started
L 01/18/2015 - 14:57:49: Info (map "pl_borneo_rc3") (file "errors_20150118.log")
L 01/18/2015 - 14:57:49: [SM] Could not parse file "/home/gameserver/tf2server/tf2/tf/addons/sourcemod/configs/maplists.cfg"
L 01/18/2015 - 14:57:49: [SM] Error on line 15 (col 12): A property was declared outside of a section
L 01/18/2015 - 15:29:39: Error log file session closed.
L 01/18/2015 - 15:29:49: SourceMod error session started
L 01/18/2015 - 15:29:49: Info (map "pl_cranetop_b8") (file "errors_20150118.log")
L 01/18/2015 - 15:29:49: [SM] Could not parse file "/home/gameserver/tf2server/tf2/tf/addons/sourcemod/configs/maplists.cfg"
L 01/18/2015 - 15:29:49: [SM] Error on line 15 (col 12): A property was declared outside of a section
L 01/18/2015 - 15:45:50: Error log file session closed.
L 01/18/2015 - 15:46:00: SourceMod error session started
L 01/18/2015 - 15:46:00: Info (map "ctf_moonwalk_v2") (file "errors_20150118.log")
L 01/18/2015 - 15:46:00: [SM] Could not parse file "/home/gameserver/tf2server/tf2/tf/addons/sourcemod/configs/maplists.cfg"
L 01/18/2015 - 15:46:00: [SM] Error on line 15 (col 12): A property was declared outside of a section
L 01/18/2015 - 15:57:20: Error log file session closed.
L 01/18/2015 - 15:57:31: SourceMod error session started
L 01/18/2015 - 15:57:31: Info (map "pl_quagmire") (file "errors_20150118.log")
L 01/18/2015 - 15:57:31: [SM] Could not parse file "/home/gameserver/tf2server/tf2/tf/addons/sourcemod/configs/maplists.cfg"
L 01/18/2015 - 15:57:31: [SM] Error on line 15 (col 12): A property was declared outside of a section
L 01/18/2015 - 16:38:47: Error log file session closed.
L 01/18/2015 - 16:38:58: SourceMod error session started
L 01/18/2015 - 16:38:58: Info (map "pl_deadwood") (file "errors_20150118.log")
L 01/18/2015 - 16:38:58: [SM] Could not parse file "/home/gameserver/tf2server/tf2/tf/addons/sourcemod/configs/maplists.cfg"
L 01/18/2015 - 16:38:58: [SM] Error on line 15 (col 12): A property was declared outside of a section
L 01/18/2015 - 16:55:28: Error log file session closed.
L 01/18/2015 - 16:55:39: SourceMod error session started
L 01/18/2015 - 16:55:39: Info (map "koth_desolation_rc1") (file "errors_20150118.log")
L 01/18/2015 - 16:55:39: [SM] Could not parse file "/home/gameserver/tf2server/tf2/tf/addons/sourcemod/configs/maplists.cfg"
L 01/18/2015 - 16:55:39: [SM] Error on line 15 (col 12): A property was declared outside of a section
L 01/18/2015 - 17:13:32: Error log file session closed.
L 01/18/2015 - 17:13:43: SourceMod error session started
L 01/18/2015 - 17:13:43: Info (map "pl_escarpment_rc1") (file "errors_20150118.log")
L 01/18/2015 - 17:13:43: [SM] Could not parse file "/home/gameserver/tf2server/tf2/tf/addons/sourcemod/configs/maplists.cfg"
L 01/18/2015 - 17:13:43: [SM] Error on line 15 (col 12): A property was declared outside of a section
L 01/18/2015 - 18:06:41: Error log file session closed.
L 01/18/2015 - 18:06:52: SourceMod error session started
L 01/18/2015 - 18:06:52: Info (map "cp_aqua") (file "errors_20150118.log")
L 01/18/2015 - 18:06:52: [SM] Could not parse file "/home/gameserver/tf2server/tf2/tf/addons/sourcemod/configs/maplists.cfg"
L 01/18/2015 - 18:06:52: [SM] Error on line 15 (col 12): A property was declared outside of a section
L 01/18/2015 - 18:18:20: Error log file session closed.
L 01/18/2015 - 18:18:30: SourceMod error session started
L 01/18/2015 - 18:18:30: Info (map "push_desolation_rc1") (file "errors_20150118.log")
L 01/18/2015 - 18:18:30: [SM] Could not parse file "/home/gameserver/tf2server/tf2/tf/addons/sourcemod/configs/maplists.cfg"
L 01/18/2015 - 18:18:30: [SM] Error on line 15 (col 12): A property was declared outside of a section
L 01/18/2015 - 18:30:28: Error log file session closed.
L 01/18/2015 - 18:30:39: SourceMod error session started
L 01/18/2015 - 18:30:39: Info (map "cp_castle4") (file "errors_20150118.log")
L 01/18/2015 - 18:30:39: [SM] Could not parse file "/home/gameserver/tf2server/tf2/tf/addons/sourcemod/configs/maplists.cfg"
L 01/18/2015 - 18:30:39: [SM] Error on line 15 (col 12): A property was declared outside of a section
L 01/18/2015 - 18:37:44: Error log file session closed.
L 01/18/2015 - 18:37:54: SourceMod error session started
L 01/18/2015 - 18:37:54: Info (map "koth_brazil_rc1") (file "errors_20150118.log")
L 01/18/2015 - 18:37:54: [SM] Could not parse file "/home/gameserver/tf2server/tf2/tf/addons/sourcemod/configs/maplists.cfg"
L 01/18/2015 - 18:37:54: [SM] Error on line 15 (col 12): A property was declared outside of a section
L 01/18/2015 - 18:45:01: Error log file session closed.
L 01/18/2015 - 18:45:11: SourceMod error session started
L 01/18/2015 - 18:45:11: Info (map "pl_problematique_a3") (file "errors_20150118.log")
L 01/18/2015 - 18:45:11: [SM] Could not parse file "/home/gameserver/tf2server/tf2/tf/addons/sourcemod/configs/maplists.cfg"
L 01/18/2015 - 18:45:11: [SM] Error on line 15 (col 12): A property was declared outside of a section
L 01/18/2015 - 18:58:07: Error log file session closed.
L 01/18/2015 - 18:58:17: SourceMod error session started
L 01/18/2015 - 18:58:17: Info (map "ctf_freezers_v2") (file "errors_20150118.log")
L 01/18/2015 - 18:58:17: [SM] Could not parse file "/home/gameserver/tf2server/tf2/tf/addons/sourcemod/configs/maplists.cfg"
L 01/18/2015 - 18:58:17: [SM] Error on line 15 (col 12): A property was declared outside of a section
L 01/18/2015 - 21:32:24: Error log file session closed.
L 01/18/2015 - 21:32:35: SourceMod error session started
L 01/18/2015 - 21:32:35: Info (map "ctf_frosty_b1") (file "errors_20150118.log")
L 01/18/2015 - 21:32:35: [SM] Could not parse file "/home/gameserver/tf2server/tf2/tf/addons/sourcemod/configs/maplists.cfg"
L 01/18/2015 - 21:32:35: [SM] Error on line 15 (col 12): A property was declared outside of a section
