L 01/05/2015 - 07:06:34: SourceMod error session started
L 01/05/2015 - 07:06:34: Info (map "cp_croissant_final") (file "errors_20150105.log")
L 01/05/2015 - 07:06:34: Error log file session closed.
L 01/05/2015 - 07:06:43: SourceMod error session started
L 01/05/2015 - 07:06:43: Info (map "cp_croissant_final") (file "errors_20150105.log")
L 01/05/2015 - 07:06:43: [SM] Could not parse file "/home/gameserver/tf2server/tf2/tf/addons/sourcemod/configs/maplists.cfg"
L 01/05/2015 - 07:06:43: [SM] Error on line 15 (col 12): A property was declared outside of a section
L 01/05/2015 - 07:36:43: Error log file session closed.
L 01/05/2015 - 07:36:52: SourceMod error session started
L 01/05/2015 - 07:36:52: Info (map "pl_waste_v2") (file "errors_20150105.log")
L 01/05/2015 - 07:36:52: [SM] Could not parse file "/home/gameserver/tf2server/tf2/tf/addons/sourcemod/configs/maplists.cfg"
L 01/05/2015 - 07:36:52: [SM] Error on line 15 (col 12): A property was declared outside of a section
L 01/05/2015 - 08:35:06: Error log file session closed.
L 01/05/2015 - 08:35:16: SourceMod error session started
L 01/05/2015 - 08:35:16: Info (map "cp_gydan") (file "errors_20150105.log")
L 01/05/2015 - 08:35:16: [SM] Could not parse file "/home/gameserver/tf2server/tf2/tf/addons/sourcemod/configs/maplists.cfg"
L 01/05/2015 - 08:35:16: [SM] Error on line 15 (col 12): A property was declared outside of a section
L 01/05/2015 - 09:49:38: Error log file session closed.
L 01/05/2015 - 09:49:47: SourceMod error session started
L 01/05/2015 - 09:49:47: Info (map "cp_indulge") (file "errors_20150105.log")
L 01/05/2015 - 09:49:47: [SM] Could not parse file "/home/gameserver/tf2server/tf2/tf/addons/sourcemod/configs/maplists.cfg"
L 01/05/2015 - 09:49:47: [SM] Error on line 15 (col 12): A property was declared outside of a section
L 01/05/2015 - 10:37:36: Error log file session closed.
L 01/05/2015 - 10:37:44: SourceMod error session started
L 01/05/2015 - 10:37:44: Info (map "cp_keikoku_rc1") (file "errors_20150105.log")
L 01/05/2015 - 10:37:44: [SM] Could not parse file "/home/gameserver/tf2server/tf2/tf/addons/sourcemod/configs/maplists.cfg"
L 01/05/2015 - 10:37:44: [SM] Error on line 15 (col 12): A property was declared outside of a section
L 01/05/2015 - 12:09:22: Error log file session closed.
L 01/05/2015 - 12:09:31: SourceMod error session started
L 01/05/2015 - 12:09:31: Info (map "ctf_convoy_v2") (file "errors_20150105.log")
L 01/05/2015 - 12:09:31: [SM] Could not parse file "/home/gameserver/tf2server/tf2/tf/addons/sourcemod/configs/maplists.cfg"
L 01/05/2015 - 12:09:31: [SM] Error on line 15 (col 12): A property was declared outside of a section
L 01/05/2015 - 14:05:06: Error log file session closed.
L 01/05/2015 - 14:05:14: SourceMod error session started
L 01/05/2015 - 14:05:14: Info (map "ctf_fishy_b4") (file "errors_20150105.log")
L 01/05/2015 - 14:05:14: [SM] Could not parse file "/home/gameserver/tf2server/tf2/tf/addons/sourcemod/configs/maplists.cfg"
L 01/05/2015 - 14:05:14: [SM] Error on line 15 (col 12): A property was declared outside of a section
L 01/05/2015 - 14:43:31: Error log file session closed.
L 01/05/2015 - 14:43:40: SourceMod error session started
L 01/05/2015 - 14:43:40: Info (map "ctf_fusion_b2") (file "errors_20150105.log")
L 01/05/2015 - 14:43:40: [SM] Could not parse file "/home/gameserver/tf2server/tf2/tf/addons/sourcemod/configs/maplists.cfg"
L 01/05/2015 - 14:43:40: [SM] Error on line 15 (col 12): A property was declared outside of a section
L 01/05/2015 - 15:24:47: Error log file session closed.
L 01/05/2015 - 15:24:56: SourceMod error session started
L 01/05/2015 - 15:24:56: Info (map "ctf_geothermal_b2") (file "errors_20150105.log")
L 01/05/2015 - 15:24:56: [SM] Could not parse file "/home/gameserver/tf2server/tf2/tf/addons/sourcemod/configs/maplists.cfg"
L 01/05/2015 - 15:24:56: [SM] Error on line 15 (col 12): A property was declared outside of a section
L 01/05/2015 - 16:18:41: Error log file session closed.
L 01/05/2015 - 16:18:50: SourceMod error session started
L 01/05/2015 - 16:18:50: Info (map "ctf_haarp") (file "errors_20150105.log")
L 01/05/2015 - 16:18:50: [SM] Could not parse file "/home/gameserver/tf2server/tf2/tf/addons/sourcemod/configs/maplists.cfg"
L 01/05/2015 - 16:18:50: [SM] Error on line 15 (col 12): A property was declared outside of a section
L 01/05/2015 - 17:07:33: Error log file session closed.
L 01/05/2015 - 17:07:41: SourceMod error session started
L 01/05/2015 - 17:07:41: Info (map "ctf_installation_v2") (file "errors_20150105.log")
L 01/05/2015 - 17:07:41: [SM] Could not parse file "/home/gameserver/tf2server/tf2/tf/addons/sourcemod/configs/maplists.cfg"
L 01/05/2015 - 17:07:41: [SM] Error on line 15 (col 12): A property was declared outside of a section
