L 12/23/2014 - 00:15:26: SourceMod log file session started (file "L20141223.log") (Version "1.6.3")
L 12/23/2014 - 00:15:26: -------- Mapchange to pl_repository_rc3 --------
L 12/23/2014 - 02:36:00: -------- Mapchange to pl_swiftwater_ugc --------
L 12/23/2014 - 02:57:18: -------- Mapchange to pl_waste_v2 --------
L 12/23/2014 - 04:03:26: -------- Mapchange to pl_woodland_final --------
L 12/23/2014 - 04:34:53: -------- Mapchange to plr_panic_b2 --------
L 12/23/2014 - 08:21:39: -------- Mapchange to cp_gydan --------
L 12/23/2014 - 08:48:46: -------- Mapchange to cp_indulge --------
L 12/23/2014 - 09:11:05: -------- Mapchange to cp_keikoku_rc1 --------
L 12/23/2014 - 09:35:22: -------- Mapchange to cp_labor --------
L 12/23/2014 - 09:53:10: -------- Mapchange to cp_logjam_b10 --------
L 12/23/2014 - 10:18:16: -------- Mapchange to cp_overflow_2 --------
L 12/23/2014 - 10:43:23: -------- Mapchange to ctf_mercy --------
L 12/23/2014 - 11:04:43: -------- Mapchange to pl_cranetop_b8 --------
L 12/23/2014 - 11:23:00: -------- Mapchange to ctf_laynedecker --------
L 12/23/2014 - 11:40:51: -------- Mapchange to ctf_mach4 --------
L 12/23/2014 - 11:56:21: -------- Mapchange to cp_croissant_final --------
L 12/23/2014 - 12:13:47: -------- Mapchange to cp_desertion_rc1 --------
L 12/23/2014 - 12:30:10: -------- Mapchange to cp_dusk_rc1 --------
L 12/23/2014 - 12:54:21: -------- Mapchange to cp_edifice_test2 --------
L 12/23/2014 - 13:12:06: -------- Mapchange to koth_occult_rc3 --------
L 12/23/2014 - 13:18:24: -------- Mapchange to koth_watermill_final --------
L 12/23/2014 - 15:00:42: -------- Mapchange to pl_cashworks_final1 --------
L 12/23/2014 - 15:21:23: -------- Mapchange to pl_cave_b6 --------
L 12/23/2014 - 15:57:58: -------- Mapchange to pl_corrode_b3b --------
L 12/23/2014 - 16:21:55: -------- Mapchange to pl_crag_event_b --------
L 12/23/2014 - 16:40:20: -------- Mapchange to pl_cranetop_b8 --------
L 12/23/2014 - 16:58:45: -------- Mapchange to pl_deadwood --------
L 12/23/2014 - 17:31:38: -------- Mapchange to pl_effigy_b5 --------
L 12/23/2014 - 18:12:13: -------- Mapchange to plr_panic_b2 --------
L 12/23/2014 - 23:45:25: Log file closed.
L 12/23/2014 - 23:47:13: SourceMod log file session started (file "L20141223.log") (Version "1.6.3")
L 12/23/2014 - 23:47:13: -------- Mapchange to pl_borneo_rc3 --------
