L 12/20/2014 - 00:13:36: SourceMod log file session started (file "L20141220.log") (Version "1.6.3")
L 12/20/2014 - 00:13:36: -------- Mapchange to cp_fallout --------
L 12/20/2014 - 00:22:03: -------- Mapchange to cp_croissant_final --------
L 12/20/2014 - 00:47:23: -------- Mapchange to pl_borneo_rc3 --------
L 12/20/2014 - 00:58:17: -------- Mapchange to ctf_fishy_b4 --------
L 12/20/2014 - 01:41:22: [basecommands.smx] "peterpacz1<536><STEAM_0:1:40949914><>" changed map to "pl_metropolis_b5"
L 12/20/2014 - 01:41:25: [SM] Changed map to "pl_metropolis_b5"
L 12/20/2014 - 01:41:28: -------- Mapchange to pl_metropolis_b5 --------
L 12/20/2014 - 02:33:03: -------- Mapchange to pl_cashworks_final1 --------
L 12/20/2014 - 03:05:53: [basecommands.smx] "peterpacz1<537><STEAM_0:1:40949914><>" changed map to "pl_waste_v2"
L 12/20/2014 - 03:05:56: [SM] Changed map to "pl_waste_v2"
L 12/20/2014 - 03:05:58: -------- Mapchange to pl_waste_v2 --------
L 12/20/2014 - 03:45:28: -------- Mapchange to pl_woodland_final --------
L 12/20/2014 - 04:17:13: -------- Mapchange to pl_metropolis_b5 --------
L 12/20/2014 - 04:48:52: -------- Mapchange to cp_logjam_b10 --------
L 12/20/2014 - 05:08:16: -------- Mapchange to cp_meleebarn --------
L 12/20/2014 - 05:21:14: -------- Mapchange to cp_overflow_2 --------
L 12/20/2014 - 05:34:59: -------- Mapchange to cp_vanguard_b9 --------
L 12/20/2014 - 06:00:56: -------- Mapchange to cp_vector_v1 --------
L 12/20/2014 - 07:09:21: -------- Mapchange to ctf_laynedecker --------
L 12/20/2014 - 07:20:08: -------- Mapchange to ctf_haarp --------
L 12/20/2014 - 07:56:03: -------- Mapchange to pl_angkor_rc1 --------
L 12/20/2014 - 08:20:31: -------- Mapchange to cp_croissant_final --------
L 12/20/2014 - 08:56:00: -------- Mapchange to koth_oilfield --------
L 12/20/2014 - 09:08:20: -------- Mapchange to pl_pier_b16 --------
L 12/20/2014 - 09:46:07: -------- Mapchange to cp_fallout --------
L 12/20/2014 - 10:05:44: -------- Mapchange to cp_croissant_final --------
L 12/20/2014 - 10:14:18: -------- Mapchange to pl_jordan_canyon_final --------
L 12/20/2014 - 10:28:26: -------- Mapchange to koth_arctic_b3 --------
L 12/20/2014 - 10:46:25: -------- Mapchange to koth_probed_b6 --------
L 12/20/2014 - 11:04:34: -------- Mapchange to pl_cranetop_b8 --------
L 12/20/2014 - 11:50:26: -------- Mapchange to cp_grand_canyon_v1 --------
L 12/20/2014 - 11:55:41: -------- Mapchange to ctf_landfall_rc --------
L 12/20/2014 - 12:07:04: -------- Mapchange to ctf_haarp --------
L 12/20/2014 - 12:51:40: -------- Mapchange to pl_beerbowl_b6c --------
L 12/20/2014 - 13:22:26: -------- Mapchange to pl_pier_b16 --------
L 12/20/2014 - 14:08:24: -------- Mapchange to pl_metropolis_b5 --------
L 12/20/2014 - 14:32:50: -------- Mapchange to pl_jordan_canyon_final --------
L 12/20/2014 - 14:57:41: -------- Mapchange to pl_cashworks_final1 --------
L 12/20/2014 - 14:57:50: [mapchooser_extended.smx] Loaded map list for tf.
L 12/20/2014 - 15:46:46: [basecommands.smx] "peterpacz1<784><STEAM_0:1:40949914><>" changed map to "ctf_geothermal_b2"
L 12/20/2014 - 15:46:50: [SM] Changed map to "ctf_geothermal_b2"
L 12/20/2014 - 15:46:51: -------- Mapchange to ctf_geothermal_b2 --------
L 12/20/2014 - 15:58:05: [basecommands.smx] "peterpacz1<784><STEAM_0:1:40949914><>" changed map to "pl_pier_b16"
L 12/20/2014 - 15:58:08: [SM] Changed map to "pl_pier_b16"
L 12/20/2014 - 15:58:10: -------- Mapchange to pl_pier_b16 --------
L 12/20/2014 - 16:47:23: [basecommands.smx] "peterpacz1<784><STEAM_0:1:40949914><>" changed map to "pl_swiftwater"
L 12/20/2014 - 16:47:26: [SM] Changed map to "pl_swiftwater"
L 12/20/2014 - 16:47:30: -------- Mapchange to pl_swiftwater --------
L 12/20/2014 - 16:58:09: [basecommands.smx] "peterpacz1<784><STEAM_0:1:40949914><>" changed map to "pl_swiftwater_ugc"
L 12/20/2014 - 16:58:12: [SM] Changed map to "pl_swiftwater_ugc"
L 12/20/2014 - 16:58:14: -------- Mapchange to pl_swiftwater_ugc --------
L 12/20/2014 - 17:27:23: [basecommands.smx] "peterpacz1<784><STEAM_0:1:40949914><>" changed map to "koth_lighthouse_rc5"
L 12/20/2014 - 17:27:26: [SM] Changed map to "koth_lighthouse_rc5"
L 12/20/2014 - 17:27:27: -------- Mapchange to koth_lighthouse_rc5 --------
L 12/20/2014 - 18:00:28: [basecommands.smx] "peterpacz1<784><STEAM_0:1:40949914><>" changed map to "pl_goldrock_rc1"
L 12/20/2014 - 18:00:31: [SM] Changed map to "pl_goldrock_rc1"
L 12/20/2014 - 18:00:33: -------- Mapchange to pl_goldrock_rc1 --------
L 12/20/2014 - 18:16:27: [basecommands.smx] "peterpacz1<784><STEAM_0:1:40949914><>" changed map to "pl_metropolis_b5"
L 12/20/2014 - 18:16:30: [SM] Changed map to "pl_metropolis_b5"
L 12/20/2014 - 18:16:33: -------- Mapchange to pl_metropolis_b5 --------
L 12/20/2014 - 18:55:56: [basecommands.smx] "peterpacz1<784><STEAM_0:1:40949914><>" changed map to "pl_beerbowl_b6c"
L 12/20/2014 - 18:55:59: [SM] Changed map to "pl_beerbowl_b6c"
L 12/20/2014 - 18:56:01: -------- Mapchange to pl_beerbowl_b6c --------
L 12/20/2014 - 18:57:52: Log file closed.
L 12/20/2014 - 18:58:05: SourceMod log file session started (file "L20141220.log") (Version "1.6.3")
L 12/20/2014 - 18:58:05: -------- Mapchange to pl_borneo_rc3 --------
L 12/20/2014 - 19:10:16: -------- Mapchange to pl_effigy_b5 --------
L 12/20/2014 - 19:49:53: -------- Mapchange to plr_whalerace_a4a --------
L 12/20/2014 - 21:01:56: -------- Mapchange to cp_beamvalley_v2 --------
L 12/20/2014 - 21:38:59: -------- Mapchange to cp_carpo_b3 --------
L 12/20/2014 - 22:10:52: -------- Mapchange to cp_croissant_final --------
L 12/20/2014 - 23:20:34: -------- Mapchange to cp_fallout --------
