L 01/25/2015 - 05:33:59: SourceMod log file session started (file "L20150125.log") (Version "1.6.3")
L 01/25/2015 - 05:33:59: -------- Mapchange to pl_woodland_final --------
L 01/25/2015 - 05:41:36: -------- Mapchange to pl_metropolis_b5 --------
L 01/25/2015 - 06:00:42: -------- Mapchange to ctf_laynedecker --------
L 01/25/2015 - 06:26:47: -------- Mapchange to ctf_mercy --------
L 01/25/2015 - 07:24:24: -------- Mapchange to ctf_mexico_b4 --------
L 01/25/2015 - 10:14:58: -------- Mapchange to cp_croissant_final --------
L 01/25/2015 - 10:21:47: -------- Mapchange to cp_glacier_rc6 --------
L 01/25/2015 - 10:45:41: -------- Mapchange to pl_nat20_b2b --------
L 01/25/2015 - 11:07:48: -------- Mapchange to pl_pier_b16 --------
L 01/25/2015 - 12:02:41: -------- Mapchange to pl_problematique_a3 --------
L 01/25/2015 - 12:19:51: -------- Mapchange to plr_panic_b2 --------
L 01/25/2015 - 12:42:15: -------- Mapchange to cp_mainline_rc5 --------
L 01/25/2015 - 12:55:19: -------- Mapchange to cp_indulge --------
L 01/25/2015 - 13:07:41: -------- Mapchange to pl_waste_v2 --------
L 01/25/2015 - 13:49:01: -------- Mapchange to pl_swiftwater_ugc --------
L 01/25/2015 - 14:06:49: -------- Mapchange to cp_glassworks_rc3 --------
L 01/25/2015 - 14:39:53: -------- Mapchange to pl_pier_b16 --------
L 01/25/2015 - 15:02:27: -------- Mapchange to cp_redfort_b6 --------
L 01/25/2015 - 15:27:30: -------- Mapchange to pl_waste_v2 --------
L 01/25/2015 - 15:54:33: -------- Mapchange to ctf_frosty_b1 --------
L 01/25/2015 - 16:36:06: -------- Mapchange to cp_snowplow_rc3 --------
L 01/25/2015 - 16:48:07: -------- Mapchange to koth_railbridge_rc2 --------
L 01/25/2015 - 18:15:27: -------- Mapchange to cp_silvertrail_rc2 --------
L 01/25/2015 - 18:26:35: -------- Mapchange to ctf_system_rc1 --------
L 01/25/2015 - 19:16:02: -------- Mapchange to koth_desolation_rc1 --------
