L 12/24/2014 - 00:32:00: SourceMod log file session started (file "L20141224.log") (Version "1.6.3")
L 12/24/2014 - 00:32:00: -------- Mapchange to pl_boundary_final --------
L 12/24/2014 - 00:52:30: -------- Mapchange to pl_boxcanyon_RC1 --------
L 12/24/2014 - 01:49:53: -------- Mapchange to pl_cashworks_final1 --------
L 12/24/2014 - 02:29:58: -------- Mapchange to pl_cave_b6 --------
L 12/24/2014 - 02:57:45: -------- Mapchange to pl_corrode_b3b --------
L 12/24/2014 - 03:18:00: -------- Mapchange to pl_crag_event_b --------
L 12/24/2014 - 03:43:06: -------- Mapchange to pl_cranetop_b8 --------
L 12/24/2014 - 04:03:58: -------- Mapchange to pl_deadwood --------
L 12/24/2014 - 04:34:49: -------- Mapchange to pl_effigy_b5 --------
L 12/24/2014 - 06:17:19: -------- Mapchange to pl_escarpment_rc1 --------
L 12/24/2014 - 06:46:18: -------- Mapchange to cp_zinkenite_b3a --------
L 12/24/2014 - 07:08:20: -------- Mapchange to ctf_aerospace_b3 --------
L 12/24/2014 - 07:19:51: -------- Mapchange to koth_arctic_b3 --------
L 12/24/2014 - 07:40:10: -------- Mapchange to koth_dropdown_rc1 --------
L 12/24/2014 - 08:08:09: -------- Mapchange to koth_garbage_day --------
L 12/24/2014 - 08:27:25: -------- Mapchange to koth_lighthouse_rc5 --------
L 12/24/2014 - 08:44:46: -------- Mapchange to pl_cranetop_b8 --------
L 12/24/2014 - 09:20:19: -------- Mapchange to pl_deadwood --------
L 12/24/2014 - 09:40:47: -------- Mapchange to pl_effigy_b5 --------
L 12/24/2014 - 11:06:36: -------- Mapchange to pl_escarpment_rc1 --------
L 12/24/2014 - 11:52:41: -------- Mapchange to pl_goldrock_rc1 --------
L 12/24/2014 - 12:26:28: -------- Mapchange to pl_great_heights_b3 --------
L 12/24/2014 - 13:06:55: -------- Mapchange to pl_halfacre --------
L 12/24/2014 - 13:57:46: -------- Mapchange to pl_jordan_canyon_final --------
L 12/24/2014 - 14:34:33: -------- Mapchange to pl_manngrove_rc5 --------
L 12/24/2014 - 15:11:19: -------- Mapchange to pl_metropolis_b5 --------
L 12/24/2014 - 15:40:55: -------- Mapchange to pl_millstone_rc11 --------
L 12/24/2014 - 16:09:43: -------- Mapchange to pl_outback_rc4 --------
L 12/24/2014 - 18:49:49: -------- Mapchange to pl_pier_b16 --------
