L 12/26/2014 - 02:08:05: SourceMod log file session started (file "L20141226.log") (Version "1.6.3")
L 12/26/2014 - 02:08:05: -------- Mapchange to cp_desertion_rc1 --------
L 12/26/2014 - 02:30:59: -------- Mapchange to cp_dusk_rc1 --------
L 12/26/2014 - 05:05:50: -------- Mapchange to cp_edifice_test2 --------
L 12/26/2014 - 07:32:09: -------- Mapchange to cp_fallout --------
L 12/26/2014 - 08:21:34: -------- Mapchange to cp_follower --------
L 12/26/2014 - 08:43:04: -------- Mapchange to cp_freightyard_b4c --------
L 12/26/2014 - 09:06:07: -------- Mapchange to cp_furnace_rc --------
L 12/26/2014 - 09:28:56: -------- Mapchange to cp_glacier_rc6 --------
L 12/26/2014 - 09:51:28: -------- Mapchange to cp_glassworks_rc2 --------
L 12/26/2014 - 10:11:15: -------- Mapchange to cp_gydan --------
L 12/26/2014 - 10:29:47: -------- Mapchange to cp_indulge --------
L 12/26/2014 - 10:51:13: -------- Mapchange to cp_keikoku_rc1 --------
L 12/26/2014 - 12:32:18: -------- Mapchange to cp_labor --------
L 12/26/2014 - 13:12:18: -------- Mapchange to cp_logjam_b10 --------
L 12/26/2014 - 13:18:46: -------- Mapchange to pl_outback_rc4 --------
L 12/26/2014 - 13:40:29: -------- Mapchange to pl_pier_b16 --------
L 12/26/2014 - 14:00:15: -------- Mapchange to pl_repository_rc3 --------
L 12/26/2014 - 14:25:58: -------- Mapchange to pl_swiftwater_ugc --------
L 12/26/2014 - 14:46:37: -------- Mapchange to pl_waste_v2 --------
L 12/26/2014 - 16:10:49: -------- Mapchange to pl_woodland_final --------
L 12/26/2014 - 22:23:22: -------- Mapchange to plr_panic_b2 --------
