L 01/17/2015 - 03:15:11: SourceMod log file session started (file "L20150117.log") (Version "1.6.3")
L 01/17/2015 - 03:15:11: -------- Mapchange to pl_crag_event_b --------
L 01/17/2015 - 05:20:38: -------- Mapchange to pl_cranetop_b8 --------
L 01/17/2015 - 07:00:08: -------- Mapchange to pl_corrode_b3b --------
L 01/17/2015 - 07:39:57: -------- Mapchange to pl_crag_event_b --------
L 01/17/2015 - 09:55:07: -------- Mapchange to pl_cranetop_b8 --------
L 01/17/2015 - 10:10:18: Log file closed.
L 01/17/2015 - 10:10:34: SourceMod log file session started (file "L20150117.log") (Version "1.6.3")
L 01/17/2015 - 10:10:34: -------- Mapchange to pl_borneo_rc3 --------
L 01/17/2015 - 10:11:13: -------- Mapchange to pl_waste_v2 --------
L 01/17/2015 - 11:13:33: -------- Mapchange to pl_swiftwater_ugc --------
L 01/17/2015 - 11:44:18: -------- Mapchange to pl_borneo_rc3 --------
L 01/17/2015 - 12:00:54: -------- Mapchange to cp_sunshine_rc3 --------
L 01/17/2015 - 12:17:09: -------- Mapchange to pl_swiftwater_ugc --------
L 01/17/2015 - 12:54:23: -------- Mapchange to pl_borneo_rc3 --------
L 01/17/2015 - 13:19:30: -------- Mapchange to pl_pier_b16 --------
L 01/17/2015 - 13:34:34: -------- Mapchange to cp_croissant_final --------
L 01/17/2015 - 13:44:43: -------- Mapchange to cp_sunshine_rc3 --------
L 01/17/2015 - 14:06:54: -------- Mapchange to pl_repository_rc3 --------
L 01/17/2015 - 14:46:03: -------- Mapchange to cp_croissant_final --------
L 01/17/2015 - 15:18:43: -------- Mapchange to ctf_haarp --------
L 01/17/2015 - 15:44:33: -------- Mapchange to pl_auriferous_rc7 --------
L 01/17/2015 - 16:31:05: -------- Mapchange to dom_cliffhanger_b11 --------
L 01/17/2015 - 17:01:19: -------- Mapchange to pl_metropolis_b5 --------
L 01/17/2015 - 17:46:08: -------- Mapchange to ctf_aerospace_b3 --------
L 01/17/2015 - 17:55:20: -------- Mapchange to ctf_backwards_b1 --------
L 01/17/2015 - 18:08:12: -------- Mapchange to koth_oilfield --------
L 01/17/2015 - 18:15:37: -------- Mapchange to cp_indulge --------
L 01/17/2015 - 19:04:30: -------- Mapchange to koth_oilfield --------
L 01/17/2015 - 19:48:14: -------- Mapchange to cp_croissant_final --------
L 01/17/2015 - 20:05:39: -------- Mapchange to cp_fallout --------
L 01/17/2015 - 20:17:31: -------- Mapchange to ctf_quarry_v2 --------
