L 01/19/2015 - 02:47:02: SourceMod log file session started (file "L20150119.log") (Version "1.6.3")
L 01/19/2015 - 02:47:02: -------- Mapchange to ctf_fusion_b2 --------
L 01/19/2015 - 03:37:58: -------- Mapchange to ctf_geothermal_b2 --------
L 01/19/2015 - 06:22:48: -------- Mapchange to ctf_haarp --------
L 01/19/2015 - 09:22:24: -------- Mapchange to ctf_installation_v2 --------
L 01/19/2015 - 09:56:06: -------- Mapchange to pl_vanishingpoint --------
L 01/19/2015 - 10:17:35: -------- Mapchange to pl_cranetop_b8 --------
L 01/19/2015 - 10:46:17: -------- Mapchange to koth_oilfield --------
L 01/19/2015 - 10:58:20: -------- Mapchange to dom_cliffhanger_b11 --------
L 01/19/2015 - 11:07:49: -------- Mapchange to cp_croissant_final --------
L 01/19/2015 - 11:32:30: -------- Mapchange to ctf_chaos --------
L 01/19/2015 - 11:43:46: -------- Mapchange to pl_beerbowl_b6c --------
L 01/19/2015 - 12:12:33: -------- Mapchange to plr_frostfell_a10 --------
L 01/19/2015 - 12:44:45: -------- Mapchange to pl_problematique_a3 --------
L 01/19/2015 - 13:04:41: -------- Mapchange to pl_waste_v2 --------
L 01/19/2015 - 13:22:49: -------- Mapchange to ctf_fishy_b4 --------
L 01/19/2015 - 13:36:41: -------- Mapchange to koth_lighthouse_rc5 --------
L 01/19/2015 - 13:48:55: -------- Mapchange to pl_effigy_b5 --------
L 01/19/2015 - 14:04:37: -------- Mapchange to ctf_freezers_v2 --------
L 01/19/2015 - 14:24:29: -------- Mapchange to cp_stoneyridge_rc1 --------
L 01/19/2015 - 14:42:05: -------- Mapchange to cp_glassworks_rc3 --------
L 01/19/2015 - 14:53:32: -------- Mapchange to cp_desolation_rc1 --------
L 01/19/2015 - 14:58:49: -------- Mapchange to cp_beamvalley_v2 --------
L 01/19/2015 - 15:30:23: -------- Mapchange to cp_keikoku_rc1 --------
L 01/19/2015 - 15:46:53: -------- Mapchange to cp_aqua --------
L 01/19/2015 - 16:10:43: -------- Mapchange to ctf_haarp --------
L 01/19/2015 - 16:47:43: -------- Mapchange to cp_croissant_final --------
L 01/19/2015 - 17:28:04: -------- Mapchange to cp_desertion_rc1 --------
L 01/19/2015 - 18:31:25: -------- Mapchange to cp_desolation_rc1 --------
