L 09/04/2015 - 11:27:53: SourceMod log file session started (file "L20150904.log") (Version "1.7.2")
L 09/04/2015 - 11:27:53: -------- Mapchange to workshop/pl_retawdab.ugc475731069 --------
L 09/04/2015 - 11:28:09: [UPDATER] Successfully updated gamedata file "sm-cstrike.games/game.csgo.txt"
L 09/04/2015 - 11:28:09: [UPDATER] Successfully updated gamedata file "core.games/engine.ep2.txt"
L 09/04/2015 - 11:28:09: [UPDATER] Successfully updated gamedata file "sdkhooks.games/game.modularcombat.txt"
L 09/04/2015 - 11:28:10: [UPDATER] Successfully updated gamedata file "sdkhooks.games/master.games.txt"
L 09/04/2015 - 11:28:10: [UPDATER] Successfully updated gamedata file "sm-tf2.games.txt"
L 09/04/2015 - 11:28:10: [UPDATER] Successfully updated gamedata file "sdktools.games/engine.ep2.txt"
L 09/04/2015 - 11:28:10: [UPDATER] Successfully updated gamedata file "sdktools.games/game.modularcombat.txt"
L 09/04/2015 - 11:28:10: [UPDATER] Successfully updated gamedata file "sdktools.games/master.games.txt"
L 09/04/2015 - 11:28:10: [UPDATER] Successfully updated gamedata file "sdktools.games/engine.insurgency.txt"
L 09/04/2015 - 11:28:10: [UPDATER] SourceMod has been updated, please reload it or restart your server.
L 09/04/2015 - 11:50:40: Log file closed.
L 09/04/2015 - 11:50:53: SourceMod log file session started (file "L20150904.log") (Version "1.7.2")
L 09/04/2015 - 11:50:53: -------- Mapchange to koth_aperture_science_iii --------
L 09/04/2015 - 12:01:51: Log file closed.
L 09/04/2015 - 12:02:45: SourceMod log file session started (file "L20150904.log") (Version "1.7.2")
L 09/04/2015 - 12:02:45: -------- Mapchange to koth_aperture_science_iii --------
L 09/04/2015 - 12:13:13: Log file closed.
L 09/04/2015 - 12:21:17: SourceMod log file session started (file "L20150904.log") (Version "1.7.2")
L 09/04/2015 - 12:21:17: -------- Mapchange to koth_aperture_science_iii --------
L 09/04/2015 - 13:53:37: SourceMod log file session started (file "L20150904.log") (Version "1.7.2")
L 09/04/2015 - 13:53:37: -------- Mapchange to koth_aperture_science_iii --------
L 09/04/2015 - 14:01:51: SourceMod log file session started (file "L20150904.log") (Version "1.7.2")
L 09/04/2015 - 14:01:51: -------- Mapchange to koth_aperture_science_iii --------
L 09/04/2015 - 14:11:30: [basechat.smx] "GLaDOS ver. 1.10.001_beta1<2><[U:1:162319340]><>" triggered sm_csay (text Welcome)
L 09/04/2015 - 14:11:50: [basechat.smx] "GLaDOS ver. 1.10.001_beta1<2><[U:1:162319340]><>" triggered sm_csay (text why jenny why)
L 09/04/2015 - 14:13:10: [basecomm.smx] "GLaDOS ver. 1.10.001_beta1<2><[U:1:162319340]><>" gagged "JENNY<3><[U:1:112036545]><>"
L 09/04/2015 - 14:14:57: [basevotes.smx] "GLaDOS ver. 1.10.001_beta1<2><[U:1:162319340]><>" initiated a generic vote.
L 09/04/2015 - 14:18:48: -------- Mapchange to cp_bazillion_rc5 --------
L 09/04/2015 - 14:22:36: [playercommands.smx] "GLaDOS ver. 1.10.001_beta1<2><[U:1:162319340]><>" slapped "JENNY<12><[U:1:112036545]><>" (damage "0")
L 09/04/2015 - 14:23:08: [basechat.smx] "GLaDOS ver. 1.10.001_beta1<2><[U:1:162319340]><>" triggered sm_say (text theboo, guess what, this is what I am doing as we speak)
L 09/04/2015 - 14:25:46: [basechat.smx] "GLaDOS ver. 1.10.001_beta1<2><[U:1:162319340]><>" triggered sm_say (text Don't bother with trying to host anything, we got this.)
L 09/04/2015 - 14:27:08: [basechat.smx] "GLaDOS ver. 1.10.001_beta1<2><[U:1:162319340]><>" triggered sm_say (text  DON'T GET FALSE HOPES UP; NO PROMISES BUT WE ARE WORKING IT)
L 09/04/2015 - 14:35:27: [playercommands.smx] "GLaDOS ver. 1.10.001_beta1<2><[U:1:162319340]><>" slapped "theboo64<9><[U:1:80657049]><>" (damage "0")
L 09/04/2015 - 14:43:57: -------- Mapchange to ctf_npire_v3 --------
L 09/04/2015 - 18:18:27: Log file closed.
L 09/04/2015 - 18:19:36: SourceMod log file session started (file "L20150904.log") (Version "1.7.2")
L 09/04/2015 - 18:19:36: -------- Mapchange to koth_aperture_science_iii --------
L 09/04/2015 - 18:31:10: [basecommands.smx] "GLaDOS ver. 1.10.001_beta1<2><[U:1:162319340]><>" refreshed the admin cache.
L 09/04/2015 - 18:37:01: [basecommands.smx] "GLaDOS ver. 1.10.001_beta1<2><[U:1:162319340]><>" console command (cmdline "sm plugins unload funvotes")
