L 12/02/2014 - 09:07:40: SourceMod log file session started (file "L20141202.log") (Version "1.6.3")
L 12/02/2014 - 09:07:40: -------- Mapchange to cp_stoneyridge_rc1 --------
L 12/02/2014 - 10:19:56: -------- Mapchange to cp_switchback_b5 --------
L 12/02/2014 - 11:15:19: -------- Mapchange to ctf_aerospace_b3 --------
L 12/02/2014 - 11:51:01: -------- Mapchange to pl_waste_v2 --------
L 12/02/2014 - 12:05:23: -------- Mapchange to ctf_convoy_v2 --------
L 12/02/2014 - 12:16:01: -------- Mapchange to koth_quarry_rc5 --------
L 12/02/2014 - 12:38:20: -------- Mapchange to koth_arctic_b3 --------
L 12/02/2014 - 13:37:56: -------- Mapchange to koth_probed_b6 --------
L 12/02/2014 - 14:04:09: -------- Mapchange to dom_cliffhanger_b11 --------
L 12/02/2014 - 14:40:13: -------- Mapchange to pl_millstone_rc11 --------
L 12/02/2014 - 14:59:34: -------- Mapchange to pl_borneo_rc3 --------
L 12/02/2014 - 15:56:09: -------- Mapchange to pl_millstone_rc11 --------
L 12/02/2014 - 17:31:07: [basecommands.smx] "The Ummm Guy<166><STEAM_0:0:91559440><>" changed map to "cp_desertfortress"
L 12/02/2014 - 17:31:11: [SM] Changed map to "cp_desertfortress"
L 12/02/2014 - 17:31:12: -------- Mapchange to cp_desertfortress --------
L 12/02/2014 - 17:32:07: [basecommands.smx] "The Ummm Guy<166><STEAM_0:0:91559440><>" changed map to "cp_desertfortress"
L 12/02/2014 - 17:32:10: [SM] Changed map to "cp_desertfortress"
L 12/02/2014 - 17:32:11: -------- Mapchange to cp_desertfortress --------
L 12/02/2014 - 17:32:44: [basecommands.smx] "The Ummm Guy<167><STEAM_0:0:91559440><>" changed map to "cp_beamvalley_v2"
L 12/02/2014 - 17:32:47: [SM] Changed map to "cp_beamvalley_v2"
L 12/02/2014 - 17:32:49: -------- Mapchange to cp_beamvalley_v2 --------
L 12/02/2014 - 18:59:40: -------- Mapchange to cp_keikoku_rc1 --------
L 12/02/2014 - 19:52:20: -------- Mapchange to cp_overflow_2 --------
