L 12/29/2014 - 01:09:02: SourceMod log file session started (file "L20141229.log") (Version "1.6.3")
L 12/29/2014 - 01:09:02: -------- Mapchange to cp_croissant_final --------
L 12/29/2014 - 03:03:15: -------- Mapchange to cp_desertion_rc1 --------
L 12/29/2014 - 03:33:11: -------- Mapchange to pl_effigy_b5 --------
L 12/29/2014 - 03:59:05: -------- Mapchange to pl_escarpment_rc1 --------
L 12/29/2014 - 04:39:42: -------- Mapchange to pl_goldrock_rc1 --------
L 12/29/2014 - 08:05:09: -------- Mapchange to pl_great_heights_b3 --------
L 12/29/2014 - 08:39:38: -------- Mapchange to ctf_fusion_b2 --------
L 12/29/2014 - 09:40:16: -------- Mapchange to ctf_geothermal_b2 --------
L 12/29/2014 - 10:30:57: -------- Mapchange to ctf_haarp --------
L 12/29/2014 - 12:07:51: -------- Mapchange to cp_croissant_final --------
L 12/29/2014 - 12:21:21: -------- Mapchange to dom_cliffhanger_b11 --------
L 12/29/2014 - 12:36:04: -------- Mapchange to pl_swiftwater_ugc --------
L 12/29/2014 - 13:04:20: -------- Mapchange to pl_waste_v2 --------
L 12/29/2014 - 13:31:47: -------- Mapchange to cp_croissant_final --------
L 12/29/2014 - 14:15:42: -------- Mapchange to cp_desertion_rc1 --------
L 12/29/2014 - 15:23:12: -------- Mapchange to cp_dusk_rc1 --------
L 12/29/2014 - 16:55:25: -------- Mapchange to cp_edifice_test2 --------
L 12/29/2014 - 18:27:42: -------- Mapchange to ctf_haarp --------
L 12/29/2014 - 21:10:18: -------- Mapchange to ctf_installation_v2 --------
