L 12/15/2014 - 00:14:22: SourceMod log file session started (file "L20141215.log") (Version "1.6.3")
L 12/15/2014 - 00:14:22: -------- Mapchange to cp_logjam_b10 --------
L 12/15/2014 - 03:49:15: -------- Mapchange to koth_skyward_b2 --------
L 12/15/2014 - 06:45:24: -------- Mapchange to ctf_quarry_v2 --------
L 12/15/2014 - 06:56:28: -------- Mapchange to cp_glassworks_rc2 --------
L 12/15/2014 - 07:02:11: -------- Mapchange to koth_moonshine_rc --------
L 12/15/2014 - 07:09:29: -------- Mapchange to pl_angkor_rc1 --------
L 12/15/2014 - 07:22:35: -------- Mapchange to ctf_premuda_b1b --------
L 12/15/2014 - 07:49:13: -------- Mapchange to koth_oilfield --------
L 12/15/2014 - 07:58:51: -------- Mapchange to plr_whalerace_a4a --------
L 12/15/2014 - 08:21:26: -------- Mapchange to pl_angkor_rc1 --------
L 12/15/2014 - 10:29:49: -------- Mapchange to koth_moonshine_rc --------
L 12/15/2014 - 11:15:30: -------- Mapchange to plr_whalerace_a4a --------
L 12/15/2014 - 11:21:02: -------- Mapchange to cp_glacier_rc6 --------
L 12/15/2014 - 11:38:41: -------- Mapchange to cp_freightyard_b4c --------
L 12/15/2014 - 11:54:22: -------- Mapchange to cp_carpo_b3 --------
L 12/15/2014 - 12:19:08: -------- Mapchange to pl_cranetop_b8 --------
L 12/15/2014 - 12:45:29: -------- Mapchange to koth_garbage_day --------
L 12/15/2014 - 13:00:36: -------- Mapchange to cp_snowplow_rc3 --------
L 12/15/2014 - 13:13:36: -------- Mapchange to dom_cliffhanger_b11 --------
L 12/15/2014 - 13:25:06: -------- Mapchange to ctf_wildfire_rc --------
L 12/15/2014 - 14:31:12: -------- Mapchange to plr_whalerace_a4a --------
L 12/15/2014 - 14:38:38: -------- Mapchange to cp_glassworks_rc2 --------
L 12/15/2014 - 14:42:00: -------- Mapchange to pl_metropolis_b5 --------
L 12/15/2014 - 15:14:30: -------- Mapchange to cp_fallout --------
L 12/15/2014 - 15:32:33: -------- Mapchange to cp_logjam_b10 --------
L 12/15/2014 - 15:46:29: -------- Mapchange to cp_gydan --------
L 12/15/2014 - 16:09:31: -------- Mapchange to cp_follower --------
L 12/15/2014 - 16:24:28: -------- Mapchange to koth_skyward_b2 --------
L 12/15/2014 - 16:56:04: -------- Mapchange to koth_waste --------
