L 12/12/2014 - 01:54:26: SourceMod log file session started (file "L20141212.log") (Version "1.6.3")
L 12/12/2014 - 01:54:26: -------- Mapchange to koth_occult_rc3 --------
L 12/12/2014 - 08:04:26: -------- Mapchange to koth_probed_b6 --------
L 12/12/2014 - 08:39:55: -------- Mapchange to pl_cranetop_b8 --------
L 12/12/2014 - 09:07:15: -------- Mapchange to ctf_aerospace_b3 --------
L 12/12/2014 - 09:30:33: -------- Mapchange to cp_meleebarn --------
L 12/12/2014 - 09:37:03: -------- Mapchange to ctf_fishy_b4 --------
L 12/12/2014 - 09:50:25: -------- Mapchange to cp_vertigo_beta3 --------
L 12/12/2014 - 10:13:15: -------- Mapchange to ctf_aerospace_b3 --------
L 12/12/2014 - 10:31:39: -------- Mapchange to sd_hunted --------
L 12/12/2014 - 10:37:06: -------- Mapchange to koth_harvest --------
L 12/12/2014 - 10:44:18: -------- Mapchange to tr_walkway_rc2 --------
L 12/12/2014 - 10:46:49: [basecommands.smx] "Midget In Bikini<265><STEAM_0:0:89337827><>" changed map to "cp_fallout"
L 12/12/2014 - 10:46:52: [SM] Changed map to "cp_fallout"
L 12/12/2014 - 10:46:53: -------- Mapchange to cp_fallout --------
L 12/12/2014 - 10:53:22: -------- Mapchange to ctf_fishy_b4 --------
L 12/12/2014 - 11:05:35: -------- Mapchange to ctf_quarry_v2 --------
L 12/12/2014 - 11:41:58: [basecommands.smx] "peterpacz1<307><STEAM_0:1:40949914><>" changed map to "sd_hunted"
L 12/12/2014 - 11:42:01: [SM] Changed map to "sd_hunted"
L 12/12/2014 - 11:42:02: -------- Mapchange to sd_hunted --------
L 12/12/2014 - 11:54:25: -------- Mapchange to pl_5curve --------
L 12/12/2014 - 12:13:10: -------- Mapchange to pl_waste_v2 --------
L 12/12/2014 - 12:27:11: [basebans.smx] "Console<0><Console><Console>" removed ban (filter "STEAM_0:0:91559440")
L 12/12/2014 - 12:30:41: -------- Mapchange to cp_starship_b3 --------
L 12/12/2014 - 12:37:04: [basecommands.smx] "peterpacz1<307><STEAM_0:1:40949914><>" changed map to "cp_furnace_rc"
L 12/12/2014 - 12:37:07: [SM] Changed map to "cp_furnace_rc"
L 12/12/2014 - 12:37:09: -------- Mapchange to cp_furnace_rc --------
L 12/12/2014 - 12:48:41: -------- Mapchange to pl_cashworks_final1 --------
L 12/12/2014 - 12:58:16: -------- Mapchange to pl_borneo_rc3 --------
L 12/12/2014 - 13:22:27: -------- Mapchange to ctf_convoy_v2 --------
L 12/12/2014 - 13:38:48: -------- Mapchange to pl_cranetop_b8 --------
L 12/12/2014 - 14:09:07: -------- Mapchange to pl_waste_v2 --------
L 12/12/2014 - 14:22:26: -------- Mapchange to pl_cashworks_final1 --------
L 12/12/2014 - 14:34:57: -------- Mapchange to cp_follower --------
L 12/12/2014 - 14:47:52: -------- Mapchange to cp_croissant_final --------
L 12/12/2014 - 14:53:41: -------- Mapchange to cp_gydan --------
L 12/12/2014 - 15:08:17: -------- Mapchange to ctf_fusion_b2 --------
L 12/12/2014 - 15:42:23: -------- Mapchange to pl_goldrock_rc1 --------
L 12/12/2014 - 15:56:33: -------- Mapchange to ctf_convoy_v2 --------
L 12/12/2014 - 16:22:09: -------- Mapchange to cp_glacier_rc6 --------
L 12/12/2014 - 16:25:04: [playercommands.smx] "peterpacz1<444><STEAM_0:1:40949914><>" slayed "peterpacz1<444><STEAM_0:1:40949914><>"
L 12/12/2014 - 16:37:03: -------- Mapchange to cp_stoneyridge_rc1 --------
L 12/12/2014 - 16:56:07: -------- Mapchange to ctf_wildfire_rc --------
L 12/12/2014 - 17:15:25: -------- Mapchange to pl_cranetop_b8 --------
L 12/12/2014 - 17:35:23: -------- Mapchange to ctf_haarp --------
L 12/12/2014 - 18:01:12: -------- Mapchange to tr_walkway_rc2 --------
L 12/12/2014 - 18:06:45: Log file closed.
L 12/12/2014 - 18:07:01: SourceMod log file session started (file "L20141212.log") (Version "1.6.3")
L 12/12/2014 - 18:07:01: -------- Mapchange to pl_borneo_rc3 --------
L 12/12/2014 - 18:30:54: -------- Mapchange to pl_cashworks_final1 --------
L 12/12/2014 - 18:39:26: -------- Mapchange to koth_moonshine_rc --------
L 12/12/2014 - 18:48:13: -------- Mapchange to ctf_mercy --------
L 12/12/2014 - 18:56:50: -------- Mapchange to ctf_geothermal_b2 --------
L 12/12/2014 - 19:08:35: -------- Mapchange to koth_waste --------
L 12/12/2014 - 19:14:24: -------- Mapchange to cp_fallout --------
L 12/12/2014 - 19:21:32: -------- Mapchange to cp_starship_b3 --------
L 12/12/2014 - 19:37:27: -------- Mapchange to cp_upland_rc4 --------
L 12/12/2014 - 20:22:26: -------- Mapchange to cp_vanguard_b9 --------
