L 02/07/2015 - 01:02:37: SourceMod log file session started (file "L20150207.log") (Version "1.6.3")
L 02/07/2015 - 01:02:37: -------- Mapchange to ctf_backwards_b1 --------
L 02/07/2015 - 07:51:35: -------- Mapchange to cp_aqua --------
L 02/07/2015 - 07:58:05: -------- Mapchange to ctf_mercy --------
L 02/07/2015 - 08:07:23: -------- Mapchange to ctf_mexico_b4 --------
L 02/07/2015 - 10:02:30: -------- Mapchange to plr_panic_b2 --------
L 02/07/2015 - 10:46:16: -------- Mapchange to pl_swiftwater_ugc --------
L 02/07/2015 - 11:00:39: -------- Mapchange to cp_gydan --------
L 02/07/2015 - 11:09:15: -------- Mapchange to pl_borax_rc2 --------
L 02/07/2015 - 11:22:27: -------- Mapchange to pl_borneo_rc3 --------
L 02/07/2015 - 11:47:20: -------- Mapchange to cp_aqua --------
L 02/07/2015 - 12:09:40: -------- Mapchange to cp_glacier_rc6 --------
L 02/07/2015 - 12:58:07: -------- Mapchange to cp_glassworks_rc2 --------
L 02/07/2015 - 13:40:00: -------- Mapchange to cp_glassworks_rc3 --------
L 02/07/2015 - 14:51:43: -------- Mapchange to cp_gydan --------
L 02/07/2015 - 15:10:52: -------- Mapchange to cp_drag_rc1 --------
L 02/07/2015 - 15:27:18: -------- Mapchange to cp_glacier_rc6 --------
L 02/07/2015 - 15:38:25: -------- Mapchange to cp_fallout --------
L 02/07/2015 - 15:51:27: -------- Mapchange to koth_lighthouse_rc5 --------
L 02/07/2015 - 16:04:31: -------- Mapchange to pl_pier_b16 --------
L 02/07/2015 - 16:22:14: -------- Mapchange to pl_nat20_b2b --------
L 02/07/2015 - 16:39:02: -------- Mapchange to cp_croissant_final --------
L 02/07/2015 - 16:58:54: -------- Mapchange to koth_rocktop_rc2 --------
L 02/07/2015 - 17:17:09: -------- Mapchange to dom_cliffhanger_b11 --------
L 02/07/2015 - 17:52:47: -------- Mapchange to ctf_convoy_v2 --------
L 02/07/2015 - 18:32:18: -------- Mapchange to pl_downpour_pass_b3 --------
L 02/07/2015 - 18:51:49: -------- Mapchange to koth_probed_b6 --------
