L 12/30/2014 - 06:10:27: SourceMod log file session started (file "L20141230.log") (Version "1.6.3")
L 12/30/2014 - 06:10:27: -------- Mapchange to ctf_landfall_rc --------
L 12/30/2014 - 06:52:10: -------- Mapchange to ctf_laynedecker --------
L 12/30/2014 - 07:16:28: -------- Mapchange to cp_glassworks_rc2 --------
L 12/30/2014 - 07:32:45: -------- Mapchange to pl_pier_b16 --------
L 12/30/2014 - 07:57:33: -------- Mapchange to pl_waste_v2 --------
L 12/30/2014 - 08:18:23: -------- Mapchange to ctf_fusion_b2 --------
L 12/30/2014 - 08:44:10: [basebans.smx] "Console<0><Console><Console>" removed ban (filter "STEAM_0:0:45702539")
L 12/30/2014 - 08:51:01: [basecommands.smx] "Festive peterpacz1<610><STEAM_0:1:40949914><>" changed map to "pl_swiftwater_ugc"
L 12/30/2014 - 08:51:04: [SM] Changed map to "pl_swiftwater_ugc"
L 12/30/2014 - 08:51:06: -------- Mapchange to pl_swiftwater_ugc --------
L 12/30/2014 - 09:24:34: -------- Mapchange to pl_cashworks_final1 --------
L 12/30/2014 - 10:35:23: -------- Mapchange to pl_halfacre --------
L 12/30/2014 - 11:06:02: -------- Mapchange to ctf_aerospace_b3 --------
L 12/30/2014 - 11:25:15: -------- Mapchange to ctf_system_rc1 --------
L 12/30/2014 - 11:55:50: -------- Mapchange to ctf_subterranean --------
L 12/30/2014 - 12:37:15: -------- Mapchange to pl_goldrock_rc1 --------
L 12/30/2014 - 13:19:17: -------- Mapchange to pl_great_heights_b3 --------
L 12/30/2014 - 13:50:17: -------- Mapchange to pl_halfacre --------
L 12/30/2014 - 14:32:11: -------- Mapchange to pl_jordan_canyon_final --------
L 12/30/2014 - 14:37:00: -------- Mapchange to pl_swiftwater_ugc --------
L 12/30/2014 - 15:09:09: -------- Mapchange to cp_zinkenite_b3a --------
L 12/30/2014 - 15:32:48: -------- Mapchange to cp_glassworks_rc2 --------
L 12/30/2014 - 15:55:49: -------- Mapchange to ctf_wildfire_rc --------
L 12/30/2014 - 16:55:55: -------- Mapchange to ctf_wiretap_b1 --------
L 12/30/2014 - 17:38:39: -------- Mapchange to dom_cliffhanger_b11 --------
