L 12/06/2014 - 00:16:30: SourceMod log file session started (file "L20141206.log") (Version "1.6.3")
L 12/06/2014 - 00:16:30: -------- Mapchange to pl_waste_v2 --------
L 12/06/2014 - 00:38:13: -------- Mapchange to plr_panic_b2 --------
L 12/06/2014 - 01:29:00: -------- Mapchange to cp_croissant_final --------
L 12/06/2014 - 04:12:30: -------- Mapchange to cp_follower --------
L 12/06/2014 - 04:36:48: -------- Mapchange to cp_freightyard_b4c --------
L 12/06/2014 - 04:55:16: -------- Mapchange to pl_5curve --------
L 12/06/2014 - 05:24:40: -------- Mapchange to dom_cliffhanger_b11 --------
L 12/06/2014 - 05:57:07: -------- Mapchange to pl_waste_v2 --------
L 12/06/2014 - 06:23:59: -------- Mapchange to plr_panic_b2 --------
L 12/06/2014 - 06:57:51: -------- Mapchange to koth_arctic_b3 --------
L 12/06/2014 - 07:03:09: -------- Mapchange to cp_vector_v1 --------
L 12/06/2014 - 07:30:11: -------- Mapchange to ctf_aerospace_b3 --------
L 12/06/2014 - 07:44:51: -------- Mapchange to ctf_fishy_b4 --------
L 12/06/2014 - 08:07:29: -------- Mapchange to pl_waste_v2 --------
L 12/06/2014 - 08:26:12: -------- Mapchange to koth_watermill_final --------
L 12/06/2014 - 09:16:33: -------- Mapchange to cp_vanguard_b9 --------
L 12/06/2014 - 09:43:13: -------- Mapchange to cp_vector_v1 --------
L 12/06/2014 - 10:40:08: -------- Mapchange to plr_panic_b2 --------
L 12/06/2014 - 10:52:11: -------- Mapchange to ctf_wildfire_rc --------
L 12/06/2014 - 11:28:24: -------- Mapchange to pl_cranetop_b8 --------
L 12/06/2014 - 11:42:34: -------- Mapchange to cp_redstone_b2 --------
L 12/06/2014 - 11:54:45: -------- Mapchange to ctf_convoy_v2 --------
L 12/06/2014 - 12:20:27: [basecommands.smx] "peterpacz1<438><STEAM_0:1:40949914><>" changed map to "cp_grand_canyon_v1"
L 12/06/2014 - 12:20:30: [SM] Changed map to "cp_grand_canyon_v1"
L 12/06/2014 - 12:20:32: -------- Mapchange to cp_grand_canyon_v1 --------
L 12/06/2014 - 12:36:40: -------- Mapchange to koth_probed_b6 --------
L 12/06/2014 - 12:46:20: -------- Mapchange to koth_arctic_b3 --------
L 12/06/2014 - 12:53:45: -------- Mapchange to ctf_haarp --------
L 12/06/2014 - 13:16:38: -------- Mapchange to ctf_laynedecker --------
L 12/06/2014 - 13:44:11: -------- Mapchange to cp_croissant_final --------
L 12/06/2014 - 13:59:46: -------- Mapchange to pl_borax_rc2 --------
L 12/06/2014 - 14:17:12: -------- Mapchange to cp_vector_v1 --------
L 12/06/2014 - 14:30:06: -------- Mapchange to koth_namicott_rc4 --------
L 12/06/2014 - 14:47:53: -------- Mapchange to koth_probed_b6 --------
L 12/06/2014 - 15:08:12: -------- Mapchange to pl_borneo_rc3 --------
L 12/06/2014 - 15:34:07: -------- Mapchange to cp_glassworks_rc2 --------
L 12/06/2014 - 15:46:38: -------- Mapchange to ctf_atrophy_b3 --------
L 12/06/2014 - 16:00:04: [basecommands.smx] "peterpacz1<574><STEAM_0:1:40949914><>" changed map to "ctf_wiretap_b1"
L 12/06/2014 - 16:00:07: [SM] Changed map to "ctf_wiretap_b1"
L 12/06/2014 - 16:00:09: -------- Mapchange to ctf_wiretap_b1 --------
L 12/06/2014 - 16:20:24: -------- Mapchange to cp_follower --------
L 12/06/2014 - 16:40:32: -------- Mapchange to ctf_wildfire_rc --------
L 12/06/2014 - 17:01:45: [basecommands.smx] "peterpacz1<574><STEAM_0:1:40949914><>" changed map to "pl_waste_v2"
L 12/06/2014 - 17:01:48: [SM] Changed map to "pl_waste_v2"
L 12/06/2014 - 17:01:50: -------- Mapchange to pl_waste_v2 --------
L 12/06/2014 - 17:13:49: -------- Mapchange to koth_watermill_final --------
L 12/06/2014 - 17:21:00: -------- Mapchange to ctf_haarp --------
L 12/06/2014 - 17:38:45: -------- Mapchange to pl_borneo_rc3 --------
L 12/06/2014 - 17:53:22: -------- Mapchange to ctf_laynedecker --------
L 12/06/2014 - 18:29:23: -------- Mapchange to cp_croissant_final --------
L 12/06/2014 - 18:46:22: -------- Mapchange to pl_effigy_b5 --------
L 12/06/2014 - 18:53:56: -------- Mapchange to koth_occult_rc3 --------
L 12/06/2014 - 19:08:54: -------- Mapchange to cp_stoneyridge_rc1 --------
L 12/06/2014 - 20:00:51: -------- Mapchange to cp_switchback_b5 --------
L 12/06/2014 - 20:42:26: -------- Mapchange to cp_tidal_v4 --------
L 12/06/2014 - 21:03:48: -------- Mapchange to cp_vanguard_b9 --------
L 12/06/2014 - 22:18:15: -------- Mapchange to ctf_mercy --------
L 12/06/2014 - 22:40:56: -------- Mapchange to koth_skyward_b2 --------
L 12/06/2014 - 23:04:00: -------- Mapchange to pl_waste_v2 --------
L 12/06/2014 - 23:21:42: -------- Mapchange to cp_beamvalley_v2 --------
L 12/06/2014 - 23:51:08: -------- Mapchange to cp_carpo_b3 --------
L 12/06/2014 - 23:57:50: -------- Mapchange to cp_croissant_final --------
