L 12/19/2014 - 00:26:21: SourceMod log file session started (file "L20141219.log") (Version "1.6.3")
L 12/19/2014 - 00:26:21: -------- Mapchange to pl_goldrock_rc1 --------
L 12/19/2014 - 00:58:41: Log file closed.
L 12/19/2014 - 00:58:54: SourceMod log file session started (file "L20141219.log") (Version "1.6.3")
L 12/19/2014 - 00:58:54: -------- Mapchange to pl_borneo_rc3 --------
L 12/19/2014 - 01:03:35: Log file closed.
L 12/19/2014 - 01:03:57: SourceMod log file session started (file "L20141219.log") (Version "1.6.3")
L 12/19/2014 - 01:03:57: -------- Mapchange to pl_borneo_rc3 --------
L 12/19/2014 - 06:22:09: -------- Mapchange to ctf_convoy_v2 --------
L 12/19/2014 - 07:02:05: -------- Mapchange to pl_borneo_rc3 --------
L 12/19/2014 - 07:29:01: -------- Mapchange to cp_glacier_rc6 --------
L 12/19/2014 - 07:51:05: -------- Mapchange to cp_vector_v1 --------
L 12/19/2014 - 08:17:38: -------- Mapchange to pl_waste_v2 --------
L 12/19/2014 - 08:33:37: -------- Mapchange to dom_cliffhanger_b11 --------
L 12/19/2014 - 08:48:30: -------- Mapchange to cp_glacier_rc6 --------
L 12/19/2014 - 09:09:23: -------- Mapchange to cp_croissant_final --------
L 12/19/2014 - 09:21:14: -------- Mapchange to plr_whalerace_a4a --------
L 12/19/2014 - 09:30:47: -------- Mapchange to cp_snowplow_rc3 --------
L 12/19/2014 - 09:31:16: [basebans.smx] "Console<0><Console><Console>" removed ban (filter "STEAM_0:1:78033224")
L 12/19/2014 - 09:50:31: -------- Mapchange to cp_upland_rc4 --------
L 12/19/2014 - 10:14:54: -------- Mapchange to pl_swiftwater_ugc --------
L 12/19/2014 - 10:37:12: -------- Mapchange to pl_metropolis_b5 --------
L 12/19/2014 - 11:10:17: -------- Mapchange to ctf_convoy_v2 --------
L 12/19/2014 - 11:43:47: [basecommands.smx] "peterpacz1<107><STEAM_0:1:40949914><>" changed map to "pl_waste_v2"
L 12/19/2014 - 11:43:50: [SM] Changed map to "pl_waste_v2"
L 12/19/2014 - 11:43:52: -------- Mapchange to pl_waste_v2 --------
L 12/19/2014 - 12:09:06: -------- Mapchange to cp_glassworks_rc2 --------
L 12/19/2014 - 12:26:51: [basecommands.smx] "peterpacz1<107><STEAM_0:1:40949914><>" changed map to "koth_sunset_saloon_b1r1"
L 12/19/2014 - 12:26:54: [SM] Changed map to "koth_sunset_saloon_b1r1"
L 12/19/2014 - 12:26:56: -------- Mapchange to koth_sunset_saloon_b1r1 --------
L 12/19/2014 - 13:22:15: [basecommands.smx] "peterpacz1<223><STEAM_0:1:40949914><>" changed map to "pl_waste_v2"
L 12/19/2014 - 13:22:18: [SM] Changed map to "pl_waste_v2"
L 12/19/2014 - 13:22:20: -------- Mapchange to pl_waste_v2 --------
L 12/19/2014 - 14:08:45: -------- Mapchange to cp_keikoku_rc1 --------
L 12/19/2014 - 14:35:46: -------- Mapchange to cp_redstone_b2 --------
L 12/19/2014 - 14:53:11: [basecommands.smx] "peterpacz1<223><STEAM_0:1:40949914><>" changed map to "pl_metropolis_b5"
L 12/19/2014 - 14:53:14: [SM] Changed map to "pl_metropolis_b5"
L 12/19/2014 - 14:53:17: -------- Mapchange to pl_metropolis_b5 --------
L 12/19/2014 - 15:10:25: -------- Mapchange to pl_swiftwater_ugc --------
L 12/19/2014 - 15:42:41: -------- Mapchange to pl_borneo_rc3 --------
L 12/19/2014 - 16:03:49: -------- Mapchange to cp_glassworks_rc2 --------
L 12/19/2014 - 16:11:13: -------- Mapchange to pl_cashworks_final1 --------
L 12/19/2014 - 16:32:21: -------- Mapchange to pl_swiftwater_ugc --------
L 12/19/2014 - 17:35:00: -------- Mapchange to koth_oilfield --------
L 12/19/2014 - 17:51:15: -------- Mapchange to cp_croissant_final --------
L 12/19/2014 - 18:10:13: -------- Mapchange to cp_fallout --------
L 12/19/2014 - 18:32:53: -------- Mapchange to cp_follower --------
L 12/19/2014 - 18:51:03: -------- Mapchange to ctf_haarp --------
L 12/19/2014 - 20:30:36: -------- Mapchange to pl_borneo_rc3 --------
L 12/19/2014 - 21:16:40: -------- Mapchange to cp_snowplow_rc3 --------
L 12/19/2014 - 21:40:22: -------- Mapchange to ctf_haarp --------
L 12/19/2014 - 21:56:00: -------- Mapchange to pl_waste_v2 --------
L 12/19/2014 - 22:27:16: -------- Mapchange to pl_woodland_final --------
L 12/19/2014 - 23:37:12: -------- Mapchange to pl_angkor_rc1 --------
