L 11/30/2014 - 03:02:15: SourceMod log file session started (file "L20141130.log") (Version "1.6.3")
L 11/30/2014 - 03:02:15: -------- Mapchange to pl_borneo_rc3 --------
L 11/30/2014 - 03:14:23: [basecommands.smx] "Console<0><Console><Console>" refreshed the admin cache.
L 11/30/2014 - 03:19:32: [SM] Changed map to "pl_millstone_rc11"
L 11/30/2014 - 03:19:34: -------- Mapchange to pl_millstone_rc11 --------
L 11/30/2014 - 03:23:24: Log file closed.
L 11/30/2014 - 03:23:33: SourceMod log file session started (file "L20141130.log") (Version "1.6.3")
L 11/30/2014 - 03:23:33: -------- Mapchange to pl_borneo_rc3 --------
L 11/30/2014 - 03:31:07: -------- Mapchange to dom_cliffhanger_b11 --------
L 11/30/2014 - 03:32:11: [basecommands.smx] "peterpacz1<3><STEAM_0:1:40949914><>" refreshed the admin cache.
L 11/30/2014 - 03:32:17: [playercommands.smx] "peterpacz1<3><STEAM_0:1:40949914><>" slayed "peterpacz1<3><STEAM_0:1:40949914><>"
L 11/30/2014 - 03:32:30: [playercommands.smx] "peterpacz1<3><STEAM_0:1:40949914><>" slapped "DEH Sir. Grief Alot<4><STEAM_0:1:78033224><>" (damage "0")
L 11/30/2014 - 03:32:31: [playercommands.smx] "peterpacz1<3><STEAM_0:1:40949914><>" slapped "DEH Sir. Grief Alot<4><STEAM_0:1:78033224><>" (damage "0")
L 11/30/2014 - 03:32:32: [playercommands.smx] "peterpacz1<3><STEAM_0:1:40949914><>" slapped "peterpacz1<3><STEAM_0:1:40949914><>" (damage "0")
L 11/30/2014 - 03:33:11: [playercommands.smx] "peterpacz1<3><STEAM_0:1:40949914><>" slapped "DEH Sir. Grief Alot<4><STEAM_0:1:78033224><>" (damage "10")
L 11/30/2014 - 03:33:11: [playercommands.smx] "peterpacz1<3><STEAM_0:1:40949914><>" slapped "DEH Sir. Grief Alot<4><STEAM_0:1:78033224><>" (damage "10")
L 11/30/2014 - 03:33:12: [playercommands.smx] "peterpacz1<3><STEAM_0:1:40949914><>" slapped "DEH Sir. Grief Alot<4><STEAM_0:1:78033224><>" (damage "10")
L 11/30/2014 - 03:33:12: [playercommands.smx] "peterpacz1<3><STEAM_0:1:40949914><>" slapped "DEH Sir. Grief Alot<4><STEAM_0:1:78033224><>" (damage "10")
L 11/30/2014 - 03:33:13: [playercommands.smx] "peterpacz1<3><STEAM_0:1:40949914><>" slapped "DEH Sir. Grief Alot<4><STEAM_0:1:78033224><>" (damage "10")
L 11/30/2014 - 03:33:13: [playercommands.smx] "peterpacz1<3><STEAM_0:1:40949914><>" slapped "DEH Sir. Grief Alot<4><STEAM_0:1:78033224><>" (damage "10")
L 11/30/2014 - 03:33:13: [playercommands.smx] "peterpacz1<3><STEAM_0:1:40949914><>" slapped "DEH Sir. Grief Alot<4><STEAM_0:1:78033224><>" (damage "10")
L 11/30/2014 - 03:33:14: [playercommands.smx] "peterpacz1<3><STEAM_0:1:40949914><>" slapped "DEH Sir. Grief Alot<4><STEAM_0:1:78033224><>" (damage "10")
L 11/30/2014 - 03:33:14: [playercommands.smx] "peterpacz1<3><STEAM_0:1:40949914><>" slapped "DEH Sir. Grief Alot<4><STEAM_0:1:78033224><>" (damage "10")
L 11/30/2014 - 03:33:15: [playercommands.smx] "peterpacz1<3><STEAM_0:1:40949914><>" slapped "DEH Sir. Grief Alot<4><STEAM_0:1:78033224><>" (damage "10")
L 11/30/2014 - 03:33:16: [playercommands.smx] "peterpacz1<3><STEAM_0:1:40949914><>" slapped "DEH Sir. Grief Alot<4><STEAM_0:1:78033224><>" (damage "10")
L 11/30/2014 - 03:33:16: [playercommands.smx] "peterpacz1<3><STEAM_0:1:40949914><>" slapped "DEH Sir. Grief Alot<4><STEAM_0:1:78033224><>" (damage "10")
L 11/30/2014 - 03:33:17: [playercommands.smx] "peterpacz1<3><STEAM_0:1:40949914><>" slapped "DEH Sir. Grief Alot<4><STEAM_0:1:78033224><>" (damage "10")
L 11/30/2014 - 03:33:17: [playercommands.smx] "peterpacz1<3><STEAM_0:1:40949914><>" slapped "DEH Sir. Grief Alot<4><STEAM_0:1:78033224><>" (damage "10")
L 11/30/2014 - 03:33:17: [playercommands.smx] "peterpacz1<3><STEAM_0:1:40949914><>" slapped "DEH Sir. Grief Alot<4><STEAM_0:1:78033224><>" (damage "10")
L 11/30/2014 - 03:33:25: [playercommands.smx] "peterpacz1<3><STEAM_0:1:40949914><>" slapped "peterpacz1<3><STEAM_0:1:40949914><>" (damage "10")
L 11/30/2014 - 03:33:26: [playercommands.smx] "peterpacz1<3><STEAM_0:1:40949914><>" slapped "peterpacz1<3><STEAM_0:1:40949914><>" (damage "10")
L 11/30/2014 - 03:33:26: [playercommands.smx] "peterpacz1<3><STEAM_0:1:40949914><>" slapped "peterpacz1<3><STEAM_0:1:40949914><>" (damage "10")
L 11/30/2014 - 03:33:27: [playercommands.smx] "peterpacz1<3><STEAM_0:1:40949914><>" slapped "peterpacz1<3><STEAM_0:1:40949914><>" (damage "10")
L 11/30/2014 - 03:41:49: -------- Mapchange to koth_arctic_b3 --------
L 11/30/2014 - 04:20:06: -------- Mapchange to dom_cliffhanger_b11 --------
L 11/30/2014 - 04:21:50: [basecommands.smx] "Console<0><Console><Console>" refreshed the admin cache.
L 11/30/2014 - 04:33:42: -------- Mapchange to pl_waste_v2 --------
L 11/30/2014 - 05:22:49: -------- Mapchange to cp_beamvalley_v2 --------
L 11/30/2014 - 06:17:24: -------- Mapchange to cp_keikoku_rc1 --------
L 11/30/2014 - 07:00:22: -------- Mapchange to ctf_fishy_b4 --------
L 11/30/2014 - 07:12:35: -------- Mapchange to ctf_laynedecker --------
L 11/30/2014 - 07:31:57: -------- Mapchange to ctf_convoy_v2 --------
L 11/30/2014 - 08:12:59: -------- Mapchange to koth_arctic_b3 --------
L 11/30/2014 - 08:34:23: -------- Mapchange to ctf_aerospace_b3 --------
L 11/30/2014 - 08:56:56: -------- Mapchange to pl_waste_v2 --------
L 11/30/2014 - 09:10:29: -------- Mapchange to cp_croissant_final --------
L 11/30/2014 - 09:27:37: -------- Mapchange to koth_arctic_b3 --------
L 11/30/2014 - 09:54:38: -------- Mapchange to pl_borneo_rc3 --------
L 11/30/2014 - 10:37:30: -------- Mapchange to ctf_convoy_v2 --------
L 11/30/2014 - 11:08:30: -------- Mapchange to cp_overflow_2 --------
L 11/30/2014 - 11:34:04: -------- Mapchange to cp_desertfortress --------
L 11/30/2014 - 11:39:53: -------- Mapchange to koth_arctic_b3 --------
L 11/30/2014 - 11:45:19: -------- Mapchange to pl_5curve --------
L 11/30/2014 - 12:34:51: -------- Mapchange to pl_borneo_rc3 --------
L 11/30/2014 - 13:06:25: -------- Mapchange to ctf_convoy_v2 --------
L 11/30/2014 - 13:41:06: -------- Mapchange to cp_desertfortress --------
L 11/30/2014 - 14:06:58: -------- Mapchange to cp_stoneyridge_rc1 --------
L 11/30/2014 - 14:31:45: -------- Mapchange to cp_croissant_final --------
L 11/30/2014 - 14:54:21: -------- Mapchange to cp_desertfortress --------
L 11/30/2014 - 15:28:24: -------- Mapchange to ctf_barn --------
L 11/30/2014 - 15:39:24: -------- Mapchange to dom_cliffhanger_b11 --------
L 11/30/2014 - 15:43:57: [basecommands.smx] "Console<0><Console><Console>" refreshed the admin cache.
L 11/30/2014 - 16:23:54: -------- Mapchange to cp_glassworks_rc2 --------
