L 12/01/2014 - 04:21:15: SourceMod log file session started (file "L20141201.log") (Version "1.6.3")
L 12/01/2014 - 04:21:15: Log file closed.
L 12/01/2014 - 04:21:27: SourceMod log file session started (file "L20141201.log") (Version "1.6.3")
L 12/01/2014 - 04:21:27: -------- Mapchange to pl_borneo_rc3 --------
L 12/01/2014 - 04:23:39: [basecommands.smx] "Simon B-day in 6 days<3><STEAM_0:0:56416963><>" changed map to "cp_grand_canyon_v1"
L 12/01/2014 - 04:23:42: [SM] Changed map to "cp_grand_canyon_v1"
L 12/01/2014 - 04:23:43: -------- Mapchange to cp_grand_canyon_v1 --------
L 12/01/2014 - 06:12:03: -------- Mapchange to cp_beamvalley_v2 --------
L 12/01/2014 - 06:58:27: [basecommands.smx] "Simon B-day in 5 days<9><STEAM_0:0:56416963><>" changed map to "cp_follower"
L 12/01/2014 - 06:58:30: [SM] Changed map to "cp_follower"
L 12/01/2014 - 06:58:31: -------- Mapchange to cp_follower --------
L 12/01/2014 - 06:59:18: [basecommands.smx] "Simon B-day in 5 days<9><STEAM_0:0:56416963><>" changed map to "cp_bloodstained"
L 12/01/2014 - 06:59:21: [SM] Changed map to "cp_bloodstained"
L 12/01/2014 - 06:59:22: -------- Mapchange to cp_bloodstained --------
L 12/01/2014 - 07:02:21: [basecommands.smx] "Simon B-day in 5 days<9><STEAM_0:0:56416963><>" changed map to "cp_overflow_2"
L 12/01/2014 - 07:02:24: [SM] Changed map to "cp_overflow_2"
L 12/01/2014 - 07:02:26: -------- Mapchange to cp_overflow_2 --------
L 12/01/2014 - 07:46:54: -------- Mapchange to cp_redstone_b2 --------
L 12/01/2014 - 08:58:51: [basecommands.smx] "Simon B-day in 5 days<12><STEAM_0:0:56416963><>" changed map to "ctf_convoy_v2"
L 12/01/2014 - 08:58:54: [SM] Changed map to "ctf_convoy_v2"
L 12/01/2014 - 08:58:55: -------- Mapchange to ctf_convoy_v2 --------
L 12/01/2014 - 11:49:27: -------- Mapchange to cp_croissant_final --------
L 12/01/2014 - 11:56:54: -------- Mapchange to cp_overflow_2 --------
L 12/01/2014 - 12:18:45: -------- Mapchange to koth_arctic_b3 --------
L 12/01/2014 - 12:39:55: -------- Mapchange to cp_carpo_b3 --------
L 12/01/2014 - 12:53:14: -------- Mapchange to pl_borax_rc2 --------
L 12/01/2014 - 13:57:12: -------- Mapchange to koth_quarry_rc5 --------
L 12/01/2014 - 14:09:47: -------- Mapchange to ctf_aerospace_b3 --------
L 12/01/2014 - 14:42:44: -------- Mapchange to ctf_fishy_b4 --------
L 12/01/2014 - 14:51:17: [basecommands.smx] "Midget In Bikini<81><STEAM_0:0:89337827><>" changed map to "ctf_casbah3_b4"
L 12/01/2014 - 14:51:20: [SM] Changed map to "ctf_casbah3_b4"
L 12/01/2014 - 14:51:21: -------- Mapchange to ctf_casbah3_b4 --------
L 12/01/2014 - 15:12:52: -------- Mapchange to cp_switchback_b5 --------
L 12/01/2014 - 15:37:43: -------- Mapchange to ctf_aerospace_b3 --------
L 12/01/2014 - 19:54:34: -------- Mapchange to cp_redstone_b2 --------
