L 01/24/2015 - 07:15:34: SourceMod log file session started (file "L20150124.log") (Version "1.6.3")
L 01/24/2015 - 07:15:34: -------- Mapchange to koth_desolation_rc1 --------
L 01/24/2015 - 07:25:41: -------- Mapchange to cp_glacier_rc6 --------
L 01/24/2015 - 07:56:33: -------- Mapchange to ctf_wildfire_rc --------
L 01/24/2015 - 08:38:29: -------- Mapchange to ctf_wiretap_b1 --------
L 01/24/2015 - 11:56:30: -------- Mapchange to pl_cave_b6 --------
L 01/24/2015 - 12:32:21: -------- Mapchange to koth_waste --------
L 01/24/2015 - 12:43:14: -------- Mapchange to cp_castle4 --------
L 01/24/2015 - 12:54:48: -------- Mapchange to pl_borneo_rc3 --------
L 01/24/2015 - 13:09:14: -------- Mapchange to koth_lighthouse_rc5 --------
L 01/24/2015 - 13:15:08: -------- Mapchange to pl_moonlit_b2 --------
L 01/24/2015 - 13:46:08: -------- Mapchange to ctf_premuda_b1b --------
L 01/24/2015 - 14:24:48: -------- Mapchange to koth_lighthouse_rc5 --------
L 01/24/2015 - 14:36:12: -------- Mapchange to cp_vertical --------
L 01/24/2015 - 14:53:27: -------- Mapchange to cp_glassworks_rc3 --------
L 01/24/2015 - 15:41:33: -------- Mapchange to pl_swiftwater_ugc --------
L 01/24/2015 - 16:07:16: -------- Mapchange to koth_quarry_rc5 --------
L 01/24/2015 - 16:13:26: -------- Mapchange to pl_deadwood --------
L 01/24/2015 - 16:31:08: -------- Mapchange to pl_goldrock_rc1 --------
L 01/24/2015 - 17:04:50: -------- Mapchange to pl_pier_b16 --------
L 01/24/2015 - 17:30:42: -------- Mapchange to pl_cave_b6 --------
L 01/24/2015 - 18:20:58: -------- Mapchange to cp_keikoku_rc1 --------
L 01/24/2015 - 19:01:09: -------- Mapchange to cp_labor --------
L 01/24/2015 - 19:39:38: -------- Mapchange to cp_logjam_b10 --------
L 01/24/2015 - 20:51:52: -------- Mapchange to cp_mainline_rc5 --------
L 01/24/2015 - 21:46:55: -------- Mapchange to cp_marienwerder_beta2 --------
L 01/24/2015 - 22:30:07: -------- Mapchange to cp_millstone_b6 --------
