L 12/07/2014 - 00:07:21: SourceMod log file session started (file "L20141207.log") (Version "1.6.3")
L 12/07/2014 - 00:07:21: -------- Mapchange to cp_follower --------
L 12/07/2014 - 00:27:07: -------- Mapchange to cp_furnace_rc --------
L 12/07/2014 - 00:43:20: -------- Mapchange to cp_glassworks_rc2 --------
L 12/07/2014 - 01:00:30: -------- Mapchange to cp_gydan --------
L 12/07/2014 - 02:00:25: -------- Mapchange to cp_keikoku_rc1 --------
L 12/07/2014 - 02:32:40: -------- Mapchange to cp_labor --------
L 12/07/2014 - 02:43:54: -------- Mapchange to cp_overflow_2 --------
L 12/07/2014 - 03:00:54: -------- Mapchange to koth_arctic_b3 --------
L 12/07/2014 - 03:11:21: -------- Mapchange to cp_stoneyridge_rc1 --------
L 12/07/2014 - 03:23:14: -------- Mapchange to cp_switchback_b5 --------
L 12/07/2014 - 03:30:42: -------- Mapchange to cp_labor --------
L 12/07/2014 - 03:39:20: -------- Mapchange to cp_tidal_v4 --------
L 12/07/2014 - 03:48:56: -------- Mapchange to cp_vector_v1 --------
L 12/07/2014 - 04:07:48: -------- Mapchange to ctf_casbah3_b4 --------
L 12/07/2014 - 04:24:05: -------- Mapchange to ctf_fishy_b4 --------
L 12/07/2014 - 04:46:18: -------- Mapchange to ctf_haarp --------
L 12/07/2014 - 05:28:33: -------- Mapchange to koth_quarry_rc5 --------
L 12/07/2014 - 05:52:21: -------- Mapchange to pl_millstone_rc11 --------
L 12/07/2014 - 06:23:49: -------- Mapchange to cp_stoneyridge_rc1 --------
L 12/07/2014 - 06:33:30: -------- Mapchange to cp_beamvalley_v2 --------
L 12/07/2014 - 07:05:40: -------- Mapchange to koth_arctic_b3 --------
L 12/07/2014 - 07:17:33: -------- Mapchange to cp_tidal_v4 --------
L 12/07/2014 - 07:35:07: -------- Mapchange to pl_5curve --------
L 12/07/2014 - 07:53:30: -------- Mapchange to cp_follower --------
L 12/07/2014 - 08:11:50: -------- Mapchange to dom_cliffhanger_b11 --------
L 12/07/2014 - 08:36:35: -------- Mapchange to ctf_convoy_v2 --------
L 12/07/2014 - 09:21:10: -------- Mapchange to pl_waste_v2 --------
L 12/07/2014 - 09:44:01: -------- Mapchange to cp_beamvalley_v2 --------
L 12/07/2014 - 10:10:52: -------- Mapchange to koth_occult_rc3 --------
L 12/07/2014 - 10:25:25: -------- Mapchange to koth_probed_b6 --------
L 12/07/2014 - 10:41:55: -------- Mapchange to ctf_landfall_rc --------
L 12/07/2014 - 11:05:56: -------- Mapchange to dom_cliffhanger_b11 --------
L 12/07/2014 - 11:13:30: -------- Mapchange to ctf_convoy_v2 --------
L 12/07/2014 - 11:34:09: -------- Mapchange to cp_vanguard_b9 --------
L 12/07/2014 - 12:01:07: -------- Mapchange to koth_watermill_final --------
L 12/07/2014 - 12:21:59: -------- Mapchange to koth_probed_b6 --------
L 12/07/2014 - 12:43:01: [basecommands.smx] "peterpacz1<958><STEAM_0:1:40949914><>" changed map to "cp_meleebarn"
L 12/07/2014 - 12:43:04: [SM] Changed map to "cp_meleebarn"
L 12/07/2014 - 12:43:05: -------- Mapchange to cp_meleebarn --------
L 12/07/2014 - 12:53:53: -------- Mapchange to pl_5curve --------
L 12/07/2014 - 13:07:26: -------- Mapchange to dom_cliffhanger_b11 --------
L 12/07/2014 - 13:13:27: -------- Mapchange to pl_borax_rc2 --------
L 12/07/2014 - 13:27:57: -------- Mapchange to ctf_mercy --------
L 12/07/2014 - 13:36:08: -------- Mapchange to ctf_aerospace_b3 --------
L 12/07/2014 - 13:44:21: -------- Mapchange to koth_arctic_b3 --------
L 12/07/2014 - 13:56:55: -------- Mapchange to koth_watermill_final --------
L 12/07/2014 - 14:16:05: -------- Mapchange to cp_croissant_final --------
L 12/07/2014 - 14:29:10: -------- Mapchange to pl_borneo_rc3 --------
L 12/07/2014 - 14:41:50: -------- Mapchange to pl_borax_rc2 --------
L 12/07/2014 - 15:16:30: -------- Mapchange to cp_follower --------
L 12/07/2014 - 15:48:39: -------- Mapchange to cp_desertfortress --------
L 12/07/2014 - 15:58:30: -------- Mapchange to cp_meleebarn --------
L 12/07/2014 - 16:00:53: -------- Mapchange to dom_cliffhanger_b11 --------
L 12/07/2014 - 16:16:22: -------- Mapchange to koth_arctic_b3 --------
L 12/07/2014 - 16:22:47: -------- Mapchange to cp_carpo_b3 --------
L 12/07/2014 - 16:32:24: -------- Mapchange to cp_furnace_rc --------
L 12/07/2014 - 17:10:09: -------- Mapchange to cp_gydan --------
L 12/07/2014 - 17:42:53: -------- Mapchange to cp_furnace_rc --------
L 12/07/2014 - 18:11:28: -------- Mapchange to koth_skyward_b2 --------
L 12/07/2014 - 18:19:59: -------- Mapchange to ctf_convoy_v2 --------
L 12/07/2014 - 18:35:59: -------- Mapchange to koth_skyward_b2 --------
L 12/07/2014 - 18:58:32: -------- Mapchange to pl_waste_v2 --------
L 12/07/2014 - 19:02:53: -------- Mapchange to pl_effigy_b5 --------
L 12/07/2014 - 19:11:19: -------- Mapchange to cp_meleebarn --------
L 12/07/2014 - 19:15:19: -------- Mapchange to cp_stoneyridge_rc1 --------
L 12/07/2014 - 20:11:47: -------- Mapchange to cp_switchback_b5 --------
L 12/07/2014 - 22:26:56: -------- Mapchange to cp_tidal_v4 --------
L 12/07/2014 - 22:40:04: -------- Mapchange to koth_probed_b6 --------
