L 12/05/2014 - 00:00:29: SourceMod log file session started (file "L20141205.log") (Version "1.6.3")
L 12/05/2014 - 00:00:29: -------- Mapchange to cp_beamvalley_v2 --------
L 12/05/2014 - 01:15:23: -------- Mapchange to cp_carpo_b3 --------
L 12/05/2014 - 01:47:15: -------- Mapchange to cp_croissant_final --------
L 12/05/2014 - 09:26:10: Log file closed.
L 12/05/2014 - 09:26:24: SourceMod log file session started (file "L20141205.log") (Version "1.6.3")
L 12/05/2014 - 09:26:24: -------- Mapchange to pl_borneo_rc3 --------
L 12/05/2014 - 09:59:58: [basecommands.smx] "Midget In Bikini<3><STEAM_0:0:89337827><>" changed map to "plr_panic_b2"
L 12/05/2014 - 10:00:01: [SM] Changed map to "plr_panic_b2"
L 12/05/2014 - 10:00:03: -------- Mapchange to plr_panic_b2 --------
L 12/05/2014 - 11:48:40: -------- Mapchange to pl_borneo_rc3 --------
L 12/05/2014 - 12:06:08: -------- Mapchange to dom_cliffhanger_b11 --------
L 12/05/2014 - 12:16:59: -------- Mapchange to koth_occult_rc3 --------
L 12/05/2014 - 12:29:48: -------- Mapchange to ctf_fishy_b4 --------
L 12/05/2014 - 12:48:35: -------- Mapchange to tc_atlantic_v1 --------
L 12/05/2014 - 13:01:36: [basecommands.smx] "peterpacz1<18><STEAM_0:1:40949914><>" changed map to "pl_waste_v2"
L 12/05/2014 - 13:01:39: [SM] Changed map to "pl_waste_v2"
L 12/05/2014 - 13:01:41: -------- Mapchange to pl_waste_v2 --------
L 12/05/2014 - 13:12:34: -------- Mapchange to koth_namicott_rc4 --------
L 12/05/2014 - 13:29:33: -------- Mapchange to koth_skyward_b2 --------
L 12/05/2014 - 13:42:42: -------- Mapchange to cp_croissant_final --------
L 12/05/2014 - 13:49:15: -------- Mapchange to pl_waste_v2 --------
L 12/05/2014 - 14:07:53: -------- Mapchange to ctf_laynedecker --------
L 12/05/2014 - 14:21:46: -------- Mapchange to pl_borneo_rc3 --------
L 12/05/2014 - 14:40:55: -------- Mapchange to koth_skyward_b2 --------
L 12/05/2014 - 14:46:14: -------- Mapchange to koth_arctic_b3 --------
L 12/05/2014 - 14:58:03: -------- Mapchange to cp_redstone_b2 --------
L 12/05/2014 - 15:34:43: [basecommands.smx] "peterpacz1<18><STEAM_0:1:40949914><>" changed map to "ctf_wiretap_b1"
L 12/05/2014 - 15:34:46: [SM] Changed map to "ctf_wiretap_b1"
L 12/05/2014 - 15:34:47: -------- Mapchange to ctf_wiretap_b1 --------
L 12/05/2014 - 15:47:52: -------- Mapchange to plr_panic_b2 --------
L 12/05/2014 - 15:56:49: [basecommands.smx] "peterpacz1<18><STEAM_0:1:40949914><>" changed map to "tc_atlantic_v1"
L 12/05/2014 - 15:56:52: [SM] Changed map to "tc_atlantic_v1"
L 12/05/2014 - 15:56:54: -------- Mapchange to tc_atlantic_v1 --------
L 12/05/2014 - 16:06:02: [basecommands.smx] "peterpacz1<18><STEAM_0:1:40949914><>" changed map to "cp_croissant_final"
L 12/05/2014 - 16:06:05: [SM] Changed map to "cp_croissant_final"
L 12/05/2014 - 16:06:08: -------- Mapchange to cp_croissant_final --------
L 12/05/2014 - 16:39:46: -------- Mapchange to pl_borneo_rc3 --------
L 12/05/2014 - 16:51:22: -------- Mapchange to koth_arctic_b3 --------
L 12/05/2014 - 17:05:03: -------- Mapchange to cp_gydan --------
L 12/05/2014 - 17:23:26: -------- Mapchange to dom_cliffhanger_b11 --------
L 12/05/2014 - 17:41:43: -------- Mapchange to cp_desertfortress --------
L 12/05/2014 - 17:44:54: -------- Mapchange to pl_waste_v2 --------
L 12/05/2014 - 18:11:32: -------- Mapchange to pl_millstone_rc11 --------
L 12/05/2014 - 18:28:06: -------- Mapchange to cp_keikoku_rc1 --------
L 12/05/2014 - 18:54:08: -------- Mapchange to cp_glassworks_rc2 --------
L 12/05/2014 - 19:28:16: -------- Mapchange to cp_freightyard_b4c --------
L 12/05/2014 - 20:01:23: -------- Mapchange to cp_redstone_b2 --------
L 12/05/2014 - 20:27:23: -------- Mapchange to koth_probed_b6 --------
L 12/05/2014 - 21:00:52: -------- Mapchange to koth_quarry_rc5 --------
