L 12/11/2014 - 01:19:33: SourceMod log file session started (file "L20141211.log") (Version "1.6.3")
L 12/11/2014 - 01:19:33: -------- Mapchange to pl_cranetop_b8 --------
L 12/11/2014 - 04:39:44: -------- Mapchange to koth_arctic_b3 --------
L 12/11/2014 - 07:24:19: -------- Mapchange to cp_meleebarn --------
L 12/11/2014 - 07:33:02: -------- Mapchange to cp_furnace_rc --------
L 12/11/2014 - 09:40:25: -------- Mapchange to koth_watermill_final --------
L 12/11/2014 - 10:35:13: -------- Mapchange to pl_5curve --------
L 12/11/2014 - 11:39:28: -------- Mapchange to plr_panic_b2 --------
L 12/11/2014 - 12:00:31: -------- Mapchange to koth_probed_b6 --------
L 12/11/2014 - 12:07:20: -------- Mapchange to ctf_convoy_v2 --------
L 12/11/2014 - 12:37:59: -------- Mapchange to ctf_wildfire_rc --------
L 12/11/2014 - 13:10:08: -------- Mapchange to ctf_quarry --------
L 12/11/2014 - 13:28:39: -------- Mapchange to plr_panic_b2 --------
L 12/11/2014 - 13:56:15: -------- Mapchange to cp_switchback_b5 --------
L 12/11/2014 - 14:09:55: -------- Mapchange to koth_occult_rc3 --------
L 12/11/2014 - 14:28:25: -------- Mapchange to pl_millstone_rc11 --------
L 12/11/2014 - 15:03:02: -------- Mapchange to cp_redstone_b2 --------
L 12/11/2014 - 15:14:57: -------- Mapchange to pl_borneo_rc3 --------
L 12/11/2014 - 15:48:48: -------- Mapchange to pl_borax_rc2 --------
L 12/11/2014 - 16:23:00: -------- Mapchange to cp_beamvalley_v2 --------
L 12/11/2014 - 16:59:26: -------- Mapchange to koth_quarry_rc5 --------
L 12/11/2014 - 17:18:08: -------- Mapchange to ctf_convoy_v2 --------
L 12/11/2014 - 17:59:27: -------- Mapchange to pl_5curve --------
L 12/11/2014 - 18:06:29: -------- Mapchange to pl_millstone_rc11 --------
L 12/11/2014 - 18:12:43: -------- Mapchange to pl_borneo_rc3 --------
L 12/11/2014 - 18:19:55: -------- Mapchange to cp_keikoku_rc1 --------
L 12/11/2014 - 18:28:33: -------- Mapchange to cp_freightyard_b4c --------
L 12/11/2014 - 18:36:56: -------- Mapchange to ctf_casbah3_b4 --------
