L 01/18/2015 - 02:03:30: SourceMod log file session started (file "L20150118.log") (Version "1.6.3")
L 01/18/2015 - 02:03:30: -------- Mapchange to ctf_subterranean --------
L 01/18/2015 - 05:06:53: -------- Mapchange to ctf_system_rc1 --------
L 01/18/2015 - 05:50:42: [basechat.smx] "peterpacz1<307><STEAM_0:1:40949914><>" triggered sm_say (text Test)
L 01/18/2015 - 05:50:48: [basechat.smx] "peterpacz1<307><STEAM_0:1:40949914><>" triggered sm_say (text Anyone hear me?)
L 01/18/2015 - 06:07:30: -------- Mapchange to cp_fallout --------
L 01/18/2015 - 06:23:44: -------- Mapchange to cp_zinkenite_b3a --------
L 01/18/2015 - 06:34:53: -------- Mapchange to cp_aqua --------
L 01/18/2015 - 06:56:42: -------- Mapchange to plr_hysteria_b2 --------
L 01/18/2015 - 07:05:36: -------- Mapchange to cp_hella_a11a --------
L 01/18/2015 - 07:20:43: -------- Mapchange to cp_edifice_test2 --------
L 01/18/2015 - 07:59:32: -------- Mapchange to pl_volcanic_a25 --------
L 01/18/2015 - 08:10:11: -------- Mapchange to cp_mojave_b2 --------
L 01/18/2015 - 08:34:15: -------- Mapchange to pl_moonlit_b2 --------
L 01/18/2015 - 09:03:01: -------- Mapchange to cp_vertical --------
L 01/18/2015 - 09:45:09: -------- Mapchange to cp_bazillion_rc5 --------
L 01/18/2015 - 09:56:36: -------- Mapchange to cp_switchback_b5 --------
L 01/18/2015 - 10:40:07: -------- Mapchange to ctf_moonwalk_v2 --------
L 01/18/2015 - 11:38:11: -------- Mapchange to ctf_convoy_v2 --------
L 01/18/2015 - 12:01:15: -------- Mapchange to cp_aqua --------
L 01/18/2015 - 12:17:06: -------- Mapchange to koth_oilfield --------
L 01/18/2015 - 12:29:05: -------- Mapchange to ctf_moonwalk_v2 --------
L 01/18/2015 - 12:45:18: -------- Mapchange to dom_cliffhanger_b11 --------
L 01/18/2015 - 13:09:33: -------- Mapchange to ctf_backwards_b1 --------
L 01/18/2015 - 13:46:47: -------- Mapchange to koth_desolation_rc1 --------
L 01/18/2015 - 13:59:35: -------- Mapchange to pl_waste_v2 --------
L 01/18/2015 - 14:11:58: -------- Mapchange to cp_fallout --------
L 01/18/2015 - 14:20:28: -------- Mapchange to koth_brazil_rc1 --------
L 01/18/2015 - 14:26:19: -------- Mapchange to pl_volcanic_a25 --------
L 01/18/2015 - 14:41:25: -------- Mapchange to pl_gloryhole_b1 --------
L 01/18/2015 - 14:57:38: -------- Mapchange to pl_borneo_rc3 --------
L 01/18/2015 - 15:29:39: -------- Mapchange to pl_cranetop_b8 --------
L 01/18/2015 - 15:45:50: -------- Mapchange to ctf_moonwalk_v2 --------
L 01/18/2015 - 15:57:20: -------- Mapchange to pl_quagmire --------
L 01/18/2015 - 16:38:47: -------- Mapchange to pl_deadwood --------
L 01/18/2015 - 16:55:28: -------- Mapchange to koth_desolation_rc1 --------
L 01/18/2015 - 17:13:32: -------- Mapchange to pl_escarpment_rc1 --------
L 01/18/2015 - 18:06:41: -------- Mapchange to cp_aqua --------
L 01/18/2015 - 18:18:20: -------- Mapchange to push_desolation_rc1 --------
L 01/18/2015 - 18:30:28: -------- Mapchange to cp_castle4 --------
L 01/18/2015 - 18:37:44: -------- Mapchange to koth_brazil_rc1 --------
L 01/18/2015 - 18:45:01: -------- Mapchange to pl_problematique_a3 --------
L 01/18/2015 - 18:58:07: -------- Mapchange to ctf_freezers_v2 --------
L 01/18/2015 - 21:32:24: -------- Mapchange to ctf_frosty_b1 --------
