L 01/16/2015 - 04:18:09: SourceMod log file session started (file "L20150116.log") (Version "1.6.3")
L 01/16/2015 - 04:18:09: Log file closed.
L 01/16/2015 - 04:36:12: SourceMod log file session started (file "L20150116.log") (Version "1.6.3")
L 01/16/2015 - 04:36:12: -------- Mapchange to pl_borneo_rc3 --------
L 01/16/2015 - 09:15:35: -------- Mapchange to pl_boundary_final --------
L 01/16/2015 - 10:25:31: -------- Mapchange to pl_boxcanyon_RC1 --------
L 01/16/2015 - 12:16:06: -------- Mapchange to cp_sunshine_rc3 --------
L 01/16/2015 - 12:32:03: -------- Mapchange to pl_borneo_rc3 --------
L 01/16/2015 - 13:18:15: -------- Mapchange to pl_boundary_final --------
L 01/16/2015 - 13:55:19: -------- Mapchange to pl_boxcanyon_RC1 --------
L 01/16/2015 - 14:22:09: -------- Mapchange to pl_waste_v2 --------
L 01/16/2015 - 14:36:28: -------- Mapchange to pl_woodland_final --------
L 01/16/2015 - 14:47:35: -------- Mapchange to pl_borneo_rc3 --------
L 01/16/2015 - 14:58:53: -------- Mapchange to pl_boundary_final --------
L 01/16/2015 - 14:59:02: Log file closed.
L 01/16/2015 - 14:59:33: SourceMod log file session started (file "L20150116.log") (Version "1.6.3")
L 01/16/2015 - 14:59:33: -------- Mapchange to pl_borneo_rc3 --------
L 01/16/2015 - 15:07:13: -------- Mapchange to koth_rocktop_rc2 --------
L 01/16/2015 - 15:21:43: -------- Mapchange to cp_snowplow_rc3 --------
L 01/16/2015 - 15:35:25: -------- Mapchange to pl_millstone_rc11 --------
L 01/16/2015 - 15:51:04: -------- Mapchange to pl_outback_rc4 --------
L 01/16/2015 - 16:10:59: -------- Mapchange to pl_pier_b16 --------
L 01/16/2015 - 16:24:16: -------- Mapchange to pl_repository_rc3 --------
L 01/16/2015 - 16:24:41: Log file closed.
L 01/16/2015 - 16:24:52: SourceMod log file session started (file "L20150116.log") (Version "1.6.3")
L 01/16/2015 - 16:24:52: -------- Mapchange to pl_borneo_rc3 --------
L 01/16/2015 - 16:55:05: -------- Mapchange to pl_cashworks_final1 --------
L 01/16/2015 - 17:12:33: [basebans.smx] "peterpacz1<4><STEAM_0:1:40949914><>" banned "Dig Dug<25><STEAM_0:1:7949083><>" (minutes "0") (reason "Micspamming")
L 01/16/2015 - 17:28:27: [basebans.smx] "peterpacz1<32><STEAM_0:1:40949914><>" banned "Dankey Kong (-shitgun-)<14><STEAM_0:0:56198473><>" (minutes "0") (reason "Being uncivilized in the chat and insulting a admin")
L 01/16/2015 - 17:29:11: [basebans.smx] "peterpacz1<32><STEAM_0:1:40949914><>" banned "Epiclolwutjumper (Hackein)<27><STEAM_0:0:38266192><>" (minutes "0") (reason "This server isn't religious. Also, I'm not your bae. ")
L 01/16/2015 - 17:49:03: -------- Mapchange to pl_cave_b6 --------
L 01/16/2015 - 18:39:27: -------- Mapchange to pl_corrode_b3b --------
