L 01/01/2015 - 02:18:40: SourceMod log file session started (file "L20150101.log") (Version "1.6.3")
L 01/01/2015 - 02:18:40: -------- Mapchange to cp_silvertrail_rc2 --------
L 01/01/2015 - 02:57:36: -------- Mapchange to cp_snowplow_rc3 --------
L 01/01/2015 - 07:13:06: -------- Mapchange to pl_waste_v2 --------
L 01/01/2015 - 08:36:21: -------- Mapchange to pl_woodland_final --------
L 01/01/2015 - 09:23:58: -------- Mapchange to koth_anthem_b3 --------
L 01/01/2015 - 09:39:45: -------- Mapchange to cp_silvertrail_rc2 --------
L 01/01/2015 - 09:49:51: -------- Mapchange to cp_freightyard_b4c --------
L 01/01/2015 - 10:01:30: -------- Mapchange to pl_escarpment_rc1 --------
L 01/01/2015 - 10:20:41: -------- Mapchange to cp_stoneyridge_rc1 --------
L 01/01/2015 - 10:28:12: -------- Mapchange to ctf_mercy --------
L 01/01/2015 - 10:34:01: -------- Mapchange to ctf_mach4 --------
L 01/01/2015 - 10:58:32: -------- Mapchange to cp_carpo_b3 --------
L 01/01/2015 - 11:20:06: -------- Mapchange to cp_edifice_test2 --------
L 01/01/2015 - 11:36:13: -------- Mapchange to cp_desertion_rc1 --------
L 01/01/2015 - 14:01:37: -------- Mapchange to pl_borneo_rc3 --------
L 01/01/2015 - 14:25:09: -------- Mapchange to koth_railbridge_rc2 --------
L 01/01/2015 - 14:36:19: -------- Mapchange to pl_angkor_rc1 --------
L 01/01/2015 - 15:05:47: -------- Mapchange to pl_swiftwater_ugc --------
L 01/01/2015 - 15:24:30: -------- Mapchange to ctf_laynedecker --------
L 01/01/2015 - 15:45:50: -------- Mapchange to ctf_mach4 --------
L 01/01/2015 - 17:03:08: -------- Mapchange to cp_fallout --------
L 01/01/2015 - 17:14:39: -------- Mapchange to pl_waste_v2 --------
L 01/01/2015 - 17:56:12: -------- Mapchange to pl_woodland_final --------
L 01/01/2015 - 21:52:58: -------- Mapchange to plr_panic_b2 --------
