L 01/22/2015 - 02:17:43: SourceMod log file session started (file "L20150122.log") (Version "1.6.3")
L 01/22/2015 - 02:17:43: -------- Mapchange to pl_vanishingpoint --------
L 01/22/2015 - 05:19:06: -------- Mapchange to pl_volcanic_a25 --------
L 01/22/2015 - 05:41:16: -------- Mapchange to cp_aqua --------
L 01/22/2015 - 06:27:51: -------- Mapchange to pl_swiftwater_ugc --------
L 01/22/2015 - 07:06:44: -------- Mapchange to pl_timbermill_rc3c --------
L 01/22/2015 - 07:53:47: -------- Mapchange to pl_vanishingpoint --------
L 01/22/2015 - 08:31:07: -------- Mapchange to pl_volcanic_a25 --------
L 01/22/2015 - 09:06:38: -------- Mapchange to pl_goldrock_rc1 --------
L 01/22/2015 - 10:59:43: -------- Mapchange to koth_lighthouse_rc5 --------
L 01/22/2015 - 11:23:09: -------- Mapchange to koth_dropdown_rc1 --------
L 01/22/2015 - 11:35:24: -------- Mapchange to cp_marienwerder_beta2 --------
L 01/22/2015 - 11:46:32: -------- Mapchange to pl_waste_v2 --------
L 01/22/2015 - 11:52:38: -------- Mapchange to cp_marienwerder_beta2 --------
L 01/22/2015 - 12:12:40: -------- Mapchange to ctf_laynedecker --------
L 01/22/2015 - 12:47:25: -------- Mapchange to cp_axle_rc1 --------
L 01/22/2015 - 13:02:26: -------- Mapchange to cp_castle4 --------
L 01/22/2015 - 13:20:09: -------- Mapchange to cp_aqua --------
L 01/22/2015 - 13:34:40: [playercommands.smx] "peterpacz1<1245><STEAM_0:1:40949914><>" slapped "OF | Lazarus<1282><STEAM_0:1:80156967><>" (damage "0")
L 01/22/2015 - 13:37:17: [basebans.smx] "Console<0><Console><Console>" removed ban (filter "STEAM_0:1:42270462")
L 01/22/2015 - 13:57:39: -------- Mapchange to pl_waste_v2 --------
L 01/22/2015 - 14:26:46: -------- Mapchange to cp_redfort_b6 --------
L 01/22/2015 - 14:50:41: -------- Mapchange to ctf_moonwalk_v2 --------
L 01/22/2015 - 15:16:33: [basecommands.smx] "peterpacz1<1245><STEAM_0:1:40949914><>" changed map to "pl_auriferous_rc7"
L 01/22/2015 - 15:16:36: [SM] Changed map to "pl_auriferous_rc7"
L 01/22/2015 - 15:16:38: -------- Mapchange to pl_auriferous_rc7 --------
L 01/22/2015 - 15:46:14: -------- Mapchange to pl_escarpment_rc1 --------
L 01/22/2015 - 16:18:58: -------- Mapchange to pl_great_heights_b3 --------
L 01/22/2015 - 17:18:00: -------- Mapchange to plr_frostfell_a10 --------
L 01/22/2015 - 17:28:58: -------- Mapchange to cp_croissant_final --------
L 01/22/2015 - 17:49:40: -------- Mapchange to dom_cliffhanger_b11 --------
L 01/22/2015 - 18:06:22: -------- Mapchange to pl_pier_b16 --------
L 01/22/2015 - 18:16:57: -------- Mapchange to pl_quagmire --------
L 01/22/2015 - 18:39:04: -------- Mapchange to ctf_mercy --------
L 01/22/2015 - 19:39:48: -------- Mapchange to ctf_mexico_b4 --------
