L 12/21/2014 - 00:11:14: SourceMod log file session started (file "L20141221.log") (Version "1.6.3")
L 12/21/2014 - 00:11:14: -------- Mapchange to cp_follower --------
L 12/21/2014 - 02:30:09: -------- Mapchange to pl_borneo_rc3 --------
L 12/21/2014 - 03:54:40: -------- Mapchange to pl_deadwood --------
L 12/21/2014 - 04:25:55: -------- Mapchange to pl_outback_rc4 --------
L 12/21/2014 - 05:09:14: -------- Mapchange to pl_repository_rc3 --------
L 12/21/2014 - 05:40:59: -------- Mapchange to pl_halfacre --------
L 12/21/2014 - 06:18:58: -------- Mapchange to cp_tidal_v4 --------
L 12/21/2014 - 06:36:28: -------- Mapchange to cp_upland_rc4 --------
L 12/21/2014 - 06:59:46: -------- Mapchange to pl_pier_b16 --------
L 12/21/2014 - 07:22:14: -------- Mapchange to pl_great_heights_b3 --------
L 12/21/2014 - 07:54:41: -------- Mapchange to plr_yuno_rc1 --------
L 12/21/2014 - 08:02:05: -------- Mapchange to koth_probed_b6 --------
L 12/21/2014 - 08:20:27: -------- Mapchange to koth_quarry_rc5 --------
L 12/21/2014 - 08:34:26: -------- Mapchange to pl_beerbowl_b6c --------
L 12/21/2014 - 08:44:31: [basebans.smx] "Console<0><Console><Console>" removed ban (filter "STEAM_0:1:72402681")
L 12/21/2014 - 08:52:30: -------- Mapchange to pl_borax_rc2 --------
L 12/21/2014 - 09:19:56: -------- Mapchange to cp_axle_rc1 --------
L 12/21/2014 - 09:36:59: -------- Mapchange to plr_whalerace_a4a --------
L 12/21/2014 - 09:55:05: -------- Mapchange to pl_woodland_final --------
L 12/21/2014 - 10:27:31: -------- Mapchange to pl_metropolis_b5 --------
L 12/21/2014 - 10:43:04: -------- Mapchange to cp_sunshine_rc3 --------
L 12/21/2014 - 10:54:08: -------- Mapchange to pl_5curve --------
L 12/21/2014 - 11:22:54: -------- Mapchange to pl_angkor_rc1 --------
L 12/21/2014 - 11:55:57: -------- Mapchange to pl_swiftwater_ugc --------
L 12/21/2014 - 12:23:36: -------- Mapchange to ctf_subterranean --------
L 12/21/2014 - 12:44:56: -------- Mapchange to koth_oilfield --------
L 12/21/2014 - 13:00:11: -------- Mapchange to koth_arctic_b3 --------
L 12/21/2014 - 13:07:17: -------- Mapchange to ctf_wiretap_b1 --------
L 12/21/2014 - 13:14:13: -------- Mapchange to pl_swiftwater_ugc --------
L 12/21/2014 - 13:35:07: -------- Mapchange to koth_waste --------
L 12/21/2014 - 13:56:38: -------- Mapchange to dom_cliffhanger_b11 --------
L 12/21/2014 - 14:11:29: -------- Mapchange to plr_yuno_rc1 --------
L 12/21/2014 - 14:18:58: -------- Mapchange to ctf_haarp --------
L 12/21/2014 - 14:39:22: -------- Mapchange to cp_croissant_final --------
L 12/21/2014 - 14:56:33: -------- Mapchange to cp_desertion_rc1 --------
L 12/21/2014 - 15:16:34: -------- Mapchange to pl_borneo_rc3 --------
L 12/21/2014 - 15:44:37: -------- Mapchange to plr_panic_b2 --------
L 12/21/2014 - 16:02:58: -------- Mapchange to koth_lighthouse_rc5 --------
L 12/21/2014 - 16:14:26: -------- Mapchange to pl_manngrove_rc5 --------
L 12/21/2014 - 16:47:17: -------- Mapchange to cp_logjam_b10 --------
L 12/21/2014 - 17:08:37: -------- Mapchange to pl_cashworks_final1 --------
L 12/21/2014 - 17:38:30: -------- Mapchange to pl_cave_b6 --------
L 12/21/2014 - 17:55:00: -------- Mapchange to pl_corrode_b3b --------
L 12/21/2014 - 18:14:22: -------- Mapchange to pl_crag_event_b --------
L 12/21/2014 - 18:33:23: -------- Mapchange to koth_railbridge_rc2 --------
L 12/21/2014 - 18:40:00: -------- Mapchange to koth_anthem_b3 --------
L 12/21/2014 - 18:50:37: -------- Mapchange to pl_crag_event_b --------
L 12/21/2014 - 18:55:33: -------- Mapchange to pl_halfacre --------
L 12/21/2014 - 19:02:52: -------- Mapchange to cp_edifice_test2 --------
L 12/21/2014 - 19:13:56: -------- Mapchange to pl_deadwood --------
L 12/21/2014 - 19:22:42: -------- Mapchange to cp_zinkenite_b3a --------
L 12/21/2014 - 19:40:20: -------- Mapchange to cp_indulge --------
L 12/21/2014 - 20:02:35: -------- Mapchange to cp_keikoku_rc1 --------
