L 12/10/2014 - 00:00:58: SourceMod log file session started (file "L20141210.log") (Version "1.6.3")
L 12/10/2014 - 00:00:58: -------- Mapchange to pl_borneo_rc3 --------
L 12/10/2014 - 03:04:49: SourceMod log file session started (file "L20141210.log") (Version "1.6.3")
L 12/10/2014 - 03:04:49: -------- Mapchange to pl_borneo_rc3 --------
L 12/10/2014 - 03:08:10: SourceMod log file session started (file "L20141210.log") (Version "1.6.3")
L 12/10/2014 - 03:08:10: -------- Mapchange to pl_borneo_rc3 --------
L 12/10/2014 - 03:08:20: Log file closed.
L 12/10/2014 - 04:10:35: SourceMod log file session started (file "L20141210.log") (Version "1.6.3")
L 12/10/2014 - 04:10:35: -------- Mapchange to pl_borneo_rc3 --------
L 12/10/2014 - 07:15:01: -------- Mapchange to koth_arctic_b3 --------
L 12/10/2014 - 07:51:01: -------- Mapchange to pl_5curve --------
L 12/10/2014 - 08:31:46: -------- Mapchange to pl_borax_rc2 --------
L 12/10/2014 - 09:27:46: -------- Mapchange to pl_borneo_rc3 --------
L 12/10/2014 - 10:35:20: -------- Mapchange to ctf_landfall_rc --------
L 12/10/2014 - 12:06:43: [basecommands.smx] "Midget In Bikini<39><STEAM_0:0:89337827><>" refreshed the admin cache.
L 12/10/2014 - 12:06:49: [basecommands.smx] "Midget In Bikini<39><STEAM_0:0:89337827><>" changed map to "koth_arctic_b3"
L 12/10/2014 - 12:06:53: [SM] Changed map to "koth_arctic_b3"
L 12/10/2014 - 12:06:54: -------- Mapchange to koth_arctic_b3 --------
L 12/10/2014 - 12:42:42: -------- Mapchange to koth_namicott_rc4 --------
L 12/10/2014 - 13:04:24: -------- Mapchange to pl_millstone_rc11 --------
L 12/10/2014 - 13:32:58: -------- Mapchange to pl_waste_v2 --------
L 12/10/2014 - 14:00:47: -------- Mapchange to ctf_landfall_rc --------
L 12/10/2014 - 14:27:00: -------- Mapchange to pl_borax_rc2 --------
L 12/10/2014 - 15:19:44: -------- Mapchange to plr_panic_b2 --------
L 12/10/2014 - 15:31:48: -------- Mapchange to ctf_aerospace_b3 --------
L 12/10/2014 - 15:41:21: -------- Mapchange to ctf_landfall_rc --------
L 12/10/2014 - 15:52:53: -------- Mapchange to ctf_mercy --------
L 12/10/2014 - 16:31:47: -------- Mapchange to ctf_premuda_b1b --------
L 12/10/2014 - 16:47:50: -------- Mapchange to ctf_wildfire_rc --------
L 12/10/2014 - 16:59:08: -------- Mapchange to ctf_landfall_rc --------
L 12/10/2014 - 23:51:56: Log file closed.
L 12/10/2014 - 23:52:30: SourceMod log file session started (file "L20141210.log") (Version "1.6.3")
L 12/10/2014 - 23:52:30: -------- Mapchange to pl_borneo_rc3 --------
L 12/10/2014 - 23:52:41: [UPDATER] Successfully updated gamedata file "sm-tf2.games.txt"
L 12/10/2014 - 23:52:41: [UPDATER] SourceMod has been updated, please reload it or restart your server.
