L 01/03/2015 - 01:36:25: SourceMod log file session started (file "L20150103.log") (Version "1.6.3")
L 01/03/2015 - 01:36:25: -------- Mapchange to pl_cashworks_final1 --------
L 01/03/2015 - 03:27:20: -------- Mapchange to pl_cave_b6 --------
L 01/03/2015 - 05:04:08: -------- Mapchange to pl_corrode_b3b --------
L 01/03/2015 - 06:51:54: -------- Mapchange to pl_crag_event_b --------
L 01/03/2015 - 08:07:10: -------- Mapchange to pl_cranetop_b8 --------
L 01/03/2015 - 08:53:44: -------- Mapchange to cp_logjam_b10 --------
L 01/03/2015 - 09:36:11: -------- Mapchange to cp_overflow_2 --------
L 01/03/2015 - 10:03:31: -------- Mapchange to pl_waste_v2 --------
L 01/03/2015 - 11:08:59: -------- Mapchange to pl_woodland_final --------
L 01/03/2015 - 11:23:32: -------- Mapchange to dom_cliffhanger_b11 --------
L 01/03/2015 - 11:49:14: -------- Mapchange to koth_occult_rc3 --------
L 01/03/2015 - 12:09:03: -------- Mapchange to pl_deadwood --------
L 01/03/2015 - 12:46:29: -------- Mapchange to pl_effigy_b5 --------
L 01/03/2015 - 14:39:05: -------- Mapchange to pl_escarpment_rc1 --------
L 01/03/2015 - 16:34:32: -------- Mapchange to pl_borneo_rc3 --------
L 01/03/2015 - 17:31:20: -------- Mapchange to pl_metropolis_b5 --------
L 01/03/2015 - 18:12:21: -------- Mapchange to pl_millstone_rc11 --------
L 01/03/2015 - 18:48:03: -------- Mapchange to pl_outback_rc4 --------
L 01/03/2015 - 19:26:36: -------- Mapchange to pl_pier_b16 --------
L 01/03/2015 - 21:07:57: -------- Mapchange to pl_repository_rc3 --------
