L 12/22/2014 - 00:58:58: SourceMod log file session started (file "L20141222.log") (Version "1.6.3")
L 12/22/2014 - 00:58:58: -------- Mapchange to cp_labor --------
L 12/22/2014 - 03:15:28: -------- Mapchange to cp_logjam_b10 --------
L 12/22/2014 - 04:54:25: -------- Mapchange to cp_overflow_2 --------
L 12/22/2014 - 05:53:06: -------- Mapchange to ctf_system_rc1 --------
L 12/22/2014 - 06:22:42: -------- Mapchange to ctf_wildfire_rc --------
L 12/22/2014 - 06:44:33: -------- Mapchange to cp_redstone_b2 --------
L 12/22/2014 - 06:52:35: -------- Mapchange to cp_snowplow_rc3 --------
L 12/22/2014 - 07:16:27: -------- Mapchange to cp_starship_b3 --------
L 12/22/2014 - 07:38:21: -------- Mapchange to cp_stoneyridge_rc1 --------
L 12/22/2014 - 08:12:52: -------- Mapchange to cp_sunshine_rc3 --------
L 12/22/2014 - 08:49:02: -------- Mapchange to cp_switchback_b5 --------
L 12/22/2014 - 09:12:35: -------- Mapchange to cp_tidal_v4 --------
L 12/22/2014 - 09:34:30: -------- Mapchange to cp_upland_rc4 --------
L 12/22/2014 - 09:53:10: -------- Mapchange to cp_vanguard_b9 --------
L 12/22/2014 - 10:17:29: -------- Mapchange to cp_vector_v1 --------
L 12/22/2014 - 10:41:28: -------- Mapchange to cp_vertigo_beta3 --------
L 12/22/2014 - 11:00:32: -------- Mapchange to cp_zinkenite_b3a --------
L 12/22/2014 - 11:38:51: -------- Mapchange to pl_metropolis_b5 --------
L 12/22/2014 - 12:05:36: -------- Mapchange to ctf_quarry_v2 --------
L 12/22/2014 - 12:20:45: -------- Mapchange to cp_glacier_rc6 --------
L 12/22/2014 - 12:39:31: -------- Mapchange to cp_snowplow_rc3 --------
L 12/22/2014 - 12:55:35: -------- Mapchange to pl_great_heights_b3 --------
L 12/22/2014 - 13:19:13: -------- Mapchange to pl_halfacre --------
L 12/22/2014 - 13:32:34: -------- Mapchange to koth_oilfield --------
L 12/22/2014 - 13:40:51: -------- Mapchange to plr_whalerace_a4a --------
L 12/22/2014 - 13:46:48: -------- Mapchange to pl_swiftwater_ugc --------
L 12/22/2014 - 14:11:56: -------- Mapchange to pl_waste_v2 --------
L 12/22/2014 - 14:33:28: -------- Mapchange to koth_moonshine_rc --------
L 12/22/2014 - 14:40:49: -------- Mapchange to ctf_convoy_v2 --------
L 12/22/2014 - 14:58:38: -------- Mapchange to ctf_fishy_b4 --------
L 12/22/2014 - 15:10:06: -------- Mapchange to ctf_wildfire_rc --------
L 12/22/2014 - 15:31:22: -------- Mapchange to pl_cranetop_b8 --------
L 12/22/2014 - 15:54:58: -------- Mapchange to pl_deadwood --------
L 12/22/2014 - 16:17:27: -------- Mapchange to pl_metropolis_b5 --------
L 12/22/2014 - 16:27:27: -------- Mapchange to pl_pier_b16 --------
L 12/22/2014 - 16:46:42: -------- Mapchange to pl_cashworks_final1 --------
L 12/22/2014 - 16:59:16: -------- Mapchange to cp_glacier_rc6 --------
L 12/22/2014 - 17:17:50: -------- Mapchange to pl_angkor_rc1 --------
L 12/22/2014 - 17:41:05: -------- Mapchange to koth_nerve --------
L 12/22/2014 - 18:01:44: -------- Mapchange to koth_arctic_b3 --------
L 12/22/2014 - 18:21:33: -------- Mapchange to koth_dropdown_rc1 --------
L 12/22/2014 - 18:42:09: -------- Mapchange to koth_garbage_day --------
L 12/22/2014 - 18:59:32: -------- Mapchange to koth_lighthouse_rc5 --------
L 12/22/2014 - 19:21:42: -------- Mapchange to koth_moonshine_rc --------
L 12/22/2014 - 23:01:49: Log file closed.
L 12/22/2014 - 23:02:48: SourceMod log file session started (file "L20141222.log") (Version "1.6.3")
L 12/22/2014 - 23:02:48: -------- Mapchange to pl_borneo_rc3 --------
L 12/22/2014 - 23:03:00: [UPDATER] Successfully updated gamedata file "sm-tf2.games.txt"
L 12/22/2014 - 23:03:00: [UPDATER] SourceMod has been updated, please reload it or restart your server.
L 12/22/2014 - 23:54:56: [playercommands.smx] "Festive peterpacz1<7><STEAM_0:1:40949914><>" slapped "Festive peterpacz1<7><STEAM_0:1:40949914><>" (damage "0")
L 12/22/2014 - 23:54:58: [playercommands.smx] "Festive peterpacz1<7><STEAM_0:1:40949914><>" slapped "Festive peterpacz1<7><STEAM_0:1:40949914><>" (damage "0")
L 12/22/2014 - 23:54:59: [playercommands.smx] "Festive peterpacz1<7><STEAM_0:1:40949914><>" slapped "Festive peterpacz1<7><STEAM_0:1:40949914><>" (damage "0")
L 12/22/2014 - 23:55:00: [playercommands.smx] "Festive peterpacz1<7><STEAM_0:1:40949914><>" slapped "Festive peterpacz1<7><STEAM_0:1:40949914><>" (damage "0")
L 12/22/2014 - 23:55:00: [playercommands.smx] "Festive peterpacz1<7><STEAM_0:1:40949914><>" slapped "Festive peterpacz1<7><STEAM_0:1:40949914><>" (damage "0")
L 12/22/2014 - 23:55:01: [playercommands.smx] "Festive peterpacz1<7><STEAM_0:1:40949914><>" slapped "Festive peterpacz1<7><STEAM_0:1:40949914><>" (damage "0")
L 12/22/2014 - 23:55:01: [playercommands.smx] "Festive peterpacz1<7><STEAM_0:1:40949914><>" slapped "Festive peterpacz1<7><STEAM_0:1:40949914><>" (damage "0")
L 12/22/2014 - 23:55:02: [playercommands.smx] "Festive peterpacz1<7><STEAM_0:1:40949914><>" slapped "Festive peterpacz1<7><STEAM_0:1:40949914><>" (damage "0")
L 12/22/2014 - 23:56:01: -------- Mapchange to pl_pier_b16 --------
