L 12/31/2014 - 06:41:02: SourceMod log file session started (file "L20141231.log") (Version "1.6.3")
L 12/31/2014 - 06:41:02: -------- Mapchange to pl_metropolis_b5 --------
L 12/31/2014 - 07:11:28: -------- Mapchange to koth_moonshine_rc --------
L 12/31/2014 - 07:34:47: -------- Mapchange to koth_lighthouse_rc5 --------
L 12/31/2014 - 08:04:33: -------- Mapchange to dom_cliffhanger_b11 --------
L 12/31/2014 - 08:25:53: Log file closed.
L 12/31/2014 - 08:26:07: SourceMod log file session started (file "L20141231.log") (Version "1.6.3")
L 12/31/2014 - 08:26:07: -------- Mapchange to pl_borneo_rc3 --------
L 12/31/2014 - 08:26:46: [UPDATER] Successfully updated gamedata file "core.games/engine.sdk2013.txt"
L 12/31/2014 - 08:26:46: [UPDATER] SourceMod has been updated, please reload it or restart your server.
L 12/31/2014 - 09:01:37: -------- Mapchange to cp_upland_rc4 --------
L 12/31/2014 - 09:37:13: -------- Mapchange to ctf_system_rc1 --------
L 12/31/2014 - 09:55:30: -------- Mapchange to cp_fallout --------
L 12/31/2014 - 10:10:55: -------- Mapchange to cp_follower --------
L 12/31/2014 - 10:44:02: -------- Mapchange to ctf_system_rc1 --------
L 12/31/2014 - 10:54:43: -------- Mapchange to cp_sunshine_rc3 --------
L 12/31/2014 - 11:15:15: -------- Mapchange to koth_occult_rc3 --------
L 12/31/2014 - 11:33:11: -------- Mapchange to ctf_convoy_v2 --------
L 12/31/2014 - 11:53:22: -------- Mapchange to pl_swiftwater_ugc --------
L 12/31/2014 - 13:33:39: -------- Mapchange to pl_waste_v2 --------
L 12/31/2014 - 14:36:57: -------- Mapchange to pl_woodland_final --------
L 12/31/2014 - 15:22:41: -------- Mapchange to cp_furnace_rc --------
L 12/31/2014 - 15:30:55: -------- Mapchange to cp_glacier_rc6 --------
L 12/31/2014 - 16:00:57: -------- Mapchange to cp_overflow_2 --------
L 12/31/2014 - 19:17:15: -------- Mapchange to cp_redstone_b2 --------
