L 12/09/2014 - 01:00:55: SourceMod log file session started (file "L20141209.log") (Version "1.6.3")
L 12/09/2014 - 01:00:55: Log file closed.
L 12/09/2014 - 01:04:39: SourceMod log file session started (file "L20141209.log") (Version "1.6.3")
L 12/09/2014 - 01:04:39: -------- Mapchange to pl_borneo_rc3 --------
L 12/09/2014 - 02:42:43: -------- Mapchange to pl_cranetop_b8 --------
L 12/09/2014 - 03:56:36: -------- Mapchange to pl_effigy_b5 --------
L 12/09/2014 - 06:04:27: -------- Mapchange to pl_borneo_rc3 --------
L 12/09/2014 - 07:38:50: [basecommands.smx] "Midget In Bikini<7><STEAM_0:0:89337827><>" changed map to "koth_namicott_rc4"
L 12/09/2014 - 07:38:53: [SM] Changed map to "koth_namicott_rc4"
L 12/09/2014 - 07:38:54: -------- Mapchange to koth_namicott_rc4 --------
L 12/09/2014 - 09:53:21: -------- Mapchange to cp_glassworks_rc2 --------
L 12/09/2014 - 10:26:47: -------- Mapchange to pl_borneo_rc3 --------
L 12/09/2014 - 11:12:19: -------- Mapchange to pl_cranetop_b8 --------
L 12/09/2014 - 12:13:51: -------- Mapchange to pl_effigy_b5 --------
L 12/09/2014 - 12:31:06: -------- Mapchange to cp_snowplow_rc2 --------
L 12/09/2014 - 12:52:12: SourceMod log file session started (file "L20141209.log") (Version "1.6.3")
L 12/09/2014 - 12:52:12: -------- Mapchange to pl_borneo_rc3 --------
L 12/09/2014 - 12:52:25: [UPDATER] Successfully updated gamedata file "sm-tf2.games.txt"
L 12/09/2014 - 12:52:25: [UPDATER] SourceMod has been updated, please reload it or restart your server.
L 12/09/2014 - 12:53:17: -------- Mapchange to cp_snowplow_rc2 --------
L 12/09/2014 - 13:09:11: SourceMod log file session started (file "L20141209.log") (Version "1.6.3")
L 12/09/2014 - 13:09:11: -------- Mapchange to pl_borneo_rc3 --------
L 12/09/2014 - 13:11:21: Log file closed.
L 12/09/2014 - 13:11:48: SourceMod log file session started (file "L20141209.log") (Version "1.6.3")
L 12/09/2014 - 13:11:48: -------- Mapchange to cp_snowplow_rc2 --------
L 12/09/2014 - 13:13:34: -------- Mapchange to cp_snowplow_rc2 --------
L 12/09/2014 - 13:13:57: -------- Mapchange to cp_snowplow_rc2 --------
L 12/09/2014 - 13:36:14: SourceMod log file session started (file "L20141209.log") (Version "1.6.3")
L 12/09/2014 - 13:36:14: -------- Mapchange to cp_snowplow_rc2 --------
L 12/09/2014 - 13:43:12: SourceMod log file session started (file "L20141209.log") (Version "1.6.3")
L 12/09/2014 - 13:43:12: -------- Mapchange to cp_snowplow_rc2 --------
L 12/09/2014 - 13:52:45: [basecommands.smx] "Midget In Bikini<13><STEAM_0:0:89337827><>" changed map to "cp_keikoku_rc1"
L 12/09/2014 - 13:52:48: [SM] Changed map to "cp_keikoku_rc1"
L 12/09/2014 - 13:52:50: -------- Mapchange to cp_keikoku_rc1 --------
L 12/09/2014 - 14:08:32: -------- Mapchange to pl_waste_v2 --------
L 12/09/2014 - 14:26:33: -------- Mapchange to pl_effigy_b5 --------
L 12/09/2014 - 14:42:48: -------- Mapchange to koth_arctic_b3 --------
L 12/09/2014 - 14:57:06: -------- Mapchange to koth_watermill_final --------
L 12/09/2014 - 15:12:41: -------- Mapchange to pl_waste_v2 --------
L 12/09/2014 - 15:41:30: -------- Mapchange to plr_panic_b2 --------
L 12/09/2014 - 16:14:33: -------- Mapchange to cp_croissant_final --------
L 12/09/2014 - 16:24:31: -------- Mapchange to dom_cliffhanger_b11 --------
L 12/09/2014 - 16:38:05: -------- Mapchange to cp_redstone_b2 --------
L 12/09/2014 - 16:48:36: -------- Mapchange to ctf_landfall_rc --------
L 12/09/2014 - 17:21:06: -------- Mapchange to cp_vector_v1 --------
L 12/09/2014 - 17:51:29: -------- Mapchange to koth_skyward_b2 --------
L 12/09/2014 - 18:21:28: -------- Mapchange to cp_follower --------
L 12/09/2014 - 18:42:17: -------- Mapchange to pl_cranetop_b8 --------
L 12/09/2014 - 19:29:47: -------- Mapchange to ctf_fishy_b4 --------
L 12/09/2014 - 19:41:13: -------- Mapchange to koth_arctic_b3 --------
L 12/09/2014 - 19:48:46: -------- Mapchange to cp_keikoku_rc1 --------
L 12/09/2014 - 19:56:55: -------- Mapchange to pl_borneo_rc3 --------
L 12/09/2014 - 23:59:15: Log file closed.
