L 12/14/2014 - 04:58:53: SourceMod log file session started (file "L20141214.log") (Version "1.6.3")
L 12/14/2014 - 04:58:53: -------- Mapchange to pl_manngrove_rc5 --------
L 12/14/2014 - 05:55:33: -------- Mapchange to pl_metropolis_b5 --------
L 12/14/2014 - 06:11:55: -------- Mapchange to plr_whalerace_a4a --------
L 12/14/2014 - 06:42:37: -------- Mapchange to ctf_backwards_b1 --------
L 12/14/2014 - 07:39:58: Log file closed.
L 12/14/2014 - 07:40:09: SourceMod log file session started (file "L20141214.log") (Version "1.6.3")
L 12/14/2014 - 07:40:09: -------- Mapchange to pl_borneo_rc3 --------
L 12/14/2014 - 07:40:38: Log file closed.
L 12/14/2014 - 07:41:49: SourceMod log file session started (file "L20141214.log") (Version "1.6.3")
L 12/14/2014 - 07:41:49: -------- Mapchange to pl_borneo_rc3 --------
L 12/14/2014 - 07:43:14: Log file closed.
L 12/14/2014 - 07:43:24: SourceMod log file session started (file "L20141214.log") (Version "1.6.3")
L 12/14/2014 - 07:43:24: -------- Mapchange to pl_borneo_rc3 --------
L 12/14/2014 - 07:53:02: -------- Mapchange to pl_cranetop_b8 --------
L 12/14/2014 - 09:47:33: -------- Mapchange to pl_deadwood --------
L 12/14/2014 - 11:54:32: -------- Mapchange to cp_gydan --------
L 12/14/2014 - 12:23:52: -------- Mapchange to plr_whalerace_a4a --------
L 12/14/2014 - 12:37:37: -------- Mapchange to koth_watermill_final --------
L 12/14/2014 - 12:45:58: -------- Mapchange to plr_whalerace_a4a --------
L 12/14/2014 - 13:06:17: -------- Mapchange to pl_cranetop_b8 --------
L 12/14/2014 - 13:49:23: -------- Mapchange to plr_whalerace_a4a --------
L 12/14/2014 - 13:57:29: -------- Mapchange to pl_borneo_rc3 --------
L 12/14/2014 - 14:31:45: -------- Mapchange to pl_swiftwater_ugc --------
L 12/14/2014 - 14:38:51: -------- Mapchange to koth_garbage_day --------
L 12/14/2014 - 14:45:50: -------- Mapchange to cp_croissant_final --------
L 12/14/2014 - 14:52:39: -------- Mapchange to cp_glassworks_rc2 --------
L 12/14/2014 - 14:59:49: -------- Mapchange to plr_whalerace_a4a --------
L 12/14/2014 - 15:13:46: -------- Mapchange to cp_starship_b3 --------
L 12/14/2014 - 15:20:07: -------- Mapchange to dom_cliffhanger_b11 --------
L 12/14/2014 - 15:26:36: -------- Mapchange to pl_cave_b6 --------
L 12/14/2014 - 15:43:38: -------- Mapchange to koth_oilfield --------
L 12/14/2014 - 15:50:04: -------- Mapchange to plr_whalerace_a4a --------
L 12/14/2014 - 15:57:04: -------- Mapchange to cp_glassworks_rc2 --------
L 12/14/2014 - 16:16:44: -------- Mapchange to pl_cranetop_b8 --------
L 12/14/2014 - 16:32:06: -------- Mapchange to ctf_casbah3_b4 --------
L 12/14/2014 - 18:11:35: -------- Mapchange to koth_occult_rc3 --------
L 12/14/2014 - 18:17:10: -------- Mapchange to cp_fallout --------
L 12/14/2014 - 18:27:11: -------- Mapchange to ctf_aerospace_b3 --------
L 12/14/2014 - 18:40:59: -------- Mapchange to koth_occult_rc3 --------
L 12/14/2014 - 19:01:40: -------- Mapchange to cp_vertigo_beta3 --------
L 12/14/2014 - 19:18:21: -------- Mapchange to cp_keikoku_rc1 --------
L 12/14/2014 - 22:12:28: -------- Mapchange to cp_labor --------
