L 12/16/2014 - 02:03:50: SourceMod log file session started (file "L20141216.log") (Version "1.6.3")
L 12/16/2014 - 02:03:50: Log file closed.
L 12/16/2014 - 02:05:27: SourceMod log file session started (file "L20141216.log") (Version "1.6.3")
L 12/16/2014 - 02:05:27: -------- Mapchange to pl_borneo_rc3 --------
L 12/16/2014 - 07:43:40: -------- Mapchange to cp_redstone_b2 --------
L 12/16/2014 - 10:25:51: -------- Mapchange to cp_snowplow_rc3 --------
L 12/16/2014 - 11:49:10: -------- Mapchange to cp_starship_b3 --------
L 12/16/2014 - 11:59:18: -------- Mapchange to koth_oilfield --------
L 12/16/2014 - 12:40:40: -------- Mapchange to koth_skyward_b2 --------
L 12/16/2014 - 13:04:27: -------- Mapchange to cp_croissant_final --------
L 12/16/2014 - 13:21:05: -------- Mapchange to cp_snowplow_rc3 --------
L 12/16/2014 - 14:15:28: -------- Mapchange to pl_borneo_rc3 --------
L 12/16/2014 - 14:52:03: -------- Mapchange to pl_angkor_rc1 --------
L 12/16/2014 - 15:00:15: -------- Mapchange to plr_whalerace_a4a --------
L 12/16/2014 - 15:05:51: -------- Mapchange to pl_cranetop_b8 --------
L 12/16/2014 - 15:48:12: -------- Mapchange to cp_redstone_b2 --------
L 12/16/2014 - 16:13:34: -------- Mapchange to ctf_laynedecker --------
L 12/16/2014 - 16:36:54: -------- Mapchange to koth_lighthouse_rc5 --------
L 12/16/2014 - 16:44:07: -------- Mapchange to pl_jordan_canyon_final --------
L 12/16/2014 - 16:53:50: -------- Mapchange to pl_pier_b16 --------
