L 12/16/2014 - 14:55:33: [smac_spinhack.smx | 0.8.5.2] The Green Thunder (ID: STEAM_0:1:61538942 | IP: 5.145.77.244) is suspected of using a spinhack.
L 12/19/2014 - 09:18:41: [smac_commands.smx | 0.8.5.2] Miss . Grief Alot #ExtremeRR (ID: STEAM_0:1:78033224 | IP: 92.244.15.228) was kicked for command spamming: say Inside we both know what's been going on 
L 12/22/2014 - 17:17:32: [smac_commands.smx | 0.8.5.2] Magmus (ID: STEAM_0:1:36831757 | IP: 94.2.112.255) was kicked for command spamming: wait 300
L 01/02/2015 - 08:45:32: [smac_client.smx | 0.8.5.2] Lekizor (ID: Unknown | IP: 93.139.49.120) was temporarily banned for connection spam.
L 01/05/2015 - 14:52:00: [smac_speedhack.smx | 0.8.5.2] needheed (ID: STEAM_0:1:52526309 | IP: 166.175.61.216) is suspected of using speedhack.
L 01/17/2015 - 14:35:05: [smac_speedhack.smx | 0.8.5.2] The 1000-2000 ping pyro (ID: STEAM_0:1:57738933 | IP: 78.162.15.214) is suspected of using speedhack.
L 01/18/2015 - 07:59:43: [smac_rcon.smx] Rcon password changed to "rcon.!H8uE054F/>". Reverting back to original config value.
L 01/18/2015 - 08:10:21: [smac_rcon.smx] Rcon password changed to "rcon.!H8uE054F/>". Reverting back to original config value.
L 01/18/2015 - 08:34:25: [smac_rcon.smx] Rcon password changed to "rcon.!H8uE054F/>". Reverting back to original config value.
L 01/18/2015 - 09:03:11: [smac_rcon.smx] Rcon password changed to "rcon.!H8uE054F/>". Reverting back to original config value.
L 01/18/2015 - 09:45:20: [smac_rcon.smx] Rcon password changed to "rcon.!H8uE054F/>". Reverting back to original config value.
L 01/18/2015 - 09:56:47: [smac_rcon.smx] Rcon password changed to "rcon.!H8uE054F/>". Reverting back to original config value.
L 01/18/2015 - 10:40:18: [smac_rcon.smx] Rcon password changed to "rcon.!H8uE054F/>". Reverting back to original config value.
L 01/18/2015 - 10:47:09: [smac_speedhack.smx | 0.8.5.2] needheed (ID: STEAM_0:1:52526309 | IP: 166.175.58.213) is suspected of using speedhack.
L 01/18/2015 - 11:38:22: [smac_rcon.smx] Rcon password changed to "rcon.!H8uE054F/>". Reverting back to original config value.
L 01/18/2015 - 11:50:11: [smac_speedhack.smx | 0.8.5.2] JELLY DEATH WAVE (ID: STEAM_0:1:52526309 | IP: 166.175.58.213) is suspected of using speedhack.
L 01/18/2015 - 12:01:25: [smac_rcon.smx] Rcon password changed to "rcon.!H8uE054F/>". Reverting back to original config value.
L 01/18/2015 - 12:17:17: [smac_rcon.smx] Rcon password changed to "rcon.!H8uE054F/>". Reverting back to original config value.
L 01/18/2015 - 12:29:16: [smac_rcon.smx] Rcon password changed to "rcon.!H8uE054F/>". Reverting back to original config value.
L 01/18/2015 - 12:45:28: [smac_rcon.smx] Rcon password changed to "rcon.!H8uE054F/>". Reverting back to original config value.
L 01/18/2015 - 13:09:43: [smac_rcon.smx] Rcon password changed to "rcon.!H8uE054F/>". Reverting back to original config value.
L 01/18/2015 - 13:46:58: [smac_rcon.smx] Rcon password changed to "rcon.!H8uE054F/>". Reverting back to original config value.
L 01/18/2015 - 13:59:47: [smac_rcon.smx] Rcon password changed to "rcon.!H8uE054F/>". Reverting back to original config value.
L 01/18/2015 - 14:12:08: [smac_rcon.smx] Rcon password changed to "rcon.!H8uE054F/>". Reverting back to original config value.
L 01/18/2015 - 14:20:39: [smac_rcon.smx] Rcon password changed to "rcon.!H8uE054F/>". Reverting back to original config value.
L 01/18/2015 - 14:26:30: [smac_rcon.smx] Rcon password changed to "rcon.!H8uE054F/>". Reverting back to original config value.
L 01/18/2015 - 14:41:35: [smac_rcon.smx] Rcon password changed to "rcon.!H8uE054F/>". Reverting back to original config value.
L 01/18/2015 - 14:57:49: [smac_rcon.smx] Rcon password changed to "rcon.!H8uE054F/>". Reverting back to original config value.
L 01/18/2015 - 15:29:49: [smac_rcon.smx] Rcon password changed to "rcon.!H8uE054F/>". Reverting back to original config value.
L 01/18/2015 - 15:46:00: [smac_rcon.smx] Rcon password changed to "rcon.!H8uE054F/>". Reverting back to original config value.
L 01/18/2015 - 15:57:31: [smac_rcon.smx] Rcon password changed to "rcon.!H8uE054F/>". Reverting back to original config value.
L 01/18/2015 - 16:38:58: [smac_rcon.smx] Rcon password changed to "rcon.!H8uE054F/>". Reverting back to original config value.
L 01/18/2015 - 16:55:39: [smac_rcon.smx] Rcon password changed to "rcon.!H8uE054F/>". Reverting back to original config value.
L 01/18/2015 - 17:13:43: [smac_rcon.smx] Rcon password changed to "rcon.!H8uE054F/>". Reverting back to original config value.
L 01/18/2015 - 18:06:52: [smac_rcon.smx] Rcon password changed to "rcon.!H8uE054F/>". Reverting back to original config value.
L 01/18/2015 - 18:18:30: [smac_rcon.smx] Rcon password changed to "rcon.!H8uE054F/>". Reverting back to original config value.
L 01/18/2015 - 18:30:39: [smac_rcon.smx] Rcon password changed to "rcon.!H8uE054F/>". Reverting back to original config value.
L 01/18/2015 - 18:37:54: [smac_rcon.smx] Rcon password changed to "rcon.!H8uE054F/>". Reverting back to original config value.
L 01/18/2015 - 18:45:11: [smac_rcon.smx] Rcon password changed to "rcon.!H8uE054F/>". Reverting back to original config value.
L 01/18/2015 - 18:58:17: [smac_rcon.smx] Rcon password changed to "rcon.!H8uE054F/>". Reverting back to original config value.
L 01/18/2015 - 21:32:35: [smac_rcon.smx] Rcon password changed to "rcon.!H8uE054F/>". Reverting back to original config value.
L 01/19/2015 - 02:47:13: [smac_rcon.smx] Rcon password changed to "rcon.!H8uE054F/>". Reverting back to original config value.
L 01/19/2015 - 03:38:09: [smac_rcon.smx] Rcon password changed to "rcon.!H8uE054F/>". Reverting back to original config value.
L 01/19/2015 - 06:22:59: [smac_rcon.smx] Rcon password changed to "rcon.!H8uE054F/>". Reverting back to original config value.
L 01/19/2015 - 09:22:35: [smac_rcon.smx] Rcon password changed to "rcon.!H8uE054F/>". Reverting back to original config value.
L 01/19/2015 - 09:56:17: [smac_rcon.smx] Rcon password changed to "rcon.!H8uE054F/>". Reverting back to original config value.
L 01/19/2015 - 10:17:46: [smac_rcon.smx] Rcon password changed to "rcon.!H8uE054F/>". Reverting back to original config value.
L 01/19/2015 - 10:46:28: [smac_rcon.smx] Rcon password changed to "rcon.!H8uE054F/>". Reverting back to original config value.
L 01/19/2015 - 10:58:30: [smac_rcon.smx] Rcon password changed to "rcon.!H8uE054F/>". Reverting back to original config value.
L 01/19/2015 - 11:07:59: [smac_rcon.smx] Rcon password changed to "rcon.!H8uE054F/>". Reverting back to original config value.
L 01/19/2015 - 11:32:41: [smac_rcon.smx] Rcon password changed to "rcon.!H8uE054F/>". Reverting back to original config value.
L 01/19/2015 - 11:43:57: [smac_rcon.smx] Rcon password changed to "rcon.!H8uE054F/>". Reverting back to original config value.
L 01/19/2015 - 12:12:44: [smac_rcon.smx] Rcon password changed to "rcon.!H8uE054F/>". Reverting back to original config value.
L 01/19/2015 - 12:44:55: [smac_rcon.smx] Rcon password changed to "rcon.!H8uE054F/>". Reverting back to original config value.
L 01/19/2015 - 13:04:52: [smac_rcon.smx] Rcon password changed to "rcon.!H8uE054F/>". Reverting back to original config value.
L 01/19/2015 - 13:23:00: [smac_rcon.smx] Rcon password changed to "rcon.!H8uE054F/>". Reverting back to original config value.
L 01/19/2015 - 13:36:52: [smac_rcon.smx] Rcon password changed to "rcon.!H8uE054F/>". Reverting back to original config value.
L 01/19/2015 - 13:49:06: [smac_rcon.smx] Rcon password changed to "rcon.!H8uE054F/>". Reverting back to original config value.
L 01/19/2015 - 14:04:48: [smac_rcon.smx] Rcon password changed to "rcon.!H8uE054F/>". Reverting back to original config value.
L 01/19/2015 - 14:24:40: [smac_rcon.smx] Rcon password changed to "rcon.!H8uE054F/>". Reverting back to original config value.
L 01/19/2015 - 14:42:16: [smac_rcon.smx] Rcon password changed to "rcon.!H8uE054F/>". Reverting back to original config value.
L 01/19/2015 - 14:53:43: [smac_rcon.smx] Rcon password changed to "rcon.!H8uE054F/>". Reverting back to original config value.
L 01/19/2015 - 14:59:00: [smac_rcon.smx] Rcon password changed to "rcon.!H8uE054F/>". Reverting back to original config value.
L 01/19/2015 - 15:30:34: [smac_rcon.smx] Rcon password changed to "rcon.!H8uE054F/>". Reverting back to original config value.
L 01/19/2015 - 15:47:04: [smac_rcon.smx] Rcon password changed to "rcon.!H8uE054F/>". Reverting back to original config value.
L 01/19/2015 - 16:10:54: [smac_rcon.smx] Rcon password changed to "rcon.!H8uE054F/>". Reverting back to original config value.
L 01/19/2015 - 16:47:54: [smac_rcon.smx] Rcon password changed to "rcon.!H8uE054F/>". Reverting back to original config value.
L 01/19/2015 - 17:28:15: [smac_rcon.smx] Rcon password changed to "rcon.!H8uE054F/>". Reverting back to original config value.
L 01/19/2015 - 18:31:36: [smac_rcon.smx] Rcon password changed to "rcon.!H8uE054F/>". Reverting back to original config value.
L 01/20/2015 - 00:36:50: [smac_rcon.smx] Rcon password changed to "rcon.!H8uE054F/>". Reverting back to original config value.
L 01/20/2015 - 06:56:36: [smac_rcon.smx] Rcon password changed to "rcon.!H8uE054F/>". Reverting back to original config value.
L 01/20/2015 - 11:31:49: [smac_rcon.smx] Rcon password changed to "rcon.!H8uE054F/>". Reverting back to original config value.
L 01/20/2015 - 11:43:24: [smac_rcon.smx] Rcon password changed to "rcon.!H8uE054F/>". Reverting back to original config value.
L 01/20/2015 - 12:02:47: [smac_rcon.smx] Rcon password changed to "rcon.!H8uE054F/>". Reverting back to original config value.
L 01/20/2015 - 12:04:28: [smac_rcon.smx] Rcon password changed to "rcon.!H8uE054F/>". Reverting back to original config value.
L 01/20/2015 - 12:25:41: [smac_rcon.smx] Rcon password changed to "rcon.!H8uE054F/>". Reverting back to original config value.
L 01/20/2015 - 12:52:12: [smac_rcon.smx] Rcon password changed to "rcon.!H8uE054F/>". Reverting back to original config value.
L 01/20/2015 - 13:35:08: [smac_rcon.smx] Rcon password changed to "rcon.!H8uE054F/>". Reverting back to original config value.
L 01/20/2015 - 14:12:56: [smac_rcon.smx] Rcon password changed to "rcon.!H8uE054F/>". Reverting back to original config value.
L 01/20/2015 - 14:59:36: [smac_rcon.smx] Rcon password changed to "rcon.!H8uE054F/>". Reverting back to original config value.
L 01/20/2015 - 16:30:38: [smac_rcon.smx] Rcon password changed to "rcon.!H8uE054F/>". Reverting back to original config value.
L 01/20/2015 - 17:12:24: [smac_rcon.smx] Rcon password changed to "rcon.!H8uE054F/>". Reverting back to original config value.
L 01/20/2015 - 17:24:13: [smac_rcon.smx] Rcon password changed to "rcon.!H8uE054F/>". Reverting back to original config value.
L 01/20/2015 - 17:32:35: [smac_rcon.smx] Rcon password changed to "rcon.!H8uE054F/>". Reverting back to original config value.
L 01/20/2015 - 18:15:20: [smac_rcon.smx] Rcon password changed to "rcon.!H8uE054F/>". Reverting back to original config value.
L 01/21/2015 - 08:24:20: [smac_rcon.smx] Rcon password changed to "rcon.!H8uE054F/>". Reverting back to original config value.
L 01/21/2015 - 10:29:26: [smac_rcon.smx] Rcon password changed to "rcon.!H8uE054F/>". Reverting back to original config value.
L 01/21/2015 - 10:59:52: [smac_rcon.smx] Rcon password changed to "rcon.!H8uE054F/>". Reverting back to original config value.
L 01/21/2015 - 11:18:04: [smac_rcon.smx] Rcon password changed to "rcon.!H8uE054F/>". Reverting back to original config value.
L 01/21/2015 - 11:34:01: [smac_rcon.smx] Rcon password changed to "rcon.!H8uE054F/>". Reverting back to original config value.
L 01/21/2015 - 11:59:15: [smac_rcon.smx] Rcon password changed to "rcon.!H8uE054F/>". Reverting back to original config value.
L 01/21/2015 - 12:15:29: [smac_rcon.smx] Rcon password changed to "rcon.!H8uE054F/>". Reverting back to original config value.
L 01/21/2015 - 13:26:13: [smac_rcon.smx] Rcon password changed to "rcon.!H8uE054F/>". Reverting back to original config value.
L 01/21/2015 - 14:55:43: [smac_rcon.smx] Rcon password changed to "rcon.!H8uE054F/>". Reverting back to original config value.
L 01/21/2015 - 15:33:55: [smac_rcon.smx] Rcon password changed to "rcon.!H8uE054F/>". Reverting back to original config value.
L 01/21/2015 - 16:11:32: [smac_rcon.smx] Rcon password changed to "rcon.!H8uE054F/>". Reverting back to original config value.
L 01/21/2015 - 20:01:05: [smac_rcon.smx] Rcon password changed to "rcon.!H8uE054F/>". Reverting back to original config value.
L 01/22/2015 - 02:17:54: [smac_rcon.smx] Rcon password changed to "rcon.!H8uE054F/>". Reverting back to original config value.
L 01/22/2015 - 05:19:18: [smac_rcon.smx] Rcon password changed to "rcon.!H8uE054F/>". Reverting back to original config value.
L 01/22/2015 - 05:41:26: [smac_rcon.smx] Rcon password changed to "rcon.!H8uE054F/>". Reverting back to original config value.
L 01/22/2015 - 06:28:02: [smac_rcon.smx] Rcon password changed to "rcon.!H8uE054F/>". Reverting back to original config value.
L 01/22/2015 - 07:06:56: [smac_rcon.smx] Rcon password changed to "rcon.!H8uE054F/>". Reverting back to original config value.
L 01/22/2015 - 07:53:58: [smac_rcon.smx] Rcon password changed to "rcon.!H8uE054F/>". Reverting back to original config value.
L 01/22/2015 - 08:31:18: [smac_rcon.smx] Rcon password changed to "rcon.!H8uE054F/>". Reverting back to original config value.
L 01/22/2015 - 09:06:49: [smac_rcon.smx] Rcon password changed to "rcon.!H8uE054F/>". Reverting back to original config value.
L 01/22/2015 - 10:59:54: [smac_rcon.smx] Rcon password changed to "rcon.!H8uE054F/>". Reverting back to original config value.
L 01/22/2015 - 11:23:19: [smac_rcon.smx] Rcon password changed to "rcon.!H8uE054F/>". Reverting back to original config value.
L 01/22/2015 - 11:35:34: [smac_rcon.smx] Rcon password changed to "rcon.!H8uE054F/>". Reverting back to original config value.
L 01/22/2015 - 11:46:43: [smac_rcon.smx] Rcon password changed to "rcon.!H8uE054F/>". Reverting back to original config value.
L 01/22/2015 - 11:52:48: [smac_rcon.smx] Rcon password changed to "rcon.!H8uE054F/>". Reverting back to original config value.
L 01/22/2015 - 12:12:50: [smac_rcon.smx] Rcon password changed to "rcon.!H8uE054F/>". Reverting back to original config value.
L 01/22/2015 - 12:47:36: [smac_rcon.smx] Rcon password changed to "rcon.!H8uE054F/>". Reverting back to original config value.
L 01/22/2015 - 13:02:37: [smac_rcon.smx] Rcon password changed to "rcon.!H8uE054F/>". Reverting back to original config value.
L 01/22/2015 - 13:20:19: [smac_rcon.smx] Rcon password changed to "rcon.!H8uE054F/>". Reverting back to original config value.
L 01/22/2015 - 13:57:50: [smac_rcon.smx] Rcon password changed to "rcon.!H8uE054F/>". Reverting back to original config value.
L 01/22/2015 - 14:24:25: [smac_client.smx | 0.8.5.2] ★★ FoxyThePirate ★★ (ID: Unknown | IP: 84.9.120.185) was temporarily banned for connection spam.
L 01/22/2015 - 14:26:56: [smac_rcon.smx] Rcon password changed to "rcon.!H8uE054F/>". Reverting back to original config value.
L 01/22/2015 - 14:50:52: [smac_rcon.smx] Rcon password changed to "rcon.!H8uE054F/>". Reverting back to original config value.
L 01/22/2015 - 15:16:49: [smac_rcon.smx] Rcon password changed to "rcon.!H8uE054F/>". Reverting back to original config value.
L 01/22/2015 - 15:46:25: [smac_rcon.smx] Rcon password changed to "rcon.!H8uE054F/>". Reverting back to original config value.
L 01/22/2015 - 16:19:09: [smac_rcon.smx] Rcon password changed to "rcon.!H8uE054F/>". Reverting back to original config value.
L 01/22/2015 - 17:18:11: [smac_rcon.smx] Rcon password changed to "rcon.!H8uE054F/>". Reverting back to original config value.
L 01/22/2015 - 17:29:09: [smac_rcon.smx] Rcon password changed to "rcon.!H8uE054F/>". Reverting back to original config value.
L 01/22/2015 - 17:49:50: [smac_rcon.smx] Rcon password changed to "rcon.!H8uE054F/>". Reverting back to original config value.
L 01/22/2015 - 18:06:34: [smac_rcon.smx] Rcon password changed to "rcon.!H8uE054F/>". Reverting back to original config value.
L 01/22/2015 - 18:17:08: [smac_rcon.smx] Rcon password changed to "rcon.!H8uE054F/>". Reverting back to original config value.
L 01/22/2015 - 18:39:15: [smac_rcon.smx] Rcon password changed to "rcon.!H8uE054F/>". Reverting back to original config value.
L 01/22/2015 - 19:39:59: [smac_rcon.smx] Rcon password changed to "rcon.!H8uE054F/>". Reverting back to original config value.
L 01/23/2015 - 06:25:56: [smac_rcon.smx] Rcon password changed to "rcon.!H8uE054F/>". Reverting back to original config value.
L 01/23/2015 - 07:25:11: [smac_rcon.smx] Rcon password changed to "rcon.!H8uE054F/>". Reverting back to original config value.
L 01/23/2015 - 07:40:40: [smac_rcon.smx] Rcon password changed to "rcon.!H8uE054F/>". Reverting back to original config value.
L 01/23/2015 - 08:09:52: [smac_rcon.smx] Rcon password changed to "rcon.!H8uE054F/>". Reverting back to original config value.
L 01/23/2015 - 08:24:23: [smac_rcon.smx] Rcon password changed to "rcon.!H8uE054F/>". Reverting back to original config value.
L 01/23/2015 - 09:05:48: [smac_rcon.smx] Rcon password changed to "rcon.!H8uE054F/>". Reverting back to original config value.
L 01/23/2015 - 09:17:53: [smac_rcon.smx] Rcon password changed to "rcon.!H8uE054F/>". Reverting back to original config value.
L 01/23/2015 - 09:44:50: [smac_rcon.smx] Rcon password changed to "rcon.!H8uE054F/>". Reverting back to original config value.
L 01/23/2015 - 10:17:20: [smac_rcon.smx] Rcon password changed to "rcon.!H8uE054F/>". Reverting back to original config value.
L 01/23/2015 - 10:29:35: [smac_rcon.smx] Rcon password changed to "rcon.!H8uE054F/>". Reverting back to original config value.
L 01/23/2015 - 10:46:54: [smac_rcon.smx] Rcon password changed to "rcon.!H8uE054F/>". Reverting back to original config value.
L 01/23/2015 - 10:55:14: [smac_rcon.smx] Rcon password changed to "rcon.!H8uE054F/>". Reverting back to original config value.
L 01/23/2015 - 11:22:16: [smac_rcon.smx] Rcon password changed to "rcon.!H8uE054F/>". Reverting back to original config value.
L 01/23/2015 - 11:27:37: [smac_rcon.smx] Rcon password changed to "rcon.!H8uE054F/>". Reverting back to original config value.
L 01/23/2015 - 11:51:33: [smac_rcon.smx] Rcon password changed to "rcon.!H8uE054F/>". Reverting back to original config value.
L 01/23/2015 - 12:08:04: [smac_rcon.smx] Rcon password changed to "rcon.!H8uE054F/>". Reverting back to original config value.
L 01/23/2015 - 12:30:18: [smac_rcon.smx] Rcon password changed to "rcon.!H8uE054F/>". Reverting back to original config value.
L 01/23/2015 - 12:50:06: [smac_rcon.smx] Rcon password changed to "rcon.!H8uE054F/>". Reverting back to original config value.
L 01/23/2015 - 13:08:25: [smac_rcon.smx] Rcon password changed to "rcon.!H8uE054F/>". Reverting back to original config value.
L 01/23/2015 - 13:16:06: [smac_rcon.smx] Rcon password changed to "rcon.!H8uE054F/>". Reverting back to original config value.
L 01/23/2015 - 13:23:22: [smac_client.smx | 0.8.5.2] Doctor krieger (ID: Unknown | IP: 174.115.22.246) was temporarily banned for connection spam.
L 01/23/2015 - 13:25:44: [smac_rcon.smx] Rcon password changed to "rcon.!H8uE054F/>". Reverting back to original config value.
L 01/23/2015 - 13:37:39: [smac_rcon.smx] Rcon password changed to "rcon.!H8uE054F/>". Reverting back to original config value.
L 01/23/2015 - 13:55:54: [smac_rcon.smx] Rcon password changed to "rcon.!H8uE054F/>". Reverting back to original config value.
L 01/23/2015 - 14:36:43: [smac_rcon.smx] Rcon password changed to "rcon.!H8uE054F/>". Reverting back to original config value.
L 01/23/2015 - 15:03:41: [smac_rcon.smx] Rcon password changed to "rcon.!H8uE054F/>". Reverting back to original config value.
L 01/23/2015 - 15:26:04: [smac_rcon.smx] Rcon password changed to "rcon.!H8uE054F/>". Reverting back to original config value.
L 01/23/2015 - 16:05:12: [smac_rcon.smx] Rcon password changed to "rcon.!H8uE054F/>". Reverting back to original config value.
L 01/23/2015 - 16:20:13: [smac_rcon.smx] Rcon password changed to "rcon.!H8uE054F/>". Reverting back to original config value.
L 01/23/2015 - 16:33:28: [smac_rcon.smx] Rcon password changed to "rcon.!H8uE054F/>". Reverting back to original config value.
L 01/23/2015 - 18:38:52: [smac_rcon.smx] Rcon password changed to "rcon.!H8uE054F/>". Reverting back to original config value.
L 01/23/2015 - 19:12:06: [smac_rcon.smx] Rcon password changed to "rcon.!H8uE054F/>". Reverting back to original config value.
L 01/23/2015 - 19:43:30: [smac_rcon.smx] Rcon password changed to "rcon.!H8uE054F/>". Reverting back to original config value.
L 01/23/2015 - 20:02:34: [smac_rcon.smx] Rcon password changed to "rcon.!H8uE054F/>". Reverting back to original config value.
L 01/23/2015 - 20:42:29: [smac_rcon.smx] Rcon password changed to "rcon.!H8uE054F/>". Reverting back to original config value.
L 01/23/2015 - 21:33:17: [smac_rcon.smx] Rcon password changed to "rcon.!H8uE054F/>". Reverting back to original config value.
L 01/24/2015 - 07:15:45: [smac_rcon.smx] Rcon password changed to "rcon.!H8uE054F/>". Reverting back to original config value.
L 01/24/2015 - 07:25:52: [smac_rcon.smx] Rcon password changed to "rcon.!H8uE054F/>". Reverting back to original config value.
L 01/24/2015 - 07:56:44: [smac_rcon.smx] Rcon password changed to "rcon.!H8uE054F/>". Reverting back to original config value.
L 01/24/2015 - 08:38:39: [smac_rcon.smx] Rcon password changed to "rcon.!H8uE054F/>". Reverting back to original config value.
L 01/24/2015 - 11:56:42: [smac_rcon.smx] Rcon password changed to "rcon.!H8uE054F/>". Reverting back to original config value.
L 01/24/2015 - 12:11:33: [smac_aimbot.smx | 0.8.5.2] You think you're so good (ID: STEAM_0:0:107632549 | IP: 71.95.129.198) is suspected of using an aimbot. (Detection #2 | Deviation: 136° | Weapon: tf_weapon_revolver)
L 01/24/2015 - 12:13:34: [smac_aimbot.smx | 0.8.5.2] You think you're so good (ID: STEAM_0:0:107632549 | IP: 71.95.129.198) is suspected of using an aimbot. (Detection #3 | Deviation: 142° | Weapon: tf_weapon_revolver)
L 01/24/2015 - 12:13:37: [smac_aimbot.smx | 0.8.5.2] You think you're so good (ID: STEAM_0:0:107632549 | IP: 71.95.129.198) is suspected of using an aimbot. (Detection #4 | Deviation: 142° | Weapon: tf_weapon_revolver)
L 01/24/2015 - 12:14:33: [smac_aimbot.smx | 0.8.5.2] You think you're so good (ID: STEAM_0:0:107632549 | IP: 71.95.129.198) is suspected of using an aimbot. (Detection #5 | Deviation: 147° | Weapon: tf_weapon_revolver)
L 01/24/2015 - 12:15:43: [smac_aimbot.smx | 0.8.5.2] You think you're so good (ID: STEAM_0:0:107632549 | IP: 71.95.129.198) is suspected of using an aimbot. (Detection #6 | Deviation: 154° | Weapon: tf_weapon_revolver)
L 01/24/2015 - 12:16:13: [smac_aimbot.smx | 0.8.5.2] You think you're so good (ID: STEAM_0:0:107632549 | IP: 71.95.129.198) is suspected of using an aimbot. (Detection #7 | Deviation: 128° | Weapon: tf_weapon_revolver)
L 01/24/2015 - 12:32:32: [smac_rcon.smx] Rcon password changed to "rcon.!H8uE054F/>". Reverting back to original config value.
L 01/24/2015 - 12:43:24: [smac_rcon.smx] Rcon password changed to "rcon.!H8uE054F/>". Reverting back to original config value.
L 01/24/2015 - 12:54:59: [smac_rcon.smx] Rcon password changed to "rcon.!H8uE054F/>". Reverting back to original config value.
L 01/24/2015 - 13:09:25: [smac_rcon.smx] Rcon password changed to "rcon.!H8uE054F/>". Reverting back to original config value.
L 01/24/2015 - 13:15:19: [smac_rcon.smx] Rcon password changed to "rcon.!H8uE054F/>". Reverting back to original config value.
L 01/24/2015 - 13:46:20: [smac_rcon.smx] Rcon password changed to "rcon.!H8uE054F/>". Reverting back to original config value.
L 01/24/2015 - 14:24:59: [smac_rcon.smx] Rcon password changed to "rcon.!H8uE054F/>". Reverting back to original config value.
L 01/24/2015 - 14:36:22: [smac_rcon.smx] Rcon password changed to "rcon.!H8uE054F/>". Reverting back to original config value.
L 01/24/2015 - 14:53:38: [smac_rcon.smx] Rcon password changed to "rcon.!H8uE054F/>". Reverting back to original config value.
L 01/24/2015 - 15:02:33: [smac_client.smx | 0.8.5.2] Iskyra (ID: Unknown | IP: 109.214.134.140) was temporarily banned for connection spam.
L 01/24/2015 - 15:41:43: [smac_rcon.smx] Rcon password changed to "rcon.!H8uE054F/>". Reverting back to original config value.
L 01/24/2015 - 16:07:27: [smac_rcon.smx] Rcon password changed to "rcon.!H8uE054F/>". Reverting back to original config value.
L 01/24/2015 - 16:13:37: [smac_rcon.smx] Rcon password changed to "rcon.!H8uE054F/>". Reverting back to original config value.
L 01/24/2015 - 16:31:19: [smac_rcon.smx] Rcon password changed to "rcon.!H8uE054F/>". Reverting back to original config value.
L 01/24/2015 - 17:05:01: [smac_rcon.smx] Rcon password changed to "rcon.!H8uE054F/>". Reverting back to original config value.
L 01/24/2015 - 17:30:53: [smac_rcon.smx] Rcon password changed to "rcon.!H8uE054F/>". Reverting back to original config value.
L 01/24/2015 - 18:21:08: [smac_rcon.smx] Rcon password changed to "rcon.!H8uE054F/>". Reverting back to original config value.
L 01/24/2015 - 19:01:20: [smac_rcon.smx] Rcon password changed to "rcon.!H8uE054F/>". Reverting back to original config value.
L 01/24/2015 - 19:39:49: [smac_rcon.smx] Rcon password changed to "rcon.!H8uE054F/>". Reverting back to original config value.
L 01/24/2015 - 20:52:03: [smac_rcon.smx] Rcon password changed to "rcon.!H8uE054F/>". Reverting back to original config value.
L 01/24/2015 - 21:47:06: [smac_rcon.smx] Rcon password changed to "rcon.!H8uE054F/>". Reverting back to original config value.
L 01/24/2015 - 22:30:18: [smac_rcon.smx] Rcon password changed to "rcon.!H8uE054F/>". Reverting back to original config value.
L 01/25/2015 - 05:34:10: [smac_rcon.smx] Rcon password changed to "rcon.!H8uE054F/>". Reverting back to original config value.
L 01/25/2015 - 05:41:47: [smac_rcon.smx] Rcon password changed to "rcon.!H8uE054F/>". Reverting back to original config value.
L 01/25/2015 - 06:00:53: [smac_rcon.smx] Rcon password changed to "rcon.!H8uE054F/>". Reverting back to original config value.
L 01/25/2015 - 06:26:57: [smac_rcon.smx] Rcon password changed to "rcon.!H8uE054F/>". Reverting back to original config value.
L 01/25/2015 - 07:24:34: [smac_rcon.smx] Rcon password changed to "rcon.!H8uE054F/>". Reverting back to original config value.
L 01/25/2015 - 10:15:09: [smac_rcon.smx] Rcon password changed to "rcon.!H8uE054F/>". Reverting back to original config value.
L 01/25/2015 - 10:21:58: [smac_rcon.smx] Rcon password changed to "rcon.!H8uE054F/>". Reverting back to original config value.
L 01/25/2015 - 10:45:51: [smac_rcon.smx] Rcon password changed to "rcon.!H8uE054F/>". Reverting back to original config value.
L 01/25/2015 - 11:07:59: [smac_rcon.smx] Rcon password changed to "rcon.!H8uE054F/>". Reverting back to original config value.
L 01/25/2015 - 12:02:51: [smac_rcon.smx] Rcon password changed to "rcon.!H8uE054F/>". Reverting back to original config value.
L 01/25/2015 - 12:20:02: [smac_rcon.smx] Rcon password changed to "rcon.!H8uE054F/>". Reverting back to original config value.
L 01/25/2015 - 12:42:26: [smac_rcon.smx] Rcon password changed to "rcon.!H8uE054F/>". Reverting back to original config value.
L 01/25/2015 - 12:55:29: [smac_rcon.smx] Rcon password changed to "rcon.!H8uE054F/>". Reverting back to original config value.
L 01/25/2015 - 13:07:52: [smac_rcon.smx] Rcon password changed to "rcon.!H8uE054F/>". Reverting back to original config value.
L 01/25/2015 - 13:49:11: [smac_rcon.smx] Rcon password changed to "rcon.!H8uE054F/>". Reverting back to original config value.
L 01/25/2015 - 14:07:00: [smac_rcon.smx] Rcon password changed to "rcon.!H8uE054F/>". Reverting back to original config value.
L 01/25/2015 - 14:40:04: [smac_rcon.smx] Rcon password changed to "rcon.!H8uE054F/>". Reverting back to original config value.
L 01/25/2015 - 15:02:38: [smac_rcon.smx] Rcon password changed to "rcon.!H8uE054F/>". Reverting back to original config value.
L 01/25/2015 - 15:27:41: [smac_rcon.smx] Rcon password changed to "rcon.!H8uE054F/>". Reverting back to original config value.
L 01/25/2015 - 15:54:44: [smac_rcon.smx] Rcon password changed to "rcon.!H8uE054F/>". Reverting back to original config value.
L 01/25/2015 - 16:36:17: [smac_rcon.smx] Rcon password changed to "rcon.!H8uE054F/>". Reverting back to original config value.
L 01/25/2015 - 16:48:18: [smac_rcon.smx] Rcon password changed to "rcon.!H8uE054F/>". Reverting back to original config value.
L 01/25/2015 - 18:15:38: [smac_rcon.smx] Rcon password changed to "rcon.!H8uE054F/>". Reverting back to original config value.
L 01/25/2015 - 18:26:45: [smac_rcon.smx] Rcon password changed to "rcon.!H8uE054F/>". Reverting back to original config value.
L 01/25/2015 - 19:16:13: [smac_rcon.smx] Rcon password changed to "rcon.!H8uE054F/>". Reverting back to original config value.
L 01/26/2015 - 10:26:52: [smac_rcon.smx] Rcon password changed to "rcon.!H8uE054F/>". Reverting back to original config value.
L 01/26/2015 - 11:04:19: [smac_rcon.smx] Rcon password changed to "rcon.!H8uE054F/>". Reverting back to original config value.
L 01/26/2015 - 11:17:07: [smac_rcon.smx] Rcon password changed to "rcon.!H8uE054F/>". Reverting back to original config value.
L 01/26/2015 - 11:53:23: [smac_rcon.smx] Rcon password changed to "rcon.!H8uE054F/>". Reverting back to original config value.
L 01/26/2015 - 12:23:08: [smac_rcon.smx] Rcon password changed to "rcon.!H8uE054F/>". Reverting back to original config value.
L 01/26/2015 - 14:45:52: [smac_rcon.smx] Rcon password changed to "rcon.!H8uE054F/>". Reverting back to original config value.
L 01/26/2015 - 16:32:49: [smac_rcon.smx] Rcon password changed to "rcon.!H8uE054F/>". Reverting back to original config value.
L 01/26/2015 - 19:23:04: [smac_rcon.smx] Rcon password changed to "rcon.!H8uE054F/>". Reverting back to original config value.
L 01/26/2015 - 23:22:05: [smac_rcon.smx] Rcon password changed to "rcon.!H8uE054F/>". Reverting back to original config value.
L 01/27/2015 - 00:03:28: [smac_rcon.smx] Rcon password changed to "rcon.!H8uE054F/>". Reverting back to original config value.
L 01/27/2015 - 11:35:40: [smac_rcon.smx] Rcon password changed to "rcon.!H8uE054F/>". Reverting back to original config value.
L 01/27/2015 - 12:12:49: [smac_rcon.smx] Rcon password changed to "rcon.!H8uE054F/>". Reverting back to original config value.
L 01/27/2015 - 12:43:20: [smac_rcon.smx] Rcon password changed to "rcon.!H8uE054F/>". Reverting back to original config value.
L 01/27/2015 - 12:58:01: [smac_rcon.smx] Rcon password changed to "rcon.!H8uE054F/>". Reverting back to original config value.
L 01/27/2015 - 13:30:28: [smac_rcon.smx] Rcon password changed to "rcon.!H8uE054F/>". Reverting back to original config value.
L 01/27/2015 - 13:45:33: [smac_rcon.smx] Rcon password changed to "rcon.!H8uE054F/>". Reverting back to original config value.
L 01/27/2015 - 14:05:43: [smac_rcon.smx] Rcon password changed to "rcon.!H8uE054F/>". Reverting back to original config value.
L 01/27/2015 - 14:43:23: [smac_rcon.smx] Rcon password changed to "rcon.!H8uE054F/>". Reverting back to original config value.
L 02/07/2015 - 11:51:04: [smac_spinhack.smx | 0.8.5.2] asasdasdaddfasd (ID: STEAM_0:0:125045710 | IP: 31.211.184.214) is suspected of using a spinhack.
L 02/07/2015 - 18:33:36: [smac_spinhack.smx | 0.8.5.2] JENNY DEATH IN BIKINI (ID: STEAM_0:1:56018272 | IP: 80.114.182.125) is suspected of using a spinhack.
L 02/08/2015 - 09:31:53: [smac_client.smx | 0.8.5.2] MechaHitler (ID: Unknown | IP: 88.101.26.225) was temporarily banned for connection spam.
L 02/13/2015 - 14:35:37: [smac_spinhack.smx | 0.8.5.2] sexy (ID: STEAM_0:1:109538279 | IP: 87.210.110.129) is suspected of using a spinhack.
L 02/13/2015 - 14:36:00: [smac_spinhack.smx | 0.8.5.2] sexy (ID: STEAM_0:1:109538279 | IP: 87.210.110.129) is suspected of using a spinhack.
L 02/13/2015 - 14:36:26: [smac_spinhack.smx | 0.8.5.2] sexy (ID: STEAM_0:1:109538279 | IP: 87.210.110.129) is suspected of using a spinhack.
