L 12/20/2014 - 15:58:10: [umc-endvote-warnings.smx] DEBUG: Loading plugin...
L 12/20/2014 - 15:58:19: [umc-core.smx] DEBUG: Executing Core OnMapStart
L 12/20/2014 - 15:58:19: [umc-core.smx] ---------------------MAP CHANGE: pl_pier_b16---------------------
L 12/20/2014 - 15:58:19: [umc-nominate.smx] DEBUG: Checking for chat command...
L 12/20/2014 - 15:58:19: [umc-adminmenu.smx] DEBUG: Executing AdminMenu OnConfigsExecuted
L 12/20/2014 - 15:58:19: [umc-adminmenu.smx] DEBUG: Opening Mapcycle File umc_mapcycle.txt
L 12/20/2014 - 15:58:19: [umc-adminmenu.smx] DEBUG: Fetching first line.
L 12/20/2014 - 15:58:19: [umc-adminmenu.smx] DEBUG: Checking first line for UMC header: "// Mapcycle definition for Ultimate Mapchooser v3.1 by Steell"
L 12/20/2014 - 15:58:19: [umc-adminmenu.smx] DEBUG: Header was not found. Aborting.
L 12/20/2014 - 15:58:19: [umc-adminmenu.smx] 1: "umc_mapcycle"
L 12/20/2014 - 15:58:19: [umc-adminmenu.smx] 2:   "A Group"
L 12/20/2014 - 15:58:19: [umc-adminmenu.smx] DEBUG: Mapcycle filtering completed.
L 12/20/2014 - 15:58:19: [umc-randomcycle.smx] DEBUG: Executing RandomCycle OnConfigsExecuted
L 12/20/2014 - 15:58:19: [umc-randomcycle.smx] DEBUG: Opening Mapcycle File umc_mapcycle.txt
L 12/20/2014 - 15:58:19: [umc-randomcycle.smx] DEBUG: Fetching first line.
L 12/20/2014 - 15:58:19: [umc-randomcycle.smx] DEBUG: Checking first line for UMC header: "// Mapcycle definition for Ultimate Mapchooser v3.1 by Steell"
L 12/20/2014 - 15:58:19: [umc-randomcycle.smx] DEBUG: Header was not found. Aborting.
L 12/20/2014 - 15:58:19: [umc-randomcycle.smx] 1: "umc_mapcycle"
L 12/20/2014 - 15:58:19: [umc-randomcycle.smx] 2:   "A Group"
L 12/20/2014 - 15:58:19: [umc-randomcycle.smx] DEBUG: Current Map: pl_pier_b16 -- 
L 12/20/2014 - 15:58:19: [umc-randomcycle.smx] DEBUG: Mapcycle filtering completed.
L 12/20/2014 - 15:58:19: [umc-nominate.smx] DEBUG: Executing Nominate OnConfigsExecuted
L 12/20/2014 - 15:58:19: [umc-nominate.smx] DEBUG: Opening Mapcycle File umc_mapcycle.txt
L 12/20/2014 - 15:58:19: [umc-nominate.smx] DEBUG: Fetching first line.
L 12/20/2014 - 15:58:19: [umc-nominate.smx] DEBUG: Checking first line for UMC header: "// Mapcycle definition for Ultimate Mapchooser v3.1 by Steell"
L 12/20/2014 - 15:58:19: [umc-nominate.smx] DEBUG: Header was not found. Aborting.
L 12/20/2014 - 15:58:19: [umc-nominate.smx] 1: "umc_mapcycle"
L 12/20/2014 - 15:58:19: [umc-nominate.smx] 2:   "A Group"
L 12/20/2014 - 15:58:19: [umc-nominate.smx] DEBUG: Mapcycle filtering completed.
L 12/20/2014 - 15:58:19: [umc-votecommand.smx] DEBUG: Executing VoteCommand OnConfigsExecuted
L 12/20/2014 - 15:58:19: [umc-votecommand.smx] DEBUG: Opening Mapcycle File umc_mapcycle.txt
L 12/20/2014 - 15:58:19: [umc-votecommand.smx] DEBUG: Fetching first line.
L 12/20/2014 - 15:58:19: [umc-votecommand.smx] DEBUG: Checking first line for UMC header: "// Mapcycle definition for Ultimate Mapchooser v3.1 by Steell"
L 12/20/2014 - 15:58:19: [umc-votecommand.smx] DEBUG: Header was not found. Aborting.
L 12/20/2014 - 15:58:19: [umc-votecommand.smx] 1: "umc_mapcycle"
L 12/20/2014 - 15:58:19: [umc-votecommand.smx] 2:   "A Group"
L 12/20/2014 - 15:58:19: [umc-votecommand.smx] DEBUG: Mapcycle filtering completed.
L 12/20/2014 - 15:58:19: [umc-prefixexclude.smx] DEBUG: Executing PrefixExclude OnConfigsExecuted
L 12/20/2014 - 15:58:19: [umc-postexclude.smx] DEBUG: Executing PostExclude OnConfigsExecuted
L 12/20/2014 - 15:58:19: [umc-endvote.smx] DEBUG: Executing EndVote OnConfigsExecuted
L 12/20/2014 - 15:58:19: [umc-endvote.smx] DEBUG: Opening Mapcycle File umc_mapcycle.txt
L 12/20/2014 - 15:58:19: [umc-endvote.smx] DEBUG: Fetching first line.
L 12/20/2014 - 15:58:19: [umc-endvote.smx] DEBUG: Checking first line for UMC header: "// Mapcycle definition for Ultimate Mapchooser v3.1 by Steell"
L 12/20/2014 - 15:58:19: [umc-endvote.smx] DEBUG: Header was not found. Aborting.
L 12/20/2014 - 15:58:19: [umc-endvote.smx] 1: "umc_mapcycle"
L 12/20/2014 - 15:58:19: [umc-endvote.smx] 2:   "A Group"
L 12/20/2014 - 15:58:19: [umc-endvote.smx] DEBUG: *MakeVoteTimer*
L 12/20/2014 - 15:58:19: [umc-endvote.smx] DEBUG: *MakeTimer*
L 12/20/2014 - 15:58:19: [umc-endvote.smx] Unable to create end of map vote time-trigger, trigger time already passed.
L 12/20/2014 - 15:58:19: [umc-endvote.smx] End of map vote will appear after 4 more rounds.
L 12/20/2014 - 15:58:19: [umc-endvote-warnings.smx] DEBUG: *UpdateRoundWarnings*
L 12/20/2014 - 15:58:19: [umc-endvote-warnings.smx] DEBUG: Next warning after update located at index 0
L 12/20/2014 - 15:58:19: [umc-endvote.smx] DEBUG: Cvar (mp_winlimit): 15, Cvar (startrounds): 2, WinnerScore: 0
L 12/20/2014 - 15:58:19: [umc-endvote.smx] End of map vote will appear after 13 more wins.
L 12/20/2014 - 15:58:19: [umc-endvote-warnings.smx] DEBUG: *UpdateWinWarnings*
L 12/20/2014 - 15:58:19: [umc-endvote-warnings.smx] DEBUG: Next warning after update located at index 0
L 12/20/2014 - 15:58:19: [umc-endvote-warnings.smx] DEBUG: *UpdateFragWarnings*
L 12/20/2014 - 15:58:19: [umc-endvote-warnings.smx] DEBUG: Next warning after update located at index 0
L 12/20/2014 - 15:58:19: [umc-endvote.smx] DEBUG: Mapcycle filtering completed.
L 12/20/2014 - 15:58:19: [umc-mapcommands.smx] DEBUG: Opening Mapcycle File umc_mapcycle.txt
L 12/20/2014 - 15:58:19: [umc-mapcommands.smx] DEBUG: Fetching first line.
L 12/20/2014 - 15:58:19: [umc-mapcommands.smx] DEBUG: Checking first line for UMC header: "// Mapcycle definition for Ultimate Mapchooser v3.1 by Steell"
L 12/20/2014 - 15:58:19: [umc-mapcommands.smx] DEBUG: Header was not found. Aborting.
L 12/20/2014 - 15:58:19: [umc-mapcommands.smx] 1: "umc_mapcycle"
L 12/20/2014 - 15:58:19: [umc-mapcommands.smx] 2:   "A Group"
L 12/20/2014 - 15:58:19: [umc-mapcommands.smx] DEBUG: Executing MapCommands OnConfigsExecuted
L 12/20/2014 - 15:58:19: [umc-rockthevote.smx] DEBUG: Executing RTV OnConfigsExecuted
L 12/20/2014 - 15:58:19: [umc-rockthevote.smx] DEBUG: Opening Mapcycle File umc_mapcycle.txt
L 12/20/2014 - 15:58:19: [umc-rockthevote.smx] DEBUG: Fetching first line.
L 12/20/2014 - 15:58:19: [umc-rockthevote.smx] DEBUG: Checking first line for UMC header: "// Mapcycle definition for Ultimate Mapchooser v3.1 by Steell"
L 12/20/2014 - 15:58:19: [umc-rockthevote.smx] DEBUG: Header was not found. Aborting.
L 12/20/2014 - 15:58:19: [umc-rockthevote.smx] 1: "umc_mapcycle"
L 12/20/2014 - 15:58:19: [umc-rockthevote.smx] 2:   "A Group"
L 12/20/2014 - 15:58:19: [umc-rockthevote.smx] DEBUG: Enabling RTV; setting rtv_completed flag to false
L 12/20/2014 - 15:58:19: [umc-rockthevote.smx] RTV will be made available in 30 seconds.
L 12/20/2014 - 15:58:19: [umc-rockthevote.smx] DEBUG: Mapcycle filtering completed.
L 12/20/2014 - 15:58:19: [umc-maprate-reweight.smx] DEBUG: Executing MapRateReweight OnConfigsExecuted
L 12/20/2014 - 15:58:19: [umc-endvote-warnings.smx] DEBUG: Executing Warnings OnConfigsExecuted
L 12/20/2014 - 15:58:19: [umc-endvote-warnings.smx] DEBUG: Fetching time-warnings...
L 12/20/2014 - 15:58:19: [umc-endvote-warnings.smx] 1: "vote_warnings"
L 12/20/2014 - 15:58:19: [umc-endvote-warnings.smx] 2:   "default"
L 12/20/2014 - 15:58:19: [umc-endvote-warnings.smx] 2:   "10-2"
L 12/20/2014 - 15:58:19: [umc-endvote-warnings.smx] 2:   "1"
L 12/20/2014 - 15:58:19: [umc-endvote-warnings.smx] 2:   "0"
L 12/20/2014 - 15:58:19: [umc-endvote-warnings.smx] DEBUG: Warning time: 10, message: {TIME} seconds until vote.
L 12/20/2014 - 15:58:19: [umc-endvote-warnings.smx] DEBUG: Number of warnings: 1
L 12/20/2014 - 15:58:19: [umc-endvote-warnings.smx] DEBUG: Warning time: 9, message: {TIME} seconds until vote.
L 12/20/2014 - 15:58:19: [umc-endvote-warnings.smx] DEBUG: Number of warnings: 2
L 12/20/2014 - 15:58:19: [umc-endvote-warnings.smx] DEBUG: Warning time: 8, message: {TIME} seconds until vote.
L 12/20/2014 - 15:58:19: [umc-endvote-warnings.smx] DEBUG: Number of warnings: 3
L 12/20/2014 - 15:58:19: [umc-endvote-warnings.smx] DEBUG: Warning time: 7, message: {TIME} seconds until vote.
L 12/20/2014 - 15:58:19: [umc-endvote-warnings.smx] DEBUG: Number of warnings: 4
L 12/20/2014 - 15:58:19: [umc-endvote-warnings.smx] DEBUG: Warning time: 6, message: {TIME} seconds until vote.
L 12/20/2014 - 15:58:19: [umc-endvote-warnings.smx] DEBUG: Number of warnings: 5
L 12/20/2014 - 15:58:19: [umc-endvote-warnings.smx] DEBUG: Warning time: 5, message: {TIME} seconds until vote.
L 12/20/2014 - 15:58:19: [umc-endvote-warnings.smx] DEBUG: Number of warnings: 6
L 12/20/2014 - 15:58:19: [umc-endvote-warnings.smx] DEBUG: Warning time: 4, message: {TIME} seconds until vote.
L 12/20/2014 - 15:58:19: [umc-endvote-warnings.smx] DEBUG: Number of warnings: 7
L 12/20/2014 - 15:58:19: [umc-endvote-warnings.smx] DEBUG: Warning time: 3, message: {TIME} seconds until vote.
L 12/20/2014 - 15:58:19: [umc-endvote-warnings.smx] DEBUG: Number of warnings: 8
L 12/20/2014 - 15:58:19: [umc-endvote-warnings.smx] DEBUG: Warning time: 2, message: {TIME} seconds until vote.
L 12/20/2014 - 15:58:19: [umc-endvote-warnings.smx] DEBUG: Number of warnings: 9
L 12/20/2014 - 15:58:19: [umc-endvote-warnings.smx] DEBUG: Warning time: 1, message: 1 second until vote.
L 12/20/2014 - 15:58:19: [umc-endvote-warnings.smx] DEBUG: Number of warnings: 10
L 12/20/2014 - 15:58:19: [umc-endvote-warnings.smx] DEBUG: Warning time: 0, message: {TIME} seconds until vote.
L 12/20/2014 - 15:58:19: [umc-endvote-warnings.smx] DEBUG: Number of warnings: 11
L 12/20/2014 - 15:58:19: [umc-endvote-warnings.smx] Successfully parsed and set up 11 vote warnings.
L 12/20/2014 - 15:58:19: [umc-endvote-warnings.smx] DEBUG: Sorted Warnings: 11
L 12/20/2014 - 15:58:19: [umc-endvote-warnings.smx] DEBUG: Number of time warnings: 11
L 12/20/2014 - 15:58:19: [umc-core.smx] DEBUG: Executing Core OnConfigsExecuted
L 12/20/2014 - 15:58:19: [umc-playercountmonitor.smx] DEBUG: Executing PlayerCountMonitor OnConfigsExecuted
L 12/20/2014 - 15:58:19: [umc-playercountmonitor.smx] DEBUG: Opening Mapcycle File umc_mapcycle.txt
L 12/20/2014 - 15:58:19: [umc-playercountmonitor.smx] DEBUG: Fetching first line.
L 12/20/2014 - 15:58:19: [umc-playercountmonitor.smx] DEBUG: Checking first line for UMC header: "// Mapcycle definition for Ultimate Mapchooser v3.1 by Steell"
L 12/20/2014 - 15:58:19: [umc-playercountmonitor.smx] DEBUG: Header was not found. Aborting.
L 12/20/2014 - 15:58:19: [umc-playercountmonitor.smx] 1: "umc_mapcycle"
L 12/20/2014 - 15:58:19: [umc-playercountmonitor.smx] 2:   "A Group"
L 12/20/2014 - 15:58:19: [umc-playercountmonitor.smx] Current Map Group could not be determined. (Non-UMC mapchange or plugin just loaded.)
L 12/20/2014 - 15:58:19: [umc-playercountmonitor.smx] Min Players: 0, Max Players: 25
L 12/20/2014 - 15:58:19: [umc-playercountmonitor.smx] DEBUG: Mapcycle filtering completed.
L 12/20/2014 - 15:58:19: [umc-endvote.smx] DEBUG: Timeleft Changed
L 12/20/2014 - 15:58:19: [umc-endvote.smx] DEBUG: *UpdateTimers*
L 12/20/2014 - 15:58:19: [umc-endvote.smx] DEBUG: *MakeTimer*
L 12/20/2014 - 15:58:19: [umc-endvote.smx] Unable to create end of map vote time-trigger, trigger time already passed.
L 12/20/2014 - 15:58:51: [umc-rockthevote.smx] RTV is now available.
L 12/20/2014 - 15:59:00: [umc-nominate.smx] DEBUG: Checking for chat command...
L 12/20/2014 - 15:59:05: [umc-endvote.smx] DEBUG: Timeleft Changed
L 12/20/2014 - 15:59:05: [umc-endvote.smx] DEBUG: *UpdateTimers*
L 12/20/2014 - 15:59:05: [umc-endvote.smx] DEBUG: *MakeTimer*
L 12/20/2014 - 15:59:05: [umc-endvote.smx] Unable to create end of map vote time-trigger, trigger time already passed.
L 12/20/2014 - 15:59:05: [umc-endvote-warnings.smx] DEBUG: *UpdateRoundWarnings*
L 12/20/2014 - 15:59:05: [umc-endvote-warnings.smx] DEBUG: Next warning after update located at index 0
L 12/20/2014 - 15:59:05: [umc-endvote-warnings.smx] DEBUG: *UpdateWinWarnings*
L 12/20/2014 - 15:59:05: [umc-endvote-warnings.smx] DEBUG: Next warning after update located at index 0
L 12/20/2014 - 15:59:06: [umc-nominate.smx] DEBUG: Checking for chat command...
L 12/20/2014 - 15:59:24: [umc-nominate.smx] DEBUG: Checking for chat command...
L 12/20/2014 - 15:59:39: [umc-nominate.smx] DEBUG: Checking for chat command...
L 12/20/2014 - 15:59:45: [umc-nominate.smx] DEBUG: Checking for chat command...
L 12/20/2014 - 15:59:56: [umc-nominate.smx] DEBUG: Checking for chat command...
L 12/20/2014 - 15:59:58: [umc-nominate.smx] DEBUG: Checking for chat command...
L 12/20/2014 - 16:00:11: [umc-nominate.smx] DEBUG: Checking for chat command...
L 12/20/2014 - 16:00:39: [umc-nominate.smx] DEBUG: Checking for chat command...
L 12/20/2014 - 16:00:54: [umc-nominate.smx] DEBUG: Checking for chat command...
L 12/20/2014 - 16:00:57: [umc-nominate.smx] DEBUG: Checking for chat command...
L 12/20/2014 - 16:01:13: [umc-nominate.smx] DEBUG: Checking for chat command...
L 12/20/2014 - 16:01:19: [umc-nominate.smx] DEBUG: Checking for chat command...
L 12/20/2014 - 16:01:19: [umc-nominate.smx] DEBUG: Checking for chat command...
L 12/20/2014 - 16:01:22: [umc-nominate.smx] DEBUG: Checking for chat command...
L 12/20/2014 - 16:01:29: [umc-nominate.smx] DEBUG: Checking for chat command...
L 12/20/2014 - 16:01:36: [umc-nominate.smx] DEBUG: Checking for chat command...
L 12/20/2014 - 16:01:50: [umc-nominate.smx] DEBUG: Checking for chat command...
L 12/20/2014 - 16:02:04: [umc-nominate.smx] DEBUG: Checking for chat command...
L 12/20/2014 - 16:03:19: [umc-nominate.smx] DEBUG: Checking for chat command...
L 12/20/2014 - 16:03:46: [umc-nominate.smx] DEBUG: Checking for chat command...
L 12/20/2014 - 16:03:55: [umc-nominate.smx] DEBUG: Checking for chat command...
L 12/20/2014 - 16:03:57: [umc-nominate.smx] DEBUG: Checking for chat command...
L 12/20/2014 - 16:04:53: [umc-nominate.smx] DEBUG: Checking for chat command...
L 12/20/2014 - 16:04:58: [umc-nominate.smx] DEBUG: Checking for chat command...
L 12/20/2014 - 16:05:07: [umc-nominate.smx] DEBUG: Checking for chat command...
L 12/20/2014 - 16:05:15: [umc-nominate.smx] DEBUG: Checking for chat command...
L 12/20/2014 - 16:05:17: [umc-nominate.smx] DEBUG: Checking for chat command...
L 12/20/2014 - 16:05:18: [umc-nominate.smx] DEBUG: Checking for chat command...
L 12/20/2014 - 16:05:32: [umc-nominate.smx] DEBUG: Checking for chat command...
L 12/20/2014 - 16:05:32: [umc-nominate.smx] DEBUG: Checking for chat command...
L 12/20/2014 - 16:05:41: [umc-nominate.smx] DEBUG: Checking for chat command...
L 12/20/2014 - 16:05:42: [umc-nominate.smx] DEBUG: Checking for chat command...
L 12/20/2014 - 16:05:46: [umc-nominate.smx] DEBUG: Checking for chat command...
L 12/20/2014 - 16:05:55: [umc-nominate.smx] DEBUG: Checking for chat command...
L 12/20/2014 - 16:06:04: [umc-nominate.smx] DEBUG: Checking for chat command...
L 12/20/2014 - 16:06:22: [umc-nominate.smx] DEBUG: Checking for chat command...
L 12/20/2014 - 16:06:34: [umc-nominate.smx] DEBUG: Checking for chat command...
L 12/20/2014 - 16:06:41: [umc-nominate.smx] DEBUG: Checking for chat command...
L 12/20/2014 - 16:07:29: [umc-nominate.smx] DEBUG: Checking for chat command...
L 12/20/2014 - 16:07:33: [umc-nominate.smx] DEBUG: Checking for chat command...
L 12/20/2014 - 16:07:38: [umc-nominate.smx] DEBUG: Checking for chat command...
L 12/20/2014 - 16:07:43: [umc-nominate.smx] DEBUG: Checking for chat command...
L 12/20/2014 - 16:07:46: [umc-nominate.smx] DEBUG: Checking for chat command...
L 12/20/2014 - 16:07:47: [umc-nominate.smx] DEBUG: Checking for chat command...
L 12/20/2014 - 16:07:53: [umc-nominate.smx] DEBUG: Checking for chat command...
L 12/20/2014 - 16:07:54: [umc-nominate.smx] DEBUG: Checking for chat command...
L 12/20/2014 - 16:07:57: [umc-nominate.smx] DEBUG: Checking for chat command...
L 12/20/2014 - 16:08:00: [umc-nominate.smx] DEBUG: Checking for chat command...
L 12/20/2014 - 16:08:12: [umc-nominate.smx] DEBUG: Checking for chat command...
L 12/20/2014 - 16:08:15: [umc-nominate.smx] DEBUG: Checking for chat command...
L 12/20/2014 - 16:08:20: [umc-nominate.smx] DEBUG: Checking for chat command...
L 12/20/2014 - 16:08:24: [umc-nominate.smx] DEBUG: Checking for chat command...
L 12/20/2014 - 16:08:28: [umc-nominate.smx] DEBUG: Checking for chat command...
L 12/20/2014 - 16:08:38: [umc-nominate.smx] DEBUG: Checking for chat command...
L 12/20/2014 - 16:08:41: [umc-nominate.smx] DEBUG: Checking for chat command...
L 12/20/2014 - 16:08:41: [umc-nominate.smx] DEBUG: Checking for chat command...
L 12/20/2014 - 16:08:53: [umc-nominate.smx] DEBUG: Checking for chat command...
L 12/20/2014 - 16:09:08: [umc-nominate.smx] DEBUG: Checking for chat command...
L 12/20/2014 - 16:09:15: [umc-nominate.smx] DEBUG: Checking for chat command...
L 12/20/2014 - 16:09:16: [umc-nominate.smx] DEBUG: Checking for chat command...
L 12/20/2014 - 16:09:32: [umc-nominate.smx] DEBUG: Checking for chat command...
L 12/20/2014 - 16:09:32: [umc-nominate.smx] DEBUG: Checking for chat command...
L 12/20/2014 - 16:09:38: [umc-nominate.smx] DEBUG: Checking for chat command...
L 12/20/2014 - 16:10:02: [umc-nominate.smx] DEBUG: Checking for chat command...
L 12/20/2014 - 16:10:04: [umc-nominate.smx] DEBUG: Checking for chat command...
L 12/20/2014 - 16:10:17: [umc-nominate.smx] DEBUG: Checking for chat command...
L 12/20/2014 - 16:10:18: [umc-nominate.smx] DEBUG: Checking for chat command...
L 12/20/2014 - 16:10:24: [umc-nominate.smx] DEBUG: Checking for chat command...
L 12/20/2014 - 16:10:26: [umc-nominate.smx] DEBUG: Checking for chat command...
L 12/20/2014 - 16:10:34: [umc-nominate.smx] DEBUG: Checking for chat command...
L 12/20/2014 - 16:10:41: [umc-nominate.smx] DEBUG: Checking for chat command...
L 12/20/2014 - 16:10:53: [umc-nominate.smx] DEBUG: Checking for chat command...
L 12/20/2014 - 16:10:55: [umc-nominate.smx] DEBUG: Checking for chat command...
L 12/20/2014 - 16:10:55: [umc-nominate.smx] DEBUG: Checking for chat command...
L 12/20/2014 - 16:11:05: [umc-nominate.smx] DEBUG: Checking for chat command...
L 12/20/2014 - 16:11:20: [umc-nominate.smx] DEBUG: Checking for chat command...
L 12/20/2014 - 16:11:26: [umc-nominate.smx] DEBUG: Checking for chat command...
L 12/20/2014 - 16:11:28: [umc-nominate.smx] DEBUG: Checking for chat command...
L 12/20/2014 - 16:11:29: [umc-nominate.smx] DEBUG: Checking for chat command...
L 12/20/2014 - 16:11:32: [umc-nominate.smx] DEBUG: Checking for chat command...
L 12/20/2014 - 16:11:38: [umc-nominate.smx] DEBUG: Checking for chat command...
L 12/20/2014 - 16:11:38: [umc-nominate.smx] DEBUG: Checking for chat command...
L 12/20/2014 - 16:11:46: [umc-nominate.smx] DEBUG: Checking for chat command...
L 12/20/2014 - 16:11:54: [umc-nominate.smx] DEBUG: Checking for chat command...
L 12/20/2014 - 16:12:00: [umc-nominate.smx] DEBUG: Checking for chat command...
L 12/20/2014 - 16:12:12: [umc-nominate.smx] DEBUG: Checking for chat command...
L 12/20/2014 - 16:12:16: [umc-nominate.smx] DEBUG: Checking for chat command...
L 12/20/2014 - 16:12:20: [umc-nominate.smx] DEBUG: Checking for chat command...
L 12/20/2014 - 16:12:21: [umc-nominate.smx] DEBUG: Checking for chat command...
L 12/20/2014 - 16:12:27: [umc-nominate.smx] DEBUG: Checking for chat command...
L 12/20/2014 - 16:12:29: [umc-nominate.smx] DEBUG: Checking for chat command...
L 12/20/2014 - 16:12:35: [umc-nominate.smx] DEBUG: Checking for chat command...
L 12/20/2014 - 16:12:41: [umc-nominate.smx] DEBUG: Checking for chat command...
L 12/20/2014 - 16:12:44: [umc-nominate.smx] DEBUG: Checking for chat command...
L 12/20/2014 - 16:12:45: [umc-nominate.smx] DEBUG: Checking for chat command...
L 12/20/2014 - 16:12:53: [umc-nominate.smx] DEBUG: Checking for chat command...
L 12/20/2014 - 16:12:53: [umc-nominate.smx] DEBUG: Checking for chat command...
L 12/20/2014 - 16:12:56: [umc-nominate.smx] DEBUG: Checking for chat command...
L 12/20/2014 - 16:12:59: [umc-nominate.smx] DEBUG: Checking for chat command...
L 12/20/2014 - 16:13:24: [umc-nominate.smx] DEBUG: Checking for chat command...
L 12/20/2014 - 16:13:27: [umc-nominate.smx] DEBUG: Checking for chat command...
L 12/20/2014 - 16:13:28: [umc-nominate.smx] DEBUG: Checking for chat command...
L 12/20/2014 - 16:13:32: [umc-nominate.smx] DEBUG: Checking for chat command...
L 12/20/2014 - 16:13:33: [umc-nominate.smx] DEBUG: Checking for chat command...
L 12/20/2014 - 16:13:40: [umc-nominate.smx] DEBUG: Checking for chat command...
L 12/20/2014 - 16:13:40: [umc-nominate.smx] DEBUG: Checking for chat command...
L 12/20/2014 - 16:13:53: [umc-nominate.smx] DEBUG: Checking for chat command...
L 12/20/2014 - 16:14:04: [umc-nominate.smx] DEBUG: Checking for chat command...
L 12/20/2014 - 16:14:11: [umc-nominate.smx] DEBUG: Checking for chat command...
L 12/20/2014 - 16:14:16: [umc-nominate.smx] DEBUG: Checking for chat command...
L 12/20/2014 - 16:14:20: [umc-nominate.smx] DEBUG: Checking for chat command...
L 12/20/2014 - 16:14:24: [umc-nominate.smx] DEBUG: Checking for chat command...
L 12/20/2014 - 16:15:04: [umc-nominate.smx] DEBUG: Checking for chat command...
L 12/20/2014 - 16:15:25: [umc-endvote.smx] DEBUG: Determining if mp_maxrounds trigger has been reached. MR: 6, T: 2, C: 1
L 12/20/2014 - 16:15:25: [umc-endvote-warnings.smx] DEBUG: *UpdateRoundWarnings*
L 12/20/2014 - 16:15:25: [umc-endvote-warnings.smx] DEBUG: Next warning after update located at index 0
L 12/20/2014 - 16:15:25: [umc-endvote-warnings.smx] DEBUG: *UpdateWinWarnings*
L 12/20/2014 - 16:15:25: [umc-endvote-warnings.smx] DEBUG: Next warning after update located at index 0
L 12/20/2014 - 16:15:52: [umc-nominate.smx] DEBUG: Checking for chat command...
L 12/20/2014 - 16:16:01: [umc-nominate.smx] DEBUG: Checking for chat command...
L 12/20/2014 - 16:17:39: [umc-nominate.smx] DEBUG: Checking for chat command...
L 12/20/2014 - 16:17:52: [umc-nominate.smx] DEBUG: Checking for chat command...
L 12/20/2014 - 16:20:02: [umc-nominate.smx] DEBUG: Checking for chat command...
L 12/20/2014 - 16:20:54: [umc-nominate.smx] DEBUG: Checking for chat command...
L 12/20/2014 - 16:20:57: [umc-nominate.smx] DEBUG: Checking for chat command...
L 12/20/2014 - 16:21:03: [umc-nominate.smx] DEBUG: Checking for chat command...
L 12/20/2014 - 16:21:03: [umc-nominate.smx] DEBUG: Checking for chat command...
L 12/20/2014 - 16:21:06: [umc-nominate.smx] DEBUG: Checking for chat command...
L 12/20/2014 - 16:21:15: [umc-nominate.smx] DEBUG: Checking for chat command...
L 12/20/2014 - 16:23:41: [umc-nominate.smx] DEBUG: Checking for chat command...
L 12/20/2014 - 16:27:24: [umc-nominate.smx] DEBUG: Checking for chat command...
L 12/20/2014 - 16:28:07: [umc-nominate.smx] DEBUG: Checking for chat command...
L 12/20/2014 - 16:29:26: [umc-nominate.smx] DEBUG: Checking for chat command...
L 12/20/2014 - 16:29:29: [umc-nominate.smx] DEBUG: Checking for chat command...
L 12/20/2014 - 16:29:45: [umc-nominate.smx] DEBUG: Checking for chat command...
L 12/20/2014 - 16:29:46: [umc-nominate.smx] DEBUG: Checking for chat command...
L 12/20/2014 - 16:29:47: [umc-nominate.smx] DEBUG: Checking for chat command...
L 12/20/2014 - 16:29:48: [umc-nominate.smx] DEBUG: Checking for chat command...
L 12/20/2014 - 16:30:01: [umc-nominate.smx] DEBUG: Checking for chat command...
L 12/20/2014 - 16:30:16: [umc-nominate.smx] DEBUG: Checking for chat command...
L 12/20/2014 - 16:30:27: [umc-nominate.smx] DEBUG: Checking for chat command...
L 12/20/2014 - 16:33:07: [umc-nominate.smx] DEBUG: Checking for chat command...
L 12/20/2014 - 16:33:14: [umc-nominate.smx] DEBUG: Checking for chat command...
L 12/20/2014 - 16:33:18: [umc-nominate.smx] DEBUG: Checking for chat command...
L 12/20/2014 - 16:33:21: [umc-nominate.smx] DEBUG: Checking for chat command...
L 12/20/2014 - 16:33:38: [umc-nominate.smx] DEBUG: Checking for chat command...
L 12/20/2014 - 16:33:53: [umc-nominate.smx] DEBUG: Checking for chat command...
L 12/20/2014 - 16:34:03: [umc-nominate.smx] DEBUG: Checking for chat command...
L 12/20/2014 - 16:34:08: [umc-nominate.smx] DEBUG: Checking for chat command...
L 12/20/2014 - 16:34:19: [umc-nominate.smx] DEBUG: Checking for chat command...
L 12/20/2014 - 16:34:22: [umc-nominate.smx] DEBUG: Checking for chat command...
L 12/20/2014 - 16:34:24: [umc-nominate.smx] DEBUG: Checking for chat command...
L 12/20/2014 - 16:34:39: [umc-nominate.smx] DEBUG: Checking for chat command...
L 12/20/2014 - 16:34:40: [umc-nominate.smx] DEBUG: Checking for chat command...
L 12/20/2014 - 16:34:45: [umc-nominate.smx] DEBUG: Checking for chat command...
L 12/20/2014 - 16:36:50: [umc-endvote.smx] DEBUG: Determining if mp_maxrounds trigger has been reached. MR: 6, T: 2, C: 2
L 12/20/2014 - 16:36:50: [umc-endvote-warnings.smx] DEBUG: *UpdateRoundWarnings*
L 12/20/2014 - 16:36:50: [umc-endvote-warnings.smx] DEBUG: Next warning after update located at index 0
L 12/20/2014 - 16:36:50: [umc-endvote-warnings.smx] DEBUG: *UpdateWinWarnings*
L 12/20/2014 - 16:36:50: [umc-endvote-warnings.smx] DEBUG: Next warning after update located at index 0
L 12/20/2014 - 16:36:54: [umc-nominate.smx] DEBUG: Checking for chat command...
L 12/20/2014 - 16:36:55: [umc-nominate.smx] DEBUG: Checking for chat command...
L 12/20/2014 - 16:36:58: [umc-nominate.smx] DEBUG: Checking for chat command...
L 12/20/2014 - 16:37:00: [umc-nominate.smx] DEBUG: Checking for chat command...
L 12/20/2014 - 16:37:06: [umc-nominate.smx] DEBUG: Checking for chat command...
L 12/20/2014 - 16:37:11: [umc-nominate.smx] DEBUG: Checking for chat command...
L 12/20/2014 - 16:37:27: [umc-nominate.smx] DEBUG: Checking for chat command...
L 12/20/2014 - 16:37:43: [umc-nominate.smx] DEBUG: Checking for chat command...
L 12/20/2014 - 16:37:45: [umc-nominate.smx] DEBUG: Checking for chat command...
L 12/20/2014 - 16:37:48: [umc-nominate.smx] DEBUG: Checking for chat command...
L 12/20/2014 - 16:37:54: [umc-nominate.smx] DEBUG: Checking for chat command...
L 12/20/2014 - 16:38:03: [umc-nominate.smx] DEBUG: Checking for chat command...
L 12/20/2014 - 16:38:04: [umc-nominate.smx] DEBUG: Checking for chat command...
L 12/20/2014 - 16:38:08: [umc-nominate.smx] DEBUG: Checking for chat command...
L 12/20/2014 - 16:38:09: [umc-nominate.smx] DEBUG: Checking for chat command...
L 12/20/2014 - 16:38:10: [umc-nominate.smx] DEBUG: Checking for chat command...
L 12/20/2014 - 16:38:13: [umc-nominate.smx] DEBUG: Checking for chat command...
L 12/20/2014 - 16:38:23: [umc-nominate.smx] DEBUG: Checking for chat command...
L 12/20/2014 - 16:38:55: [umc-nominate.smx] DEBUG: Checking for chat command...
L 12/20/2014 - 16:38:57: [umc-nominate.smx] DEBUG: Checking for chat command...
L 12/20/2014 - 16:39:35: [umc-nominate.smx] DEBUG: Checking for chat command...
L 12/20/2014 - 16:39:37: [umc-nominate.smx] DEBUG: Checking for chat command...
L 12/20/2014 - 16:39:44: [umc-nominate.smx] DEBUG: Checking for chat command...
L 12/20/2014 - 16:39:51: [umc-nominate.smx] DEBUG: Checking for chat command...
L 12/20/2014 - 16:39:53: [umc-nominate.smx] DEBUG: Checking for chat command...
L 12/20/2014 - 16:40:01: [umc-nominate.smx] DEBUG: Checking for chat command...
L 12/20/2014 - 16:40:05: [umc-nominate.smx] DEBUG: Checking for chat command...
L 12/20/2014 - 16:40:07: [umc-nominate.smx] DEBUG: Checking for chat command...
L 12/20/2014 - 16:40:24: [umc-nominate.smx] DEBUG: Checking for chat command...
L 12/20/2014 - 16:40:31: [umc-nominate.smx] DEBUG: Checking for chat command...
L 12/20/2014 - 16:40:33: [umc-nominate.smx] DEBUG: Checking for chat command...
L 12/20/2014 - 16:40:34: [umc-nominate.smx] DEBUG: Checking for chat command...
L 12/20/2014 - 16:40:49: [umc-nominate.smx] DEBUG: Checking for chat command...
L 12/20/2014 - 16:41:05: [umc-nominate.smx] DEBUG: Checking for chat command...
L 12/20/2014 - 16:41:44: [umc-nominate.smx] DEBUG: Checking for chat command...
L 12/20/2014 - 16:41:58: [umc-nominate.smx] DEBUG: Checking for chat command...
L 12/20/2014 - 16:42:32: [umc-nominate.smx] DEBUG: Checking for chat command...
L 12/20/2014 - 16:42:36: [umc-nominate.smx] DEBUG: Checking for chat command...
L 12/20/2014 - 16:42:37: [umc-nominate.smx] DEBUG: Checking for chat command...
L 12/20/2014 - 16:42:45: [umc-nominate.smx] DEBUG: Checking for chat command...
L 12/20/2014 - 16:42:48: [umc-nominate.smx] DEBUG: Checking for chat command...
L 12/20/2014 - 16:42:52: [umc-nominate.smx] DEBUG: Checking for chat command...
L 12/20/2014 - 16:43:13: [umc-nominate.smx] DEBUG: Checking for chat command...
L 12/20/2014 - 16:43:39: [umc-nominate.smx] DEBUG: Checking for chat command...
L 12/20/2014 - 16:44:31: [umc-nominate.smx] DEBUG: Checking for chat command...
L 12/20/2014 - 16:44:33: [umc-nominate.smx] DEBUG: Checking for chat command...
L 12/20/2014 - 16:45:35: [umc-nominate.smx] DEBUG: Checking for chat command...
L 12/20/2014 - 16:46:06: [umc-nominate.smx] DEBUG: Checking for chat command...
L 12/20/2014 - 16:46:27: [umc-nominate.smx] DEBUG: Checking for chat command...
L 12/20/2014 - 16:46:49: [umc-nominate.smx] DEBUG: Checking for chat command...
L 12/20/2014 - 16:46:52: [umc-endvote.smx] DEBUG: Determining if mp_maxrounds trigger has been reached. MR: 6, T: 2, C: 3
L 12/20/2014 - 16:46:52: [umc-endvote-warnings.smx] DEBUG: *UpdateRoundWarnings*
L 12/20/2014 - 16:46:52: [umc-endvote-warnings.smx] DEBUG: Next warning after update located at index 0
L 12/20/2014 - 16:46:52: [umc-endvote-warnings.smx] DEBUG: *UpdateWinWarnings*
L 12/20/2014 - 16:46:52: [umc-endvote-warnings.smx] DEBUG: Next warning after update located at index 0
L 12/20/2014 - 16:46:53: [umc-nominate.smx] DEBUG: Checking for chat command...
L 12/20/2014 - 16:46:57: [umc-nominate.smx] DEBUG: Checking for chat command...
L 12/20/2014 - 16:46:58: [umc-nominate.smx] DEBUG: Checking for chat command...
L 12/20/2014 - 16:47:00: [umc-nominate.smx] DEBUG: Checking for chat command...
L 12/20/2014 - 16:47:02: [umc-nominate.smx] DEBUG: Checking for chat command...
L 12/20/2014 - 16:47:05: [umc-nominate.smx] DEBUG: Checking for chat command...
L 12/20/2014 - 16:47:05: [umc-nominate.smx] DEBUG: Checking for chat command...
L 12/20/2014 - 16:47:07: [umc-nominate.smx] DEBUG: Checking for chat command...
L 12/20/2014 - 16:47:08: [umc-nominate.smx] DEBUG: Checking for chat command...
L 12/20/2014 - 16:47:11: [umc-nominate.smx] DEBUG: Checking for chat command...
L 12/20/2014 - 16:47:11: [umc-nominate.smx] DEBUG: Checking for chat command...
L 12/20/2014 - 16:47:13: [umc-nominate.smx] DEBUG: Checking for chat command...
L 12/20/2014 - 16:47:26: [umc-endvote.smx] DEBUG: Executing EndVote OnMapEnd
L 12/20/2014 - 16:47:26: [umc-mapcommands.smx] DEBUG: Executing MapCommands OnMapEnd
L 12/20/2014 - 16:47:26: [umc-rockthevote.smx] DEBUG: Executing RTV OnMapEnd
L 12/20/2014 - 16:47:26: [umc-core.smx] DEBUG: Executing Core OnMapEnd
L 12/20/2014 - 16:47:38: [umc-core.smx] DEBUG: Executing Core OnMapStart
L 12/20/2014 - 16:47:38: [umc-core.smx] ---------------------MAP CHANGE: pl_swiftwater---------------------
L 12/20/2014 - 16:47:39: [umc-core.smx] DEBUG: Executing Core OnConfigsExecuted
L 12/20/2014 - 16:58:12: [umc-core.smx] DEBUG: Executing Core OnMapEnd
L 12/20/2014 - 16:58:23: [umc-core.smx] DEBUG: Executing Core OnMapStart
L 12/20/2014 - 16:58:23: [umc-core.smx] ---------------------MAP CHANGE: pl_swiftwater_ugc---------------------
L 12/20/2014 - 16:58:23: [umc-core.smx] DEBUG: Executing Core OnConfigsExecuted
L 12/20/2014 - 17:27:26: [umc-core.smx] DEBUG: Executing Core OnMapEnd
L 12/20/2014 - 17:27:35: [umc-core.smx] DEBUG: Executing Core OnMapStart
L 12/20/2014 - 17:27:35: [umc-core.smx] ---------------------MAP CHANGE: koth_lighthouse_rc5---------------------
L 12/20/2014 - 17:27:36: [umc-core.smx] DEBUG: Executing Core OnConfigsExecuted
L 12/20/2014 - 18:00:31: [umc-core.smx] DEBUG: Executing Core OnMapEnd
L 12/20/2014 - 18:00:43: [umc-core.smx] DEBUG: Executing Core OnMapStart
L 12/20/2014 - 18:00:43: [umc-core.smx] ---------------------MAP CHANGE: pl_goldrock_rc1---------------------
L 12/20/2014 - 18:00:43: [umc-endvote.smx] DEBUG: *TriggerChange*
L 12/20/2014 - 18:00:43: [umc-endvote.smx] DEBUG: *UpdateTimers*
L 12/20/2014 - 18:00:43: [umc-endvote.smx] DEBUG: *MakeTimer*
L 12/20/2014 - 18:00:43: [umc-endvote.smx] Unable to create end of map vote time-trigger, trigger time already passed.
L 12/20/2014 - 18:00:43: [umc-core.smx] DEBUG: Executing Core OnConfigsExecuted
L 12/20/2014 - 18:00:43: [umc-endvote.smx] DEBUG: Executing EndVote OnConfigsExecuted
L 12/20/2014 - 18:00:43: [umc-endvote.smx] DEBUG: Opening Mapcycle File umc_mapcycle.txt
L 12/20/2014 - 18:00:43: [umc-endvote.smx] DEBUG: Fetching first line.
L 12/20/2014 - 18:00:43: [umc-endvote.smx] DEBUG: Checking first line for UMC header: ""umc_mapcycle" {"
L 12/20/2014 - 18:00:43: [umc-endvote.smx] DEBUG: Header was not found. Aborting.
L 12/20/2014 - 18:00:43: [umc-endvote.smx] 1: "umc_mapcycle"
L 12/20/2014 - 18:00:43: [umc-endvote.smx] 2:   "int >= 30"
L 12/20/2014 - 18:00:43: [umc-endvote.smx] DEBUG: *MakeVoteTimer*
L 12/20/2014 - 18:00:43: [umc-endvote.smx] DEBUG: *MakeTimer*
L 12/20/2014 - 18:00:43: [umc-endvote.smx] Unable to create end of map vote time-trigger, trigger time already passed.
L 12/20/2014 - 18:00:43: [umc-endvote.smx] End of map vote will appear after 4 more rounds.
L 12/20/2014 - 18:00:43: [umc-endvote.smx] DEBUG: Cvar (mp_winlimit): 15, Cvar (startrounds): 2, WinnerScore: 0
L 12/20/2014 - 18:00:43: [umc-endvote.smx] End of map vote will appear after 13 more wins.
L 12/20/2014 - 18:00:43: [umc-rockthevote.smx] DEBUG: Executing RTV OnConfigsExecuted
L 12/20/2014 - 18:00:43: [umc-rockthevote.smx] DEBUG: Opening Mapcycle File umc_mapcycle.txt
L 12/20/2014 - 18:00:43: [umc-rockthevote.smx] DEBUG: Fetching first line.
L 12/20/2014 - 18:00:43: [umc-rockthevote.smx] DEBUG: Checking first line for UMC header: ""umc_mapcycle" {"
L 12/20/2014 - 18:00:43: [umc-rockthevote.smx] DEBUG: Header was not found. Aborting.
L 12/20/2014 - 18:00:43: [umc-rockthevote.smx] 1: "umc_mapcycle"
L 12/20/2014 - 18:00:43: [umc-rockthevote.smx] 2:   "int >= 30"
L 12/20/2014 - 18:00:43: [umc-rockthevote.smx] DEBUG: Enabling RTV; setting rtv_completed flag to false
L 12/20/2014 - 18:00:43: [umc-rockthevote.smx] RTV will be made available in 60 seconds.
L 12/20/2014 - 18:00:43: [umc-rockthevote.smx] DEBUG: Mapcycle filtering completed.
L 12/20/2014 - 18:00:43: [umc-endvote.smx] DEBUG: Timeleft Changed
L 12/20/2014 - 18:00:43: [umc-endvote.smx] DEBUG: *UpdateTimers*
L 12/20/2014 - 18:00:43: [umc-endvote.smx] DEBUG: *MakeTimer*
L 12/20/2014 - 18:00:43: [umc-endvote.smx] Unable to create end of map vote time-trigger, trigger time already passed.
L 12/20/2014 - 18:01:32: [umc-endvote.smx] DEBUG: Timeleft Changed
L 12/20/2014 - 18:01:32: [umc-endvote.smx] DEBUG: *UpdateTimers*
L 12/20/2014 - 18:01:32: [umc-endvote.smx] DEBUG: *MakeTimer*
L 12/20/2014 - 18:01:32: [umc-endvote.smx] Unable to create end of map vote time-trigger, trigger time already passed.
L 12/20/2014 - 18:01:45: [umc-rockthevote.smx] RTV is now available.
L 12/20/2014 - 18:15:45: [umc-endvote.smx] DEBUG: Determining if mp_maxrounds trigger has been reached. MR: 6, T: 2, C: 1
L 12/20/2014 - 18:16:30: [umc-core.smx] DEBUG: Executing Core OnMapEnd
L 12/20/2014 - 18:16:30: [umc-endvote.smx] DEBUG: Executing EndVote OnMapEnd
L 12/20/2014 - 18:16:30: [umc-rockthevote.smx] DEBUG: Executing RTV OnMapEnd
L 12/20/2014 - 18:16:42: [umc-core.smx] DEBUG: Executing Core OnMapStart
L 12/20/2014 - 18:16:42: [umc-core.smx] ---------------------MAP CHANGE: pl_metropolis_b5---------------------
L 12/20/2014 - 18:16:42: [umc-nominate.smx] DEBUG: Checking for chat command...
L 12/20/2014 - 18:16:42: [umc-core.smx] DEBUG: Executing Core OnConfigsExecuted
L 12/20/2014 - 18:16:42: [umc-endvote.smx] DEBUG: Executing EndVote OnConfigsExecuted
L 12/20/2014 - 18:16:42: [umc-endvote.smx] DEBUG: Opening Mapcycle File umc_mapcycle.txt
L 12/20/2014 - 18:16:42: [umc-endvote.smx] DEBUG: Fetching first line.
L 12/20/2014 - 18:16:42: [umc-endvote.smx] DEBUG: Checking first line for UMC header: ""umc_mapcycle" {"
L 12/20/2014 - 18:16:42: [umc-endvote.smx] DEBUG: Header was not found. Aborting.
L 12/20/2014 - 18:16:42: [umc-endvote.smx] 1: "umc_mapcycle"
L 12/20/2014 - 18:16:42: [umc-endvote.smx] 2:   "int >= 30"
L 12/20/2014 - 18:16:42: [umc-endvote.smx] DEBUG: *MakeVoteTimer*
L 12/20/2014 - 18:16:42: [umc-endvote.smx] DEBUG: *MakeTimer*
L 12/20/2014 - 18:16:42: [umc-endvote.smx] Unable to create end of map vote time-trigger, trigger time already passed.
L 12/20/2014 - 18:16:42: [umc-endvote.smx] End of map vote will appear after 4 more rounds.
L 12/20/2014 - 18:16:42: [umc-endvote.smx] DEBUG: Cvar (mp_winlimit): 15, Cvar (startrounds): 2, WinnerScore: 0
L 12/20/2014 - 18:16:42: [umc-endvote.smx] End of map vote will appear after 13 more wins.
L 12/20/2014 - 18:16:42: [umc-rockthevote.smx] DEBUG: Executing RTV OnConfigsExecuted
L 12/20/2014 - 18:16:42: [umc-rockthevote.smx] DEBUG: Opening Mapcycle File umc_mapcycle.txt
L 12/20/2014 - 18:16:42: [umc-rockthevote.smx] DEBUG: Fetching first line.
L 12/20/2014 - 18:16:42: [umc-rockthevote.smx] DEBUG: Checking first line for UMC header: ""umc_mapcycle" {"
L 12/20/2014 - 18:16:42: [umc-rockthevote.smx] DEBUG: Header was not found. Aborting.
L 12/20/2014 - 18:16:42: [umc-rockthevote.smx] 1: "umc_mapcycle"
L 12/20/2014 - 18:16:42: [umc-rockthevote.smx] 2:   "int >= 30"
L 12/20/2014 - 18:16:42: [umc-rockthevote.smx] DEBUG: Enabling RTV; setting rtv_completed flag to false
L 12/20/2014 - 18:16:42: [umc-rockthevote.smx] RTV will be made available in 60 seconds.
L 12/20/2014 - 18:16:42: [umc-rockthevote.smx] DEBUG: Mapcycle filtering completed.
L 12/20/2014 - 18:16:42: [umc-adminmenu.smx] DEBUG: Executing AdminMenu OnConfigsExecuted
L 12/20/2014 - 18:16:42: [umc-adminmenu.smx] DEBUG: Opening Mapcycle File umc_mapcycle.txt
L 12/20/2014 - 18:16:42: [umc-adminmenu.smx] DEBUG: Fetching first line.
L 12/20/2014 - 18:16:42: [umc-adminmenu.smx] DEBUG: Checking first line for UMC header: ""umc_mapcycle" {"
L 12/20/2014 - 18:16:42: [umc-adminmenu.smx] DEBUG: Header was not found. Aborting.
L 12/20/2014 - 18:16:42: [umc-adminmenu.smx] 1: "umc_mapcycle"
L 12/20/2014 - 18:16:42: [umc-adminmenu.smx] 2:   "int >= 30"
L 12/20/2014 - 18:16:42: [umc-adminmenu.smx] DEBUG: Mapcycle filtering completed.
L 12/20/2014 - 18:16:42: [umc-nominate.smx] DEBUG: Executing Nominate OnConfigsExecuted
L 12/20/2014 - 18:16:42: [umc-nominate.smx] DEBUG: Opening Mapcycle File umc_mapcycle.txt
L 12/20/2014 - 18:16:42: [umc-nominate.smx] DEBUG: Fetching first line.
L 12/20/2014 - 18:16:42: [umc-nominate.smx] DEBUG: Checking first line for UMC header: ""umc_mapcycle" {"
L 12/20/2014 - 18:16:42: [umc-nominate.smx] DEBUG: Header was not found. Aborting.
L 12/20/2014 - 18:16:42: [umc-nominate.smx] 1: "umc_mapcycle"
L 12/20/2014 - 18:16:42: [umc-nominate.smx] 2:   "int >= 30"
L 12/20/2014 - 18:16:42: [umc-votecommand.smx] DEBUG: Executing VoteCommand OnConfigsExecuted
L 12/20/2014 - 18:16:42: [umc-votecommand.smx] DEBUG: Opening Mapcycle File umc_mapcycle.txt
L 12/20/2014 - 18:16:42: [umc-votecommand.smx] DEBUG: Fetching first line.
L 12/20/2014 - 18:16:42: [umc-votecommand.smx] DEBUG: Checking first line for UMC header: ""umc_mapcycle" {"
L 12/20/2014 - 18:16:42: [umc-votecommand.smx] DEBUG: Header was not found. Aborting.
L 12/20/2014 - 18:16:42: [umc-votecommand.smx] 1: "umc_mapcycle"
L 12/20/2014 - 18:16:42: [umc-votecommand.smx] 2:   "int >= 30"
L 12/20/2014 - 18:16:42: [umc-endvote.smx] DEBUG: Timeleft Changed
L 12/20/2014 - 18:16:42: [umc-endvote.smx] DEBUG: *UpdateTimers*
L 12/20/2014 - 18:16:42: [umc-endvote.smx] DEBUG: *MakeTimer*
L 12/20/2014 - 18:16:42: [umc-endvote.smx] Unable to create end of map vote time-trigger, trigger time already passed.
L 12/20/2014 - 18:17:12: [umc-nominate.smx] DEBUG: Checking for chat command...
L 12/20/2014 - 18:17:12: [umc-nominate.smx] peterpacz1 wants to nominate a map.
L 12/20/2014 - 18:17:13: [umc-nominate.smx] DEBUG: Checking for chat command...
L 12/20/2014 - 18:17:15: [umc-nominate.smx] DEBUG: Checking for chat command...
L 12/20/2014 - 18:17:15: [umc-nominate.smx] peterpacz1 wants to nominate a map.
L 12/20/2014 - 18:17:18: [umc-nominate.smx] DEBUG: Checking for chat command...
L 12/20/2014 - 18:17:24: [umc-nominate.smx] DEBUG: Checking for chat command...
L 12/20/2014 - 18:17:25: [umc-nominate.smx] peterpacz1 wants to nominate a map.
L 12/20/2014 - 18:17:26: [umc-endvote.smx] DEBUG: Timeleft Changed
L 12/20/2014 - 18:17:26: [umc-endvote.smx] DEBUG: *UpdateTimers*
L 12/20/2014 - 18:17:26: [umc-endvote.smx] DEBUG: *MakeTimer*
L 12/20/2014 - 18:17:26: [umc-endvote.smx] Unable to create end of map vote time-trigger, trigger time already passed.
L 12/20/2014 - 18:17:43: [umc-rockthevote.smx] RTV is now available.
L 12/20/2014 - 18:17:44: [umc-nominate.smx] peterpacz1 wants to nominate a map.
L 12/20/2014 - 18:18:03: [umc-nominate.smx] DEBUG: Checking for chat command...
L 12/20/2014 - 18:19:06: [umc-nominate.smx] DEBUG: Checking for chat command...
L 12/20/2014 - 18:19:09: [umc-nominate.smx] DEBUG: Checking for chat command...
L 12/20/2014 - 18:19:15: [umc-nominate.smx] DEBUG: Checking for chat command...
L 12/20/2014 - 18:19:48: [umc-nominate.smx] DEBUG: Checking for chat command...
L 12/20/2014 - 18:20:54: [umc-nominate.smx] DEBUG: Checking for chat command...
L 12/20/2014 - 18:21:03: [umc-nominate.smx] DEBUG: Checking for chat command...
L 12/20/2014 - 18:21:04: [umc-nominate.smx] DEBUG: Checking for chat command...
L 12/20/2014 - 18:22:00: [umc-nominate.smx] DEBUG: Checking for chat command...
L 12/20/2014 - 18:22:02: [umc-nominate.smx] DEBUG: Checking for chat command...
L 12/20/2014 - 18:22:08: [umc-nominate.smx] DEBUG: Checking for chat command...
L 12/20/2014 - 18:22:50: [umc-nominate.smx] DEBUG: Checking for chat command...
L 12/20/2014 - 18:23:17: [umc-nominate.smx] DEBUG: Checking for chat command...
L 12/20/2014 - 18:23:45: [umc-nominate.smx] DEBUG: Checking for chat command...
L 12/20/2014 - 18:24:03: [umc-nominate.smx] DEBUG: Checking for chat command...
L 12/20/2014 - 18:24:05: [umc-nominate.smx] DEBUG: Checking for chat command...
L 12/20/2014 - 18:26:36: [umc-nominate.smx] peterpacz1 wants to nominate a map.
L 12/20/2014 - 18:27:43: [umc-nominate.smx] DEBUG: Checking for chat command...
L 12/20/2014 - 18:27:59: [umc-endvote.smx] DEBUG: Determining if mp_maxrounds trigger has been reached. MR: 6, T: 2, C: 1
L 12/20/2014 - 18:28:02: [umc-nominate.smx] DEBUG: Checking for chat command...
L 12/20/2014 - 18:28:03: [umc-nominate.smx] DEBUG: Checking for chat command...
L 12/20/2014 - 18:28:13: [umc-nominate.smx] DEBUG: Checking for chat command...
L 12/20/2014 - 18:28:33: [umc-adminmenu.smx] DEBUG: Change When Selection: 1
L 12/20/2014 - 18:28:33: [umc-adminmenu.smx] DEBUG: Starting Map Vote
L 12/20/2014 - 18:28:33: [umc-adminmenu.smx] DEBUG: Creating vote mapcycle
L 12/20/2014 - 18:28:33: [umc-adminmenu.smx] DEBUG: Fetching vote parameters
L 12/20/2014 - 18:28:33: [umc-adminmenu.smx] DEBUG: Client has correct flags: Deathwire<992><STEAM_0:0:82232236><> (2) [F: ]
L 12/20/2014 - 18:28:33: [umc-adminmenu.smx] DEBUG: Client has correct flags: Doc McStuffins<984><STEAM_0:1:7946146><> (4) [F: ]
L 12/20/2014 - 18:28:33: [umc-adminmenu.smx] DEBUG: Client has correct flags: Liko<981><STEAM_0:1:17197394><> (5) [F: ]
L 12/20/2014 - 18:28:33: [umc-adminmenu.smx] DEBUG: Client has correct flags: › Squidt<988><STEAM_0:0:52012793><> (6) [F: ]
L 12/20/2014 - 18:28:33: [umc-adminmenu.smx] DEBUG: Client has correct flags: Tom.K<929><STEAM_0:1:71837602><> (7) [F: ]
L 12/20/2014 - 18:28:33: [umc-adminmenu.smx] DEBUG: Client has correct flags: Tails8521<916><STEAM_0:0:45740718><> (8) [F: ]
L 12/20/2014 - 18:28:33: [umc-adminmenu.smx] DEBUG: Client has correct flags: LstratosHF<945><STEAM_0:0:75604728><> (9) [F: ]
L 12/20/2014 - 18:28:33: [umc-adminmenu.smx] DEBUG: Client has correct flags: Jaanii LFT<962><STEAM_0:0:40226377><> (10) [F: ]
L 12/20/2014 - 18:28:33: [umc-adminmenu.smx] DEBUG: Client has correct flags: Yellowxof<966><STEAM_0:1:39096583><> (11) [F: ]
L 12/20/2014 - 18:28:33: [umc-adminmenu.smx] DEBUG: Client has correct flags: ☜═㋡ Niezgodny ㋡═☞<990><STEAM_0:1:17707690><> (12) [F: ]
L 12/20/2014 - 18:28:33: [umc-adminmenu.smx] DEBUG: Client has correct flags: Villagomez<985><STEAM_0:0:32576366><> (13) [F: ]
L 12/20/2014 - 18:28:33: [umc-adminmenu.smx] DEBUG: Client has correct flags: afrouuh<969><STEAM_0:0:48994292><> (15) [F: ]
L 12/20/2014 - 18:28:33: [umc-adminmenu.smx] DEBUG: Client has correct flags: peterpacz1<784><STEAM_0:1:40949914><> (16) [F: ]
L 12/20/2014 - 18:28:33: [umc-adminmenu.smx] DEBUG: Client has correct flags: Cold Balls<935><STEAM_0:0:54910104><> (18) [F: ]
L 12/20/2014 - 18:28:33: [umc-adminmenu.smx] DEBUG: Client has correct flags: FlyDino<986><STEAM_0:0:12240121><> (20) [F: ]
L 12/20/2014 - 18:28:33: [umc-adminmenu.smx] DEBUG: Client has correct flags: The Real Frank Skateboard<987><STEAM_0:1:20236698><> (21) [F: ]
L 12/20/2014 - 18:28:33: [umc-adminmenu.smx] DEBUG: Client has correct flags: Yeti<971><STEAM_0:0:33813707><> (22) [F: ]
L 12/20/2014 - 18:28:33: [umc-adminmenu.smx] DEBUG: Client has correct flags: OF | Crow (TeamSpy)<961><STEAM_0:1:80156967><> (23) [F: ]
L 12/20/2014 - 18:28:33: [umc-adminmenu.smx] DEBUG: Client has correct flags: TheInsanityMatrix<989><STEAM_0:0:76798585><> (24) [F: ]
L 12/20/2014 - 18:28:33: [umc-adminmenu.smx] DEBUG: Client has correct flags: pacio<849><STEAM_0:0:12477553><> (25) [F: ]
L 12/20/2014 - 18:28:33: [umc-adminmenu.smx] DEBUG: Change When Value: 1
L 12/20/2014 - 18:28:33: [umc-adminmenu.smx] DEBUG: Calling native
L 12/20/2014 - 18:28:33: [umc-core.smx] DEBUG: Adding Don't Change Option to end of options list...
L 12/20/2014 - 18:28:33: [umc-core.smx] Initiating Vote Type: Stage 1 Tiered
L 12/20/2014 - 18:28:33: [umc-nativevotes.smx] DEBUG: Not enough items in the vote. Aborting.
L 12/20/2014 - 18:28:33: [umc-core.smx] DEBUG: Deleting Vote Parameters
L 12/20/2014 - 18:28:33: [umc-adminmenu.smx] DEBUG: Cleanup
L 12/20/2014 - 18:31:14: [umc-nominate.smx] DEBUG: Checking for chat command...
L 12/20/2014 - 18:31:20: [umc-nominate.smx] DEBUG: Checking for chat command...
L 12/20/2014 - 18:31:46: [umc-nominate.smx] DEBUG: Checking for chat command...
L 12/20/2014 - 18:32:00: [umc-nominate.smx] DEBUG: Checking for chat command...
L 12/20/2014 - 18:33:04: [umc-nominate.smx] DEBUG: Checking for chat command...
L 12/20/2014 - 18:33:14: [umc-nominate.smx] DEBUG: Checking for chat command...
L 12/20/2014 - 18:33:14: [umc-nominate.smx] DEBUG: Checking for chat command...
L 12/20/2014 - 18:33:22: [umc-nominate.smx] DEBUG: Checking for chat command...
L 12/20/2014 - 18:33:27: [umc-nominate.smx] DEBUG: Checking for chat command...
L 12/20/2014 - 18:33:32: [umc-nominate.smx] DEBUG: Checking for chat command...
L 12/20/2014 - 18:33:40: [umc-nominate.smx] DEBUG: Checking for chat command...
L 12/20/2014 - 18:33:45: [umc-nominate.smx] DEBUG: Checking for chat command...
L 12/20/2014 - 18:33:46: [umc-nominate.smx] DEBUG: Checking for chat command...
L 12/20/2014 - 18:33:48: [umc-nominate.smx] DEBUG: Checking for chat command...
L 12/20/2014 - 18:33:58: [umc-nominate.smx] DEBUG: Checking for chat command...
L 12/20/2014 - 18:36:06: [umc-nominate.smx] DEBUG: Checking for chat command...
L 12/20/2014 - 18:36:06: [umc-nominate.smx] DEBUG: Checking for chat command...
L 12/20/2014 - 18:36:10: [umc-nominate.smx] DEBUG: Checking for chat command...
L 12/20/2014 - 18:36:14: [umc-nominate.smx] DEBUG: Checking for chat command...
L 12/20/2014 - 18:37:19: [umc-nominate.smx] DEBUG: Checking for chat command...
L 12/20/2014 - 18:38:06: [umc-nominate.smx] DEBUG: Checking for chat command...
L 12/20/2014 - 18:38:09: [umc-nominate.smx] DEBUG: Checking for chat command...
L 12/20/2014 - 18:38:10: [umc-nominate.smx] DEBUG: Checking for chat command...
L 12/20/2014 - 18:38:14: [umc-nominate.smx] DEBUG: Checking for chat command...
L 12/20/2014 - 18:38:21: [umc-nominate.smx] DEBUG: Checking for chat command...
L 12/20/2014 - 18:38:29: [umc-endvote.smx] DEBUG: Determining if mp_maxrounds trigger has been reached. MR: 6, T: 2, C: 2
L 12/20/2014 - 18:38:42: [umc-nominate.smx] DEBUG: Checking for chat command...
L 12/20/2014 - 18:39:07: [umc-adminmenu.smx] DEBUG: Change When Selection: 0
L 12/20/2014 - 18:39:07: [umc-adminmenu.smx] DEBUG: Starting Map Vote
L 12/20/2014 - 18:39:07: [umc-adminmenu.smx] DEBUG: Creating vote mapcycle
L 12/20/2014 - 18:39:07: [umc-adminmenu.smx] DEBUG: Fetching vote parameters
L 12/20/2014 - 18:39:07: [umc-adminmenu.smx] DEBUG: Client has correct flags: Deathwire<992><STEAM_0:0:82232236><> (2) [F: ]
L 12/20/2014 - 18:39:07: [umc-adminmenu.smx] DEBUG: Client has correct flags: Tom.K<995><STEAM_0:1:71837602><> (3) [F: ]
L 12/20/2014 - 18:39:07: [umc-adminmenu.smx] DEBUG: Client has correct flags: Doc McStuffins<984><STEAM_0:1:7946146><> (4) [F: ]
L 12/20/2014 - 18:39:07: [umc-adminmenu.smx] DEBUG: Client has correct flags: Liko<981><STEAM_0:1:17197394><> (5) [F: ]
L 12/20/2014 - 18:39:07: [umc-adminmenu.smx] DEBUG: Client has correct flags: › Squidt<988><STEAM_0:0:52012793><> (6) [F: ]
L 12/20/2014 - 18:39:07: [umc-adminmenu.smx] DEBUG: Client has correct flags: Tails8521<916><STEAM_0:0:45740718><> (8) [F: ]
L 12/20/2014 - 18:39:07: [umc-adminmenu.smx] DEBUG: Client has correct flags: LstratosHF<945><STEAM_0:0:75604728><> (9) [F: ]
L 12/20/2014 - 18:39:07: [umc-adminmenu.smx] DEBUG: Client has correct flags: Jaanii LFT<962><STEAM_0:0:40226377><> (10) [F: ]
L 12/20/2014 - 18:39:07: [umc-adminmenu.smx] DEBUG: Client has correct flags: Yellowxof<966><STEAM_0:1:39096583><> (11) [F: ]
L 12/20/2014 - 18:39:07: [umc-adminmenu.smx] DEBUG: Client has correct flags: Villagomez<985><STEAM_0:0:32576366><> (13) [F: ]
L 12/20/2014 - 18:39:07: [umc-adminmenu.smx] DEBUG: Client has correct flags: peterpacz1<784><STEAM_0:1:40949914><> (16) [F: ]
L 12/20/2014 - 18:39:07: [umc-adminmenu.smx] DEBUG: Client has correct flags: Cold Balls<935><STEAM_0:0:54910104><> (18) [F: ]
L 12/20/2014 - 18:39:07: [umc-adminmenu.smx] DEBUG: Client has correct flags: The Real Frank Skateboard<987><STEAM_0:1:20236698><> (21) [F: ]
L 12/20/2014 - 18:39:07: [umc-adminmenu.smx] DEBUG: Client has correct flags: Yeti<971><STEAM_0:0:33813707><> (22) [F: ]
L 12/20/2014 - 18:39:07: [umc-adminmenu.smx] DEBUG: Client has correct flags: OF | Crow (TeamSpy)<961><STEAM_0:1:80156967><> (23) [F: ]
L 12/20/2014 - 18:39:07: [umc-adminmenu.smx] DEBUG: Client has correct flags: pacio<849><STEAM_0:0:12477553><> (25) [F: ]
L 12/20/2014 - 18:39:07: [umc-adminmenu.smx] DEBUG: Change When Value: 0
L 12/20/2014 - 18:39:07: [umc-adminmenu.smx] DEBUG: Calling native
L 12/20/2014 - 18:39:07: [umc-core.smx] DEBUG: Adding Don't Change Option to end of options list...
L 12/20/2014 - 18:39:07: [umc-core.smx] Initiating Vote Type: Stage 1 Tiered
L 12/20/2014 - 18:39:07: [umc-nativevotes.smx] DEBUG: Not enough items in the vote. Aborting.
L 12/20/2014 - 18:39:07: [umc-core.smx] DEBUG: Deleting Vote Parameters
L 12/20/2014 - 18:39:07: [umc-adminmenu.smx] DEBUG: Cleanup
L 12/20/2014 - 18:39:31: [umc-nominate.smx] DEBUG: Checking for chat command...
L 12/20/2014 - 18:39:40: [umc-nominate.smx] DEBUG: Checking for chat command...
L 12/20/2014 - 18:39:56: [umc-nominate.smx] DEBUG: Checking for chat command...
L 12/20/2014 - 18:40:08: [umc-nominate.smx] DEBUG: Checking for chat command...
L 12/20/2014 - 18:40:29: [umc-nominate.smx] DEBUG: Checking for chat command...
L 12/20/2014 - 18:41:45: [umc-nominate.smx] DEBUG: Checking for chat command...
L 12/20/2014 - 18:43:04: [umc-nominate.smx] DEBUG: Checking for chat command...
L 12/20/2014 - 18:44:26: [umc-nominate.smx] DEBUG: Checking for chat command...
L 12/20/2014 - 18:45:08: [umc-nominate.smx] DEBUG: Checking for chat command...
L 12/20/2014 - 18:47:25: [umc-endvote.smx] DEBUG: Determining if mp_maxrounds trigger has been reached. MR: 6, T: 2, C: 3
L 12/20/2014 - 18:47:31: [umc-nominate.smx] DEBUG: Checking for chat command...
L 12/20/2014 - 18:47:38: [umc-nominate.smx] DEBUG: Checking for chat command...
L 12/20/2014 - 18:47:56: [umc-nominate.smx] DEBUG: Checking for chat command...
L 12/20/2014 - 18:48:13: [umc-nominate.smx] DEBUG: Checking for chat command...
L 12/20/2014 - 18:51:03: [umc-nominate.smx] DEBUG: Checking for chat command...
L 12/20/2014 - 18:51:45: [umc-nominate.smx] DEBUG: Checking for chat command...
L 12/20/2014 - 18:52:59: [umc-nominate.smx] DEBUG: Checking for chat command...
L 12/20/2014 - 18:54:36: [umc-endvote.smx] DEBUG: Determining if mp_maxrounds trigger has been reached. MR: 6, T: 2, C: 4
L 12/20/2014 - 18:54:36: [umc-endvote.smx] Round limit triggered end of map vote.
L 12/20/2014 - 18:54:36: [umc-endvote.smx] End of map vote disabled.
L 12/20/2014 - 18:54:36: [umc-endvote.smx] Starting an end of map vote.
L 12/20/2014 - 18:54:36: [umc-endvote.smx] DEBUG: Client has correct flags: Deathwire<992><STEAM_0:0:82232236><> (2) [F: ]
L 12/20/2014 - 18:54:36: [umc-endvote.smx] DEBUG: Client has correct flags: Tom.K<995><STEAM_0:1:71837602><> (3) [F: ]
L 12/20/2014 - 18:54:36: [umc-endvote.smx] DEBUG: Client has correct flags: Divi<1003><STEAM_0:1:41773184><> (4) [F: ]
L 12/20/2014 - 18:54:36: [umc-endvote.smx] DEBUG: Client has correct flags: Liko<981><STEAM_0:1:17197394><> (5) [F: ]
L 12/20/2014 - 18:54:36: [umc-endvote.smx] DEBUG: Client has correct flags: Tails8521<916><STEAM_0:0:45740718><> (8) [F: ]
L 12/20/2014 - 18:54:36: [umc-endvote.smx] DEBUG: Client has correct flags: LstratosHF<945><STEAM_0:0:75604728><> (9) [F: ]
L 12/20/2014 - 18:54:36: [umc-endvote.smx] DEBUG: Client has correct flags: Jaanii LFT<962><STEAM_0:0:40226377><> (10) [F: ]
L 12/20/2014 - 18:54:36: [umc-endvote.smx] DEBUG: Client has correct flags: Yellowxof<966><STEAM_0:1:39096583><> (11) [F: ]
L 12/20/2014 - 18:54:36: [umc-endvote.smx] DEBUG: Client has correct flags: A.T<1000><STEAM_0:0:32424349><> (12) [F: ]
L 12/20/2014 - 18:54:36: [umc-endvote.smx] DEBUG: Client has correct flags: Joker<1001><STEAM_0:0:53020887><> (14) [F: ]
L 12/20/2014 - 18:54:36: [umc-endvote.smx] DEBUG: Client has correct flags: peterpacz1<784><STEAM_0:1:40949914><> (16) [F: ]
L 12/20/2014 - 18:54:36: [umc-endvote.smx] DEBUG: Client has correct flags: Cold Balls<935><STEAM_0:0:54910104><> (18) [F: ]
L 12/20/2014 - 18:54:36: [umc-endvote.smx] DEBUG: Client has correct flags: Yeti<971><STEAM_0:0:33813707><> (22) [F: ]
L 12/20/2014 - 18:54:36: [umc-endvote.smx] DEBUG: Client has correct flags: OF | Crow (TeamSpy)<961><STEAM_0:1:80156967><> (23) [F: ]
L 12/20/2014 - 18:54:36: [umc-endvote.smx] DEBUG: Sending EndVote to client: 2
L 12/20/2014 - 18:54:36: [umc-endvote.smx] DEBUG: Sending EndVote to client: 3
L 12/20/2014 - 18:54:36: [umc-endvote.smx] DEBUG: Sending EndVote to client: 4
L 12/20/2014 - 18:54:36: [umc-endvote.smx] DEBUG: Sending EndVote to client: 5
L 12/20/2014 - 18:54:36: [umc-endvote.smx] DEBUG: Sending EndVote to client: 8
L 12/20/2014 - 18:54:36: [umc-endvote.smx] DEBUG: Sending EndVote to client: 9
L 12/20/2014 - 18:54:36: [umc-endvote.smx] DEBUG: Sending EndVote to client: 10
L 12/20/2014 - 18:54:36: [umc-endvote.smx] DEBUG: Sending EndVote to client: 11
L 12/20/2014 - 18:54:36: [umc-endvote.smx] DEBUG: Sending EndVote to client: 12
L 12/20/2014 - 18:54:36: [umc-endvote.smx] DEBUG: Sending EndVote to client: 14
L 12/20/2014 - 18:54:36: [umc-endvote.smx] DEBUG: Sending EndVote to client: 16
L 12/20/2014 - 18:54:36: [umc-endvote.smx] DEBUG: Sending EndVote to client: 18
L 12/20/2014 - 18:54:36: [umc-endvote.smx] DEBUG: Sending EndVote to client: 22
L 12/20/2014 - 18:54:36: [umc-endvote.smx] DEBUG: Sending EndVote to client: 23
L 12/20/2014 - 18:54:36: [umc-core.smx] DEBUG: Deleting Vote Parameters
L 12/20/2014 - 18:54:36: [umc-endvote.smx] Could not start UMC vote.
L 12/20/2014 - 18:54:59: [umc-nominate.smx] DEBUG: Checking for chat command...
L 12/20/2014 - 18:55:02: [umc-nominate.smx] DEBUG: Checking for chat command...
L 12/20/2014 - 18:55:26: [umc-nominate.smx] DEBUG: Checking for chat command...
L 12/20/2014 - 18:55:59: [umc-core.smx] DEBUG: Executing Core OnMapEnd
L 12/20/2014 - 18:55:59: [umc-endvote.smx] DEBUG: Executing EndVote OnMapEnd
L 12/20/2014 - 18:55:59: [umc-rockthevote.smx] DEBUG: Executing RTV OnMapEnd
